[2026-07-13T20:46:48.645+0000] {local_task_job_runner.py:120} INFO - ::group::Pre task execution logs
[2026-07-13T20:46:48.671+0000] {taskinstance.py:2076} INFO - Dependencies all met for dep_context=non-requeueable deps ti=<TaskInstance: ingest_and_transform_velib.dbt_run_task manual__2026-07-13T20:46:47.175937+00:00 [queued]>
[2026-07-13T20:46:48.677+0000] {taskinstance.py:2076} INFO - Dependencies all met for dep_context=requeueable deps ti=<TaskInstance: ingest_and_transform_velib.dbt_run_task manual__2026-07-13T20:46:47.175937+00:00 [queued]>
[2026-07-13T20:46:48.677+0000] {taskinstance.py:2306} INFO - Starting attempt 1 of 2
[2026-07-13T20:46:48.685+0000] {taskinstance.py:2330} INFO - Executing <Task(BashOperator): dbt_run_task> on 2026-07-13 20:46:47.175937+00:00
[2026-07-13T20:46:48.688+0000] {standard_task_runner.py:63} INFO - Started process 702 to run task
[2026-07-13T20:46:48.690+0000] {standard_task_runner.py:90} INFO - Running: ['***', 'tasks', 'run', 'ingest_and_transform_velib', 'dbt_run_task', 'manual__2026-07-13T20:46:47.175937+00:00', '--job-id', '38', '--raw', '--subdir', 'DAGS_FOLDER/ingest_velib_status.py', '--cfg-path', '/tmp/tmpw02z_i6i']
[2026-07-13T20:46:48.692+0000] {standard_task_runner.py:91} INFO - Job 38: Subtask dbt_run_task
[2026-07-13T20:46:48.739+0000] {task_command.py:426} INFO - Running <TaskInstance: ingest_and_transform_velib.dbt_run_task manual__2026-07-13T20:46:47.175937+00:00 [running]> on host 17cabc20fcf6
[2026-07-13T20:46:48.823+0000] {taskinstance.py:2648} INFO - Exporting env vars: AIRFLOW_CTX_DAG_OWNER='Amadou' AIRFLOW_CTX_DAG_ID='ingest_and_transform_velib' AIRFLOW_CTX_TASK_ID='dbt_run_task' AIRFLOW_CTX_EXECUTION_DATE='2026-07-13T20:46:47.175937+00:00' AIRFLOW_CTX_TRY_NUMBER='1' AIRFLOW_CTX_DAG_RUN_ID='manual__2026-07-13T20:46:47.175937+00:00'
[2026-07-13T20:46:48.823+0000] {taskinstance.py:430} INFO - ::endgroup::
[2026-07-13T20:46:48.925+0000] {subprocess.py:63} INFO - Tmp dir root location: /tmp
[2026-07-13T20:46:48.925+0000] {subprocess.py:75} INFO - Running command: ['/usr/bin/bash', '-c', '\n        python -m pip install dbt-postgres==1.9.1\n        cd /opt/***/dbt_mobility\n        dbt run --profiles-dir .\n        dbt test --profiles-dir .\n        ']
[2026-07-13T20:46:48.930+0000] {subprocess.py:86} INFO - Output:
[2026-07-13T20:46:49.145+0000] {subprocess.py:93} INFO - Requirement already satisfied: dbt-postgres==1.9.1 in /home/***/.local/lib/python3.11/site-packages (1.9.1)
[2026-07-13T20:46:49.145+0000] {subprocess.py:93} INFO - Requirement already satisfied: agate<2.0,>=1.0 in /home/***/.local/lib/python3.11/site-packages (from dbt-postgres==1.9.1) (1.9.1)
[2026-07-13T20:46:49.146+0000] {subprocess.py:93} INFO - Requirement already satisfied: dbt-adapters<2.0,>=1.7.0 in /home/***/.local/lib/python3.11/site-packages (from dbt-postgres==1.9.1) (1.24.4)
[2026-07-13T20:46:49.146+0000] {subprocess.py:93} INFO - Requirement already satisfied: dbt-common<2.0,>=1.0.4 in /home/***/.local/lib/python3.11/site-packages (from dbt-postgres==1.9.1) (1.38.0)
[2026-07-13T20:46:49.146+0000] {subprocess.py:93} INFO - Requirement already satisfied: dbt-core>=1.8.0 in /home/***/.local/lib/python3.11/site-packages (from dbt-postgres==1.9.1) (1.11.12)
[2026-07-13T20:46:49.146+0000] {subprocess.py:93} INFO - Requirement already satisfied: psycopg2-binary<3.0,>=2.9 in /home/***/.local/lib/python3.11/site-packages (from dbt-postgres==1.9.1) (2.9.9)
[2026-07-13T20:46:49.147+0000] {subprocess.py:93} INFO - Requirement already satisfied: Babel>=2.0 in /home/***/.local/lib/python3.11/site-packages (from agate<2.0,>=1.0->dbt-postgres==1.9.1) (2.14.0)
[2026-07-13T20:46:49.148+0000] {subprocess.py:93} INFO - Requirement already satisfied: isodate>=0.5.4 in /home/***/.local/lib/python3.11/site-packages (from agate<2.0,>=1.0->dbt-postgres==1.9.1) (0.6.1)
[2026-07-13T20:46:49.148+0000] {subprocess.py:93} INFO - Requirement already satisfied: leather>=0.3.2 in /home/***/.local/lib/python3.11/site-packages (from agate<2.0,>=1.0->dbt-postgres==1.9.1) (0.4.1)
[2026-07-13T20:46:49.148+0000] {subprocess.py:93} INFO - Requirement already satisfied: parsedatetime!=2.5,>=2.1 in /home/***/.local/lib/python3.11/site-packages (from agate<2.0,>=1.0->dbt-postgres==1.9.1) (2.6)
[2026-07-13T20:46:49.149+0000] {subprocess.py:93} INFO - Requirement already satisfied: python-slugify>=1.2.1 in /home/***/.local/lib/python3.11/site-packages (from agate<2.0,>=1.0->dbt-postgres==1.9.1) (8.0.4)
[2026-07-13T20:46:49.149+0000] {subprocess.py:93} INFO - Requirement already satisfied: pytimeparse>=1.1.5 in /home/***/.local/lib/python3.11/site-packages (from agate<2.0,>=1.0->dbt-postgres==1.9.1) (1.1.8)
[2026-07-13T20:46:49.150+0000] {subprocess.py:93} INFO - Requirement already satisfied: dbt-protos<2.0,>=1.0.291 in /home/***/.local/lib/python3.11/site-packages (from dbt-adapters<2.0,>=1.7.0->dbt-postgres==1.9.1) (1.0.541)
[2026-07-13T20:46:49.150+0000] {subprocess.py:93} INFO - Requirement already satisfied: mashumaro<3.18,>=3.9 in /home/***/.local/lib/python3.11/site-packages (from mashumaro[msgpack]<3.18,>=3.9->dbt-adapters<2.0,>=1.7.0->dbt-postgres==1.9.1) (3.14)
[2026-07-13T20:46:49.151+0000] {subprocess.py:93} INFO - Requirement already satisfied: protobuf<7.0,>=6.0 in /home/***/.local/lib/python3.11/site-packages (from dbt-adapters<2.0,>=1.7.0->dbt-postgres==1.9.1) (6.33.6)
[2026-07-13T20:46:49.151+0000] {subprocess.py:93} INFO - Requirement already satisfied: pytz>=2015.7 in /home/***/.local/lib/python3.11/site-packages (from dbt-adapters<2.0,>=1.7.0->dbt-postgres==1.9.1) (2024.1)
[2026-07-13T20:46:49.151+0000] {subprocess.py:93} INFO - Requirement already satisfied: typing-extensions<5.0,>=4.0 in /home/***/.local/lib/python3.11/site-packages (from dbt-adapters<2.0,>=1.7.0->dbt-postgres==1.9.1) (4.11.0)
[2026-07-13T20:46:49.152+0000] {subprocess.py:93} INFO - Requirement already satisfied: colorama<0.5,>=0.3.9 in /home/***/.local/lib/python3.11/site-packages (from dbt-common<2.0,>=1.0.4->dbt-postgres==1.9.1) (0.4.6)
[2026-07-13T20:46:49.152+0000] {subprocess.py:93} INFO - Requirement already satisfied: deepdiff<9.0,>=7.0 in /home/***/.local/lib/python3.11/site-packages (from dbt-common<2.0,>=1.0.4->dbt-postgres==1.9.1) (8.6.2)
[2026-07-13T20:46:49.152+0000] {subprocess.py:93} INFO - Requirement already satisfied: jinja2<4,>=3.1.3 in /home/***/.local/lib/python3.11/site-packages (from dbt-common<2.0,>=1.0.4->dbt-postgres==1.9.1) (3.1.6)
[2026-07-13T20:46:49.153+0000] {subprocess.py:93} INFO - Requirement already satisfied: jsonschema<5.0,>=4.0 in /home/***/.local/lib/python3.11/site-packages (from dbt-common<2.0,>=1.0.4->dbt-postgres==1.9.1) (4.22.0)
[2026-07-13T20:46:49.153+0000] {subprocess.py:93} INFO - Requirement already satisfied: pathspec<1.1,>=0.9 in /home/***/.local/lib/python3.11/site-packages (from dbt-common<2.0,>=1.0.4->dbt-postgres==1.9.1) (0.12.1)
[2026-07-13T20:46:49.153+0000] {subprocess.py:93} INFO - Requirement already satisfied: python-dateutil<3.0,>=2.0 in /home/***/.local/lib/python3.11/site-packages (from dbt-common<2.0,>=1.0.4->dbt-postgres==1.9.1) (2.9.0.post0)
[2026-07-13T20:46:49.153+0000] {subprocess.py:93} INFO - Requirement already satisfied: requests<3.0.0 in /home/***/.local/lib/python3.11/site-packages (from dbt-common<2.0,>=1.0.4->dbt-postgres==1.9.1) (2.31.0)
[2026-07-13T20:46:49.156+0000] {subprocess.py:93} INFO - Requirement already satisfied: orderly-set<6,>=5.4.1 in /home/***/.local/lib/python3.11/site-packages (from deepdiff<9.0,>=7.0->dbt-common<2.0,>=1.0.4->dbt-postgres==1.9.1) (5.5.0)
[2026-07-13T20:46:49.157+0000] {subprocess.py:93} INFO - Requirement already satisfied: six in /home/***/.local/lib/python3.11/site-packages (from isodate>=0.5.4->agate<2.0,>=1.0->dbt-postgres==1.9.1) (1.16.0)
[2026-07-13T20:46:49.158+0000] {subprocess.py:93} INFO - Requirement already satisfied: MarkupSafe>=2.0 in /home/***/.local/lib/python3.11/site-packages (from jinja2<4,>=3.1.3->dbt-common<2.0,>=1.0.4->dbt-postgres==1.9.1) (2.1.5)
[2026-07-13T20:46:49.159+0000] {subprocess.py:93} INFO - Requirement already satisfied: attrs>=22.2.0 in /home/***/.local/lib/python3.11/site-packages (from jsonschema<5.0,>=4.0->dbt-common<2.0,>=1.0.4->dbt-postgres==1.9.1) (23.2.0)
[2026-07-13T20:46:49.159+0000] {subprocess.py:93} INFO - Requirement already satisfied: jsonschema-specifications>=2023.03.6 in /home/***/.local/lib/python3.11/site-packages (from jsonschema<5.0,>=4.0->dbt-common<2.0,>=1.0.4->dbt-postgres==1.9.1) (2023.12.1)
[2026-07-13T20:46:49.159+0000] {subprocess.py:93} INFO - Requirement already satisfied: referencing>=0.28.4 in /home/***/.local/lib/python3.11/site-packages (from jsonschema<5.0,>=4.0->dbt-common<2.0,>=1.0.4->dbt-postgres==1.9.1) (0.31.1)
[2026-07-13T20:46:49.159+0000] {subprocess.py:93} INFO - Requirement already satisfied: rpds-py>=0.7.1 in /home/***/.local/lib/python3.11/site-packages (from jsonschema<5.0,>=4.0->dbt-common<2.0,>=1.0.4->dbt-postgres==1.9.1) (0.18.0)
[2026-07-13T20:46:49.163+0000] {subprocess.py:93} INFO - Requirement already satisfied: msgpack>=0.5.6 in /home/***/.local/lib/python3.11/site-packages (from mashumaro[msgpack]<3.18,>=3.9->dbt-adapters<2.0,>=1.7.0->dbt-postgres==1.9.1) (1.2.1)
[2026-07-13T20:46:49.166+0000] {subprocess.py:93} INFO - Requirement already satisfied: charset-normalizer<4,>=2 in /home/***/.local/lib/python3.11/site-packages (from requests<3.0.0->dbt-common<2.0,>=1.0.4->dbt-postgres==1.9.1) (3.3.2)
[2026-07-13T20:46:49.166+0000] {subprocess.py:93} INFO - Requirement already satisfied: idna<4,>=2.5 in /home/***/.local/lib/python3.11/site-packages (from requests<3.0.0->dbt-common<2.0,>=1.0.4->dbt-postgres==1.9.1) (3.7)
[2026-07-13T20:46:49.166+0000] {subprocess.py:93} INFO - Requirement already satisfied: urllib3<3,>=1.21.1 in /home/***/.local/lib/python3.11/site-packages (from requests<3.0.0->dbt-common<2.0,>=1.0.4->dbt-postgres==1.9.1) (2.2.1)
[2026-07-13T20:46:49.166+0000] {subprocess.py:93} INFO - Requirement already satisfied: certifi>=2017.4.17 in /home/***/.local/lib/python3.11/site-packages (from requests<3.0.0->dbt-common<2.0,>=1.0.4->dbt-postgres==1.9.1) (2024.2.2)
[2026-07-13T20:46:49.172+0000] {subprocess.py:93} INFO - Requirement already satisfied: click<9.0,>=8.3.0 in /home/***/.local/lib/python3.11/site-packages (from dbt-core>=1.8.0->dbt-postgres==1.9.1) (8.4.2)
[2026-07-13T20:46:49.172+0000] {subprocess.py:93} INFO - Requirement already satisfied: daff>=1.3.46 in /home/***/.local/lib/python3.11/site-packages (from dbt-core>=1.8.0->dbt-postgres==1.9.1) (1.4.2)
[2026-07-13T20:46:49.172+0000] {subprocess.py:93} INFO - Requirement already satisfied: dbt-extractor<=0.6,>=0.5.0 in /home/***/.local/lib/python3.11/site-packages (from dbt-core>=1.8.0->dbt-postgres==1.9.1) (0.6.0)
[2026-07-13T20:46:49.172+0000] {subprocess.py:93} INFO - Requirement already satisfied: dbt-semantic-interfaces<0.10,>=0.9.0 in /home/***/.local/lib/python3.11/site-packages (from dbt-core>=1.8.0->dbt-postgres==1.9.1) (0.9.0)
[2026-07-13T20:46:49.173+0000] {subprocess.py:93} INFO - Requirement already satisfied: networkx<4.0,>=2.3 in /home/***/.local/lib/python3.11/site-packages (from dbt-core>=1.8.0->dbt-postgres==1.9.1) (3.6.1)
[2026-07-13T20:46:49.173+0000] {subprocess.py:93} INFO - Requirement already satisfied: packaging>20.9 in /home/***/.local/lib/python3.11/site-packages (from dbt-core>=1.8.0->dbt-postgres==1.9.1) (24.0)
[2026-07-13T20:46:49.174+0000] {subprocess.py:93} INFO - Requirement already satisfied: pydantic<3 in /home/***/.local/lib/python3.11/site-packages (from dbt-core>=1.8.0->dbt-postgres==1.9.1) (2.7.1)
[2026-07-13T20:46:49.174+0000] {subprocess.py:93} INFO - Requirement already satisfied: pyyaml>=6.0 in /home/***/.local/lib/python3.11/site-packages (from dbt-core>=1.8.0->dbt-postgres==1.9.1) (6.0.1)
[2026-07-13T20:46:49.174+0000] {subprocess.py:93} INFO - Requirement already satisfied: snowplow-tracker<2.0,>=1.0.2 in /home/***/.local/lib/python3.11/site-packages (from dbt-core>=1.8.0->dbt-postgres==1.9.1) (1.1.0)
[2026-07-13T20:46:49.174+0000] {subprocess.py:93} INFO - Requirement already satisfied: sqlparse<0.6.0,>=0.5.5 in /home/***/.local/lib/python3.11/site-packages (from dbt-core>=1.8.0->dbt-postgres==1.9.1) (0.5.5)
[2026-07-13T20:46:49.176+0000] {subprocess.py:93} INFO - Requirement already satisfied: importlib-metadata<9,>=6.0 in /home/***/.local/lib/python3.11/site-packages (from dbt-semantic-interfaces<0.10,>=0.9.0->dbt-core>=1.8.0->dbt-postgres==1.9.1) (6.11.0)
[2026-07-13T20:46:49.177+0000] {subprocess.py:93} INFO - Requirement already satisfied: more-itertools<11.0,>=8.0 in /home/***/.local/lib/python3.11/site-packages (from dbt-semantic-interfaces<0.10,>=0.9.0->dbt-core>=1.8.0->dbt-postgres==1.9.1) (10.2.0)
[2026-07-13T20:46:49.178+0000] {subprocess.py:93} INFO - Requirement already satisfied: zipp>=0.5 in /home/***/.local/lib/python3.11/site-packages (from importlib-metadata<9,>=6.0->dbt-semantic-interfaces<0.10,>=0.9.0->dbt-core>=1.8.0->dbt-postgres==1.9.1) (3.18.1)
[2026-07-13T20:46:49.190+0000] {subprocess.py:93} INFO - Requirement already satisfied: annotated-types>=0.4.0 in /home/***/.local/lib/python3.11/site-packages (from pydantic<3->dbt-core>=1.8.0->dbt-postgres==1.9.1) (0.6.0)
[2026-07-13T20:46:49.191+0000] {subprocess.py:93} INFO - Requirement already satisfied: pydantic-core==2.18.2 in /home/***/.local/lib/python3.11/site-packages (from pydantic<3->dbt-core>=1.8.0->dbt-postgres==1.9.1) (2.18.2)
[2026-07-13T20:46:49.200+0000] {subprocess.py:93} INFO - Requirement already satisfied: text-unidecode>=1.3 in /home/***/.local/lib/python3.11/site-packages (from python-slugify>=1.2.1->agate<2.0,>=1.0->dbt-postgres==1.9.1) (1.3)
[2026-07-13T20:46:50.358+0000] {subprocess.py:93} INFO - [0m20:46:50  Running with dbt=1.11.12
[2026-07-13T20:46:50.520+0000] {subprocess.py:93} INFO - [0m20:46:50  Registered adapter: postgres=1.9.1
[2026-07-13T20:46:50.883+0000] {subprocess.py:93} INFO - [0m20:46:50  [[33mWARNING[0m]: Configuration paths exist in your dbt_project.yml file which do not apply to any resources.
[2026-07-13T20:46:50.883+0000] {subprocess.py:93} INFO - There are 1 unused configuration paths:
[2026-07-13T20:46:50.883+0000] {subprocess.py:93} INFO - - models.dbt_mobility.example
[2026-07-13T20:46:50.983+0000] {subprocess.py:93} INFO - [0m20:46:50  Found 2 models, 7 data tests, 1 source, 474 macros
[2026-07-13T20:46:50.985+0000] {subprocess.py:93} INFO - [0m20:46:50
[2026-07-13T20:46:50.985+0000] {subprocess.py:93} INFO - [0m20:46:50  Concurrency: 4 threads (target='prod')
[2026-07-13T20:46:50.986+0000] {subprocess.py:93} INFO - [0m20:46:50
[2026-07-13T20:46:51.080+0000] {subprocess.py:93} INFO - [0m20:46:51  1 of 2 START sql view model schema_analytics.stg_velib_stations ................ [RUN]
[2026-07-13T20:46:51.170+0000] {subprocess.py:93} INFO - [0m20:46:51  1 of 2 OK created sql view model schema_analytics.stg_velib_stations ........... [[32mCREATE VIEW[0m in 0.09s]
[2026-07-13T20:46:51.172+0000] {subprocess.py:93} INFO - [0m20:46:51  2 of 2 START sql table model schema_analytics.fct_velib_status ................. [RUN]
[2026-07-13T20:46:51.235+0000] {subprocess.py:93} INFO - [0m20:46:51  2 of 2 OK created sql table model schema_analytics.fct_velib_status ............ [[32mSELECT 194[0m in 0.06s]
[2026-07-13T20:46:51.248+0000] {subprocess.py:93} INFO - [0m20:46:51
[2026-07-13T20:46:51.249+0000] {subprocess.py:93} INFO - [0m20:46:51  Finished running 1 table model, 1 view model in 0 hours 0 minutes and 0.26 seconds (0.26s).
[2026-07-13T20:46:51.287+0000] {subprocess.py:93} INFO - [0m20:46:51
[2026-07-13T20:46:51.287+0000] {subprocess.py:93} INFO - [0m20:46:51  [32mCompleted successfully[0m
[2026-07-13T20:46:51.288+0000] {subprocess.py:93} INFO - [0m20:46:51
[2026-07-13T20:46:51.288+0000] {subprocess.py:93} INFO - [0m20:46:51  Done. PASS=2 WARN=0 ERROR=0 SKIP=0 NO-OP=0 TOTAL=2
[2026-07-13T20:46:52.956+0000] {subprocess.py:93} INFO - [0m20:46:52  Running with dbt=1.11.12
[2026-07-13T20:46:53.114+0000] {subprocess.py:93} INFO - [0m20:46:53  Registered adapter: postgres=1.9.1
[2026-07-13T20:46:53.251+0000] {subprocess.py:93} INFO - [0m20:46:53  [[33mWARNING[0m]: Configuration paths exist in your dbt_project.yml file which do not apply to any resources.
[2026-07-13T20:46:53.251+0000] {subprocess.py:93} INFO - There are 1 unused configuration paths:
[2026-07-13T20:46:53.252+0000] {subprocess.py:93} INFO - - models.dbt_mobility.example
[2026-07-13T20:46:53.442+0000] {subprocess.py:93} INFO - [0m20:46:53  Found 2 models, 7 data tests, 1 source, 474 macros
[2026-07-13T20:46:53.444+0000] {subprocess.py:93} INFO - [0m20:46:53
[2026-07-13T20:46:53.445+0000] {subprocess.py:93} INFO - [0m20:46:53  Concurrency: 4 threads (target='prod')
[2026-07-13T20:46:53.445+0000] {subprocess.py:93} INFO - [0m20:46:53
[2026-07-13T20:46:53.540+0000] {subprocess.py:93} INFO - [0m20:46:53  1 of 7 START test accepted_values_fct_velib_status_station_status__Normal__Presque_pleine__Presque_vide__Vide__Hors_service  [RUN]
[2026-07-13T20:46:53.540+0000] {subprocess.py:93} INFO - [0m20:46:53  2 of 7 START test assert_bikes_available_under_total_capacity .................. [RUN]
[2026-07-13T20:46:53.541+0000] {subprocess.py:93} INFO - [0m20:46:53  3 of 7 START test not_null_fct_velib_status_station_id ......................... [RUN]
[2026-07-13T20:46:53.541+0000] {subprocess.py:93} INFO - [0m20:46:53  4 of 7 START test not_null_fct_velib_status_station_name ....................... [RUN]
[2026-07-13T20:46:53.642+0000] {subprocess.py:93} INFO - [0m20:46:53  4 of 7 PASS not_null_fct_velib_status_station_name ............................. [[32mPASS[0m in 0.10s]
[2026-07-13T20:46:53.651+0000] {subprocess.py:93} INFO - [0m20:46:53  5 of 7 START test not_null_fct_velib_status_station_status ..................... [RUN]
[2026-07-13T20:46:53.652+0000] {subprocess.py:93} INFO - [0m20:46:53  2 of 7 PASS assert_bikes_available_under_total_capacity ........................ [[32mPASS[0m in 0.11s]
[2026-07-13T20:46:53.653+0000] {subprocess.py:93} INFO - [0m20:46:53  1 of 7 PASS accepted_values_fct_velib_status_station_status__Normal__Presque_pleine__Presque_vide__Vide__Hors_service  [[32mPASS[0m in 0.11s]
[2026-07-13T20:46:53.656+0000] {subprocess.py:93} INFO - [0m20:46:53  3 of 7 PASS not_null_fct_velib_status_station_id ............................... [[32mPASS[0m in 0.11s]
[2026-07-13T20:46:53.666+0000] {subprocess.py:93} INFO - [0m20:46:53  6 of 7 START test not_null_fct_velib_status_total_capacity ..................... [RUN]
[2026-07-13T20:46:53.666+0000] {subprocess.py:93} INFO - [0m20:46:53  7 of 7 START test unique_fct_velib_status_station_id ........................... [RUN]
[2026-07-13T20:46:53.708+0000] {subprocess.py:93} INFO - [0m20:46:53  5 of 7 PASS not_null_fct_velib_status_station_status ........................... [[32mPASS[0m in 0.05s]
[2026-07-13T20:46:53.724+0000] {subprocess.py:93} INFO - [0m20:46:53  6 of 7 PASS not_null_fct_velib_status_total_capacity ........................... [[32mPASS[0m in 0.06s]
[2026-07-13T20:46:53.725+0000] {subprocess.py:93} INFO - [0m20:46:53  7 of 7 PASS unique_fct_velib_status_station_id ................................. [[32mPASS[0m in 0.06s]
[2026-07-13T20:46:53.747+0000] {subprocess.py:93} INFO - [0m20:46:53
[2026-07-13T20:46:53.747+0000] {subprocess.py:93} INFO - [0m20:46:53  Finished running 7 data tests in 0 hours 0 minutes and 0.30 seconds (0.30s).
[2026-07-13T20:46:53.799+0000] {subprocess.py:93} INFO - [0m20:46:53
[2026-07-13T20:46:53.800+0000] {subprocess.py:93} INFO - [0m20:46:53  [32mCompleted successfully[0m
[2026-07-13T20:46:53.800+0000] {subprocess.py:93} INFO - [0m20:46:53
[2026-07-13T20:46:53.801+0000] {subprocess.py:93} INFO - [0m20:46:53  Done. PASS=7 WARN=0 ERROR=0 SKIP=0 NO-OP=0 TOTAL=7
[2026-07-13T20:46:54.463+0000] {subprocess.py:97} INFO - Command exited with return code 0
[2026-07-13T20:46:54.464+0000] {taskinstance.py:441} INFO - ::group::Post task execution logs
[2026-07-13T20:46:54.493+0000] {taskinstance.py:1206} INFO - Marking task as SUCCESS. dag_id=ingest_and_transform_velib, task_id=dbt_run_task, run_id=manual__2026-07-13T20:46:47.175937+00:00, execution_date=20260713T204647, start_date=20260713T204648, end_date=20260713T204654
[2026-07-13T20:46:54.545+0000] {local_task_job_runner.py:240} INFO - Task exited with return code 0
[2026-07-13T20:46:54.566+0000] {taskinstance.py:3498} INFO - 0 downstream tasks scheduled from follow-on schedule check
[2026-07-13T20:46:54.568+0000] {local_task_job_runner.py:222} INFO - ::endgroup::
