[2026-07-13T20:28:14.291+0000] {local_task_job_runner.py:120} INFO - ::group::Pre task execution logs
[2026-07-13T20:28:14.311+0000] {taskinstance.py:2076} INFO - Dependencies all met for dep_context=non-requeueable deps ti=<TaskInstance: ingest_and_transform_velib.dbt_run_task manual__2026-07-13T20:28:12.881215+00:00 [queued]>
[2026-07-13T20:28:14.315+0000] {taskinstance.py:2076} INFO - Dependencies all met for dep_context=requeueable deps ti=<TaskInstance: ingest_and_transform_velib.dbt_run_task manual__2026-07-13T20:28:12.881215+00:00 [queued]>
[2026-07-13T20:28:14.316+0000] {taskinstance.py:2306} INFO - Starting attempt 1 of 2
[2026-07-13T20:28:14.323+0000] {taskinstance.py:2330} INFO - Executing <Task(BashOperator): dbt_run_task> on 2026-07-13 20:28:12.881215+00:00
[2026-07-13T20:28:14.325+0000] {standard_task_runner.py:63} INFO - Started process 211 to run task
[2026-07-13T20:28:14.327+0000] {standard_task_runner.py:90} INFO - Running: ['***', 'tasks', 'run', 'ingest_and_transform_velib', 'dbt_run_task', 'manual__2026-07-13T20:28:12.881215+00:00', '--job-id', '12', '--raw', '--subdir', 'DAGS_FOLDER/ingest_velib_status.py', '--cfg-path', '/tmp/tmpw2garntx']
[2026-07-13T20:28:14.328+0000] {standard_task_runner.py:91} INFO - Job 12: Subtask dbt_run_task
[2026-07-13T20:28:14.368+0000] {task_command.py:426} INFO - Running <TaskInstance: ingest_and_transform_velib.dbt_run_task manual__2026-07-13T20:28:12.881215+00:00 [running]> on host 0c0ac528e637
[2026-07-13T20:28:14.429+0000] {taskinstance.py:2648} INFO - Exporting env vars: AIRFLOW_CTX_DAG_OWNER='Amadou' AIRFLOW_CTX_DAG_ID='ingest_and_transform_velib' AIRFLOW_CTX_TASK_ID='dbt_run_task' AIRFLOW_CTX_EXECUTION_DATE='2026-07-13T20:28:12.881215+00:00' AIRFLOW_CTX_TRY_NUMBER='1' AIRFLOW_CTX_DAG_RUN_ID='manual__2026-07-13T20:28:12.881215+00:00'
[2026-07-13T20:28:14.429+0000] {taskinstance.py:430} INFO - ::endgroup::
[2026-07-13T20:28:14.435+0000] {subprocess.py:63} INFO - Tmp dir root location: /tmp
[2026-07-13T20:28:14.436+0000] {subprocess.py:75} INFO - Running command: ['/usr/bin/bash', '-c', '\n        export PATH="/home/***/.local/bin:$PATH"\n        pip install --user dbt-postgres==1.9.1\n        cd /opt/***/dbt_mobility\n        dbt run --profiles-dir .\n        ']
[2026-07-13T20:28:14.440+0000] {subprocess.py:86} INFO - Output:
[2026-07-13T20:28:14.590+0000] {subprocess.py:93} INFO - ERROR: Can not perform a '--user' install. User site-packages are not visible in this virtualenv.
[2026-07-13T20:28:14.740+0000] {subprocess.py:93} INFO - 
[2026-07-13T20:28:14.741+0000] {subprocess.py:93} INFO - [notice] A new release of pip is available: 24.0 -> 26.1.2
[2026-07-13T20:28:14.741+0000] {subprocess.py:93} INFO - [notice] To update, run: pip install --upgrade pip
[2026-07-13T20:28:14.783+0000] {subprocess.py:93} INFO - /usr/bin/bash: line 5: dbt: command not found
[2026-07-13T20:28:14.784+0000] {subprocess.py:97} INFO - Command exited with return code 127
[2026-07-13T20:28:14.784+0000] {taskinstance.py:441} INFO - ::group::Post task execution logs
[2026-07-13T20:28:14.797+0000] {taskinstance.py:2905} ERROR - Task failed with exception
Traceback (most recent call last):
  File "/home/airflow/.local/lib/python3.11/site-packages/airflow/models/taskinstance.py", line 465, in _execute_task
    result = _execute_callable(context=context, **execute_callable_kwargs)
             ^^^^^^^^^^^^^^^^^^^^^^^^^^^^^^^^^^^^^^^^^^^^^^^^^^^^^^^^^^^^^
  File "/home/airflow/.local/lib/python3.11/site-packages/airflow/models/taskinstance.py", line 432, in _execute_callable
    return execute_callable(context=context, **execute_callable_kwargs)
           ^^^^^^^^^^^^^^^^^^^^^^^^^^^^^^^^^^^^^^^^^^^^^^^^^^^^^^^^^^^^
  File "/home/airflow/.local/lib/python3.11/site-packages/airflow/models/baseoperator.py", line 400, in wrapper
    return func(self, *args, **kwargs)
           ^^^^^^^^^^^^^^^^^^^^^^^^^^^
  File "/home/airflow/.local/lib/python3.11/site-packages/airflow/operators/bash.py", line 243, in execute
    raise AirflowException(
airflow.exceptions.AirflowException: Bash command failed. The command returned a non-zero exit code 127.
[2026-07-13T20:28:14.800+0000] {taskinstance.py:1206} INFO - Marking task as UP_FOR_RETRY. dag_id=ingest_and_transform_velib, task_id=dbt_run_task, run_id=manual__2026-07-13T20:28:12.881215+00:00, execution_date=20260713T202812, start_date=20260713T202814, end_date=20260713T202814
[2026-07-13T20:28:14.894+0000] {standard_task_runner.py:110} ERROR - Failed to execute job 12 for task dbt_run_task (Bash command failed. The command returned a non-zero exit code 127.; 211)
[2026-07-13T20:28:14.930+0000] {local_task_job_runner.py:240} INFO - Task exited with return code 1
[2026-07-13T20:28:14.946+0000] {taskinstance.py:3498} INFO - 0 downstream tasks scheduled from follow-on schedule check
[2026-07-13T20:28:14.947+0000] {local_task_job_runner.py:222} INFO - ::endgroup::
