[2026-07-15T02:25:16.436+0000] {processor.py:161} INFO - Started process (PID=397) to work on /opt/airflow/dags/ingest_velib_status.py
[2026-07-15T02:25:16.440+0000] {processor.py:830} INFO - Processing file /opt/airflow/dags/ingest_velib_status.py for tasks to queue
[2026-07-15T02:25:16.454+0000] {logging_mixin.py:188} INFO - [2026-07-15T02:25:16.453+0000] {dagbag.py:545} INFO - Filling up the DagBag from /opt/airflow/dags/ingest_velib_status.py
[2026-07-15T02:25:16.570+0000] {processor.py:840} INFO - DAG(s) 'ingest_and_transform_velib' retrieved from /opt/airflow/dags/ingest_velib_status.py
[2026-07-15T02:25:16.751+0000] {logging_mixin.py:188} INFO - [2026-07-15T02:25:16.750+0000] {dag.py:3096} INFO - Sync 1 DAGs
[2026-07-15T02:25:16.941+0000] {logging_mixin.py:188} INFO - [2026-07-15T02:25:16.940+0000] {dag.py:3954} INFO - Setting next_dagrun for ingest_and_transform_velib to 2026-07-15 01:00:00+00:00, run_after=2026-07-15 02:00:00+00:00
[2026-07-15T02:25:17.045+0000] {processor.py:183} INFO - Processing /opt/airflow/dags/ingest_velib_status.py took 0.667 seconds
[2026-07-15T14:06:01.408+0000] {processor.py:161} INFO - Started process (PID=406) to work on /opt/airflow/dags/ingest_velib_status.py
[2026-07-15T14:06:01.516+0000] {processor.py:830} INFO - Processing file /opt/airflow/dags/ingest_velib_status.py for tasks to queue
[2026-07-15T14:06:01.866+0000] {logging_mixin.py:188} INFO - [2026-07-15T14:06:01.865+0000] {dagbag.py:545} INFO - Filling up the DagBag from /opt/airflow/dags/ingest_velib_status.py
[2026-07-15T14:06:03.344+0000] {processor.py:840} INFO - DAG(s) 'ingest_and_transform_velib' retrieved from /opt/airflow/dags/ingest_velib_status.py
[2026-07-15T14:06:03.600+0000] {logging_mixin.py:188} INFO - [2026-07-15T14:06:03.600+0000] {dag.py:3096} INFO - Sync 1 DAGs
[2026-07-15T14:06:03.844+0000] {logging_mixin.py:188} INFO - [2026-07-15T14:06:03.843+0000] {dag.py:3954} INFO - Setting next_dagrun for ingest_and_transform_velib to 2026-07-15 14:00:00+00:00, run_after=2026-07-15 15:00:00+00:00
[2026-07-15T14:06:04.126+0000] {processor.py:183} INFO - Processing /opt/airflow/dags/ingest_velib_status.py took 2.768 seconds
[2026-07-15T14:06:35.298+0000] {processor.py:161} INFO - Started process (PID=496) to work on /opt/airflow/dags/ingest_velib_status.py
[2026-07-15T14:06:35.303+0000] {processor.py:830} INFO - Processing file /opt/airflow/dags/ingest_velib_status.py for tasks to queue
[2026-07-15T14:06:35.306+0000] {logging_mixin.py:188} INFO - [2026-07-15T14:06:35.305+0000] {dagbag.py:545} INFO - Filling up the DagBag from /opt/airflow/dags/ingest_velib_status.py
[2026-07-15T14:06:35.400+0000] {processor.py:840} INFO - DAG(s) 'ingest_and_transform_velib' retrieved from /opt/airflow/dags/ingest_velib_status.py
[2026-07-15T14:06:35.553+0000] {logging_mixin.py:188} INFO - [2026-07-15T14:06:35.552+0000] {taskinstance.py:2907} ERROR - {'DAG Id': 'ingest_and_transform_velib', 'Task Id': 'extract_and_load_velib_task', 'Run Id': 'scheduled__2026-07-14T23:00:00+00:00', 'Hostname': '34cfa9410581'}
[2026-07-15T14:06:35.651+0000] {logging_mixin.py:188} INFO - [2026-07-15T14:06:35.650+0000] {taskinstance.py:1206} INFO - Marking task as FAILED. dag_id=ingest_and_transform_velib, task_id=extract_and_load_velib_task, run_id=scheduled__2026-07-14T23:00:00+00:00, execution_date=20260714T230000, start_date=20260715T022518, end_date=20260715T140635
[2026-07-15T14:06:35.686+0000] {processor.py:791} INFO - Executed failure callback for <TaskInstance: ingest_and_transform_velib.extract_and_load_velib_task scheduled__2026-07-14T23:00:00+00:00 [failed]> in state failed
[2026-07-15T14:06:35.760+0000] {logging_mixin.py:188} INFO - [2026-07-15T14:06:35.760+0000] {dag.py:3096} INFO - Sync 1 DAGs
[2026-07-15T14:06:35.839+0000] {logging_mixin.py:188} INFO - [2026-07-15T14:06:35.839+0000] {dag.py:3954} INFO - Setting next_dagrun for ingest_and_transform_velib to 2026-07-15 14:00:00+00:00, run_after=2026-07-15 15:00:00+00:00
[2026-07-15T14:06:35.932+0000] {processor.py:183} INFO - Processing /opt/airflow/dags/ingest_velib_status.py took 0.661 seconds
[2026-07-15T14:07:06.480+0000] {processor.py:161} INFO - Started process (PID=570) to work on /opt/airflow/dags/ingest_velib_status.py
[2026-07-15T14:07:06.486+0000] {processor.py:830} INFO - Processing file /opt/airflow/dags/ingest_velib_status.py for tasks to queue
[2026-07-15T14:07:06.490+0000] {logging_mixin.py:188} INFO - [2026-07-15T14:07:06.489+0000] {dagbag.py:545} INFO - Filling up the DagBag from /opt/airflow/dags/ingest_velib_status.py
[2026-07-15T14:07:06.675+0000] {processor.py:840} INFO - DAG(s) 'ingest_and_transform_velib' retrieved from /opt/airflow/dags/ingest_velib_status.py
[2026-07-15T14:07:06.826+0000] {logging_mixin.py:188} INFO - [2026-07-15T14:07:06.825+0000] {dag.py:3096} INFO - Sync 1 DAGs
[2026-07-15T14:07:06.917+0000] {logging_mixin.py:188} INFO - [2026-07-15T14:07:06.916+0000] {dag.py:3954} INFO - Setting next_dagrun for ingest_and_transform_velib to 2026-07-15 14:00:00+00:00, run_after=2026-07-15 15:00:00+00:00
[2026-07-15T14:07:06.993+0000] {processor.py:183} INFO - Processing /opt/airflow/dags/ingest_velib_status.py took 0.540 seconds
[2026-07-15T14:07:37.164+0000] {processor.py:161} INFO - Started process (PID=575) to work on /opt/airflow/dags/ingest_velib_status.py
[2026-07-15T14:07:37.167+0000] {processor.py:830} INFO - Processing file /opt/airflow/dags/ingest_velib_status.py for tasks to queue
[2026-07-15T14:07:37.170+0000] {logging_mixin.py:188} INFO - [2026-07-15T14:07:37.169+0000] {dagbag.py:545} INFO - Filling up the DagBag from /opt/airflow/dags/ingest_velib_status.py
[2026-07-15T14:07:37.240+0000] {processor.py:840} INFO - DAG(s) 'ingest_and_transform_velib' retrieved from /opt/airflow/dags/ingest_velib_status.py
[2026-07-15T14:07:37.330+0000] {logging_mixin.py:188} INFO - [2026-07-15T14:07:37.329+0000] {dag.py:3096} INFO - Sync 1 DAGs
[2026-07-15T14:07:37.383+0000] {logging_mixin.py:188} INFO - [2026-07-15T14:07:37.382+0000] {dag.py:3954} INFO - Setting next_dagrun for ingest_and_transform_velib to 2026-07-15 14:00:00+00:00, run_after=2026-07-15 15:00:00+00:00
[2026-07-15T14:07:37.491+0000] {processor.py:183} INFO - Processing /opt/airflow/dags/ingest_velib_status.py took 0.344 seconds
[2026-07-15T14:08:07.843+0000] {processor.py:161} INFO - Started process (PID=580) to work on /opt/airflow/dags/ingest_velib_status.py
[2026-07-15T14:08:07.845+0000] {processor.py:830} INFO - Processing file /opt/airflow/dags/ingest_velib_status.py for tasks to queue
[2026-07-15T14:08:07.847+0000] {logging_mixin.py:188} INFO - [2026-07-15T14:08:07.846+0000] {dagbag.py:545} INFO - Filling up the DagBag from /opt/airflow/dags/ingest_velib_status.py
[2026-07-15T14:08:07.908+0000] {processor.py:840} INFO - DAG(s) 'ingest_and_transform_velib' retrieved from /opt/airflow/dags/ingest_velib_status.py
[2026-07-15T14:08:07.976+0000] {logging_mixin.py:188} INFO - [2026-07-15T14:08:07.976+0000] {dag.py:3096} INFO - Sync 1 DAGs
[2026-07-15T14:08:08.030+0000] {logging_mixin.py:188} INFO - [2026-07-15T14:08:08.030+0000] {dag.py:3954} INFO - Setting next_dagrun for ingest_and_transform_velib to 2026-07-15 14:00:00+00:00, run_after=2026-07-15 15:00:00+00:00
[2026-07-15T14:08:08.067+0000] {processor.py:183} INFO - Processing /opt/airflow/dags/ingest_velib_status.py took 0.237 seconds
[2026-07-15T14:08:38.398+0000] {processor.py:161} INFO - Started process (PID=585) to work on /opt/airflow/dags/ingest_velib_status.py
[2026-07-15T14:08:38.400+0000] {processor.py:830} INFO - Processing file /opt/airflow/dags/ingest_velib_status.py for tasks to queue
[2026-07-15T14:08:38.402+0000] {logging_mixin.py:188} INFO - [2026-07-15T14:08:38.402+0000] {dagbag.py:545} INFO - Filling up the DagBag from /opt/airflow/dags/ingest_velib_status.py
[2026-07-15T14:08:38.454+0000] {processor.py:840} INFO - DAG(s) 'ingest_and_transform_velib' retrieved from /opt/airflow/dags/ingest_velib_status.py
[2026-07-15T14:08:38.568+0000] {logging_mixin.py:188} INFO - [2026-07-15T14:08:38.567+0000] {dag.py:3096} INFO - Sync 1 DAGs
[2026-07-15T14:08:38.724+0000] {logging_mixin.py:188} INFO - [2026-07-15T14:08:38.723+0000] {dag.py:3954} INFO - Setting next_dagrun for ingest_and_transform_velib to 2026-07-15 14:00:00+00:00, run_after=2026-07-15 15:00:00+00:00
[2026-07-15T14:08:38.805+0000] {processor.py:183} INFO - Processing /opt/airflow/dags/ingest_velib_status.py took 0.418 seconds
[2026-07-15T14:09:09.378+0000] {processor.py:161} INFO - Started process (PID=590) to work on /opt/airflow/dags/ingest_velib_status.py
[2026-07-15T14:09:09.380+0000] {processor.py:830} INFO - Processing file /opt/airflow/dags/ingest_velib_status.py for tasks to queue
[2026-07-15T14:09:09.382+0000] {logging_mixin.py:188} INFO - [2026-07-15T14:09:09.381+0000] {dagbag.py:545} INFO - Filling up the DagBag from /opt/airflow/dags/ingest_velib_status.py
[2026-07-15T14:09:09.441+0000] {processor.py:840} INFO - DAG(s) 'ingest_and_transform_velib' retrieved from /opt/airflow/dags/ingest_velib_status.py
[2026-07-15T14:09:09.509+0000] {logging_mixin.py:188} INFO - [2026-07-15T14:09:09.508+0000] {dag.py:3096} INFO - Sync 1 DAGs
[2026-07-15T14:09:09.572+0000] {logging_mixin.py:188} INFO - [2026-07-15T14:09:09.571+0000] {dag.py:3954} INFO - Setting next_dagrun for ingest_and_transform_velib to 2026-07-15 14:00:00+00:00, run_after=2026-07-15 15:00:00+00:00
[2026-07-15T14:09:09.666+0000] {processor.py:183} INFO - Processing /opt/airflow/dags/ingest_velib_status.py took 0.304 seconds
[2026-07-15T14:09:40.090+0000] {processor.py:161} INFO - Started process (PID=595) to work on /opt/airflow/dags/ingest_velib_status.py
[2026-07-15T14:09:40.091+0000] {processor.py:830} INFO - Processing file /opt/airflow/dags/ingest_velib_status.py for tasks to queue
[2026-07-15T14:09:40.093+0000] {logging_mixin.py:188} INFO - [2026-07-15T14:09:40.092+0000] {dagbag.py:545} INFO - Filling up the DagBag from /opt/airflow/dags/ingest_velib_status.py
[2026-07-15T14:09:40.139+0000] {processor.py:840} INFO - DAG(s) 'ingest_and_transform_velib' retrieved from /opt/airflow/dags/ingest_velib_status.py
[2026-07-15T14:09:40.208+0000] {logging_mixin.py:188} INFO - [2026-07-15T14:09:40.207+0000] {dag.py:3096} INFO - Sync 1 DAGs
[2026-07-15T14:09:40.270+0000] {logging_mixin.py:188} INFO - [2026-07-15T14:09:40.269+0000] {dag.py:3954} INFO - Setting next_dagrun for ingest_and_transform_velib to 2026-07-15 14:00:00+00:00, run_after=2026-07-15 15:00:00+00:00
[2026-07-15T14:09:40.323+0000] {processor.py:183} INFO - Processing /opt/airflow/dags/ingest_velib_status.py took 0.241 seconds
[2026-07-15T14:10:10.657+0000] {processor.py:161} INFO - Started process (PID=600) to work on /opt/airflow/dags/ingest_velib_status.py
[2026-07-15T14:10:10.660+0000] {processor.py:830} INFO - Processing file /opt/airflow/dags/ingest_velib_status.py for tasks to queue
[2026-07-15T14:10:10.662+0000] {logging_mixin.py:188} INFO - [2026-07-15T14:10:10.662+0000] {dagbag.py:545} INFO - Filling up the DagBag from /opt/airflow/dags/ingest_velib_status.py
[2026-07-15T14:10:10.719+0000] {processor.py:840} INFO - DAG(s) 'ingest_and_transform_velib' retrieved from /opt/airflow/dags/ingest_velib_status.py
[2026-07-15T14:10:10.807+0000] {logging_mixin.py:188} INFO - [2026-07-15T14:10:10.806+0000] {dag.py:3096} INFO - Sync 1 DAGs
[2026-07-15T14:10:10.862+0000] {logging_mixin.py:188} INFO - [2026-07-15T14:10:10.861+0000] {dag.py:3954} INFO - Setting next_dagrun for ingest_and_transform_velib to 2026-07-15 14:00:00+00:00, run_after=2026-07-15 15:00:00+00:00
[2026-07-15T14:10:10.913+0000] {processor.py:183} INFO - Processing /opt/airflow/dags/ingest_velib_status.py took 0.271 seconds
[2026-07-15T14:10:41.283+0000] {processor.py:161} INFO - Started process (PID=605) to work on /opt/airflow/dags/ingest_velib_status.py
[2026-07-15T14:10:41.289+0000] {processor.py:830} INFO - Processing file /opt/airflow/dags/ingest_velib_status.py for tasks to queue
[2026-07-15T14:10:41.294+0000] {logging_mixin.py:188} INFO - [2026-07-15T14:10:41.293+0000] {dagbag.py:545} INFO - Filling up the DagBag from /opt/airflow/dags/ingest_velib_status.py
[2026-07-15T14:10:41.345+0000] {processor.py:840} INFO - DAG(s) 'ingest_and_transform_velib' retrieved from /opt/airflow/dags/ingest_velib_status.py
[2026-07-15T14:10:41.435+0000] {logging_mixin.py:188} INFO - [2026-07-15T14:10:41.434+0000] {dag.py:3096} INFO - Sync 1 DAGs
[2026-07-15T14:10:41.507+0000] {logging_mixin.py:188} INFO - [2026-07-15T14:10:41.507+0000] {dag.py:3954} INFO - Setting next_dagrun for ingest_and_transform_velib to 2026-07-15 14:00:00+00:00, run_after=2026-07-15 15:00:00+00:00
[2026-07-15T14:10:41.559+0000] {processor.py:183} INFO - Processing /opt/airflow/dags/ingest_velib_status.py took 0.291 seconds
[2026-07-15T14:11:11.945+0000] {processor.py:161} INFO - Started process (PID=610) to work on /opt/airflow/dags/ingest_velib_status.py
[2026-07-15T14:11:11.946+0000] {processor.py:830} INFO - Processing file /opt/airflow/dags/ingest_velib_status.py for tasks to queue
[2026-07-15T14:11:11.949+0000] {logging_mixin.py:188} INFO - [2026-07-15T14:11:11.948+0000] {dagbag.py:545} INFO - Filling up the DagBag from /opt/airflow/dags/ingest_velib_status.py
[2026-07-15T14:11:11.992+0000] {processor.py:840} INFO - DAG(s) 'ingest_and_transform_velib' retrieved from /opt/airflow/dags/ingest_velib_status.py
[2026-07-15T14:11:12.041+0000] {logging_mixin.py:188} INFO - [2026-07-15T14:11:12.041+0000] {dag.py:3096} INFO - Sync 1 DAGs
[2026-07-15T14:11:12.082+0000] {logging_mixin.py:188} INFO - [2026-07-15T14:11:12.081+0000] {dag.py:3954} INFO - Setting next_dagrun for ingest_and_transform_velib to 2026-07-15 14:00:00+00:00, run_after=2026-07-15 15:00:00+00:00
[2026-07-15T14:11:12.137+0000] {processor.py:183} INFO - Processing /opt/airflow/dags/ingest_velib_status.py took 0.204 seconds
[2026-07-15T14:11:42.299+0000] {processor.py:161} INFO - Started process (PID=615) to work on /opt/airflow/dags/ingest_velib_status.py
[2026-07-15T14:11:42.301+0000] {processor.py:830} INFO - Processing file /opt/airflow/dags/ingest_velib_status.py for tasks to queue
[2026-07-15T14:11:42.303+0000] {logging_mixin.py:188} INFO - [2026-07-15T14:11:42.303+0000] {dagbag.py:545} INFO - Filling up the DagBag from /opt/airflow/dags/ingest_velib_status.py
[2026-07-15T14:11:42.348+0000] {processor.py:840} INFO - DAG(s) 'ingest_and_transform_velib' retrieved from /opt/airflow/dags/ingest_velib_status.py
[2026-07-15T14:11:42.412+0000] {logging_mixin.py:188} INFO - [2026-07-15T14:11:42.412+0000] {dag.py:3096} INFO - Sync 1 DAGs
[2026-07-15T14:11:42.462+0000] {logging_mixin.py:188} INFO - [2026-07-15T14:11:42.462+0000] {dag.py:3954} INFO - Setting next_dagrun for ingest_and_transform_velib to 2026-07-15 14:00:00+00:00, run_after=2026-07-15 15:00:00+00:00
[2026-07-15T14:11:42.551+0000] {processor.py:183} INFO - Processing /opt/airflow/dags/ingest_velib_status.py took 0.264 seconds
[2026-07-15T14:12:12.971+0000] {processor.py:161} INFO - Started process (PID=648) to work on /opt/airflow/dags/ingest_velib_status.py
[2026-07-15T14:12:12.973+0000] {processor.py:830} INFO - Processing file /opt/airflow/dags/ingest_velib_status.py for tasks to queue
[2026-07-15T14:12:12.977+0000] {logging_mixin.py:188} INFO - [2026-07-15T14:12:12.976+0000] {dagbag.py:545} INFO - Filling up the DagBag from /opt/airflow/dags/ingest_velib_status.py
[2026-07-15T14:12:13.060+0000] {processor.py:840} INFO - DAG(s) 'ingest_and_transform_velib' retrieved from /opt/airflow/dags/ingest_velib_status.py
[2026-07-15T14:12:13.194+0000] {logging_mixin.py:188} INFO - [2026-07-15T14:12:13.194+0000] {dag.py:3096} INFO - Sync 1 DAGs
[2026-07-15T14:12:13.317+0000] {logging_mixin.py:188} INFO - [2026-07-15T14:12:13.316+0000] {dag.py:3954} INFO - Setting next_dagrun for ingest_and_transform_velib to 2026-07-15 14:00:00+00:00, run_after=2026-07-15 15:00:00+00:00
[2026-07-15T14:12:13.386+0000] {processor.py:183} INFO - Processing /opt/airflow/dags/ingest_velib_status.py took 0.436 seconds
[2026-07-15T14:12:43.634+0000] {processor.py:161} INFO - Started process (PID=727) to work on /opt/airflow/dags/ingest_velib_status.py
[2026-07-15T14:12:43.638+0000] {processor.py:830} INFO - Processing file /opt/airflow/dags/ingest_velib_status.py for tasks to queue
[2026-07-15T14:12:43.642+0000] {logging_mixin.py:188} INFO - [2026-07-15T14:12:43.640+0000] {dagbag.py:545} INFO - Filling up the DagBag from /opt/airflow/dags/ingest_velib_status.py
[2026-07-15T14:12:43.708+0000] {processor.py:840} INFO - DAG(s) 'ingest_and_transform_velib' retrieved from /opt/airflow/dags/ingest_velib_status.py
[2026-07-15T14:12:43.819+0000] {logging_mixin.py:188} INFO - [2026-07-15T14:12:43.819+0000] {dag.py:3096} INFO - Sync 1 DAGs
[2026-07-15T14:12:43.906+0000] {logging_mixin.py:188} INFO - [2026-07-15T14:12:43.906+0000] {dag.py:3954} INFO - Setting next_dagrun for ingest_and_transform_velib to 2026-07-15 14:00:00+00:00, run_after=2026-07-15 15:00:00+00:00
[2026-07-15T14:12:44.017+0000] {processor.py:183} INFO - Processing /opt/airflow/dags/ingest_velib_status.py took 0.403 seconds
[2026-07-15T14:13:14.220+0000] {processor.py:161} INFO - Started process (PID=759) to work on /opt/airflow/dags/ingest_velib_status.py
[2026-07-15T14:13:14.226+0000] {processor.py:830} INFO - Processing file /opt/airflow/dags/ingest_velib_status.py for tasks to queue
[2026-07-15T14:13:14.230+0000] {logging_mixin.py:188} INFO - [2026-07-15T14:13:14.229+0000] {dagbag.py:545} INFO - Filling up the DagBag from /opt/airflow/dags/ingest_velib_status.py
[2026-07-15T14:13:14.289+0000] {processor.py:840} INFO - DAG(s) 'ingest_and_transform_velib' retrieved from /opt/airflow/dags/ingest_velib_status.py
[2026-07-15T14:13:14.367+0000] {logging_mixin.py:188} INFO - [2026-07-15T14:13:14.366+0000] {dag.py:3096} INFO - Sync 1 DAGs
[2026-07-15T14:13:14.482+0000] {logging_mixin.py:188} INFO - [2026-07-15T14:13:14.481+0000] {dag.py:3954} INFO - Setting next_dagrun for ingest_and_transform_velib to 2026-07-15 14:00:00+00:00, run_after=2026-07-15 15:00:00+00:00
[2026-07-15T14:13:14.549+0000] {processor.py:183} INFO - Processing /opt/airflow/dags/ingest_velib_status.py took 0.347 seconds
[2026-07-15T14:13:44.680+0000] {processor.py:161} INFO - Started process (PID=764) to work on /opt/airflow/dags/ingest_velib_status.py
[2026-07-15T14:13:44.682+0000] {processor.py:830} INFO - Processing file /opt/airflow/dags/ingest_velib_status.py for tasks to queue
[2026-07-15T14:13:44.684+0000] {logging_mixin.py:188} INFO - [2026-07-15T14:13:44.683+0000] {dagbag.py:545} INFO - Filling up the DagBag from /opt/airflow/dags/ingest_velib_status.py
[2026-07-15T14:13:44.726+0000] {processor.py:840} INFO - DAG(s) 'ingest_and_transform_velib' retrieved from /opt/airflow/dags/ingest_velib_status.py
[2026-07-15T14:13:44.799+0000] {logging_mixin.py:188} INFO - [2026-07-15T14:13:44.798+0000] {dag.py:3096} INFO - Sync 1 DAGs
[2026-07-15T14:13:44.933+0000] {logging_mixin.py:188} INFO - [2026-07-15T14:13:44.933+0000] {dag.py:3954} INFO - Setting next_dagrun for ingest_and_transform_velib to 2026-07-15 14:00:00+00:00, run_after=2026-07-15 15:00:00+00:00
[2026-07-15T14:13:45.062+0000] {processor.py:183} INFO - Processing /opt/airflow/dags/ingest_velib_status.py took 0.393 seconds
[2026-07-15T14:14:15.384+0000] {processor.py:161} INFO - Started process (PID=769) to work on /opt/airflow/dags/ingest_velib_status.py
[2026-07-15T14:14:15.386+0000] {processor.py:830} INFO - Processing file /opt/airflow/dags/ingest_velib_status.py for tasks to queue
[2026-07-15T14:14:15.389+0000] {logging_mixin.py:188} INFO - [2026-07-15T14:14:15.388+0000] {dagbag.py:545} INFO - Filling up the DagBag from /opt/airflow/dags/ingest_velib_status.py
[2026-07-15T14:14:15.437+0000] {processor.py:840} INFO - DAG(s) 'ingest_and_transform_velib' retrieved from /opt/airflow/dags/ingest_velib_status.py
[2026-07-15T14:14:15.504+0000] {logging_mixin.py:188} INFO - [2026-07-15T14:14:15.503+0000] {dag.py:3096} INFO - Sync 1 DAGs
[2026-07-15T14:14:15.551+0000] {logging_mixin.py:188} INFO - [2026-07-15T14:14:15.551+0000] {dag.py:3954} INFO - Setting next_dagrun for ingest_and_transform_velib to 2026-07-15 14:00:00+00:00, run_after=2026-07-15 15:00:00+00:00
[2026-07-15T14:14:15.640+0000] {processor.py:183} INFO - Processing /opt/airflow/dags/ingest_velib_status.py took 0.268 seconds
[2026-07-15T14:14:45.928+0000] {processor.py:161} INFO - Started process (PID=774) to work on /opt/airflow/dags/ingest_velib_status.py
[2026-07-15T14:14:45.930+0000] {processor.py:830} INFO - Processing file /opt/airflow/dags/ingest_velib_status.py for tasks to queue
[2026-07-15T14:14:45.933+0000] {logging_mixin.py:188} INFO - [2026-07-15T14:14:45.932+0000] {dagbag.py:545} INFO - Filling up the DagBag from /opt/airflow/dags/ingest_velib_status.py
[2026-07-15T14:14:45.985+0000] {processor.py:840} INFO - DAG(s) 'ingest_and_transform_velib' retrieved from /opt/airflow/dags/ingest_velib_status.py
[2026-07-15T14:14:46.052+0000] {logging_mixin.py:188} INFO - [2026-07-15T14:14:46.052+0000] {dag.py:3096} INFO - Sync 1 DAGs
[2026-07-15T14:14:46.107+0000] {logging_mixin.py:188} INFO - [2026-07-15T14:14:46.107+0000] {dag.py:3954} INFO - Setting next_dagrun for ingest_and_transform_velib to 2026-07-15 14:00:00+00:00, run_after=2026-07-15 15:00:00+00:00
[2026-07-15T14:14:46.164+0000] {processor.py:183} INFO - Processing /opt/airflow/dags/ingest_velib_status.py took 0.250 seconds
[2026-07-15T14:15:16.635+0000] {processor.py:161} INFO - Started process (PID=779) to work on /opt/airflow/dags/ingest_velib_status.py
[2026-07-15T14:15:16.637+0000] {processor.py:830} INFO - Processing file /opt/airflow/dags/ingest_velib_status.py for tasks to queue
[2026-07-15T14:15:16.639+0000] {logging_mixin.py:188} INFO - [2026-07-15T14:15:16.639+0000] {dagbag.py:545} INFO - Filling up the DagBag from /opt/airflow/dags/ingest_velib_status.py
[2026-07-15T14:15:16.691+0000] {processor.py:840} INFO - DAG(s) 'ingest_and_transform_velib' retrieved from /opt/airflow/dags/ingest_velib_status.py
[2026-07-15T14:15:16.781+0000] {logging_mixin.py:188} INFO - [2026-07-15T14:15:16.781+0000] {dag.py:3096} INFO - Sync 1 DAGs
[2026-07-15T14:15:16.860+0000] {logging_mixin.py:188} INFO - [2026-07-15T14:15:16.859+0000] {dag.py:3954} INFO - Setting next_dagrun for ingest_and_transform_velib to 2026-07-15 14:00:00+00:00, run_after=2026-07-15 15:00:00+00:00
[2026-07-15T14:15:16.920+0000] {processor.py:183} INFO - Processing /opt/airflow/dags/ingest_velib_status.py took 0.296 seconds
[2026-07-15T14:15:47.507+0000] {processor.py:161} INFO - Started process (PID=784) to work on /opt/airflow/dags/ingest_velib_status.py
[2026-07-15T14:15:47.511+0000] {processor.py:830} INFO - Processing file /opt/airflow/dags/ingest_velib_status.py for tasks to queue
[2026-07-15T14:15:47.514+0000] {logging_mixin.py:188} INFO - [2026-07-15T14:15:47.513+0000] {dagbag.py:545} INFO - Filling up the DagBag from /opt/airflow/dags/ingest_velib_status.py
[2026-07-15T14:15:47.580+0000] {processor.py:840} INFO - DAG(s) 'ingest_and_transform_velib' retrieved from /opt/airflow/dags/ingest_velib_status.py
[2026-07-15T14:15:47.706+0000] {logging_mixin.py:188} INFO - [2026-07-15T14:15:47.706+0000] {dag.py:3096} INFO - Sync 1 DAGs
[2026-07-15T14:15:47.784+0000] {logging_mixin.py:188} INFO - [2026-07-15T14:15:47.784+0000] {dag.py:3954} INFO - Setting next_dagrun for ingest_and_transform_velib to 2026-07-15 14:00:00+00:00, run_after=2026-07-15 15:00:00+00:00
[2026-07-15T14:15:47.851+0000] {processor.py:183} INFO - Processing /opt/airflow/dags/ingest_velib_status.py took 0.359 seconds
[2026-07-15T14:16:18.383+0000] {processor.py:161} INFO - Started process (PID=789) to work on /opt/airflow/dags/ingest_velib_status.py
[2026-07-15T14:16:18.385+0000] {processor.py:830} INFO - Processing file /opt/airflow/dags/ingest_velib_status.py for tasks to queue
[2026-07-15T14:16:18.388+0000] {logging_mixin.py:188} INFO - [2026-07-15T14:16:18.387+0000] {dagbag.py:545} INFO - Filling up the DagBag from /opt/airflow/dags/ingest_velib_status.py
[2026-07-15T14:16:18.432+0000] {processor.py:840} INFO - DAG(s) 'ingest_and_transform_velib' retrieved from /opt/airflow/dags/ingest_velib_status.py
[2026-07-15T14:16:18.499+0000] {logging_mixin.py:188} INFO - [2026-07-15T14:16:18.498+0000] {dag.py:3096} INFO - Sync 1 DAGs
[2026-07-15T14:16:18.552+0000] {logging_mixin.py:188} INFO - [2026-07-15T14:16:18.552+0000] {dag.py:3954} INFO - Setting next_dagrun for ingest_and_transform_velib to 2026-07-15 14:00:00+00:00, run_after=2026-07-15 15:00:00+00:00
[2026-07-15T14:16:18.625+0000] {processor.py:183} INFO - Processing /opt/airflow/dags/ingest_velib_status.py took 0.261 seconds
[2026-07-15T14:16:49.002+0000] {processor.py:161} INFO - Started process (PID=794) to work on /opt/airflow/dags/ingest_velib_status.py
[2026-07-15T14:16:49.007+0000] {processor.py:830} INFO - Processing file /opt/airflow/dags/ingest_velib_status.py for tasks to queue
[2026-07-15T14:16:49.012+0000] {logging_mixin.py:188} INFO - [2026-07-15T14:16:49.011+0000] {dagbag.py:545} INFO - Filling up the DagBag from /opt/airflow/dags/ingest_velib_status.py
[2026-07-15T14:16:49.156+0000] {processor.py:840} INFO - DAG(s) 'ingest_and_transform_velib' retrieved from /opt/airflow/dags/ingest_velib_status.py
[2026-07-15T14:16:49.349+0000] {logging_mixin.py:188} INFO - [2026-07-15T14:16:49.349+0000] {dag.py:3096} INFO - Sync 1 DAGs
[2026-07-15T14:16:49.529+0000] {logging_mixin.py:188} INFO - [2026-07-15T14:16:49.529+0000] {dag.py:3954} INFO - Setting next_dagrun for ingest_and_transform_velib to 2026-07-15 14:00:00+00:00, run_after=2026-07-15 15:00:00+00:00
[2026-07-15T14:16:49.635+0000] {processor.py:183} INFO - Processing /opt/airflow/dags/ingest_velib_status.py took 0.674 seconds
[2026-07-15T14:17:19.956+0000] {processor.py:161} INFO - Started process (PID=799) to work on /opt/airflow/dags/ingest_velib_status.py
[2026-07-15T14:17:19.959+0000] {processor.py:830} INFO - Processing file /opt/airflow/dags/ingest_velib_status.py for tasks to queue
[2026-07-15T14:17:19.962+0000] {logging_mixin.py:188} INFO - [2026-07-15T14:17:19.961+0000] {dagbag.py:545} INFO - Filling up the DagBag from /opt/airflow/dags/ingest_velib_status.py
[2026-07-15T14:17:20.025+0000] {processor.py:840} INFO - DAG(s) 'ingest_and_transform_velib' retrieved from /opt/airflow/dags/ingest_velib_status.py
[2026-07-15T14:17:20.104+0000] {logging_mixin.py:188} INFO - [2026-07-15T14:17:20.103+0000] {dag.py:3096} INFO - Sync 1 DAGs
[2026-07-15T14:17:20.159+0000] {logging_mixin.py:188} INFO - [2026-07-15T14:17:20.159+0000] {dag.py:3954} INFO - Setting next_dagrun for ingest_and_transform_velib to 2026-07-15 14:00:00+00:00, run_after=2026-07-15 15:00:00+00:00
[2026-07-15T14:17:20.205+0000] {processor.py:183} INFO - Processing /opt/airflow/dags/ingest_velib_status.py took 0.272 seconds
[2026-07-15T14:17:50.715+0000] {processor.py:161} INFO - Started process (PID=804) to work on /opt/airflow/dags/ingest_velib_status.py
[2026-07-15T14:17:50.719+0000] {processor.py:830} INFO - Processing file /opt/airflow/dags/ingest_velib_status.py for tasks to queue
[2026-07-15T14:17:50.722+0000] {logging_mixin.py:188} INFO - [2026-07-15T14:17:50.721+0000] {dagbag.py:545} INFO - Filling up the DagBag from /opt/airflow/dags/ingest_velib_status.py
[2026-07-15T14:17:50.771+0000] {processor.py:840} INFO - DAG(s) 'ingest_and_transform_velib' retrieved from /opt/airflow/dags/ingest_velib_status.py
[2026-07-15T14:17:50.855+0000] {logging_mixin.py:188} INFO - [2026-07-15T14:17:50.855+0000] {dag.py:3096} INFO - Sync 1 DAGs
[2026-07-15T14:17:50.928+0000] {logging_mixin.py:188} INFO - [2026-07-15T14:17:50.928+0000] {dag.py:3954} INFO - Setting next_dagrun for ingest_and_transform_velib to 2026-07-15 14:00:00+00:00, run_after=2026-07-15 15:00:00+00:00
[2026-07-15T14:17:50.980+0000] {processor.py:183} INFO - Processing /opt/airflow/dags/ingest_velib_status.py took 0.290 seconds
[2026-07-15T14:18:21.637+0000] {processor.py:161} INFO - Started process (PID=809) to work on /opt/airflow/dags/ingest_velib_status.py
[2026-07-15T14:18:21.645+0000] {processor.py:830} INFO - Processing file /opt/airflow/dags/ingest_velib_status.py for tasks to queue
[2026-07-15T14:18:21.651+0000] {logging_mixin.py:188} INFO - [2026-07-15T14:18:21.650+0000] {dagbag.py:545} INFO - Filling up the DagBag from /opt/airflow/dags/ingest_velib_status.py
[2026-07-15T14:18:21.776+0000] {processor.py:840} INFO - DAG(s) 'ingest_and_transform_velib' retrieved from /opt/airflow/dags/ingest_velib_status.py
[2026-07-15T14:18:21.937+0000] {logging_mixin.py:188} INFO - [2026-07-15T14:18:21.937+0000] {dag.py:3096} INFO - Sync 1 DAGs
[2026-07-15T14:18:22.081+0000] {logging_mixin.py:188} INFO - [2026-07-15T14:18:22.081+0000] {dag.py:3954} INFO - Setting next_dagrun for ingest_and_transform_velib to 2026-07-15 14:00:00+00:00, run_after=2026-07-15 15:00:00+00:00
[2026-07-15T14:18:22.213+0000] {processor.py:183} INFO - Processing /opt/airflow/dags/ingest_velib_status.py took 0.609 seconds
[2026-07-15T14:18:52.546+0000] {processor.py:161} INFO - Started process (PID=814) to work on /opt/airflow/dags/ingest_velib_status.py
[2026-07-15T14:18:52.550+0000] {processor.py:830} INFO - Processing file /opt/airflow/dags/ingest_velib_status.py for tasks to queue
[2026-07-15T14:18:52.553+0000] {logging_mixin.py:188} INFO - [2026-07-15T14:18:52.552+0000] {dagbag.py:545} INFO - Filling up the DagBag from /opt/airflow/dags/ingest_velib_status.py
[2026-07-15T14:18:52.617+0000] {processor.py:840} INFO - DAG(s) 'ingest_and_transform_velib' retrieved from /opt/airflow/dags/ingest_velib_status.py
[2026-07-15T14:18:52.705+0000] {logging_mixin.py:188} INFO - [2026-07-15T14:18:52.704+0000] {dag.py:3096} INFO - Sync 1 DAGs
[2026-07-15T14:18:52.767+0000] {logging_mixin.py:188} INFO - [2026-07-15T14:18:52.767+0000] {dag.py:3954} INFO - Setting next_dagrun for ingest_and_transform_velib to 2026-07-15 14:00:00+00:00, run_after=2026-07-15 15:00:00+00:00
[2026-07-15T14:18:52.811+0000] {processor.py:183} INFO - Processing /opt/airflow/dags/ingest_velib_status.py took 0.275 seconds
[2026-07-15T14:19:23.097+0000] {processor.py:161} INFO - Started process (PID=819) to work on /opt/airflow/dags/ingest_velib_status.py
[2026-07-15T14:19:23.099+0000] {processor.py:830} INFO - Processing file /opt/airflow/dags/ingest_velib_status.py for tasks to queue
[2026-07-15T14:19:23.102+0000] {logging_mixin.py:188} INFO - [2026-07-15T14:19:23.101+0000] {dagbag.py:545} INFO - Filling up the DagBag from /opt/airflow/dags/ingest_velib_status.py
[2026-07-15T14:19:23.176+0000] {processor.py:840} INFO - DAG(s) 'ingest_and_transform_velib' retrieved from /opt/airflow/dags/ingest_velib_status.py
[2026-07-15T14:19:23.307+0000] {logging_mixin.py:188} INFO - [2026-07-15T14:19:23.306+0000] {dag.py:3096} INFO - Sync 1 DAGs
[2026-07-15T14:19:23.430+0000] {logging_mixin.py:188} INFO - [2026-07-15T14:19:23.430+0000] {dag.py:3954} INFO - Setting next_dagrun for ingest_and_transform_velib to 2026-07-15 14:00:00+00:00, run_after=2026-07-15 15:00:00+00:00
[2026-07-15T14:19:23.489+0000] {processor.py:183} INFO - Processing /opt/airflow/dags/ingest_velib_status.py took 0.406 seconds
[2026-07-15T14:19:53.931+0000] {processor.py:161} INFO - Started process (PID=824) to work on /opt/airflow/dags/ingest_velib_status.py
[2026-07-15T14:19:53.933+0000] {processor.py:830} INFO - Processing file /opt/airflow/dags/ingest_velib_status.py for tasks to queue
[2026-07-15T14:19:53.935+0000] {logging_mixin.py:188} INFO - [2026-07-15T14:19:53.934+0000] {dagbag.py:545} INFO - Filling up the DagBag from /opt/airflow/dags/ingest_velib_status.py
[2026-07-15T14:19:53.980+0000] {processor.py:840} INFO - DAG(s) 'ingest_and_transform_velib' retrieved from /opt/airflow/dags/ingest_velib_status.py
[2026-07-15T14:19:54.047+0000] {logging_mixin.py:188} INFO - [2026-07-15T14:19:54.047+0000] {dag.py:3096} INFO - Sync 1 DAGs
[2026-07-15T14:19:54.100+0000] {logging_mixin.py:188} INFO - [2026-07-15T14:19:54.099+0000] {dag.py:3954} INFO - Setting next_dagrun for ingest_and_transform_velib to 2026-07-15 14:00:00+00:00, run_after=2026-07-15 15:00:00+00:00
[2026-07-15T14:19:54.139+0000] {processor.py:183} INFO - Processing /opt/airflow/dags/ingest_velib_status.py took 0.220 seconds
[2026-07-15T14:20:24.439+0000] {processor.py:161} INFO - Started process (PID=829) to work on /opt/airflow/dags/ingest_velib_status.py
[2026-07-15T14:20:24.440+0000] {processor.py:830} INFO - Processing file /opt/airflow/dags/ingest_velib_status.py for tasks to queue
[2026-07-15T14:20:24.442+0000] {logging_mixin.py:188} INFO - [2026-07-15T14:20:24.442+0000] {dagbag.py:545} INFO - Filling up the DagBag from /opt/airflow/dags/ingest_velib_status.py
[2026-07-15T14:20:24.483+0000] {processor.py:840} INFO - DAG(s) 'ingest_and_transform_velib' retrieved from /opt/airflow/dags/ingest_velib_status.py
[2026-07-15T14:20:24.537+0000] {logging_mixin.py:188} INFO - [2026-07-15T14:20:24.537+0000] {dag.py:3096} INFO - Sync 1 DAGs
[2026-07-15T14:20:24.615+0000] {logging_mixin.py:188} INFO - [2026-07-15T14:20:24.615+0000] {dag.py:3954} INFO - Setting next_dagrun for ingest_and_transform_velib to 2026-07-15 14:00:00+00:00, run_after=2026-07-15 15:00:00+00:00
[2026-07-15T14:20:24.726+0000] {processor.py:183} INFO - Processing /opt/airflow/dags/ingest_velib_status.py took 0.297 seconds
