[2026-07-14T21:50:38.720+0000] {local_task_job_runner.py:120} INFO - ::group::Pre task execution logs
[2026-07-14T21:50:38.803+0000] {taskinstance.py:2076} INFO - Dependencies all met for dep_context=non-requeueable deps ti=<TaskInstance: ingest_and_transform_velib.dbt_run_task manual__2026-07-14T21:50:32.454146+00:00 [queued]>
[2026-07-14T21:50:38.823+0000] {taskinstance.py:2076} INFO - Dependencies all met for dep_context=requeueable deps ti=<TaskInstance: ingest_and_transform_velib.dbt_run_task manual__2026-07-14T21:50:32.454146+00:00 [queued]>
[2026-07-14T21:50:38.829+0000] {taskinstance.py:2306} INFO - Starting attempt 1 of 2
[2026-07-14T21:50:38.862+0000] {taskinstance.py:2330} INFO - Executing <Task(BashOperator): dbt_run_task> on 2026-07-14 21:50:32.454146+00:00
[2026-07-14T21:50:38.881+0000] {standard_task_runner.py:63} INFO - Started process 3803 to run task
[2026-07-14T21:50:38.889+0000] {standard_task_runner.py:90} INFO - Running: ['***', 'tasks', 'run', 'ingest_and_transform_velib', 'dbt_run_task', 'manual__2026-07-14T21:50:32.454146+00:00', '--job-id', '20', '--raw', '--subdir', 'DAGS_FOLDER/ingest_velib_status.py', '--cfg-path', '/tmp/tmpghvmuz7m']
[2026-07-14T21:50:38.895+0000] {standard_task_runner.py:91} INFO - Job 20: Subtask dbt_run_task
[2026-07-14T21:50:39.097+0000] {task_command.py:426} INFO - Running <TaskInstance: ingest_and_transform_velib.dbt_run_task manual__2026-07-14T21:50:32.454146+00:00 [running]> on host 34cfa9410581
[2026-07-14T21:50:39.375+0000] {taskinstance.py:2648} INFO - Exporting env vars: AIRFLOW_CTX_DAG_OWNER='Amadou' AIRFLOW_CTX_DAG_ID='ingest_and_transform_velib' AIRFLOW_CTX_TASK_ID='dbt_run_task' AIRFLOW_CTX_EXECUTION_DATE='2026-07-14T21:50:32.454146+00:00' AIRFLOW_CTX_TRY_NUMBER='1' AIRFLOW_CTX_DAG_RUN_ID='manual__2026-07-14T21:50:32.454146+00:00'
[2026-07-14T21:50:39.377+0000] {taskinstance.py:430} INFO - ::endgroup::
[2026-07-14T21:50:39.844+0000] {subprocess.py:63} INFO - Tmp dir root location: /tmp
[2026-07-14T21:50:39.846+0000] {subprocess.py:75} INFO - Running command: ['/usr/bin/bash', '-c', '\n        python -m pip install dbt-postgres==1.9.1\n        cd /opt/***/dbt_mobility\n        dbt run --profiles-dir .\n        dbt test --profiles-dir .\n        ']
[2026-07-14T21:50:39.867+0000] {subprocess.py:86} INFO - Output:
[2026-07-14T21:50:41.160+0000] {subprocess.py:93} INFO - Requirement already satisfied: dbt-postgres==1.9.1 in /home/***/.local/lib/python3.11/site-packages (1.9.1)
[2026-07-14T21:50:41.169+0000] {subprocess.py:93} INFO - Requirement already satisfied: agate<2.0,>=1.0 in /home/***/.local/lib/python3.11/site-packages (from dbt-postgres==1.9.1) (1.9.1)
[2026-07-14T21:50:41.171+0000] {subprocess.py:93} INFO - Requirement already satisfied: dbt-adapters<2.0,>=1.7.0 in /home/***/.local/lib/python3.11/site-packages (from dbt-postgres==1.9.1) (1.24.4)
[2026-07-14T21:50:41.173+0000] {subprocess.py:93} INFO - Requirement already satisfied: dbt-common<2.0,>=1.0.4 in /home/***/.local/lib/python3.11/site-packages (from dbt-postgres==1.9.1) (1.38.0)
[2026-07-14T21:50:41.175+0000] {subprocess.py:93} INFO - Requirement already satisfied: dbt-core>=1.8.0 in /home/***/.local/lib/python3.11/site-packages (from dbt-postgres==1.9.1) (1.11.12)
[2026-07-14T21:50:41.178+0000] {subprocess.py:93} INFO - Requirement already satisfied: psycopg2-binary<3.0,>=2.9 in /home/***/.local/lib/python3.11/site-packages (from dbt-postgres==1.9.1) (2.9.9)
[2026-07-14T21:50:41.196+0000] {subprocess.py:93} INFO - Requirement already satisfied: Babel>=2.0 in /home/***/.local/lib/python3.11/site-packages (from agate<2.0,>=1.0->dbt-postgres==1.9.1) (2.14.0)
[2026-07-14T21:50:41.198+0000] {subprocess.py:93} INFO - Requirement already satisfied: isodate>=0.5.4 in /home/***/.local/lib/python3.11/site-packages (from agate<2.0,>=1.0->dbt-postgres==1.9.1) (0.6.1)
[2026-07-14T21:50:41.202+0000] {subprocess.py:93} INFO - Requirement already satisfied: leather>=0.3.2 in /home/***/.local/lib/python3.11/site-packages (from agate<2.0,>=1.0->dbt-postgres==1.9.1) (0.4.1)
[2026-07-14T21:50:41.206+0000] {subprocess.py:93} INFO - Requirement already satisfied: parsedatetime!=2.5,>=2.1 in /home/***/.local/lib/python3.11/site-packages (from agate<2.0,>=1.0->dbt-postgres==1.9.1) (2.6)
[2026-07-14T21:50:41.209+0000] {subprocess.py:93} INFO - Requirement already satisfied: python-slugify>=1.2.1 in /home/***/.local/lib/python3.11/site-packages (from agate<2.0,>=1.0->dbt-postgres==1.9.1) (8.0.4)
[2026-07-14T21:50:41.211+0000] {subprocess.py:93} INFO - Requirement already satisfied: pytimeparse>=1.1.5 in /home/***/.local/lib/python3.11/site-packages (from agate<2.0,>=1.0->dbt-postgres==1.9.1) (1.1.8)
[2026-07-14T21:50:41.228+0000] {subprocess.py:93} INFO - Requirement already satisfied: dbt-protos<2.0,>=1.0.291 in /home/***/.local/lib/python3.11/site-packages (from dbt-adapters<2.0,>=1.7.0->dbt-postgres==1.9.1) (1.0.541)
[2026-07-14T21:50:41.239+0000] {subprocess.py:93} INFO - Requirement already satisfied: mashumaro<3.18,>=3.9 in /home/***/.local/lib/python3.11/site-packages (from mashumaro[msgpack]<3.18,>=3.9->dbt-adapters<2.0,>=1.7.0->dbt-postgres==1.9.1) (3.14)
[2026-07-14T21:50:41.252+0000] {subprocess.py:93} INFO - Requirement already satisfied: protobuf<7.0,>=6.0 in /home/***/.local/lib/python3.11/site-packages (from dbt-adapters<2.0,>=1.7.0->dbt-postgres==1.9.1) (6.33.6)
[2026-07-14T21:50:41.257+0000] {subprocess.py:93} INFO - Requirement already satisfied: pytz>=2015.7 in /home/***/.local/lib/python3.11/site-packages (from dbt-adapters<2.0,>=1.7.0->dbt-postgres==1.9.1) (2024.1)
[2026-07-14T21:50:41.262+0000] {subprocess.py:93} INFO - Requirement already satisfied: typing-extensions<5.0,>=4.0 in /home/***/.local/lib/python3.11/site-packages (from dbt-adapters<2.0,>=1.7.0->dbt-postgres==1.9.1) (4.11.0)
[2026-07-14T21:50:41.308+0000] {subprocess.py:93} INFO - Requirement already satisfied: colorama<0.5,>=0.3.9 in /home/***/.local/lib/python3.11/site-packages (from dbt-common<2.0,>=1.0.4->dbt-postgres==1.9.1) (0.4.6)
[2026-07-14T21:50:41.310+0000] {subprocess.py:93} INFO - Requirement already satisfied: deepdiff<9.0,>=7.0 in /home/***/.local/lib/python3.11/site-packages (from dbt-common<2.0,>=1.0.4->dbt-postgres==1.9.1) (8.6.2)
[2026-07-14T21:50:41.314+0000] {subprocess.py:93} INFO - Requirement already satisfied: jinja2<4,>=3.1.3 in /home/***/.local/lib/python3.11/site-packages (from dbt-common<2.0,>=1.0.4->dbt-postgres==1.9.1) (3.1.6)
[2026-07-14T21:50:41.316+0000] {subprocess.py:93} INFO - Requirement already satisfied: jsonschema<5.0,>=4.0 in /home/***/.local/lib/python3.11/site-packages (from dbt-common<2.0,>=1.0.4->dbt-postgres==1.9.1) (4.22.0)
[2026-07-14T21:50:41.328+0000] {subprocess.py:93} INFO - Requirement already satisfied: pathspec<1.1,>=0.9 in /home/***/.local/lib/python3.11/site-packages (from dbt-common<2.0,>=1.0.4->dbt-postgres==1.9.1) (0.12.1)
[2026-07-14T21:50:41.332+0000] {subprocess.py:93} INFO - Requirement already satisfied: python-dateutil<3.0,>=2.0 in /home/***/.local/lib/python3.11/site-packages (from dbt-common<2.0,>=1.0.4->dbt-postgres==1.9.1) (2.9.0.post0)
[2026-07-14T21:50:41.335+0000] {subprocess.py:93} INFO - Requirement already satisfied: requests<3.0.0 in /home/***/.local/lib/python3.11/site-packages (from dbt-common<2.0,>=1.0.4->dbt-postgres==1.9.1) (2.31.0)
[2026-07-14T21:50:41.361+0000] {subprocess.py:93} INFO - Requirement already satisfied: click<9.0,>=8.3.0 in /home/***/.local/lib/python3.11/site-packages (from dbt-core>=1.8.0->dbt-postgres==1.9.1) (8.4.2)
[2026-07-14T21:50:41.363+0000] {subprocess.py:93} INFO - Requirement already satisfied: daff>=1.3.46 in /home/***/.local/lib/python3.11/site-packages (from dbt-core>=1.8.0->dbt-postgres==1.9.1) (1.4.2)
[2026-07-14T21:50:41.366+0000] {subprocess.py:93} INFO - Requirement already satisfied: dbt-extractor<=0.6,>=0.5.0 in /home/***/.local/lib/python3.11/site-packages (from dbt-core>=1.8.0->dbt-postgres==1.9.1) (0.6.0)
[2026-07-14T21:50:41.369+0000] {subprocess.py:93} INFO - Requirement already satisfied: dbt-semantic-interfaces<0.10,>=0.9.0 in /home/***/.local/lib/python3.11/site-packages (from dbt-core>=1.8.0->dbt-postgres==1.9.1) (0.9.0)
[2026-07-14T21:50:41.382+0000] {subprocess.py:93} INFO - Requirement already satisfied: networkx<4.0,>=2.3 in /home/***/.local/lib/python3.11/site-packages (from dbt-core>=1.8.0->dbt-postgres==1.9.1) (3.6.1)
[2026-07-14T21:50:41.384+0000] {subprocess.py:93} INFO - Requirement already satisfied: packaging>20.9 in /home/***/.local/lib/python3.11/site-packages (from dbt-core>=1.8.0->dbt-postgres==1.9.1) (24.0)
[2026-07-14T21:50:41.393+0000] {subprocess.py:93} INFO - Requirement already satisfied: pydantic<3 in /home/***/.local/lib/python3.11/site-packages (from dbt-core>=1.8.0->dbt-postgres==1.9.1) (2.7.1)
[2026-07-14T21:50:41.396+0000] {subprocess.py:93} INFO - Requirement already satisfied: pyyaml>=6.0 in /home/***/.local/lib/python3.11/site-packages (from dbt-core>=1.8.0->dbt-postgres==1.9.1) (6.0.1)
[2026-07-14T21:50:41.398+0000] {subprocess.py:93} INFO - Requirement already satisfied: snowplow-tracker<2.0,>=1.0.2 in /home/***/.local/lib/python3.11/site-packages (from dbt-core>=1.8.0->dbt-postgres==1.9.1) (1.1.0)
[2026-07-14T21:50:41.400+0000] {subprocess.py:93} INFO - Requirement already satisfied: sqlparse<0.6.0,>=0.5.5 in /home/***/.local/lib/python3.11/site-packages (from dbt-core>=1.8.0->dbt-postgres==1.9.1) (0.5.5)
[2026-07-14T21:50:41.444+0000] {subprocess.py:93} INFO - Requirement already satisfied: importlib-metadata<9,>=6.0 in /home/***/.local/lib/python3.11/site-packages (from dbt-semantic-interfaces<0.10,>=0.9.0->dbt-core>=1.8.0->dbt-postgres==1.9.1) (6.11.0)
[2026-07-14T21:50:41.450+0000] {subprocess.py:93} INFO - Requirement already satisfied: more-itertools<11.0,>=8.0 in /home/***/.local/lib/python3.11/site-packages (from dbt-semantic-interfaces<0.10,>=0.9.0->dbt-core>=1.8.0->dbt-postgres==1.9.1) (10.2.0)
[2026-07-14T21:50:41.492+0000] {subprocess.py:93} INFO - Requirement already satisfied: orderly-set<6,>=5.4.1 in /home/***/.local/lib/python3.11/site-packages (from deepdiff<9.0,>=7.0->dbt-common<2.0,>=1.0.4->dbt-postgres==1.9.1) (5.5.0)
[2026-07-14T21:50:41.499+0000] {subprocess.py:93} INFO - Requirement already satisfied: six in /home/***/.local/lib/python3.11/site-packages (from isodate>=0.5.4->agate<2.0,>=1.0->dbt-postgres==1.9.1) (1.16.0)
[2026-07-14T21:50:41.508+0000] {subprocess.py:93} INFO - Requirement already satisfied: MarkupSafe>=2.0 in /home/***/.local/lib/python3.11/site-packages (from jinja2<4,>=3.1.3->dbt-common<2.0,>=1.0.4->dbt-postgres==1.9.1) (2.1.5)
[2026-07-14T21:50:41.536+0000] {subprocess.py:93} INFO - Requirement already satisfied: attrs>=22.2.0 in /home/***/.local/lib/python3.11/site-packages (from jsonschema<5.0,>=4.0->dbt-common<2.0,>=1.0.4->dbt-postgres==1.9.1) (23.2.0)
[2026-07-14T21:50:41.539+0000] {subprocess.py:93} INFO - Requirement already satisfied: jsonschema-specifications>=2023.03.6 in /home/***/.local/lib/python3.11/site-packages (from jsonschema<5.0,>=4.0->dbt-common<2.0,>=1.0.4->dbt-postgres==1.9.1) (2023.12.1)
[2026-07-14T21:50:41.540+0000] {subprocess.py:93} INFO - Requirement already satisfied: referencing>=0.28.4 in /home/***/.local/lib/python3.11/site-packages (from jsonschema<5.0,>=4.0->dbt-common<2.0,>=1.0.4->dbt-postgres==1.9.1) (0.31.1)
[2026-07-14T21:50:41.542+0000] {subprocess.py:93} INFO - Requirement already satisfied: rpds-py>=0.7.1 in /home/***/.local/lib/python3.11/site-packages (from jsonschema<5.0,>=4.0->dbt-common<2.0,>=1.0.4->dbt-postgres==1.9.1) (0.18.0)
[2026-07-14T21:50:41.589+0000] {subprocess.py:93} INFO - Requirement already satisfied: msgpack>=0.5.6 in /home/***/.local/lib/python3.11/site-packages (from mashumaro[msgpack]<3.18,>=3.9->dbt-adapters<2.0,>=1.7.0->dbt-postgres==1.9.1) (1.2.1)
[2026-07-14T21:50:41.669+0000] {subprocess.py:93} INFO - Requirement already satisfied: annotated-types>=0.4.0 in /home/***/.local/lib/python3.11/site-packages (from pydantic<3->dbt-core>=1.8.0->dbt-postgres==1.9.1) (0.6.0)
[2026-07-14T21:50:41.671+0000] {subprocess.py:93} INFO - Requirement already satisfied: pydantic-core==2.18.2 in /home/***/.local/lib/python3.11/site-packages (from pydantic<3->dbt-core>=1.8.0->dbt-postgres==1.9.1) (2.18.2)
[2026-07-14T21:50:41.701+0000] {subprocess.py:93} INFO - Requirement already satisfied: text-unidecode>=1.3 in /home/***/.local/lib/python3.11/site-packages (from python-slugify>=1.2.1->agate<2.0,>=1.0->dbt-postgres==1.9.1) (1.3)
[2026-07-14T21:50:41.739+0000] {subprocess.py:93} INFO - Requirement already satisfied: charset-normalizer<4,>=2 in /home/***/.local/lib/python3.11/site-packages (from requests<3.0.0->dbt-common<2.0,>=1.0.4->dbt-postgres==1.9.1) (3.3.2)
[2026-07-14T21:50:41.741+0000] {subprocess.py:93} INFO - Requirement already satisfied: idna<4,>=2.5 in /home/***/.local/lib/python3.11/site-packages (from requests<3.0.0->dbt-common<2.0,>=1.0.4->dbt-postgres==1.9.1) (3.7)
[2026-07-14T21:50:41.743+0000] {subprocess.py:93} INFO - Requirement already satisfied: urllib3<3,>=1.21.1 in /home/***/.local/lib/python3.11/site-packages (from requests<3.0.0->dbt-common<2.0,>=1.0.4->dbt-postgres==1.9.1) (2.2.1)
[2026-07-14T21:50:41.745+0000] {subprocess.py:93} INFO - Requirement already satisfied: certifi>=2017.4.17 in /home/***/.local/lib/python3.11/site-packages (from requests<3.0.0->dbt-common<2.0,>=1.0.4->dbt-postgres==1.9.1) (2024.2.2)
[2026-07-14T21:50:41.996+0000] {subprocess.py:93} INFO - Requirement already satisfied: zipp>=0.5 in /home/***/.local/lib/python3.11/site-packages (from importlib-metadata<9,>=6.0->dbt-semantic-interfaces<0.10,>=0.9.0->dbt-core>=1.8.0->dbt-postgres==1.9.1) (3.18.1)
[2026-07-14T21:50:46.181+0000] {subprocess.py:93} INFO - 
[2026-07-14T21:50:46.183+0000] {subprocess.py:93} INFO - [notice] A new release of pip is available: 24.0 -> 26.1.2
[2026-07-14T21:50:46.184+0000] {subprocess.py:93} INFO - [notice] To update, run: pip3 install --upgrade pip
[2026-07-14T21:50:49.916+0000] {subprocess.py:93} INFO - [0m21:50:49  Running with dbt=1.11.12
[2026-07-14T21:50:50.569+0000] {subprocess.py:93} INFO - [0m21:50:50  Registered adapter: postgres=1.9.1
[2026-07-14T21:50:51.524+0000] {subprocess.py:93} INFO - [0m21:50:51  [[33mWARNING[0m]: Configuration paths exist in your dbt_project.yml file which do not apply to any resources.
[2026-07-14T21:50:51.526+0000] {subprocess.py:93} INFO - There are 1 unused configuration paths:
[2026-07-14T21:50:51.527+0000] {subprocess.py:93} INFO - - models.dbt_mobility.example
[2026-07-14T21:50:51.950+0000] {subprocess.py:93} INFO - [0m21:50:51  Found 2 models, 7 data tests, 1 source, 474 macros
[2026-07-14T21:50:51.965+0000] {subprocess.py:93} INFO - [0m21:50:51
[2026-07-14T21:50:51.970+0000] {subprocess.py:93} INFO - [0m21:50:51  Concurrency: 4 threads (target='prod')
[2026-07-14T21:50:51.974+0000] {subprocess.py:93} INFO - [0m21:50:51
[2026-07-14T21:50:52.596+0000] {subprocess.py:93} INFO - [0m21:50:52  1 of 2 START sql view model schema_analytics.stg_velib_stations ................ [RUN]
[2026-07-14T21:50:52.886+0000] {subprocess.py:93} INFO - [0m21:50:52  1 of 2 OK created sql view model schema_analytics.stg_velib_stations ........... [[32mCREATE VIEW[0m in 0.28s]
[2026-07-14T21:50:52.895+0000] {subprocess.py:93} INFO - [0m21:50:52  2 of 2 START sql table model schema_analytics.fct_velib_status ................. [RUN]
[2026-07-14T21:50:53.038+0000] {subprocess.py:93} INFO - [0m21:50:53  2 of 2 ERROR creating sql table model schema_analytics.fct_velib_status ........ [[31mERROR[0m in 0.14s]
[2026-07-14T21:50:53.093+0000] {subprocess.py:93} INFO - [0m21:50:53
[2026-07-14T21:50:53.095+0000] {subprocess.py:93} INFO - [0m21:50:53  Finished running 1 table model, 1 view model in 0 hours 0 minutes and 1.11 seconds (1.11s).
[2026-07-14T21:50:53.253+0000] {subprocess.py:93} INFO - [0m21:50:53
[2026-07-14T21:50:53.256+0000] {subprocess.py:93} INFO - [0m21:50:53  [31mCompleted with 1 error, 0 partial successes, and 0 warnings:[0m
[2026-07-14T21:50:53.259+0000] {subprocess.py:93} INFO - [0m21:50:53
[2026-07-14T21:50:53.262+0000] {subprocess.py:93} INFO - [0m21:50:53  [31mFailure in model fct_velib_status (models/marts/fct_velib_status.sql)[0m
[2026-07-14T21:50:53.264+0000] {subprocess.py:93} INFO - [0m21:50:53    Database Error in model fct_velib_status (models/marts/fct_velib_status.sql)
[2026-07-14T21:50:53.265+0000] {subprocess.py:93} INFO -   column "is_active" does not exist
[2026-07-14T21:50:53.266+0000] {subprocess.py:93} INFO -   LINE 25:         is_active,
[2026-07-14T21:50:53.267+0000] {subprocess.py:93} INFO -                    ^
[2026-07-14T21:50:53.268+0000] {subprocess.py:93} INFO -   compiled code at target/run/dbt_mobility/models/marts/fct_velib_status.sql
[2026-07-14T21:50:53.270+0000] {subprocess.py:93} INFO - [0m21:50:53
[2026-07-14T21:50:53.271+0000] {subprocess.py:93} INFO - [0m21:50:53    compiled code at target/compiled/dbt_mobility/models/marts/fct_velib_status.sql
[2026-07-14T21:50:53.272+0000] {subprocess.py:93} INFO - [0m21:50:53
[2026-07-14T21:50:53.273+0000] {subprocess.py:93} INFO - [0m21:50:53  Done. PASS=1 WARN=0 ERROR=1 SKIP=0 NO-OP=0 TOTAL=2
[2026-07-14T21:50:56.771+0000] {subprocess.py:93} INFO - [0m21:50:56  Running with dbt=1.11.12
[2026-07-14T21:50:57.273+0000] {subprocess.py:93} INFO - [0m21:50:57  Registered adapter: postgres=1.9.1
[2026-07-14T21:50:57.955+0000] {subprocess.py:93} INFO - [0m21:50:57  [[33mWARNING[0m]: Configuration paths exist in your dbt_project.yml file which do not apply to any resources.
[2026-07-14T21:50:57.956+0000] {subprocess.py:93} INFO - There are 1 unused configuration paths:
[2026-07-14T21:50:57.957+0000] {subprocess.py:93} INFO - - models.dbt_mobility.example
[2026-07-14T21:50:58.535+0000] {subprocess.py:93} INFO - [0m21:50:58  Found 2 models, 7 data tests, 1 source, 474 macros
[2026-07-14T21:50:58.551+0000] {subprocess.py:93} INFO - [0m21:50:58
[2026-07-14T21:50:58.554+0000] {subprocess.py:93} INFO - [0m21:50:58  Concurrency: 4 threads (target='prod')
[2026-07-14T21:50:58.559+0000] {subprocess.py:93} INFO - [0m21:50:58
[2026-07-14T21:50:59.010+0000] {subprocess.py:93} INFO - [0m21:50:59  1 of 7 START test accepted_values_fct_velib_status_station_status__Normal__Presque_pleine__Presque_vide__Vide__Hors_service  [RUN]
[2026-07-14T21:50:59.013+0000] {subprocess.py:93} INFO - [0m21:50:59  2 of 7 START test assert_bikes_available_under_total_capacity .................. [RUN]
[2026-07-14T21:50:59.017+0000] {subprocess.py:93} INFO - [0m21:50:59  3 of 7 START test not_null_fct_velib_status_station_id ......................... [RUN]
[2026-07-14T21:50:59.020+0000] {subprocess.py:93} INFO - [0m21:50:59  4 of 7 START test not_null_fct_velib_status_station_name ....................... [RUN]
[2026-07-14T21:50:59.389+0000] {subprocess.py:93} INFO - [0m21:50:59  2 of 7 PASS assert_bikes_available_under_total_capacity ........................ [[32mPASS[0m in 0.36s]
[2026-07-14T21:50:59.397+0000] {subprocess.py:93} INFO - [0m21:50:59  4 of 7 PASS not_null_fct_velib_status_station_name ............................. [[32mPASS[0m in 0.37s]
[2026-07-14T21:50:59.422+0000] {subprocess.py:93} INFO - [0m21:50:59  5 of 7 START test not_null_fct_velib_status_station_status ..................... [RUN]
[2026-07-14T21:50:59.432+0000] {subprocess.py:93} INFO - [0m21:50:59  6 of 7 START test not_null_fct_velib_status_total_capacity ..................... [RUN]
[2026-07-14T21:50:59.439+0000] {subprocess.py:93} INFO - [0m21:50:59  3 of 7 PASS not_null_fct_velib_status_station_id ............................... [[32mPASS[0m in 0.41s]
[2026-07-14T21:50:59.453+0000] {subprocess.py:93} INFO - [0m21:50:59  1 of 7 PASS accepted_values_fct_velib_status_station_status__Normal__Presque_pleine__Presque_vide__Vide__Hors_service  [[32mPASS[0m in 0.43s]
[2026-07-14T21:50:59.485+0000] {subprocess.py:93} INFO - [0m21:50:59  7 of 7 START test unique_fct_velib_status_station_id ........................... [RUN]
[2026-07-14T21:50:59.626+0000] {subprocess.py:93} INFO - [0m21:50:59  5 of 7 PASS not_null_fct_velib_status_station_status ........................... [[32mPASS[0m in 0.19s]
[2026-07-14T21:50:59.649+0000] {subprocess.py:93} INFO - [0m21:50:59  6 of 7 PASS not_null_fct_velib_status_total_capacity ........................... [[32mPASS[0m in 0.21s]
[2026-07-14T21:50:59.664+0000] {subprocess.py:93} INFO - [0m21:50:59  7 of 7 PASS unique_fct_velib_status_station_id ................................. [[32mPASS[0m in 0.17s]
[2026-07-14T21:50:59.716+0000] {subprocess.py:93} INFO - [0m21:50:59
[2026-07-14T21:50:59.718+0000] {subprocess.py:93} INFO - [0m21:50:59  Finished running 7 data tests in 0 hours 0 minutes and 1.15 seconds (1.15s).
[2026-07-14T21:50:59.861+0000] {subprocess.py:93} INFO - [0m21:50:59
[2026-07-14T21:50:59.863+0000] {subprocess.py:93} INFO - [0m21:50:59  [32mCompleted successfully[0m
[2026-07-14T21:50:59.865+0000] {subprocess.py:93} INFO - [0m21:50:59
[2026-07-14T21:50:59.867+0000] {subprocess.py:93} INFO - [0m21:50:59  Done. PASS=7 WARN=0 ERROR=0 SKIP=0 NO-OP=0 TOTAL=7
[2026-07-14T21:51:00.819+0000] {subprocess.py:97} INFO - Command exited with return code 0
[2026-07-14T21:51:00.821+0000] {taskinstance.py:441} INFO - ::group::Post task execution logs
[2026-07-14T21:51:00.911+0000] {taskinstance.py:1206} INFO - Marking task as SUCCESS. dag_id=ingest_and_transform_velib, task_id=dbt_run_task, run_id=manual__2026-07-14T21:50:32.454146+00:00, execution_date=20260714T215032, start_date=20260714T215038, end_date=20260714T215100
[2026-07-14T21:51:00.979+0000] {local_task_job_runner.py:240} INFO - Task exited with return code 0
[2026-07-14T21:51:01.016+0000] {taskinstance.py:3498} INFO - 0 downstream tasks scheduled from follow-on schedule check
[2026-07-14T21:51:01.031+0000] {local_task_job_runner.py:222} INFO - ::endgroup::
