[2026-07-14T19:00:05.039+0000] {local_task_job_runner.py:120} INFO - ::group::Pre task execution logs
[2026-07-14T19:00:05.100+0000] {taskinstance.py:2076} INFO - Dependencies all met for dep_context=non-requeueable deps ti=<TaskInstance: ingest_and_transform_velib.dbt_run_task scheduled__2026-07-14T18:00:00+00:00 [queued]>
[2026-07-14T19:00:05.113+0000] {taskinstance.py:2076} INFO - Dependencies all met for dep_context=requeueable deps ti=<TaskInstance: ingest_and_transform_velib.dbt_run_task scheduled__2026-07-14T18:00:00+00:00 [queued]>
[2026-07-14T19:00:05.118+0000] {taskinstance.py:2306} INFO - Starting attempt 1 of 2
[2026-07-14T19:00:05.140+0000] {taskinstance.py:2330} INFO - Executing <Task(BashOperator): dbt_run_task> on 2026-07-14 18:00:00+00:00
[2026-07-14T19:00:05.150+0000] {standard_task_runner.py:63} INFO - Started process 1763 to run task
[2026-07-14T19:00:05.155+0000] {standard_task_runner.py:90} INFO - Running: ['***', 'tasks', 'run', 'ingest_and_transform_velib', 'dbt_run_task', 'scheduled__2026-07-14T18:00:00+00:00', '--job-id', '14', '--raw', '--subdir', 'DAGS_FOLDER/ingest_velib_status.py', '--cfg-path', '/tmp/tmpyrbsxinn']
[2026-07-14T19:00:05.159+0000] {standard_task_runner.py:91} INFO - Job 14: Subtask dbt_run_task
[2026-07-14T19:00:05.137+0000] {task_command.py:426} INFO - Running <TaskInstance: ingest_and_transform_velib.dbt_run_task scheduled__2026-07-14T18:00:00+00:00 [running]> on host 34cfa9410581
[2026-07-14T19:00:05.333+0000] {taskinstance.py:2648} INFO - Exporting env vars: AIRFLOW_CTX_DAG_OWNER='Amadou' AIRFLOW_CTX_DAG_ID='ingest_and_transform_velib' AIRFLOW_CTX_TASK_ID='dbt_run_task' AIRFLOW_CTX_EXECUTION_DATE='2026-07-14T18:00:00+00:00' AIRFLOW_CTX_TRY_NUMBER='1' AIRFLOW_CTX_DAG_RUN_ID='scheduled__2026-07-14T18:00:00+00:00'
[2026-07-14T19:00:05.337+0000] {taskinstance.py:430} INFO - ::endgroup::
[2026-07-14T19:00:05.579+0000] {subprocess.py:63} INFO - Tmp dir root location: /tmp
[2026-07-14T19:00:05.581+0000] {subprocess.py:75} INFO - Running command: ['/usr/bin/bash', '-c', '\n        python -m pip install dbt-postgres==1.9.1\n        cd /opt/***/dbt_mobility\n        dbt run --profiles-dir .\n        dbt test --profiles-dir .\n        ']
[2026-07-14T19:00:05.605+0000] {subprocess.py:86} INFO - Output:
[2026-07-14T19:00:07.034+0000] {subprocess.py:93} INFO - Requirement already satisfied: dbt-postgres==1.9.1 in /home/***/.local/lib/python3.11/site-packages (1.9.1)
[2026-07-14T19:00:07.042+0000] {subprocess.py:93} INFO - Requirement already satisfied: agate<2.0,>=1.0 in /home/***/.local/lib/python3.11/site-packages (from dbt-postgres==1.9.1) (1.9.1)
[2026-07-14T19:00:07.044+0000] {subprocess.py:93} INFO - Requirement already satisfied: dbt-adapters<2.0,>=1.7.0 in /home/***/.local/lib/python3.11/site-packages (from dbt-postgres==1.9.1) (1.24.4)
[2026-07-14T19:00:07.046+0000] {subprocess.py:93} INFO - Requirement already satisfied: dbt-common<2.0,>=1.0.4 in /home/***/.local/lib/python3.11/site-packages (from dbt-postgres==1.9.1) (1.38.0)
[2026-07-14T19:00:07.049+0000] {subprocess.py:93} INFO - Requirement already satisfied: dbt-core>=1.8.0 in /home/***/.local/lib/python3.11/site-packages (from dbt-postgres==1.9.1) (1.11.12)
[2026-07-14T19:00:07.051+0000] {subprocess.py:93} INFO - Requirement already satisfied: psycopg2-binary<3.0,>=2.9 in /home/***/.local/lib/python3.11/site-packages (from dbt-postgres==1.9.1) (2.9.9)
[2026-07-14T19:00:07.069+0000] {subprocess.py:93} INFO - Requirement already satisfied: Babel>=2.0 in /home/***/.local/lib/python3.11/site-packages (from agate<2.0,>=1.0->dbt-postgres==1.9.1) (2.14.0)
[2026-07-14T19:00:07.071+0000] {subprocess.py:93} INFO - Requirement already satisfied: isodate>=0.5.4 in /home/***/.local/lib/python3.11/site-packages (from agate<2.0,>=1.0->dbt-postgres==1.9.1) (0.6.1)
[2026-07-14T19:00:07.072+0000] {subprocess.py:93} INFO - Requirement already satisfied: leather>=0.3.2 in /home/***/.local/lib/python3.11/site-packages (from agate<2.0,>=1.0->dbt-postgres==1.9.1) (0.4.1)
[2026-07-14T19:00:07.075+0000] {subprocess.py:93} INFO - Requirement already satisfied: parsedatetime!=2.5,>=2.1 in /home/***/.local/lib/python3.11/site-packages (from agate<2.0,>=1.0->dbt-postgres==1.9.1) (2.6)
[2026-07-14T19:00:07.077+0000] {subprocess.py:93} INFO - Requirement already satisfied: python-slugify>=1.2.1 in /home/***/.local/lib/python3.11/site-packages (from agate<2.0,>=1.0->dbt-postgres==1.9.1) (8.0.4)
[2026-07-14T19:00:07.079+0000] {subprocess.py:93} INFO - Requirement already satisfied: pytimeparse>=1.1.5 in /home/***/.local/lib/python3.11/site-packages (from agate<2.0,>=1.0->dbt-postgres==1.9.1) (1.1.8)
[2026-07-14T19:00:07.091+0000] {subprocess.py:93} INFO - Requirement already satisfied: dbt-protos<2.0,>=1.0.291 in /home/***/.local/lib/python3.11/site-packages (from dbt-adapters<2.0,>=1.7.0->dbt-postgres==1.9.1) (1.0.541)
[2026-07-14T19:00:07.104+0000] {subprocess.py:93} INFO - Requirement already satisfied: mashumaro<3.18,>=3.9 in /home/***/.local/lib/python3.11/site-packages (from mashumaro[msgpack]<3.18,>=3.9->dbt-adapters<2.0,>=1.7.0->dbt-postgres==1.9.1) (3.14)
[2026-07-14T19:00:07.111+0000] {subprocess.py:93} INFO - Requirement already satisfied: protobuf<7.0,>=6.0 in /home/***/.local/lib/python3.11/site-packages (from dbt-adapters<2.0,>=1.7.0->dbt-postgres==1.9.1) (6.33.6)
[2026-07-14T19:00:07.113+0000] {subprocess.py:93} INFO - Requirement already satisfied: pytz>=2015.7 in /home/***/.local/lib/python3.11/site-packages (from dbt-adapters<2.0,>=1.7.0->dbt-postgres==1.9.1) (2024.1)
[2026-07-14T19:00:07.115+0000] {subprocess.py:93} INFO - Requirement already satisfied: typing-extensions<5.0,>=4.0 in /home/***/.local/lib/python3.11/site-packages (from dbt-adapters<2.0,>=1.7.0->dbt-postgres==1.9.1) (4.11.0)
[2026-07-14T19:00:07.149+0000] {subprocess.py:93} INFO - Requirement already satisfied: colorama<0.5,>=0.3.9 in /home/***/.local/lib/python3.11/site-packages (from dbt-common<2.0,>=1.0.4->dbt-postgres==1.9.1) (0.4.6)
[2026-07-14T19:00:07.151+0000] {subprocess.py:93} INFO - Requirement already satisfied: deepdiff<9.0,>=7.0 in /home/***/.local/lib/python3.11/site-packages (from dbt-common<2.0,>=1.0.4->dbt-postgres==1.9.1) (8.6.2)
[2026-07-14T19:00:07.154+0000] {subprocess.py:93} INFO - Requirement already satisfied: jinja2<4,>=3.1.3 in /home/***/.local/lib/python3.11/site-packages (from dbt-common<2.0,>=1.0.4->dbt-postgres==1.9.1) (3.1.6)
[2026-07-14T19:00:07.156+0000] {subprocess.py:93} INFO - Requirement already satisfied: jsonschema<5.0,>=4.0 in /home/***/.local/lib/python3.11/site-packages (from dbt-common<2.0,>=1.0.4->dbt-postgres==1.9.1) (4.22.0)
[2026-07-14T19:00:07.167+0000] {subprocess.py:93} INFO - Requirement already satisfied: pathspec<1.1,>=0.9 in /home/***/.local/lib/python3.11/site-packages (from dbt-common<2.0,>=1.0.4->dbt-postgres==1.9.1) (0.12.1)
[2026-07-14T19:00:07.169+0000] {subprocess.py:93} INFO - Requirement already satisfied: python-dateutil<3.0,>=2.0 in /home/***/.local/lib/python3.11/site-packages (from dbt-common<2.0,>=1.0.4->dbt-postgres==1.9.1) (2.9.0.post0)
[2026-07-14T19:00:07.171+0000] {subprocess.py:93} INFO - Requirement already satisfied: requests<3.0.0 in /home/***/.local/lib/python3.11/site-packages (from dbt-common<2.0,>=1.0.4->dbt-postgres==1.9.1) (2.31.0)
[2026-07-14T19:00:07.194+0000] {subprocess.py:93} INFO - Requirement already satisfied: click<9.0,>=8.3.0 in /home/***/.local/lib/python3.11/site-packages (from dbt-core>=1.8.0->dbt-postgres==1.9.1) (8.4.2)
[2026-07-14T19:00:07.196+0000] {subprocess.py:93} INFO - Requirement already satisfied: daff>=1.3.46 in /home/***/.local/lib/python3.11/site-packages (from dbt-core>=1.8.0->dbt-postgres==1.9.1) (1.4.2)
[2026-07-14T19:00:07.199+0000] {subprocess.py:93} INFO - Requirement already satisfied: dbt-extractor<=0.6,>=0.5.0 in /home/***/.local/lib/python3.11/site-packages (from dbt-core>=1.8.0->dbt-postgres==1.9.1) (0.6.0)
[2026-07-14T19:00:07.201+0000] {subprocess.py:93} INFO - Requirement already satisfied: dbt-semantic-interfaces<0.10,>=0.9.0 in /home/***/.local/lib/python3.11/site-packages (from dbt-core>=1.8.0->dbt-postgres==1.9.1) (0.9.0)
[2026-07-14T19:00:07.213+0000] {subprocess.py:93} INFO - Requirement already satisfied: networkx<4.0,>=2.3 in /home/***/.local/lib/python3.11/site-packages (from dbt-core>=1.8.0->dbt-postgres==1.9.1) (3.6.1)
[2026-07-14T19:00:07.215+0000] {subprocess.py:93} INFO - Requirement already satisfied: packaging>20.9 in /home/***/.local/lib/python3.11/site-packages (from dbt-core>=1.8.0->dbt-postgres==1.9.1) (24.0)
[2026-07-14T19:00:07.223+0000] {subprocess.py:93} INFO - Requirement already satisfied: pydantic<3 in /home/***/.local/lib/python3.11/site-packages (from dbt-core>=1.8.0->dbt-postgres==1.9.1) (2.7.1)
[2026-07-14T19:00:07.225+0000] {subprocess.py:93} INFO - Requirement already satisfied: pyyaml>=6.0 in /home/***/.local/lib/python3.11/site-packages (from dbt-core>=1.8.0->dbt-postgres==1.9.1) (6.0.1)
[2026-07-14T19:00:07.228+0000] {subprocess.py:93} INFO - Requirement already satisfied: snowplow-tracker<2.0,>=1.0.2 in /home/***/.local/lib/python3.11/site-packages (from dbt-core>=1.8.0->dbt-postgres==1.9.1) (1.1.0)
[2026-07-14T19:00:07.229+0000] {subprocess.py:93} INFO - Requirement already satisfied: sqlparse<0.6.0,>=0.5.5 in /home/***/.local/lib/python3.11/site-packages (from dbt-core>=1.8.0->dbt-postgres==1.9.1) (0.5.5)
[2026-07-14T19:00:07.267+0000] {subprocess.py:93} INFO - Requirement already satisfied: importlib-metadata<9,>=6.0 in /home/***/.local/lib/python3.11/site-packages (from dbt-semantic-interfaces<0.10,>=0.9.0->dbt-core>=1.8.0->dbt-postgres==1.9.1) (6.11.0)
[2026-07-14T19:00:07.271+0000] {subprocess.py:93} INFO - Requirement already satisfied: more-itertools<11.0,>=8.0 in /home/***/.local/lib/python3.11/site-packages (from dbt-semantic-interfaces<0.10,>=0.9.0->dbt-core>=1.8.0->dbt-postgres==1.9.1) (10.2.0)
[2026-07-14T19:00:07.311+0000] {subprocess.py:93} INFO - Requirement already satisfied: orderly-set<6,>=5.4.1 in /home/***/.local/lib/python3.11/site-packages (from deepdiff<9.0,>=7.0->dbt-common<2.0,>=1.0.4->dbt-postgres==1.9.1) (5.5.0)
[2026-07-14T19:00:07.316+0000] {subprocess.py:93} INFO - Requirement already satisfied: six in /home/***/.local/lib/python3.11/site-packages (from isodate>=0.5.4->agate<2.0,>=1.0->dbt-postgres==1.9.1) (1.16.0)
[2026-07-14T19:00:07.323+0000] {subprocess.py:93} INFO - Requirement already satisfied: MarkupSafe>=2.0 in /home/***/.local/lib/python3.11/site-packages (from jinja2<4,>=3.1.3->dbt-common<2.0,>=1.0.4->dbt-postgres==1.9.1) (2.1.5)
[2026-07-14T19:00:07.346+0000] {subprocess.py:93} INFO - Requirement already satisfied: attrs>=22.2.0 in /home/***/.local/lib/python3.11/site-packages (from jsonschema<5.0,>=4.0->dbt-common<2.0,>=1.0.4->dbt-postgres==1.9.1) (23.2.0)
[2026-07-14T19:00:07.348+0000] {subprocess.py:93} INFO - Requirement already satisfied: jsonschema-specifications>=2023.03.6 in /home/***/.local/lib/python3.11/site-packages (from jsonschema<5.0,>=4.0->dbt-common<2.0,>=1.0.4->dbt-postgres==1.9.1) (2023.12.1)
[2026-07-14T19:00:07.349+0000] {subprocess.py:93} INFO - Requirement already satisfied: referencing>=0.28.4 in /home/***/.local/lib/python3.11/site-packages (from jsonschema<5.0,>=4.0->dbt-common<2.0,>=1.0.4->dbt-postgres==1.9.1) (0.31.1)
[2026-07-14T19:00:07.351+0000] {subprocess.py:93} INFO - Requirement already satisfied: rpds-py>=0.7.1 in /home/***/.local/lib/python3.11/site-packages (from jsonschema<5.0,>=4.0->dbt-common<2.0,>=1.0.4->dbt-postgres==1.9.1) (0.18.0)
[2026-07-14T19:00:07.387+0000] {subprocess.py:93} INFO - Requirement already satisfied: msgpack>=0.5.6 in /home/***/.local/lib/python3.11/site-packages (from mashumaro[msgpack]<3.18,>=3.9->dbt-adapters<2.0,>=1.7.0->dbt-postgres==1.9.1) (1.2.1)
[2026-07-14T19:00:07.453+0000] {subprocess.py:93} INFO - Requirement already satisfied: annotated-types>=0.4.0 in /home/***/.local/lib/python3.11/site-packages (from pydantic<3->dbt-core>=1.8.0->dbt-postgres==1.9.1) (0.6.0)
[2026-07-14T19:00:07.455+0000] {subprocess.py:93} INFO - Requirement already satisfied: pydantic-core==2.18.2 in /home/***/.local/lib/python3.11/site-packages (from pydantic<3->dbt-core>=1.8.0->dbt-postgres==1.9.1) (2.18.2)
[2026-07-14T19:00:07.479+0000] {subprocess.py:93} INFO - Requirement already satisfied: text-unidecode>=1.3 in /home/***/.local/lib/python3.11/site-packages (from python-slugify>=1.2.1->agate<2.0,>=1.0->dbt-postgres==1.9.1) (1.3)
[2026-07-14T19:00:07.510+0000] {subprocess.py:93} INFO - Requirement already satisfied: charset-normalizer<4,>=2 in /home/***/.local/lib/python3.11/site-packages (from requests<3.0.0->dbt-common<2.0,>=1.0.4->dbt-postgres==1.9.1) (3.3.2)
[2026-07-14T19:00:07.512+0000] {subprocess.py:93} INFO - Requirement already satisfied: idna<4,>=2.5 in /home/***/.local/lib/python3.11/site-packages (from requests<3.0.0->dbt-common<2.0,>=1.0.4->dbt-postgres==1.9.1) (3.7)
[2026-07-14T19:00:07.514+0000] {subprocess.py:93} INFO - Requirement already satisfied: urllib3<3,>=1.21.1 in /home/***/.local/lib/python3.11/site-packages (from requests<3.0.0->dbt-common<2.0,>=1.0.4->dbt-postgres==1.9.1) (2.2.1)
[2026-07-14T19:00:07.515+0000] {subprocess.py:93} INFO - Requirement already satisfied: certifi>=2017.4.17 in /home/***/.local/lib/python3.11/site-packages (from requests<3.0.0->dbt-common<2.0,>=1.0.4->dbt-postgres==1.9.1) (2024.2.2)
[2026-07-14T19:00:07.620+0000] {subprocess.py:93} INFO - Requirement already satisfied: zipp>=0.5 in /home/***/.local/lib/python3.11/site-packages (from importlib-metadata<9,>=6.0->dbt-semantic-interfaces<0.10,>=0.9.0->dbt-core>=1.8.0->dbt-postgres==1.9.1) (3.18.1)
[2026-07-14T19:00:10.503+0000] {subprocess.py:93} INFO - 
[2026-07-14T19:00:10.506+0000] {subprocess.py:93} INFO - [notice] A new release of pip is available: 24.0 -> 26.1.2
[2026-07-14T19:00:10.507+0000] {subprocess.py:93} INFO - [notice] To update, run: pip3 install --upgrade pip
[2026-07-14T19:00:13.777+0000] {subprocess.py:93} INFO - [0m19:00:13  Running with dbt=1.11.12
[2026-07-14T19:00:14.309+0000] {subprocess.py:93} INFO - [0m19:00:14  Registered adapter: postgres=1.9.1
[2026-07-14T19:00:15.252+0000] {subprocess.py:93} INFO - [0m19:00:15  [[33mWARNING[0m]: Configuration paths exist in your dbt_project.yml file which do not apply to any resources.
[2026-07-14T19:00:15.254+0000] {subprocess.py:93} INFO - There are 1 unused configuration paths:
[2026-07-14T19:00:15.255+0000] {subprocess.py:93} INFO - - models.dbt_mobility.example
[2026-07-14T19:00:15.171+0000] {subprocess.py:93} INFO - [0m19:00:15  Found 2 models, 7 data tests, 1 source, 474 macros
[2026-07-14T19:00:15.178+0000] {subprocess.py:93} INFO - [0m19:00:15
[2026-07-14T19:00:15.180+0000] {subprocess.py:93} INFO - [0m19:00:15  Concurrency: 4 threads (target='prod')
[2026-07-14T19:00:15.182+0000] {subprocess.py:93} INFO - [0m19:00:15
[2026-07-14T19:00:15.578+0000] {subprocess.py:93} INFO - [0m19:00:15  1 of 2 START sql view model schema_analytics.stg_velib_stations ................ [RUN]
[2026-07-14T19:00:15.879+0000] {subprocess.py:93} INFO - [0m19:00:15  1 of 2 OK created sql view model schema_analytics.stg_velib_stations ........... [[32mCREATE VIEW[0m in 0.29s]
[2026-07-14T19:00:15.888+0000] {subprocess.py:93} INFO - [0m19:00:15  2 of 2 START sql table model schema_analytics.fct_velib_status ................. [RUN]
[2026-07-14T19:00:16.143+0000] {subprocess.py:93} INFO - [0m19:00:16  2 of 2 OK created sql table model schema_analytics.fct_velib_status ............ [[32mSELECT 192[0m in 0.25s]
[2026-07-14T19:00:16.195+0000] {subprocess.py:93} INFO - [0m19:00:16
[2026-07-14T19:00:16.197+0000] {subprocess.py:93} INFO - [0m19:00:16  Finished running 1 table model, 1 view model in 0 hours 0 minutes and 1.01 seconds (1.01s).
[2026-07-14T19:00:16.340+0000] {subprocess.py:93} INFO - [0m19:00:16
[2026-07-14T19:00:16.342+0000] {subprocess.py:93} INFO - [0m19:00:16  [32mCompleted successfully[0m
[2026-07-14T19:00:16.345+0000] {subprocess.py:93} INFO - [0m19:00:16
[2026-07-14T19:00:16.347+0000] {subprocess.py:93} INFO - [0m19:00:16  Done. PASS=2 WARN=0 ERROR=0 SKIP=0 NO-OP=0 TOTAL=2
[2026-07-14T19:00:20.554+0000] {subprocess.py:93} INFO - [0m19:00:20  Running with dbt=1.11.12
[2026-07-14T19:00:20.513+0000] {subprocess.py:93} INFO - [0m19:00:20  Registered adapter: postgres=1.9.1
[2026-07-14T19:00:21.017+0000] {subprocess.py:93} INFO - [0m19:00:21  [[33mWARNING[0m]: Configuration paths exist in your dbt_project.yml file which do not apply to any resources.
[2026-07-14T19:00:21.018+0000] {subprocess.py:93} INFO - There are 1 unused configuration paths:
[2026-07-14T19:00:21.019+0000] {subprocess.py:93} INFO - - models.dbt_mobility.example
[2026-07-14T19:00:21.552+0000] {subprocess.py:93} INFO - [0m19:00:21  Found 2 models, 7 data tests, 1 source, 474 macros
[2026-07-14T19:00:21.562+0000] {subprocess.py:93} INFO - [0m19:00:21
[2026-07-14T19:00:21.565+0000] {subprocess.py:93} INFO - [0m19:00:21  Concurrency: 4 threads (target='prod')
[2026-07-14T19:00:21.568+0000] {subprocess.py:93} INFO - [0m19:00:21
[2026-07-14T19:00:21.790+0000] {subprocess.py:93} INFO - [0m19:00:21  1 of 7 START test accepted_values_fct_velib_status_station_status__Normal__Presque_pleine__Presque_vide__Vide__Hors_service  [RUN]
[2026-07-14T19:00:21.793+0000] {subprocess.py:93} INFO - [0m19:00:21  2 of 7 START test assert_bikes_available_under_total_capacity .................. [RUN]
[2026-07-14T19:00:21.795+0000] {subprocess.py:93} INFO - [0m19:00:21  3 of 7 START test not_null_fct_velib_status_station_id ......................... [RUN]
[2026-07-14T19:00:21.797+0000] {subprocess.py:93} INFO - [0m19:00:21  4 of 7 START test not_null_fct_velib_status_station_name ....................... [RUN]
[2026-07-14T19:00:22.111+0000] {subprocess.py:93} INFO - [0m19:00:22  2 of 7 PASS assert_bikes_available_under_total_capacity ........................ [[32mPASS[0m in 0.31s]
[2026-07-14T19:00:22.128+0000] {subprocess.py:93} INFO - [0m19:00:22  3 of 7 PASS not_null_fct_velib_status_station_id ............................... [[32mPASS[0m in 0.32s]
[2026-07-14T19:00:22.139+0000] {subprocess.py:93} INFO - [0m19:00:22  5 of 7 START test not_null_fct_velib_status_station_status ..................... [RUN]
[2026-07-14T19:00:22.142+0000] {subprocess.py:93} INFO - [0m19:00:22  4 of 7 PASS not_null_fct_velib_status_station_name ............................. [[32mPASS[0m in 0.33s]
[2026-07-14T19:00:22.144+0000] {subprocess.py:93} INFO - [0m19:00:22  1 of 7 PASS accepted_values_fct_velib_status_station_status__Normal__Presque_pleine__Presque_vide__Vide__Hors_service  [[32mPASS[0m in 0.34s]
[2026-07-14T19:00:22.156+0000] {subprocess.py:93} INFO - [0m19:00:22  6 of 7 START test not_null_fct_velib_status_total_capacity ..................... [RUN]
[2026-07-14T19:00:22.174+0000] {subprocess.py:93} INFO - [0m19:00:22  7 of 7 START test unique_fct_velib_status_station_id ........................... [RUN]
[2026-07-14T19:00:22.313+0000] {subprocess.py:93} INFO - [0m19:00:22  6 of 7 PASS not_null_fct_velib_status_total_capacity ........................... [[32mPASS[0m in 0.15s]
[2026-07-14T19:00:22.323+0000] {subprocess.py:93} INFO - [0m19:00:22  5 of 7 PASS not_null_fct_velib_status_station_status ........................... [[32mPASS[0m in 0.17s]
[2026-07-14T19:00:22.338+0000] {subprocess.py:93} INFO - [0m19:00:22  7 of 7 PASS unique_fct_velib_status_station_id ................................. [[32mPASS[0m in 0.16s]
[2026-07-14T19:00:22.384+0000] {subprocess.py:93} INFO - [0m19:00:22
[2026-07-14T19:00:22.386+0000] {subprocess.py:93} INFO - [0m19:00:22  Finished running 7 data tests in 0 hours 0 minutes and 0.81 seconds (0.81s).
[2026-07-14T19:00:22.516+0000] {subprocess.py:93} INFO - [0m19:00:22
[2026-07-14T19:00:22.518+0000] {subprocess.py:93} INFO - [0m19:00:22  [32mCompleted successfully[0m
[2026-07-14T19:00:22.521+0000] {subprocess.py:93} INFO - [0m19:00:22
[2026-07-14T19:00:22.523+0000] {subprocess.py:93} INFO - [0m19:00:22  Done. PASS=7 WARN=0 ERROR=0 SKIP=0 NO-OP=0 TOTAL=7
[2026-07-14T19:00:23.367+0000] {subprocess.py:97} INFO - Command exited with return code 0
[2026-07-14T19:00:23.369+0000] {taskinstance.py:441} INFO - ::group::Post task execution logs
[2026-07-14T19:00:23.427+0000] {taskinstance.py:1206} INFO - Marking task as SUCCESS. dag_id=ingest_and_transform_velib, task_id=dbt_run_task, run_id=scheduled__2026-07-14T18:00:00+00:00, execution_date=20260714T180000, start_date=20260714T190005, end_date=20260714T190023
[2026-07-14T19:00:23.500+0000] {local_task_job_runner.py:240} INFO - Task exited with return code 0
[2026-07-14T19:00:23.537+0000] {taskinstance.py:3498} INFO - 0 downstream tasks scheduled from follow-on schedule check
[2026-07-14T19:00:23.565+0000] {local_task_job_runner.py:222} INFO - ::endgroup::
