[2026-07-14T22:00:52.435+0000] {local_task_job_runner.py:120} INFO - ::group::Pre task execution logs
[2026-07-14T22:00:52.032+0000] {taskinstance.py:2076} INFO - Dependencies all met for dep_context=non-requeueable deps ti=<TaskInstance: ingest_and_transform_velib.extract_and_load_velib_task manual__2026-07-14T21:55:19.810856+00:00 [queued]>
[2026-07-14T22:00:52.053+0000] {taskinstance.py:2076} INFO - Dependencies all met for dep_context=requeueable deps ti=<TaskInstance: ingest_and_transform_velib.extract_and_load_velib_task manual__2026-07-14T21:55:19.810856+00:00 [queued]>
[2026-07-14T22:00:52.065+0000] {taskinstance.py:2306} INFO - Starting attempt 2 of 3
[2026-07-14T22:00:52.139+0000] {taskinstance.py:2330} INFO - Executing <Task(PythonOperator): extract_and_load_velib_task> on 2026-07-14 21:55:19.810856+00:00
[2026-07-14T22:00:52.157+0000] {standard_task_runner.py:63} INFO - Started process 4323 to run task
[2026-07-14T22:00:52.168+0000] {standard_task_runner.py:90} INFO - Running: ['***', 'tasks', 'run', 'ingest_and_transform_velib', 'extract_and_load_velib_task', 'manual__2026-07-14T21:55:19.810856+00:00', '--job-id', '28', '--raw', '--subdir', 'DAGS_FOLDER/ingest_velib_status.py', '--cfg-path', '/tmp/tmpfk5_g45b']
[2026-07-14T22:00:52.221+0000] {standard_task_runner.py:91} INFO - Job 28: Subtask extract_and_load_velib_task
[2026-07-14T22:00:52.708+0000] {task_command.py:426} INFO - Running <TaskInstance: ingest_and_transform_velib.extract_and_load_velib_task manual__2026-07-14T21:55:19.810856+00:00 [running]> on host 34cfa9410581
[2026-07-14T22:00:53.319+0000] {taskinstance.py:2648} INFO - Exporting env vars: AIRFLOW_CTX_DAG_OWNER='Amadou' AIRFLOW_CTX_DAG_ID='ingest_and_transform_velib' AIRFLOW_CTX_TASK_ID='extract_and_load_velib_task' AIRFLOW_CTX_EXECUTION_DATE='2026-07-14T21:55:19.810856+00:00' AIRFLOW_CTX_TRY_NUMBER='2' AIRFLOW_CTX_DAG_RUN_ID='manual__2026-07-14T21:55:19.810856+00:00'
[2026-07-14T22:00:53.321+0000] {taskinstance.py:430} INFO - ::endgroup::
[2026-07-14T22:00:54.186+0000] {crypto.py:82} WARNING - empty cryptography key - values will not be stored encrypted.
[2026-07-14T22:00:54.189+0000] {base.py:84} INFO - Using connection ID 'postgres_dest_conn' for task execution.
[2026-07-14T22:00:54.312+0000] {logging_mixin.py:188} INFO - 🎉 Ingestion réussie : 100 stations insérées avec tous leurs attributs.
[2026-07-14T22:00:54.317+0000] {python.py:237} INFO - Done. Returned value was: None
[2026-07-14T22:00:54.321+0000] {taskinstance.py:441} INFO - ::group::Post task execution logs
[2026-07-14T22:00:54.394+0000] {taskinstance.py:1206} INFO - Marking task as SUCCESS. dag_id=ingest_and_transform_velib, task_id=extract_and_load_velib_task, run_id=manual__2026-07-14T21:55:19.810856+00:00, execution_date=20260714T215519, start_date=20260714T220052, end_date=20260714T220054
[2026-07-14T22:00:54.485+0000] {local_task_job_runner.py:240} INFO - Task exited with return code 0
[2026-07-14T22:00:54.569+0000] {taskinstance.py:3498} INFO - 0 downstream tasks scheduled from follow-on schedule check
[2026-07-14T22:00:54.612+0000] {local_task_job_runner.py:222} INFO - ::endgroup::
