[2026-07-14T21:52:56.978+0000] {local_task_job_runner.py:120} INFO - ::group::Pre task execution logs
[2026-07-14T21:52:57.052+0000] {taskinstance.py:2076} INFO - Dependencies all met for dep_context=non-requeueable deps ti=<TaskInstance: ingest_and_transform_velib.dbt_run_task manual__2026-07-14T21:52:51.261766+00:00 [queued]>
[2026-07-14T21:52:57.069+0000] {taskinstance.py:2076} INFO - Dependencies all met for dep_context=requeueable deps ti=<TaskInstance: ingest_and_transform_velib.dbt_run_task manual__2026-07-14T21:52:51.261766+00:00 [queued]>
[2026-07-14T21:52:57.077+0000] {taskinstance.py:2306} INFO - Starting attempt 1 of 2
[2026-07-14T21:52:57.104+0000] {taskinstance.py:2330} INFO - Executing <Task(BashOperator): dbt_run_task> on 2026-07-14 21:52:51.261766+00:00
[2026-07-14T21:52:57.123+0000] {standard_task_runner.py:63} INFO - Started process 3876 to run task
[2026-07-14T21:52:57.131+0000] {standard_task_runner.py:90} INFO - Running: ['***', 'tasks', 'run', 'ingest_and_transform_velib', 'dbt_run_task', 'manual__2026-07-14T21:52:51.261766+00:00', '--job-id', '22', '--raw', '--subdir', 'DAGS_FOLDER/ingest_velib_status.py', '--cfg-path', '/tmp/tmpb47xsj38']
[2026-07-14T21:52:57.143+0000] {standard_task_runner.py:91} INFO - Job 22: Subtask dbt_run_task
[2026-07-14T21:52:57.434+0000] {task_command.py:426} INFO - Running <TaskInstance: ingest_and_transform_velib.dbt_run_task manual__2026-07-14T21:52:51.261766+00:00 [running]> on host 34cfa9410581
[2026-07-14T21:52:57.872+0000] {taskinstance.py:2648} INFO - Exporting env vars: AIRFLOW_CTX_DAG_OWNER='Amadou' AIRFLOW_CTX_DAG_ID='ingest_and_transform_velib' AIRFLOW_CTX_TASK_ID='dbt_run_task' AIRFLOW_CTX_EXECUTION_DATE='2026-07-14T21:52:51.261766+00:00' AIRFLOW_CTX_TRY_NUMBER='1' AIRFLOW_CTX_DAG_RUN_ID='manual__2026-07-14T21:52:51.261766+00:00'
[2026-07-14T21:52:57.876+0000] {taskinstance.py:430} INFO - ::endgroup::
[2026-07-14T21:52:58.320+0000] {subprocess.py:63} INFO - Tmp dir root location: /tmp
[2026-07-14T21:52:58.323+0000] {subprocess.py:75} INFO - Running command: ['/usr/bin/bash', '-c', '\n        python -m pip install dbt-postgres==1.9.1\n        cd /opt/***/dbt_mobility\n        dbt run --profiles-dir .\n        dbt test --profiles-dir .\n        ']
[2026-07-14T21:52:58.345+0000] {subprocess.py:86} INFO - Output:
[2026-07-14T21:53:00.488+0000] {subprocess.py:93} INFO - Requirement already satisfied: dbt-postgres==1.9.1 in /home/***/.local/lib/python3.11/site-packages (1.9.1)
[2026-07-14T21:53:00.500+0000] {subprocess.py:93} INFO - Requirement already satisfied: agate<2.0,>=1.0 in /home/***/.local/lib/python3.11/site-packages (from dbt-postgres==1.9.1) (1.9.1)
[2026-07-14T21:53:00.503+0000] {subprocess.py:93} INFO - Requirement already satisfied: dbt-adapters<2.0,>=1.7.0 in /home/***/.local/lib/python3.11/site-packages (from dbt-postgres==1.9.1) (1.24.4)
[2026-07-14T21:53:00.505+0000] {subprocess.py:93} INFO - Requirement already satisfied: dbt-common<2.0,>=1.0.4 in /home/***/.local/lib/python3.11/site-packages (from dbt-postgres==1.9.1) (1.38.0)
[2026-07-14T21:53:00.507+0000] {subprocess.py:93} INFO - Requirement already satisfied: dbt-core>=1.8.0 in /home/***/.local/lib/python3.11/site-packages (from dbt-postgres==1.9.1) (1.11.12)
[2026-07-14T21:53:00.510+0000] {subprocess.py:93} INFO - Requirement already satisfied: psycopg2-binary<3.0,>=2.9 in /home/***/.local/lib/python3.11/site-packages (from dbt-postgres==1.9.1) (2.9.9)
[2026-07-14T21:53:00.533+0000] {subprocess.py:93} INFO - Requirement already satisfied: Babel>=2.0 in /home/***/.local/lib/python3.11/site-packages (from agate<2.0,>=1.0->dbt-postgres==1.9.1) (2.14.0)
[2026-07-14T21:53:00.537+0000] {subprocess.py:93} INFO - Requirement already satisfied: isodate>=0.5.4 in /home/***/.local/lib/python3.11/site-packages (from agate<2.0,>=1.0->dbt-postgres==1.9.1) (0.6.1)
[2026-07-14T21:53:00.538+0000] {subprocess.py:93} INFO - Requirement already satisfied: leather>=0.3.2 in /home/***/.local/lib/python3.11/site-packages (from agate<2.0,>=1.0->dbt-postgres==1.9.1) (0.4.1)
[2026-07-14T21:53:00.540+0000] {subprocess.py:93} INFO - Requirement already satisfied: parsedatetime!=2.5,>=2.1 in /home/***/.local/lib/python3.11/site-packages (from agate<2.0,>=1.0->dbt-postgres==1.9.1) (2.6)
[2026-07-14T21:53:00.544+0000] {subprocess.py:93} INFO - Requirement already satisfied: python-slugify>=1.2.1 in /home/***/.local/lib/python3.11/site-packages (from agate<2.0,>=1.0->dbt-postgres==1.9.1) (8.0.4)
[2026-07-14T21:53:00.547+0000] {subprocess.py:93} INFO - Requirement already satisfied: pytimeparse>=1.1.5 in /home/***/.local/lib/python3.11/site-packages (from agate<2.0,>=1.0->dbt-postgres==1.9.1) (1.1.8)
[2026-07-14T21:53:00.564+0000] {subprocess.py:93} INFO - Requirement already satisfied: dbt-protos<2.0,>=1.0.291 in /home/***/.local/lib/python3.11/site-packages (from dbt-adapters<2.0,>=1.7.0->dbt-postgres==1.9.1) (1.0.541)
[2026-07-14T21:53:00.601+0000] {subprocess.py:93} INFO - Requirement already satisfied: mashumaro<3.18,>=3.9 in /home/***/.local/lib/python3.11/site-packages (from mashumaro[msgpack]<3.18,>=3.9->dbt-adapters<2.0,>=1.7.0->dbt-postgres==1.9.1) (3.14)
[2026-07-14T21:53:00.610+0000] {subprocess.py:93} INFO - Requirement already satisfied: protobuf<7.0,>=6.0 in /home/***/.local/lib/python3.11/site-packages (from dbt-adapters<2.0,>=1.7.0->dbt-postgres==1.9.1) (6.33.6)
[2026-07-14T21:53:00.613+0000] {subprocess.py:93} INFO - Requirement already satisfied: pytz>=2015.7 in /home/***/.local/lib/python3.11/site-packages (from dbt-adapters<2.0,>=1.7.0->dbt-postgres==1.9.1) (2024.1)
[2026-07-14T21:53:00.616+0000] {subprocess.py:93} INFO - Requirement already satisfied: typing-extensions<5.0,>=4.0 in /home/***/.local/lib/python3.11/site-packages (from dbt-adapters<2.0,>=1.7.0->dbt-postgres==1.9.1) (4.11.0)
[2026-07-14T21:53:00.671+0000] {subprocess.py:93} INFO - Requirement already satisfied: colorama<0.5,>=0.3.9 in /home/***/.local/lib/python3.11/site-packages (from dbt-common<2.0,>=1.0.4->dbt-postgres==1.9.1) (0.4.6)
[2026-07-14T21:53:00.676+0000] {subprocess.py:93} INFO - Requirement already satisfied: deepdiff<9.0,>=7.0 in /home/***/.local/lib/python3.11/site-packages (from dbt-common<2.0,>=1.0.4->dbt-postgres==1.9.1) (8.6.2)
[2026-07-14T21:53:00.679+0000] {subprocess.py:93} INFO - Requirement already satisfied: jinja2<4,>=3.1.3 in /home/***/.local/lib/python3.11/site-packages (from dbt-common<2.0,>=1.0.4->dbt-postgres==1.9.1) (3.1.6)
[2026-07-14T21:53:00.682+0000] {subprocess.py:93} INFO - Requirement already satisfied: jsonschema<5.0,>=4.0 in /home/***/.local/lib/python3.11/site-packages (from dbt-common<2.0,>=1.0.4->dbt-postgres==1.9.1) (4.22.0)
[2026-07-14T21:53:00.705+0000] {subprocess.py:93} INFO - Requirement already satisfied: pathspec<1.1,>=0.9 in /home/***/.local/lib/python3.11/site-packages (from dbt-common<2.0,>=1.0.4->dbt-postgres==1.9.1) (0.12.1)
[2026-07-14T21:53:00.710+0000] {subprocess.py:93} INFO - Requirement already satisfied: python-dateutil<3.0,>=2.0 in /home/***/.local/lib/python3.11/site-packages (from dbt-common<2.0,>=1.0.4->dbt-postgres==1.9.1) (2.9.0.post0)
[2026-07-14T21:53:00.718+0000] {subprocess.py:93} INFO - Requirement already satisfied: requests<3.0.0 in /home/***/.local/lib/python3.11/site-packages (from dbt-common<2.0,>=1.0.4->dbt-postgres==1.9.1) (2.31.0)
[2026-07-14T21:53:00.782+0000] {subprocess.py:93} INFO - Requirement already satisfied: click<9.0,>=8.3.0 in /home/***/.local/lib/python3.11/site-packages (from dbt-core>=1.8.0->dbt-postgres==1.9.1) (8.4.2)
[2026-07-14T21:53:00.790+0000] {subprocess.py:93} INFO - Requirement already satisfied: daff>=1.3.46 in /home/***/.local/lib/python3.11/site-packages (from dbt-core>=1.8.0->dbt-postgres==1.9.1) (1.4.2)
[2026-07-14T21:53:00.797+0000] {subprocess.py:93} INFO - Requirement already satisfied: dbt-extractor<=0.6,>=0.5.0 in /home/***/.local/lib/python3.11/site-packages (from dbt-core>=1.8.0->dbt-postgres==1.9.1) (0.6.0)
[2026-07-14T21:53:00.806+0000] {subprocess.py:93} INFO - Requirement already satisfied: dbt-semantic-interfaces<0.10,>=0.9.0 in /home/***/.local/lib/python3.11/site-packages (from dbt-core>=1.8.0->dbt-postgres==1.9.1) (0.9.0)
[2026-07-14T21:53:00.832+0000] {subprocess.py:93} INFO - Requirement already satisfied: networkx<4.0,>=2.3 in /home/***/.local/lib/python3.11/site-packages (from dbt-core>=1.8.0->dbt-postgres==1.9.1) (3.6.1)
[2026-07-14T21:53:00.836+0000] {subprocess.py:93} INFO - Requirement already satisfied: packaging>20.9 in /home/***/.local/lib/python3.11/site-packages (from dbt-core>=1.8.0->dbt-postgres==1.9.1) (24.0)
[2026-07-14T21:53:00.848+0000] {subprocess.py:93} INFO - Requirement already satisfied: pydantic<3 in /home/***/.local/lib/python3.11/site-packages (from dbt-core>=1.8.0->dbt-postgres==1.9.1) (2.7.1)
[2026-07-14T21:53:00.852+0000] {subprocess.py:93} INFO - Requirement already satisfied: pyyaml>=6.0 in /home/***/.local/lib/python3.11/site-packages (from dbt-core>=1.8.0->dbt-postgres==1.9.1) (6.0.1)
[2026-07-14T21:53:00.855+0000] {subprocess.py:93} INFO - Requirement already satisfied: snowplow-tracker<2.0,>=1.0.2 in /home/***/.local/lib/python3.11/site-packages (from dbt-core>=1.8.0->dbt-postgres==1.9.1) (1.1.0)
[2026-07-14T21:53:00.858+0000] {subprocess.py:93} INFO - Requirement already satisfied: sqlparse<0.6.0,>=0.5.5 in /home/***/.local/lib/python3.11/site-packages (from dbt-core>=1.8.0->dbt-postgres==1.9.1) (0.5.5)
[2026-07-14T21:53:00.931+0000] {subprocess.py:93} INFO - Requirement already satisfied: importlib-metadata<9,>=6.0 in /home/***/.local/lib/python3.11/site-packages (from dbt-semantic-interfaces<0.10,>=0.9.0->dbt-core>=1.8.0->dbt-postgres==1.9.1) (6.11.0)
[2026-07-14T21:53:00.941+0000] {subprocess.py:93} INFO - Requirement already satisfied: more-itertools<11.0,>=8.0 in /home/***/.local/lib/python3.11/site-packages (from dbt-semantic-interfaces<0.10,>=0.9.0->dbt-core>=1.8.0->dbt-postgres==1.9.1) (10.2.0)
[2026-07-14T21:53:01.022+0000] {subprocess.py:93} INFO - Requirement already satisfied: orderly-set<6,>=5.4.1 in /home/***/.local/lib/python3.11/site-packages (from deepdiff<9.0,>=7.0->dbt-common<2.0,>=1.0.4->dbt-postgres==1.9.1) (5.5.0)
[2026-07-14T21:53:01.034+0000] {subprocess.py:93} INFO - Requirement already satisfied: six in /home/***/.local/lib/python3.11/site-packages (from isodate>=0.5.4->agate<2.0,>=1.0->dbt-postgres==1.9.1) (1.16.0)
[2026-07-14T21:53:01.049+0000] {subprocess.py:93} INFO - Requirement already satisfied: MarkupSafe>=2.0 in /home/***/.local/lib/python3.11/site-packages (from jinja2<4,>=3.1.3->dbt-common<2.0,>=1.0.4->dbt-postgres==1.9.1) (2.1.5)
[2026-07-14T21:53:01.087+0000] {subprocess.py:93} INFO - Requirement already satisfied: attrs>=22.2.0 in /home/***/.local/lib/python3.11/site-packages (from jsonschema<5.0,>=4.0->dbt-common<2.0,>=1.0.4->dbt-postgres==1.9.1) (23.2.0)
[2026-07-14T21:53:01.090+0000] {subprocess.py:93} INFO - Requirement already satisfied: jsonschema-specifications>=2023.03.6 in /home/***/.local/lib/python3.11/site-packages (from jsonschema<5.0,>=4.0->dbt-common<2.0,>=1.0.4->dbt-postgres==1.9.1) (2023.12.1)
[2026-07-14T21:53:01.093+0000] {subprocess.py:93} INFO - Requirement already satisfied: referencing>=0.28.4 in /home/***/.local/lib/python3.11/site-packages (from jsonschema<5.0,>=4.0->dbt-common<2.0,>=1.0.4->dbt-postgres==1.9.1) (0.31.1)
[2026-07-14T21:53:01.096+0000] {subprocess.py:93} INFO - Requirement already satisfied: rpds-py>=0.7.1 in /home/***/.local/lib/python3.11/site-packages (from jsonschema<5.0,>=4.0->dbt-common<2.0,>=1.0.4->dbt-postgres==1.9.1) (0.18.0)
[2026-07-14T21:53:01.170+0000] {subprocess.py:93} INFO - Requirement already satisfied: msgpack>=0.5.6 in /home/***/.local/lib/python3.11/site-packages (from mashumaro[msgpack]<3.18,>=3.9->dbt-adapters<2.0,>=1.7.0->dbt-postgres==1.9.1) (1.2.1)
[2026-07-14T21:53:01.357+0000] {subprocess.py:93} INFO - Requirement already satisfied: annotated-types>=0.4.0 in /home/***/.local/lib/python3.11/site-packages (from pydantic<3->dbt-core>=1.8.0->dbt-postgres==1.9.1) (0.6.0)
[2026-07-14T21:53:01.360+0000] {subprocess.py:93} INFO - Requirement already satisfied: pydantic-core==2.18.2 in /home/***/.local/lib/python3.11/site-packages (from pydantic<3->dbt-core>=1.8.0->dbt-postgres==1.9.1) (2.18.2)
[2026-07-14T21:53:01.405+0000] {subprocess.py:93} INFO - Requirement already satisfied: text-unidecode>=1.3 in /home/***/.local/lib/python3.11/site-packages (from python-slugify>=1.2.1->agate<2.0,>=1.0->dbt-postgres==1.9.1) (1.3)
[2026-07-14T21:53:01.466+0000] {subprocess.py:93} INFO - Requirement already satisfied: charset-normalizer<4,>=2 in /home/***/.local/lib/python3.11/site-packages (from requests<3.0.0->dbt-common<2.0,>=1.0.4->dbt-postgres==1.9.1) (3.3.2)
[2026-07-14T21:53:01.469+0000] {subprocess.py:93} INFO - Requirement already satisfied: idna<4,>=2.5 in /home/***/.local/lib/python3.11/site-packages (from requests<3.0.0->dbt-common<2.0,>=1.0.4->dbt-postgres==1.9.1) (3.7)
[2026-07-14T21:53:01.472+0000] {subprocess.py:93} INFO - Requirement already satisfied: urllib3<3,>=1.21.1 in /home/***/.local/lib/python3.11/site-packages (from requests<3.0.0->dbt-common<2.0,>=1.0.4->dbt-postgres==1.9.1) (2.2.1)
[2026-07-14T21:53:01.475+0000] {subprocess.py:93} INFO - Requirement already satisfied: certifi>=2017.4.17 in /home/***/.local/lib/python3.11/site-packages (from requests<3.0.0->dbt-common<2.0,>=1.0.4->dbt-postgres==1.9.1) (2024.2.2)
[2026-07-14T21:53:01.660+0000] {subprocess.py:93} INFO - Requirement already satisfied: zipp>=0.5 in /home/***/.local/lib/python3.11/site-packages (from importlib-metadata<9,>=6.0->dbt-semantic-interfaces<0.10,>=0.9.0->dbt-core>=1.8.0->dbt-postgres==1.9.1) (3.18.1)
[2026-07-14T21:53:06.572+0000] {subprocess.py:93} INFO - 
[2026-07-14T21:53:06.574+0000] {subprocess.py:93} INFO - [notice] A new release of pip is available: 24.0 -> 26.1.2
[2026-07-14T21:53:06.575+0000] {subprocess.py:93} INFO - [notice] To update, run: pip3 install --upgrade pip
[2026-07-14T21:53:08.797+0000] {subprocess.py:93} INFO - [0m21:53:08  Running with dbt=1.11.12
[2026-07-14T21:53:09.316+0000] {subprocess.py:93} INFO - [0m21:53:09  Registered adapter: postgres=1.9.1
[2026-07-14T21:53:09.857+0000] {subprocess.py:93} INFO - [0m21:53:09  [[33mWARNING[0m]: Configuration paths exist in your dbt_project.yml file which do not apply to any resources.
[2026-07-14T21:53:09.858+0000] {subprocess.py:93} INFO - There are 1 unused configuration paths:
[2026-07-14T21:53:09.859+0000] {subprocess.py:93} INFO - - models.dbt_mobility.example
[2026-07-14T21:53:10.277+0000] {subprocess.py:93} INFO - [0m21:53:10  Found 2 models, 7 data tests, 1 source, 474 macros
[2026-07-14T21:53:10.284+0000] {subprocess.py:93} INFO - [0m21:53:10
[2026-07-14T21:53:10.286+0000] {subprocess.py:93} INFO - [0m21:53:10  Concurrency: 4 threads (target='prod')
[2026-07-14T21:53:10.288+0000] {subprocess.py:93} INFO - [0m21:53:10
[2026-07-14T21:53:10.533+0000] {subprocess.py:93} INFO - [0m21:53:10  1 of 2 START sql view model schema_analytics.stg_velib_stations ................ [RUN]
[2026-07-14T21:53:10.802+0000] {subprocess.py:93} INFO - [0m21:53:10  1 of 2 OK created sql view model schema_analytics.stg_velib_stations ........... [[32mCREATE VIEW[0m in 0.26s]
[2026-07-14T21:53:10.811+0000] {subprocess.py:93} INFO - [0m21:53:10  2 of 2 START sql table model schema_analytics.fct_velib_status ................. [RUN]
[2026-07-14T21:53:10.931+0000] {subprocess.py:93} INFO - [0m21:53:10  2 of 2 ERROR creating sql table model schema_analytics.fct_velib_status ........ [[31mERROR[0m in 0.12s]
[2026-07-14T21:53:10.981+0000] {subprocess.py:93} INFO - [0m21:53:10
[2026-07-14T21:53:10.983+0000] {subprocess.py:93} INFO - [0m21:53:10  Finished running 1 table model, 1 view model in 0 hours 0 minutes and 0.69 seconds (0.69s).
[2026-07-14T21:53:11.117+0000] {subprocess.py:93} INFO - [0m21:53:11
[2026-07-14T21:53:11.120+0000] {subprocess.py:93} INFO - [0m21:53:11  [31mCompleted with 1 error, 0 partial successes, and 0 warnings:[0m
[2026-07-14T21:53:11.122+0000] {subprocess.py:93} INFO - [0m21:53:11
[2026-07-14T21:53:11.125+0000] {subprocess.py:93} INFO - [0m21:53:11  [31mFailure in model fct_velib_status (models/marts/fct_velib_status.sql)[0m
[2026-07-14T21:53:11.127+0000] {subprocess.py:93} INFO - [0m21:53:11    Database Error in model fct_velib_status (models/marts/fct_velib_status.sql)
[2026-07-14T21:53:11.128+0000] {subprocess.py:93} INFO -   column "is_active" does not exist
[2026-07-14T21:53:11.130+0000] {subprocess.py:93} INFO -   LINE 25:         is_active,
[2026-07-14T21:53:11.131+0000] {subprocess.py:93} INFO -                    ^
[2026-07-14T21:53:11.132+0000] {subprocess.py:93} INFO -   compiled code at target/run/dbt_mobility/models/marts/fct_velib_status.sql
[2026-07-14T21:53:11.133+0000] {subprocess.py:93} INFO - [0m21:53:11
[2026-07-14T21:53:11.134+0000] {subprocess.py:93} INFO - [0m21:53:11    compiled code at target/compiled/dbt_mobility/models/marts/fct_velib_status.sql
[2026-07-14T21:53:11.136+0000] {subprocess.py:93} INFO - [0m21:53:11
[2026-07-14T21:53:11.138+0000] {subprocess.py:93} INFO - [0m21:53:11  Done. PASS=1 WARN=0 ERROR=1 SKIP=0 NO-OP=0 TOTAL=2
[2026-07-14T21:53:14.522+0000] {subprocess.py:93} INFO - [0m21:53:14  Running with dbt=1.11.12
[2026-07-14T21:53:15.115+0000] {subprocess.py:93} INFO - [0m21:53:15  Registered adapter: postgres=1.9.1
[2026-07-14T21:53:15.602+0000] {subprocess.py:93} INFO - [0m21:53:15  [[33mWARNING[0m]: Configuration paths exist in your dbt_project.yml file which do not apply to any resources.
[2026-07-14T21:53:15.603+0000] {subprocess.py:93} INFO - There are 1 unused configuration paths:
[2026-07-14T21:53:15.604+0000] {subprocess.py:93} INFO - - models.dbt_mobility.example
[2026-07-14T21:53:16.078+0000] {subprocess.py:93} INFO - [0m21:53:16  Found 2 models, 7 data tests, 1 source, 474 macros
[2026-07-14T21:53:16.087+0000] {subprocess.py:93} INFO - [0m21:53:16
[2026-07-14T21:53:16.090+0000] {subprocess.py:93} INFO - [0m21:53:16  Concurrency: 4 threads (target='prod')
[2026-07-14T21:53:16.093+0000] {subprocess.py:93} INFO - [0m21:53:16
[2026-07-14T21:53:16.303+0000] {subprocess.py:93} INFO - [0m21:53:16  1 of 7 START test accepted_values_fct_velib_status_station_status__Normal__Presque_pleine__Presque_vide__Vide__Hors_service  [RUN]
[2026-07-14T21:53:16.306+0000] {subprocess.py:93} INFO - [0m21:53:16  2 of 7 START test assert_bikes_available_under_total_capacity .................. [RUN]
[2026-07-14T21:53:16.308+0000] {subprocess.py:93} INFO - [0m21:53:16  3 of 7 START test not_null_fct_velib_status_station_id ......................... [RUN]
[2026-07-14T21:53:16.310+0000] {subprocess.py:93} INFO - [0m21:53:16  4 of 7 START test not_null_fct_velib_status_station_name ....................... [RUN]
[2026-07-14T21:53:16.625+0000] {subprocess.py:93} INFO - [0m21:53:16  2 of 7 PASS assert_bikes_available_under_total_capacity ........................ [[32mPASS[0m in 0.31s]
[2026-07-14T21:53:16.639+0000] {subprocess.py:93} INFO - [0m21:53:16  1 of 7 PASS accepted_values_fct_velib_status_station_status__Normal__Presque_pleine__Presque_vide__Vide__Hors_service  [[32mPASS[0m in 0.33s]
[2026-07-14T21:53:16.642+0000] {subprocess.py:93} INFO - [0m21:53:16  4 of 7 PASS not_null_fct_velib_status_station_name ............................. [[32mPASS[0m in 0.32s]
[2026-07-14T21:53:16.645+0000] {subprocess.py:93} INFO - [0m21:53:16  3 of 7 PASS not_null_fct_velib_status_station_id ............................... [[32mPASS[0m in 0.33s]
[2026-07-14T21:53:16.656+0000] {subprocess.py:93} INFO - [0m21:53:16  5 of 7 START test not_null_fct_velib_status_station_status ..................... [RUN]
[2026-07-14T21:53:16.667+0000] {subprocess.py:93} INFO - [0m21:53:16  6 of 7 START test not_null_fct_velib_status_total_capacity ..................... [RUN]
[2026-07-14T21:53:16.669+0000] {subprocess.py:93} INFO - [0m21:53:16  7 of 7 START test unique_fct_velib_status_station_id ........................... [RUN]
[2026-07-14T21:53:16.331+0000] {subprocess.py:93} INFO - [0m21:53:16  6 of 7 PASS not_null_fct_velib_status_total_capacity ........................... [[32mPASS[0m in -0.34s]
[2026-07-14T21:53:16.342+0000] {subprocess.py:93} INFO - [0m21:53:16  7 of 7 PASS unique_fct_velib_status_station_id ................................. [[32mPASS[0m in -0.33s]
[2026-07-14T21:53:16.346+0000] {subprocess.py:93} INFO - [0m21:53:16  5 of 7 PASS not_null_fct_velib_status_station_status ........................... [[32mPASS[0m in -0.32s]
[2026-07-14T21:53:16.407+0000] {subprocess.py:93} INFO - [0m21:53:16
[2026-07-14T21:53:16.409+0000] {subprocess.py:93} INFO - [0m21:53:16  Finished running 7 data tests in 0 hours 0 minutes and 0.31 seconds (0.31s).
[2026-07-14T21:53:16.555+0000] {subprocess.py:93} INFO - [0m21:53:16
[2026-07-14T21:53:16.557+0000] {subprocess.py:93} INFO - [0m21:53:16  [32mCompleted successfully[0m
[2026-07-14T21:53:16.559+0000] {subprocess.py:93} INFO - [0m21:53:16
[2026-07-14T21:53:16.562+0000] {subprocess.py:93} INFO - [0m21:53:16  Done. PASS=7 WARN=0 ERROR=0 SKIP=0 NO-OP=0 TOTAL=7
[2026-07-14T21:53:17.453+0000] {subprocess.py:97} INFO - Command exited with return code 0
[2026-07-14T21:53:17.455+0000] {taskinstance.py:441} INFO - ::group::Post task execution logs
[2026-07-14T21:53:17.517+0000] {taskinstance.py:1206} INFO - Marking task as SUCCESS. dag_id=ingest_and_transform_velib, task_id=dbt_run_task, run_id=manual__2026-07-14T21:52:51.261766+00:00, execution_date=20260714T215251, start_date=20260714T215257, end_date=20260714T215317
[2026-07-14T21:53:17.573+0000] {local_task_job_runner.py:240} INFO - Task exited with return code 0
[2026-07-14T21:53:17.606+0000] {taskinstance.py:3498} INFO - 0 downstream tasks scheduled from follow-on schedule check
[2026-07-14T21:53:17.625+0000] {local_task_job_runner.py:222} INFO - ::endgroup::
