[2026-07-13T20:39:08.609+0000] {local_task_job_runner.py:120} INFO - ::group::Pre task execution logs
[2026-07-13T20:39:08.634+0000] {taskinstance.py:2076} INFO - Dependencies all met for dep_context=non-requeueable deps ti=<TaskInstance: ingest_and_transform_velib.dbt_run_task manual__2026-07-13T20:39:07.000331+00:00 [queued]>
[2026-07-13T20:39:08.640+0000] {taskinstance.py:2076} INFO - Dependencies all met for dep_context=requeueable deps ti=<TaskInstance: ingest_and_transform_velib.dbt_run_task manual__2026-07-13T20:39:07.000331+00:00 [queued]>
[2026-07-13T20:39:08.640+0000] {taskinstance.py:2306} INFO - Starting attempt 1 of 2
[2026-07-13T20:39:08.650+0000] {taskinstance.py:2330} INFO - Executing <Task(BashOperator): dbt_run_task> on 2026-07-13 20:39:07.000331+00:00
[2026-07-13T20:39:08.652+0000] {standard_task_runner.py:63} INFO - Started process 388 to run task
[2026-07-13T20:39:08.654+0000] {standard_task_runner.py:90} INFO - Running: ['***', 'tasks', 'run', 'ingest_and_transform_velib', 'dbt_run_task', 'manual__2026-07-13T20:39:07.000331+00:00', '--job-id', '30', '--raw', '--subdir', 'DAGS_FOLDER/ingest_velib_status.py', '--cfg-path', '/tmp/tmp_suq6csb']
[2026-07-13T20:39:08.656+0000] {standard_task_runner.py:91} INFO - Job 30: Subtask dbt_run_task
[2026-07-13T20:39:08.701+0000] {task_command.py:426} INFO - Running <TaskInstance: ingest_and_transform_velib.dbt_run_task manual__2026-07-13T20:39:07.000331+00:00 [running]> on host 17cabc20fcf6
[2026-07-13T20:39:08.774+0000] {taskinstance.py:2648} INFO - Exporting env vars: AIRFLOW_CTX_DAG_OWNER='Amadou' AIRFLOW_CTX_DAG_ID='ingest_and_transform_velib' AIRFLOW_CTX_TASK_ID='dbt_run_task' AIRFLOW_CTX_EXECUTION_DATE='2026-07-13T20:39:07.000331+00:00' AIRFLOW_CTX_TRY_NUMBER='1' AIRFLOW_CTX_DAG_RUN_ID='manual__2026-07-13T20:39:07.000331+00:00'
[2026-07-13T20:39:08.776+0000] {taskinstance.py:430} INFO - ::endgroup::
[2026-07-13T20:39:08.783+0000] {subprocess.py:63} INFO - Tmp dir root location: /tmp
[2026-07-13T20:39:08.784+0000] {subprocess.py:75} INFO - Running command: ['/usr/bin/bash', '-c', '\n        export PIP_ROOT_USER_ACTION=ignore\n        pip install dbt-postgres==1.9.1\n        cd /opt/***/dbt_mobility\n        dbt run --profiles-dir .\n        ']
[2026-07-13T20:39:08.790+0000] {subprocess.py:86} INFO - Output:
[2026-07-13T20:39:08.794+0000] {subprocess.py:93} INFO - 
[2026-07-13T20:39:08.794+0000] {subprocess.py:93} INFO - [31mYou are running pip as root. Please use '***' user to run pip![0m
[2026-07-13T20:39:08.794+0000] {subprocess.py:93} INFO - 
[2026-07-13T20:39:08.795+0000] {subprocess.py:93} INFO - [33mSee: https://***.apache.org/docs/docker-stack/build.html#adding-a-new-pypi-package[0m
[2026-07-13T20:39:08.795+0000] {subprocess.py:93} INFO - 
[2026-07-13T20:39:08.795+0000] {subprocess.py:93} INFO - /usr/bin/bash: line 5: dbt: command not found
[2026-07-13T20:39:08.795+0000] {subprocess.py:97} INFO - Command exited with return code 127
[2026-07-13T20:39:08.796+0000] {taskinstance.py:441} INFO - ::group::Post task execution logs
[2026-07-13T20:39:08.810+0000] {taskinstance.py:2905} ERROR - Task failed with exception
Traceback (most recent call last):
  File "/home/airflow/.local/lib/python3.11/site-packages/airflow/models/taskinstance.py", line 465, in _execute_task
    result = _execute_callable(context=context, **execute_callable_kwargs)
             ^^^^^^^^^^^^^^^^^^^^^^^^^^^^^^^^^^^^^^^^^^^^^^^^^^^^^^^^^^^^^
  File "/home/airflow/.local/lib/python3.11/site-packages/airflow/models/taskinstance.py", line 432, in _execute_callable
    return execute_callable(context=context, **execute_callable_kwargs)
           ^^^^^^^^^^^^^^^^^^^^^^^^^^^^^^^^^^^^^^^^^^^^^^^^^^^^^^^^^^^^
  File "/home/airflow/.local/lib/python3.11/site-packages/airflow/models/baseoperator.py", line 400, in wrapper
    return func(self, *args, **kwargs)
           ^^^^^^^^^^^^^^^^^^^^^^^^^^^
  File "/home/airflow/.local/lib/python3.11/site-packages/airflow/operators/bash.py", line 243, in execute
    raise AirflowException(
airflow.exceptions.AirflowException: Bash command failed. The command returned a non-zero exit code 127.
[2026-07-13T20:39:08.813+0000] {taskinstance.py:1206} INFO - Marking task as UP_FOR_RETRY. dag_id=ingest_and_transform_velib, task_id=dbt_run_task, run_id=manual__2026-07-13T20:39:07.000331+00:00, execution_date=20260713T203907, start_date=20260713T203908, end_date=20260713T203908
[2026-07-13T20:39:08.917+0000] {standard_task_runner.py:110} ERROR - Failed to execute job 30 for task dbt_run_task (Bash command failed. The command returned a non-zero exit code 127.; 388)
[2026-07-13T20:39:08.967+0000] {local_task_job_runner.py:240} INFO - Task exited with return code 1
[2026-07-13T20:39:08.985+0000] {taskinstance.py:3498} INFO - 0 downstream tasks scheduled from follow-on schedule check
[2026-07-13T20:39:08.987+0000] {local_task_job_runner.py:222} INFO - ::endgroup::
