[2026-07-14T22:00:05.061+0000] {local_task_job_runner.py:120} INFO - ::group::Pre task execution logs
[2026-07-14T22:00:05.201+0000] {taskinstance.py:2076} INFO - Dependencies all met for dep_context=non-requeueable deps ti=<TaskInstance: ingest_and_transform_velib.dbt_run_task scheduled__2026-07-14T21:00:00+00:00 [queued]>
[2026-07-14T22:00:05.230+0000] {taskinstance.py:2076} INFO - Dependencies all met for dep_context=requeueable deps ti=<TaskInstance: ingest_and_transform_velib.dbt_run_task scheduled__2026-07-14T21:00:00+00:00 [queued]>
[2026-07-14T22:00:05.232+0000] {taskinstance.py:2306} INFO - Starting attempt 1 of 2
[2026-07-14T22:00:05.275+0000] {taskinstance.py:2330} INFO - Executing <Task(BashOperator): dbt_run_task> on 2026-07-14 21:00:00+00:00
[2026-07-14T22:00:05.296+0000] {standard_task_runner.py:63} INFO - Started process 4204 to run task
[2026-07-14T22:00:05.301+0000] {standard_task_runner.py:90} INFO - Running: ['***', 'tasks', 'run', 'ingest_and_transform_velib', 'dbt_run_task', 'scheduled__2026-07-14T21:00:00+00:00', '--job-id', '26', '--raw', '--subdir', 'DAGS_FOLDER/ingest_velib_status.py', '--cfg-path', '/tmp/tmptqqkpbvj']
[2026-07-14T22:00:05.316+0000] {standard_task_runner.py:91} INFO - Job 26: Subtask dbt_run_task
[2026-07-14T22:00:05.564+0000] {task_command.py:426} INFO - Running <TaskInstance: ingest_and_transform_velib.dbt_run_task scheduled__2026-07-14T21:00:00+00:00 [running]> on host 34cfa9410581
[2026-07-14T22:00:05.919+0000] {taskinstance.py:2648} INFO - Exporting env vars: AIRFLOW_CTX_DAG_OWNER='Amadou' AIRFLOW_CTX_DAG_ID='ingest_and_transform_velib' AIRFLOW_CTX_TASK_ID='dbt_run_task' AIRFLOW_CTX_EXECUTION_DATE='2026-07-14T21:00:00+00:00' AIRFLOW_CTX_TRY_NUMBER='1' AIRFLOW_CTX_DAG_RUN_ID='scheduled__2026-07-14T21:00:00+00:00'
[2026-07-14T22:00:05.927+0000] {taskinstance.py:430} INFO - ::endgroup::
[2026-07-14T22:00:06.334+0000] {subprocess.py:63} INFO - Tmp dir root location: /tmp
[2026-07-14T22:00:06.379+0000] {subprocess.py:75} INFO - Running command: ['/usr/bin/bash', '-c', '\n        python -m pip install dbt-postgres==1.9.1\n        cd /opt/***/dbt_mobility\n        dbt run --profiles-dir .\n        dbt test --profiles-dir .\n        ']
[2026-07-14T22:00:06.424+0000] {subprocess.py:86} INFO - Output:
[2026-07-14T22:00:07.427+0000] {subprocess.py:93} INFO - Requirement already satisfied: dbt-postgres==1.9.1 in /home/***/.local/lib/python3.11/site-packages (1.9.1)
[2026-07-14T22:00:07.435+0000] {subprocess.py:93} INFO - Requirement already satisfied: agate<2.0,>=1.0 in /home/***/.local/lib/python3.11/site-packages (from dbt-postgres==1.9.1) (1.9.1)
[2026-07-14T22:00:07.438+0000] {subprocess.py:93} INFO - Requirement already satisfied: dbt-adapters<2.0,>=1.7.0 in /home/***/.local/lib/python3.11/site-packages (from dbt-postgres==1.9.1) (1.24.4)
[2026-07-14T22:00:07.442+0000] {subprocess.py:93} INFO - Requirement already satisfied: dbt-common<2.0,>=1.0.4 in /home/***/.local/lib/python3.11/site-packages (from dbt-postgres==1.9.1) (1.38.0)
[2026-07-14T22:00:07.444+0000] {subprocess.py:93} INFO - Requirement already satisfied: dbt-core>=1.8.0 in /home/***/.local/lib/python3.11/site-packages (from dbt-postgres==1.9.1) (1.11.12)
[2026-07-14T22:00:07.448+0000] {subprocess.py:93} INFO - Requirement already satisfied: psycopg2-binary<3.0,>=2.9 in /home/***/.local/lib/python3.11/site-packages (from dbt-postgres==1.9.1) (2.9.9)
[2026-07-14T22:00:07.473+0000] {subprocess.py:93} INFO - Requirement already satisfied: Babel>=2.0 in /home/***/.local/lib/python3.11/site-packages (from agate<2.0,>=1.0->dbt-postgres==1.9.1) (2.14.0)
[2026-07-14T22:00:07.478+0000] {subprocess.py:93} INFO - Requirement already satisfied: isodate>=0.5.4 in /home/***/.local/lib/python3.11/site-packages (from agate<2.0,>=1.0->dbt-postgres==1.9.1) (0.6.1)
[2026-07-14T22:00:07.480+0000] {subprocess.py:93} INFO - Requirement already satisfied: leather>=0.3.2 in /home/***/.local/lib/python3.11/site-packages (from agate<2.0,>=1.0->dbt-postgres==1.9.1) (0.4.1)
[2026-07-14T22:00:07.483+0000] {subprocess.py:93} INFO - Requirement already satisfied: parsedatetime!=2.5,>=2.1 in /home/***/.local/lib/python3.11/site-packages (from agate<2.0,>=1.0->dbt-postgres==1.9.1) (2.6)
[2026-07-14T22:00:07.486+0000] {subprocess.py:93} INFO - Requirement already satisfied: python-slugify>=1.2.1 in /home/***/.local/lib/python3.11/site-packages (from agate<2.0,>=1.0->dbt-postgres==1.9.1) (8.0.4)
[2026-07-14T22:00:07.489+0000] {subprocess.py:93} INFO - Requirement already satisfied: pytimeparse>=1.1.5 in /home/***/.local/lib/python3.11/site-packages (from agate<2.0,>=1.0->dbt-postgres==1.9.1) (1.1.8)
[2026-07-14T22:00:07.507+0000] {subprocess.py:93} INFO - Requirement already satisfied: dbt-protos<2.0,>=1.0.291 in /home/***/.local/lib/python3.11/site-packages (from dbt-adapters<2.0,>=1.7.0->dbt-postgres==1.9.1) (1.0.541)
[2026-07-14T22:00:07.519+0000] {subprocess.py:93} INFO - Requirement already satisfied: mashumaro<3.18,>=3.9 in /home/***/.local/lib/python3.11/site-packages (from mashumaro[msgpack]<3.18,>=3.9->dbt-adapters<2.0,>=1.7.0->dbt-postgres==1.9.1) (3.14)
[2026-07-14T22:00:07.526+0000] {subprocess.py:93} INFO - Requirement already satisfied: protobuf<7.0,>=6.0 in /home/***/.local/lib/python3.11/site-packages (from dbt-adapters<2.0,>=1.7.0->dbt-postgres==1.9.1) (6.33.6)
[2026-07-14T22:00:07.530+0000] {subprocess.py:93} INFO - Requirement already satisfied: pytz>=2015.7 in /home/***/.local/lib/python3.11/site-packages (from dbt-adapters<2.0,>=1.7.0->dbt-postgres==1.9.1) (2024.1)
[2026-07-14T22:00:07.533+0000] {subprocess.py:93} INFO - Requirement already satisfied: typing-extensions<5.0,>=4.0 in /home/***/.local/lib/python3.11/site-packages (from dbt-adapters<2.0,>=1.7.0->dbt-postgres==1.9.1) (4.11.0)
[2026-07-14T22:00:07.599+0000] {subprocess.py:93} INFO - Requirement already satisfied: colorama<0.5,>=0.3.9 in /home/***/.local/lib/python3.11/site-packages (from dbt-common<2.0,>=1.0.4->dbt-postgres==1.9.1) (0.4.6)
[2026-07-14T22:00:07.607+0000] {subprocess.py:93} INFO - Requirement already satisfied: deepdiff<9.0,>=7.0 in /home/***/.local/lib/python3.11/site-packages (from dbt-common<2.0,>=1.0.4->dbt-postgres==1.9.1) (8.6.2)
[2026-07-14T22:00:07.612+0000] {subprocess.py:93} INFO - Requirement already satisfied: jinja2<4,>=3.1.3 in /home/***/.local/lib/python3.11/site-packages (from dbt-common<2.0,>=1.0.4->dbt-postgres==1.9.1) (3.1.6)
[2026-07-14T22:00:07.615+0000] {subprocess.py:93} INFO - Requirement already satisfied: jsonschema<5.0,>=4.0 in /home/***/.local/lib/python3.11/site-packages (from dbt-common<2.0,>=1.0.4->dbt-postgres==1.9.1) (4.22.0)
[2026-07-14T22:00:07.639+0000] {subprocess.py:93} INFO - Requirement already satisfied: pathspec<1.1,>=0.9 in /home/***/.local/lib/python3.11/site-packages (from dbt-common<2.0,>=1.0.4->dbt-postgres==1.9.1) (0.12.1)
[2026-07-14T22:00:07.644+0000] {subprocess.py:93} INFO - Requirement already satisfied: python-dateutil<3.0,>=2.0 in /home/***/.local/lib/python3.11/site-packages (from dbt-common<2.0,>=1.0.4->dbt-postgres==1.9.1) (2.9.0.post0)
[2026-07-14T22:00:07.648+0000] {subprocess.py:93} INFO - Requirement already satisfied: requests<3.0.0 in /home/***/.local/lib/python3.11/site-packages (from dbt-common<2.0,>=1.0.4->dbt-postgres==1.9.1) (2.31.0)
[2026-07-14T22:00:07.683+0000] {subprocess.py:93} INFO - Requirement already satisfied: click<9.0,>=8.3.0 in /home/***/.local/lib/python3.11/site-packages (from dbt-core>=1.8.0->dbt-postgres==1.9.1) (8.4.2)
[2026-07-14T22:00:07.686+0000] {subprocess.py:93} INFO - Requirement already satisfied: daff>=1.3.46 in /home/***/.local/lib/python3.11/site-packages (from dbt-core>=1.8.0->dbt-postgres==1.9.1) (1.4.2)
[2026-07-14T22:00:07.689+0000] {subprocess.py:93} INFO - Requirement already satisfied: dbt-extractor<=0.6,>=0.5.0 in /home/***/.local/lib/python3.11/site-packages (from dbt-core>=1.8.0->dbt-postgres==1.9.1) (0.6.0)
[2026-07-14T22:00:07.692+0000] {subprocess.py:93} INFO - Requirement already satisfied: dbt-semantic-interfaces<0.10,>=0.9.0 in /home/***/.local/lib/python3.11/site-packages (from dbt-core>=1.8.0->dbt-postgres==1.9.1) (0.9.0)
[2026-07-14T22:00:07.707+0000] {subprocess.py:93} INFO - Requirement already satisfied: networkx<4.0,>=2.3 in /home/***/.local/lib/python3.11/site-packages (from dbt-core>=1.8.0->dbt-postgres==1.9.1) (3.6.1)
[2026-07-14T22:00:07.710+0000] {subprocess.py:93} INFO - Requirement already satisfied: packaging>20.9 in /home/***/.local/lib/python3.11/site-packages (from dbt-core>=1.8.0->dbt-postgres==1.9.1) (24.0)
[2026-07-14T22:00:07.721+0000] {subprocess.py:93} INFO - Requirement already satisfied: pydantic<3 in /home/***/.local/lib/python3.11/site-packages (from dbt-core>=1.8.0->dbt-postgres==1.9.1) (2.7.1)
[2026-07-14T22:00:07.724+0000] {subprocess.py:93} INFO - Requirement already satisfied: pyyaml>=6.0 in /home/***/.local/lib/python3.11/site-packages (from dbt-core>=1.8.0->dbt-postgres==1.9.1) (6.0.1)
[2026-07-14T22:00:07.728+0000] {subprocess.py:93} INFO - Requirement already satisfied: snowplow-tracker<2.0,>=1.0.2 in /home/***/.local/lib/python3.11/site-packages (from dbt-core>=1.8.0->dbt-postgres==1.9.1) (1.1.0)
[2026-07-14T22:00:07.730+0000] {subprocess.py:93} INFO - Requirement already satisfied: sqlparse<0.6.0,>=0.5.5 in /home/***/.local/lib/python3.11/site-packages (from dbt-core>=1.8.0->dbt-postgres==1.9.1) (0.5.5)
[2026-07-14T22:00:07.791+0000] {subprocess.py:93} INFO - Requirement already satisfied: importlib-metadata<9,>=6.0 in /home/***/.local/lib/python3.11/site-packages (from dbt-semantic-interfaces<0.10,>=0.9.0->dbt-core>=1.8.0->dbt-postgres==1.9.1) (6.11.0)
[2026-07-14T22:00:07.804+0000] {subprocess.py:93} INFO - Requirement already satisfied: more-itertools<11.0,>=8.0 in /home/***/.local/lib/python3.11/site-packages (from dbt-semantic-interfaces<0.10,>=0.9.0->dbt-core>=1.8.0->dbt-postgres==1.9.1) (10.2.0)
[2026-07-14T22:00:07.873+0000] {subprocess.py:93} INFO - Requirement already satisfied: orderly-set<6,>=5.4.1 in /home/***/.local/lib/python3.11/site-packages (from deepdiff<9.0,>=7.0->dbt-common<2.0,>=1.0.4->dbt-postgres==1.9.1) (5.5.0)
[2026-07-14T22:00:07.881+0000] {subprocess.py:93} INFO - Requirement already satisfied: six in /home/***/.local/lib/python3.11/site-packages (from isodate>=0.5.4->agate<2.0,>=1.0->dbt-postgres==1.9.1) (1.16.0)
[2026-07-14T22:00:07.890+0000] {subprocess.py:93} INFO - Requirement already satisfied: MarkupSafe>=2.0 in /home/***/.local/lib/python3.11/site-packages (from jinja2<4,>=3.1.3->dbt-common<2.0,>=1.0.4->dbt-postgres==1.9.1) (2.1.5)
[2026-07-14T22:00:07.921+0000] {subprocess.py:93} INFO - Requirement already satisfied: attrs>=22.2.0 in /home/***/.local/lib/python3.11/site-packages (from jsonschema<5.0,>=4.0->dbt-common<2.0,>=1.0.4->dbt-postgres==1.9.1) (23.2.0)
[2026-07-14T22:00:07.923+0000] {subprocess.py:93} INFO - Requirement already satisfied: jsonschema-specifications>=2023.03.6 in /home/***/.local/lib/python3.11/site-packages (from jsonschema<5.0,>=4.0->dbt-common<2.0,>=1.0.4->dbt-postgres==1.9.1) (2023.12.1)
[2026-07-14T22:00:07.925+0000] {subprocess.py:93} INFO - Requirement already satisfied: referencing>=0.28.4 in /home/***/.local/lib/python3.11/site-packages (from jsonschema<5.0,>=4.0->dbt-common<2.0,>=1.0.4->dbt-postgres==1.9.1) (0.31.1)
[2026-07-14T22:00:07.927+0000] {subprocess.py:93} INFO - Requirement already satisfied: rpds-py>=0.7.1 in /home/***/.local/lib/python3.11/site-packages (from jsonschema<5.0,>=4.0->dbt-common<2.0,>=1.0.4->dbt-postgres==1.9.1) (0.18.0)
[2026-07-14T22:00:07.983+0000] {subprocess.py:93} INFO - Requirement already satisfied: msgpack>=0.5.6 in /home/***/.local/lib/python3.11/site-packages (from mashumaro[msgpack]<3.18,>=3.9->dbt-adapters<2.0,>=1.7.0->dbt-postgres==1.9.1) (1.2.1)
[2026-07-14T22:00:08.083+0000] {subprocess.py:93} INFO - Requirement already satisfied: annotated-types>=0.4.0 in /home/***/.local/lib/python3.11/site-packages (from pydantic<3->dbt-core>=1.8.0->dbt-postgres==1.9.1) (0.6.0)
[2026-07-14T22:00:08.089+0000] {subprocess.py:93} INFO - Requirement already satisfied: pydantic-core==2.18.2 in /home/***/.local/lib/python3.11/site-packages (from pydantic<3->dbt-core>=1.8.0->dbt-postgres==1.9.1) (2.18.2)
[2026-07-14T22:00:08.121+0000] {subprocess.py:93} INFO - Requirement already satisfied: text-unidecode>=1.3 in /home/***/.local/lib/python3.11/site-packages (from python-slugify>=1.2.1->agate<2.0,>=1.0->dbt-postgres==1.9.1) (1.3)
[2026-07-14T22:00:08.163+0000] {subprocess.py:93} INFO - Requirement already satisfied: charset-normalizer<4,>=2 in /home/***/.local/lib/python3.11/site-packages (from requests<3.0.0->dbt-common<2.0,>=1.0.4->dbt-postgres==1.9.1) (3.3.2)
[2026-07-14T22:00:08.165+0000] {subprocess.py:93} INFO - Requirement already satisfied: idna<4,>=2.5 in /home/***/.local/lib/python3.11/site-packages (from requests<3.0.0->dbt-common<2.0,>=1.0.4->dbt-postgres==1.9.1) (3.7)
[2026-07-14T22:00:08.168+0000] {subprocess.py:93} INFO - Requirement already satisfied: urllib3<3,>=1.21.1 in /home/***/.local/lib/python3.11/site-packages (from requests<3.0.0->dbt-common<2.0,>=1.0.4->dbt-postgres==1.9.1) (2.2.1)
[2026-07-14T22:00:08.170+0000] {subprocess.py:93} INFO - Requirement already satisfied: certifi>=2017.4.17 in /home/***/.local/lib/python3.11/site-packages (from requests<3.0.0->dbt-common<2.0,>=1.0.4->dbt-postgres==1.9.1) (2024.2.2)
[2026-07-14T22:00:08.309+0000] {subprocess.py:93} INFO - Requirement already satisfied: zipp>=0.5 in /home/***/.local/lib/python3.11/site-packages (from importlib-metadata<9,>=6.0->dbt-semantic-interfaces<0.10,>=0.9.0->dbt-core>=1.8.0->dbt-postgres==1.9.1) (3.18.1)
[2026-07-14T22:00:12.162+0000] {subprocess.py:93} INFO - 
[2026-07-14T22:00:12.163+0000] {subprocess.py:93} INFO - [notice] A new release of pip is available: 24.0 -> 26.1.2
[2026-07-14T22:00:12.164+0000] {subprocess.py:93} INFO - [notice] To update, run: pip3 install --upgrade pip
[2026-07-14T22:00:15.046+0000] {subprocess.py:93} INFO - [0m22:00:15  Running with dbt=1.11.12
[2026-07-14T22:00:15.566+0000] {subprocess.py:93} INFO - [0m22:00:15  Registered adapter: postgres=1.9.1
[2026-07-14T22:00:16.936+0000] {subprocess.py:93} INFO - [0m22:00:16  [[33mWARNING[0m][MissingArgumentsPropertyInGenericTestDeprecation]: Deprecated
[2026-07-14T22:00:16.937+0000] {subprocess.py:93} INFO - functionality
[2026-07-14T22:00:16.939+0000] {subprocess.py:93} INFO - Found top-level arguments to test `accepted_values` defined on
[2026-07-14T22:00:16.941+0000] {subprocess.py:93} INFO - 'fct_velib_status' in package 'dbt_mobility' (models/marts/schema.yml).
[2026-07-14T22:00:16.942+0000] {subprocess.py:93} INFO - Arguments to generic tests should be nested under the `arguments` property.
[2026-07-14T22:00:17.127+0000] {subprocess.py:93} INFO - [0m22:00:17  [[33mWARNING[0m]: Configuration paths exist in your dbt_project.yml file which do not apply to any resources.
[2026-07-14T22:00:17.129+0000] {subprocess.py:93} INFO - There are 1 unused configuration paths:
[2026-07-14T22:00:17.130+0000] {subprocess.py:93} INFO - - models.dbt_mobility.example
[2026-07-14T22:00:17.065+0000] {subprocess.py:93} INFO - [0m22:00:17  Found 7 data tests, 2 models, 1 source, 474 macros
[2026-07-14T22:00:17.073+0000] {subprocess.py:93} INFO - [0m22:00:17
[2026-07-14T22:00:17.076+0000] {subprocess.py:93} INFO - [0m22:00:17  Concurrency: 4 threads (target='prod')
[2026-07-14T22:00:17.078+0000] {subprocess.py:93} INFO - [0m22:00:17
[2026-07-14T22:00:17.363+0000] {subprocess.py:93} INFO - [0m22:00:17  1 of 2 START sql view model schema_analytics.stg_velib_stations ................ [RUN]
[2026-07-14T22:00:17.723+0000] {subprocess.py:93} INFO - [0m22:00:17  1 of 2 OK created sql view model schema_analytics.stg_velib_stations ........... [[32mCREATE VIEW[0m in 0.35s]
[2026-07-14T22:00:17.732+0000] {subprocess.py:93} INFO - [0m22:00:17  2 of 2 START sql table model schema_analytics.fct_velib_status ................. [RUN]
[2026-07-14T22:00:17.982+0000] {subprocess.py:93} INFO - [0m22:00:17  2 of 2 OK created sql table model schema_analytics.fct_velib_status ............ [[32mSELECT 262[0m in 0.24s]
[2026-07-14T22:00:18.045+0000] {subprocess.py:93} INFO - [0m22:00:18
[2026-07-14T22:00:18.049+0000] {subprocess.py:93} INFO - [0m22:00:18  Finished running 1 table model, 1 view model in 0 hours 0 minutes and 0.96 seconds (0.96s).
[2026-07-14T22:00:18.322+0000] {subprocess.py:93} INFO - [0m22:00:18
[2026-07-14T22:00:18.325+0000] {subprocess.py:93} INFO - [0m22:00:18  [32mCompleted successfully[0m
[2026-07-14T22:00:18.329+0000] {subprocess.py:93} INFO - [0m22:00:18
[2026-07-14T22:00:18.331+0000] {subprocess.py:93} INFO - [0m22:00:18  Done. PASS=2 WARN=0 ERROR=0 SKIP=0 NO-OP=0 TOTAL=2
[2026-07-14T22:00:18.334+0000] {subprocess.py:93} INFO - [0m22:00:18  [[33mWARNING[0m][DeprecationsSummary]: Deprecated functionality
[2026-07-14T22:00:18.336+0000] {subprocess.py:93} INFO - Summary of encountered deprecations:
[2026-07-14T22:00:18.337+0000] {subprocess.py:93} INFO - - MissingArgumentsPropertyInGenericTestDeprecation: 1 occurrence
[2026-07-14T22:00:18.339+0000] {subprocess.py:93} INFO - To see all deprecation instances instead of just the first occurrence of each,
[2026-07-14T22:00:18.341+0000] {subprocess.py:93} INFO - run command again with the `--show-all-deprecations` flag. You may also need to
[2026-07-14T22:00:18.342+0000] {subprocess.py:93} INFO - run with `--no-partial-parse` as some deprecations are only encountered during
[2026-07-14T22:00:18.344+0000] {subprocess.py:93} INFO - parsing.
[2026-07-14T22:00:22.084+0000] {subprocess.py:93} INFO - [0m22:00:22  Running with dbt=1.11.12
[2026-07-14T22:00:22.067+0000] {subprocess.py:93} INFO - [0m22:00:22  Registered adapter: postgres=1.9.1
[2026-07-14T22:00:23.191+0000] {subprocess.py:93} INFO - [0m22:00:23  [[33mWARNING[0m]: Configuration paths exist in your dbt_project.yml file which do not apply to any resources.
[2026-07-14T22:00:23.193+0000] {subprocess.py:93} INFO - There are 1 unused configuration paths:
[2026-07-14T22:00:23.194+0000] {subprocess.py:93} INFO - - models.dbt_mobility.example
[2026-07-14T22:00:23.689+0000] {subprocess.py:93} INFO - [0m22:00:23  Found 7 data tests, 2 models, 1 source, 474 macros
[2026-07-14T22:00:23.700+0000] {subprocess.py:93} INFO - [0m22:00:23
[2026-07-14T22:00:23.704+0000] {subprocess.py:93} INFO - [0m22:00:23  Concurrency: 4 threads (target='prod')
[2026-07-14T22:00:23.708+0000] {subprocess.py:93} INFO - [0m22:00:23
[2026-07-14T22:00:23.962+0000] {subprocess.py:93} INFO - [0m22:00:23  1 of 7 START test accepted_values_fct_velib_status_station_status__Normal__Presque_pleine__Presque_vide__Vide__Hors_service  [RUN]
[2026-07-14T22:00:23.965+0000] {subprocess.py:93} INFO - [0m22:00:23  2 of 7 START test assert_bikes_available_under_total_capacity .................. [RUN]
[2026-07-14T22:00:23.968+0000] {subprocess.py:93} INFO - [0m22:00:23  3 of 7 START test not_null_fct_velib_status_station_id ......................... [RUN]
[2026-07-14T22:00:23.970+0000] {subprocess.py:93} INFO - [0m22:00:23  4 of 7 START test not_null_fct_velib_status_station_name ....................... [RUN]
[2026-07-14T22:00:24.271+0000] {subprocess.py:93} INFO - [0m22:00:24  2 of 7 FAIL 2 assert_bikes_available_under_total_capacity ...................... [[31mFAIL 2[0m in 0.30s]
[2026-07-14T22:00:24.284+0000] {subprocess.py:93} INFO - [0m22:00:24  1 of 7 PASS accepted_values_fct_velib_status_station_status__Normal__Presque_pleine__Presque_vide__Vide__Hors_service  [[32mPASS[0m in 0.31s]
[2026-07-14T22:00:24.287+0000] {subprocess.py:93} INFO - [0m22:00:24  4 of 7 PASS not_null_fct_velib_status_station_name ............................. [[32mPASS[0m in 0.31s]
[2026-07-14T22:00:24.291+0000] {subprocess.py:93} INFO - [0m22:00:24  3 of 7 PASS not_null_fct_velib_status_station_id ............................... [[32mPASS[0m in 0.31s]
[2026-07-14T22:00:24.304+0000] {subprocess.py:93} INFO - [0m22:00:24  5 of 7 START test not_null_fct_velib_status_station_status ..................... [RUN]
[2026-07-14T22:00:24.314+0000] {subprocess.py:93} INFO - [0m22:00:24  6 of 7 START test not_null_fct_velib_status_total_capacity ..................... [RUN]
[2026-07-14T22:00:24.317+0000] {subprocess.py:93} INFO - [0m22:00:24  7 of 7 START test unique_fct_velib_status_station_id ........................... [RUN]
[2026-07-14T22:00:24.462+0000] {subprocess.py:93} INFO - [0m22:00:24  5 of 7 PASS not_null_fct_velib_status_station_status ........................... [[32mPASS[0m in 0.15s]
[2026-07-14T22:00:24.499+0000] {subprocess.py:93} INFO - [0m22:00:24  6 of 7 PASS not_null_fct_velib_status_total_capacity ........................... [[32mPASS[0m in 0.18s]
[2026-07-14T22:00:24.502+0000] {subprocess.py:93} INFO - [0m22:00:24  7 of 7 FAIL 76 unique_fct_velib_status_station_id .............................. [[31mFAIL 76[0m in 0.18s]
[2026-07-14T22:00:24.556+0000] {subprocess.py:93} INFO - [0m22:00:24
[2026-07-14T22:00:24.558+0000] {subprocess.py:93} INFO - [0m22:00:24  Finished running 7 data tests in 0 hours 0 minutes and 0.85 seconds (0.85s).
[2026-07-14T22:00:24.766+0000] {subprocess.py:93} INFO - [0m22:00:24
[2026-07-14T22:00:24.769+0000] {subprocess.py:93} INFO - [0m22:00:24  [31mCompleted with 2 errors, 0 partial successes, and 0 warnings:[0m
[2026-07-14T22:00:24.771+0000] {subprocess.py:93} INFO - [0m22:00:24
[2026-07-14T22:00:24.774+0000] {subprocess.py:93} INFO - [0m22:00:24  [31mFailure in test assert_bikes_available_under_total_capacity (tests/assert_bikes_available_under_total_capacity.sql)[0m
[2026-07-14T22:00:24.777+0000] {subprocess.py:93} INFO - [0m22:00:24    Got 2 results, configured to fail if != 0
[2026-07-14T22:00:24.779+0000] {subprocess.py:93} INFO - [0m22:00:24
[2026-07-14T22:00:24.782+0000] {subprocess.py:93} INFO - [0m22:00:24    compiled code at target/compiled/dbt_mobility/tests/assert_bikes_available_under_total_capacity.sql
[2026-07-14T22:00:24.785+0000] {subprocess.py:93} INFO - [0m22:00:24
[2026-07-14T22:00:24.788+0000] {subprocess.py:93} INFO - [0m22:00:24  [31mFailure in test unique_fct_velib_status_station_id (models/marts/schema.yml)[0m
[2026-07-14T22:00:24.791+0000] {subprocess.py:93} INFO - [0m22:00:24    Got 76 results, configured to fail if != 0
[2026-07-14T22:00:24.794+0000] {subprocess.py:93} INFO - [0m22:00:24
[2026-07-14T22:00:24.796+0000] {subprocess.py:93} INFO - [0m22:00:24    compiled code at target/compiled/dbt_mobility/models/marts/schema.yml/unique_fct_velib_status_station_id.sql
[2026-07-14T22:00:24.799+0000] {subprocess.py:93} INFO - [0m22:00:24
[2026-07-14T22:00:24.801+0000] {subprocess.py:93} INFO - [0m22:00:24  Done. PASS=5 WARN=0 ERROR=2 SKIP=0 NO-OP=0 TOTAL=7
[2026-07-14T22:00:26.983+0000] {subprocess.py:97} INFO - Command exited with return code 1
[2026-07-14T22:00:26.986+0000] {taskinstance.py:441} INFO - ::group::Post task execution logs
[2026-07-14T22:00:27.027+0000] {taskinstance.py:2905} ERROR - Task failed with exception
Traceback (most recent call last):
  File "/home/airflow/.local/lib/python3.11/site-packages/airflow/models/taskinstance.py", line 465, in _execute_task
    result = _execute_callable(context=context, **execute_callable_kwargs)
             ^^^^^^^^^^^^^^^^^^^^^^^^^^^^^^^^^^^^^^^^^^^^^^^^^^^^^^^^^^^^^
  File "/home/airflow/.local/lib/python3.11/site-packages/airflow/models/taskinstance.py", line 432, in _execute_callable
    return execute_callable(context=context, **execute_callable_kwargs)
           ^^^^^^^^^^^^^^^^^^^^^^^^^^^^^^^^^^^^^^^^^^^^^^^^^^^^^^^^^^^^
  File "/home/airflow/.local/lib/python3.11/site-packages/airflow/models/baseoperator.py", line 400, in wrapper
    return func(self, *args, **kwargs)
           ^^^^^^^^^^^^^^^^^^^^^^^^^^^
  File "/home/airflow/.local/lib/python3.11/site-packages/airflow/operators/bash.py", line 243, in execute
    raise AirflowException(
airflow.exceptions.AirflowException: Bash command failed. The command returned a non-zero exit code 1.
[2026-07-14T22:00:27.035+0000] {taskinstance.py:1206} INFO - Marking task as UP_FOR_RETRY. dag_id=ingest_and_transform_velib, task_id=dbt_run_task, run_id=scheduled__2026-07-14T21:00:00+00:00, execution_date=20260714T210000, start_date=20260714T220005, end_date=20260714T220027
[2026-07-14T22:00:27.065+0000] {standard_task_runner.py:110} ERROR - Failed to execute job 26 for task dbt_run_task (Bash command failed. The command returned a non-zero exit code 1.; 4204)
[2026-07-14T22:00:27.111+0000] {local_task_job_runner.py:240} INFO - Task exited with return code 1
[2026-07-14T22:00:27.153+0000] {taskinstance.py:3498} INFO - 0 downstream tasks scheduled from follow-on schedule check
[2026-07-14T22:00:27.172+0000] {local_task_job_runner.py:222} INFO - ::endgroup::
