[2026-07-14T22:05:27.613+0000] {local_task_job_runner.py:120} INFO - ::group::Pre task execution logs
[2026-07-14T22:05:27.675+0000] {taskinstance.py:2076} INFO - Dependencies all met for dep_context=non-requeueable deps ti=<TaskInstance: ingest_and_transform_velib.dbt_run_task scheduled__2026-07-14T21:00:00+00:00 [queued]>
[2026-07-14T22:05:27.688+0000] {taskinstance.py:2076} INFO - Dependencies all met for dep_context=requeueable deps ti=<TaskInstance: ingest_and_transform_velib.dbt_run_task scheduled__2026-07-14T21:00:00+00:00 [queued]>
[2026-07-14T22:05:27.693+0000] {taskinstance.py:2306} INFO - Starting attempt 2 of 2
[2026-07-14T22:05:27.716+0000] {taskinstance.py:2330} INFO - Executing <Task(BashOperator): dbt_run_task> on 2026-07-14 21:00:00+00:00
[2026-07-14T22:05:27.724+0000] {standard_task_runner.py:63} INFO - Started process 4382 to run task
[2026-07-14T22:05:27.731+0000] {standard_task_runner.py:90} INFO - Running: ['***', 'tasks', 'run', 'ingest_and_transform_velib', 'dbt_run_task', 'scheduled__2026-07-14T21:00:00+00:00', '--job-id', '29', '--raw', '--subdir', 'DAGS_FOLDER/ingest_velib_status.py', '--cfg-path', '/tmp/tmp9rnccl_n']
[2026-07-14T22:05:27.740+0000] {standard_task_runner.py:91} INFO - Job 29: Subtask dbt_run_task
[2026-07-14T22:05:41.233+0000] {task_command.py:426} INFO - Running <TaskInstance: ingest_and_transform_velib.dbt_run_task scheduled__2026-07-14T21:00:00+00:00 [running]> on host 34cfa9410581
[2026-07-14T22:05:27.596+0000] {taskinstance.py:2648} INFO - Exporting env vars: AIRFLOW_CTX_DAG_OWNER='Amadou' AIRFLOW_CTX_DAG_ID='ingest_and_transform_velib' AIRFLOW_CTX_TASK_ID='dbt_run_task' AIRFLOW_CTX_EXECUTION_DATE='2026-07-14T21:00:00+00:00' AIRFLOW_CTX_TRY_NUMBER='2' AIRFLOW_CTX_DAG_RUN_ID='scheduled__2026-07-14T21:00:00+00:00'
[2026-07-14T22:05:27.598+0000] {taskinstance.py:430} INFO - ::endgroup::
[2026-07-14T22:05:27.860+0000] {subprocess.py:63} INFO - Tmp dir root location: /tmp
[2026-07-14T22:05:27.862+0000] {subprocess.py:75} INFO - Running command: ['/usr/bin/bash', '-c', '\n        python -m pip install dbt-postgres==1.9.1\n        cd /opt/***/dbt_mobility\n        dbt run --profiles-dir .\n        dbt test --profiles-dir .\n        ']
[2026-07-14T22:05:27.879+0000] {subprocess.py:86} INFO - Output:
[2026-07-14T22:05:28.867+0000] {subprocess.py:93} INFO - Requirement already satisfied: dbt-postgres==1.9.1 in /home/***/.local/lib/python3.11/site-packages (1.9.1)
[2026-07-14T22:05:28.874+0000] {subprocess.py:93} INFO - Requirement already satisfied: agate<2.0,>=1.0 in /home/***/.local/lib/python3.11/site-packages (from dbt-postgres==1.9.1) (1.9.1)
[2026-07-14T22:05:28.876+0000] {subprocess.py:93} INFO - Requirement already satisfied: dbt-adapters<2.0,>=1.7.0 in /home/***/.local/lib/python3.11/site-packages (from dbt-postgres==1.9.1) (1.24.4)
[2026-07-14T22:05:28.878+0000] {subprocess.py:93} INFO - Requirement already satisfied: dbt-common<2.0,>=1.0.4 in /home/***/.local/lib/python3.11/site-packages (from dbt-postgres==1.9.1) (1.38.0)
[2026-07-14T22:05:28.882+0000] {subprocess.py:93} INFO - Requirement already satisfied: dbt-core>=1.8.0 in /home/***/.local/lib/python3.11/site-packages (from dbt-postgres==1.9.1) (1.11.12)
[2026-07-14T22:05:28.885+0000] {subprocess.py:93} INFO - Requirement already satisfied: psycopg2-binary<3.0,>=2.9 in /home/***/.local/lib/python3.11/site-packages (from dbt-postgres==1.9.1) (2.9.9)
[2026-07-14T22:05:28.900+0000] {subprocess.py:93} INFO - Requirement already satisfied: Babel>=2.0 in /home/***/.local/lib/python3.11/site-packages (from agate<2.0,>=1.0->dbt-postgres==1.9.1) (2.14.0)
[2026-07-14T22:05:28.903+0000] {subprocess.py:93} INFO - Requirement already satisfied: isodate>=0.5.4 in /home/***/.local/lib/python3.11/site-packages (from agate<2.0,>=1.0->dbt-postgres==1.9.1) (0.6.1)
[2026-07-14T22:05:28.904+0000] {subprocess.py:93} INFO - Requirement already satisfied: leather>=0.3.2 in /home/***/.local/lib/python3.11/site-packages (from agate<2.0,>=1.0->dbt-postgres==1.9.1) (0.4.1)
[2026-07-14T22:05:28.906+0000] {subprocess.py:93} INFO - Requirement already satisfied: parsedatetime!=2.5,>=2.1 in /home/***/.local/lib/python3.11/site-packages (from agate<2.0,>=1.0->dbt-postgres==1.9.1) (2.6)
[2026-07-14T22:05:28.908+0000] {subprocess.py:93} INFO - Requirement already satisfied: python-slugify>=1.2.1 in /home/***/.local/lib/python3.11/site-packages (from agate<2.0,>=1.0->dbt-postgres==1.9.1) (8.0.4)
[2026-07-14T22:05:28.910+0000] {subprocess.py:93} INFO - Requirement already satisfied: pytimeparse>=1.1.5 in /home/***/.local/lib/python3.11/site-packages (from agate<2.0,>=1.0->dbt-postgres==1.9.1) (1.1.8)
[2026-07-14T22:05:28.921+0000] {subprocess.py:93} INFO - Requirement already satisfied: dbt-protos<2.0,>=1.0.291 in /home/***/.local/lib/python3.11/site-packages (from dbt-adapters<2.0,>=1.7.0->dbt-postgres==1.9.1) (1.0.541)
[2026-07-14T22:05:28.931+0000] {subprocess.py:93} INFO - Requirement already satisfied: mashumaro<3.18,>=3.9 in /home/***/.local/lib/python3.11/site-packages (from mashumaro[msgpack]<3.18,>=3.9->dbt-adapters<2.0,>=1.7.0->dbt-postgres==1.9.1) (3.14)
[2026-07-14T22:05:28.938+0000] {subprocess.py:93} INFO - Requirement already satisfied: protobuf<7.0,>=6.0 in /home/***/.local/lib/python3.11/site-packages (from dbt-adapters<2.0,>=1.7.0->dbt-postgres==1.9.1) (6.33.6)
[2026-07-14T22:05:28.940+0000] {subprocess.py:93} INFO - Requirement already satisfied: pytz>=2015.7 in /home/***/.local/lib/python3.11/site-packages (from dbt-adapters<2.0,>=1.7.0->dbt-postgres==1.9.1) (2024.1)
[2026-07-14T22:05:28.942+0000] {subprocess.py:93} INFO - Requirement already satisfied: typing-extensions<5.0,>=4.0 in /home/***/.local/lib/python3.11/site-packages (from dbt-adapters<2.0,>=1.7.0->dbt-postgres==1.9.1) (4.11.0)
[2026-07-14T22:05:28.978+0000] {subprocess.py:93} INFO - Requirement already satisfied: colorama<0.5,>=0.3.9 in /home/***/.local/lib/python3.11/site-packages (from dbt-common<2.0,>=1.0.4->dbt-postgres==1.9.1) (0.4.6)
[2026-07-14T22:05:28.980+0000] {subprocess.py:93} INFO - Requirement already satisfied: deepdiff<9.0,>=7.0 in /home/***/.local/lib/python3.11/site-packages (from dbt-common<2.0,>=1.0.4->dbt-postgres==1.9.1) (8.6.2)
[2026-07-14T22:05:28.982+0000] {subprocess.py:93} INFO - Requirement already satisfied: jinja2<4,>=3.1.3 in /home/***/.local/lib/python3.11/site-packages (from dbt-common<2.0,>=1.0.4->dbt-postgres==1.9.1) (3.1.6)
[2026-07-14T22:05:28.984+0000] {subprocess.py:93} INFO - Requirement already satisfied: jsonschema<5.0,>=4.0 in /home/***/.local/lib/python3.11/site-packages (from dbt-common<2.0,>=1.0.4->dbt-postgres==1.9.1) (4.22.0)
[2026-07-14T22:05:28.995+0000] {subprocess.py:93} INFO - Requirement already satisfied: pathspec<1.1,>=0.9 in /home/***/.local/lib/python3.11/site-packages (from dbt-common<2.0,>=1.0.4->dbt-postgres==1.9.1) (0.12.1)
[2026-07-14T22:05:28.997+0000] {subprocess.py:93} INFO - Requirement already satisfied: python-dateutil<3.0,>=2.0 in /home/***/.local/lib/python3.11/site-packages (from dbt-common<2.0,>=1.0.4->dbt-postgres==1.9.1) (2.9.0.post0)
[2026-07-14T22:05:28.999+0000] {subprocess.py:93} INFO - Requirement already satisfied: requests<3.0.0 in /home/***/.local/lib/python3.11/site-packages (from dbt-common<2.0,>=1.0.4->dbt-postgres==1.9.1) (2.31.0)
[2026-07-14T22:05:29.028+0000] {subprocess.py:93} INFO - Requirement already satisfied: click<9.0,>=8.3.0 in /home/***/.local/lib/python3.11/site-packages (from dbt-core>=1.8.0->dbt-postgres==1.9.1) (8.4.2)
[2026-07-14T22:05:29.030+0000] {subprocess.py:93} INFO - Requirement already satisfied: daff>=1.3.46 in /home/***/.local/lib/python3.11/site-packages (from dbt-core>=1.8.0->dbt-postgres==1.9.1) (1.4.2)
[2026-07-14T22:05:29.032+0000] {subprocess.py:93} INFO - Requirement already satisfied: dbt-extractor<=0.6,>=0.5.0 in /home/***/.local/lib/python3.11/site-packages (from dbt-core>=1.8.0->dbt-postgres==1.9.1) (0.6.0)
[2026-07-14T22:05:29.035+0000] {subprocess.py:93} INFO - Requirement already satisfied: dbt-semantic-interfaces<0.10,>=0.9.0 in /home/***/.local/lib/python3.11/site-packages (from dbt-core>=1.8.0->dbt-postgres==1.9.1) (0.9.0)
[2026-07-14T22:05:29.047+0000] {subprocess.py:93} INFO - Requirement already satisfied: networkx<4.0,>=2.3 in /home/***/.local/lib/python3.11/site-packages (from dbt-core>=1.8.0->dbt-postgres==1.9.1) (3.6.1)
[2026-07-14T22:05:29.049+0000] {subprocess.py:93} INFO - Requirement already satisfied: packaging>20.9 in /home/***/.local/lib/python3.11/site-packages (from dbt-core>=1.8.0->dbt-postgres==1.9.1) (24.0)
[2026-07-14T22:05:29.056+0000] {subprocess.py:93} INFO - Requirement already satisfied: pydantic<3 in /home/***/.local/lib/python3.11/site-packages (from dbt-core>=1.8.0->dbt-postgres==1.9.1) (2.7.1)
[2026-07-14T22:05:29.059+0000] {subprocess.py:93} INFO - Requirement already satisfied: pyyaml>=6.0 in /home/***/.local/lib/python3.11/site-packages (from dbt-core>=1.8.0->dbt-postgres==1.9.1) (6.0.1)
[2026-07-14T22:05:29.062+0000] {subprocess.py:93} INFO - Requirement already satisfied: snowplow-tracker<2.0,>=1.0.2 in /home/***/.local/lib/python3.11/site-packages (from dbt-core>=1.8.0->dbt-postgres==1.9.1) (1.1.0)
[2026-07-14T22:05:29.066+0000] {subprocess.py:93} INFO - Requirement already satisfied: sqlparse<0.6.0,>=0.5.5 in /home/***/.local/lib/python3.11/site-packages (from dbt-core>=1.8.0->dbt-postgres==1.9.1) (0.5.5)
[2026-07-14T22:05:29.113+0000] {subprocess.py:93} INFO - Requirement already satisfied: importlib-metadata<9,>=6.0 in /home/***/.local/lib/python3.11/site-packages (from dbt-semantic-interfaces<0.10,>=0.9.0->dbt-core>=1.8.0->dbt-postgres==1.9.1) (6.11.0)
[2026-07-14T22:05:29.116+0000] {subprocess.py:93} INFO - Requirement already satisfied: more-itertools<11.0,>=8.0 in /home/***/.local/lib/python3.11/site-packages (from dbt-semantic-interfaces<0.10,>=0.9.0->dbt-core>=1.8.0->dbt-postgres==1.9.1) (10.2.0)
[2026-07-14T22:05:29.158+0000] {subprocess.py:93} INFO - Requirement already satisfied: orderly-set<6,>=5.4.1 in /home/***/.local/lib/python3.11/site-packages (from deepdiff<9.0,>=7.0->dbt-common<2.0,>=1.0.4->dbt-postgres==1.9.1) (5.5.0)
[2026-07-14T22:05:29.164+0000] {subprocess.py:93} INFO - Requirement already satisfied: six in /home/***/.local/lib/python3.11/site-packages (from isodate>=0.5.4->agate<2.0,>=1.0->dbt-postgres==1.9.1) (1.16.0)
[2026-07-14T22:05:29.172+0000] {subprocess.py:93} INFO - Requirement already satisfied: MarkupSafe>=2.0 in /home/***/.local/lib/python3.11/site-packages (from jinja2<4,>=3.1.3->dbt-common<2.0,>=1.0.4->dbt-postgres==1.9.1) (2.1.5)
[2026-07-14T22:05:29.198+0000] {subprocess.py:93} INFO - Requirement already satisfied: attrs>=22.2.0 in /home/***/.local/lib/python3.11/site-packages (from jsonschema<5.0,>=4.0->dbt-common<2.0,>=1.0.4->dbt-postgres==1.9.1) (23.2.0)
[2026-07-14T22:05:29.200+0000] {subprocess.py:93} INFO - Requirement already satisfied: jsonschema-specifications>=2023.03.6 in /home/***/.local/lib/python3.11/site-packages (from jsonschema<5.0,>=4.0->dbt-common<2.0,>=1.0.4->dbt-postgres==1.9.1) (2023.12.1)
[2026-07-14T22:05:29.202+0000] {subprocess.py:93} INFO - Requirement already satisfied: referencing>=0.28.4 in /home/***/.local/lib/python3.11/site-packages (from jsonschema<5.0,>=4.0->dbt-common<2.0,>=1.0.4->dbt-postgres==1.9.1) (0.31.1)
[2026-07-14T22:05:29.203+0000] {subprocess.py:93} INFO - Requirement already satisfied: rpds-py>=0.7.1 in /home/***/.local/lib/python3.11/site-packages (from jsonschema<5.0,>=4.0->dbt-common<2.0,>=1.0.4->dbt-postgres==1.9.1) (0.18.0)
[2026-07-14T22:05:29.246+0000] {subprocess.py:93} INFO - Requirement already satisfied: msgpack>=0.5.6 in /home/***/.local/lib/python3.11/site-packages (from mashumaro[msgpack]<3.18,>=3.9->dbt-adapters<2.0,>=1.7.0->dbt-postgres==1.9.1) (1.2.1)
[2026-07-14T22:05:29.322+0000] {subprocess.py:93} INFO - Requirement already satisfied: annotated-types>=0.4.0 in /home/***/.local/lib/python3.11/site-packages (from pydantic<3->dbt-core>=1.8.0->dbt-postgres==1.9.1) (0.6.0)
[2026-07-14T22:05:29.324+0000] {subprocess.py:93} INFO - Requirement already satisfied: pydantic-core==2.18.2 in /home/***/.local/lib/python3.11/site-packages (from pydantic<3->dbt-core>=1.8.0->dbt-postgres==1.9.1) (2.18.2)
[2026-07-14T22:05:29.353+0000] {subprocess.py:93} INFO - Requirement already satisfied: text-unidecode>=1.3 in /home/***/.local/lib/python3.11/site-packages (from python-slugify>=1.2.1->agate<2.0,>=1.0->dbt-postgres==1.9.1) (1.3)
[2026-07-14T22:05:29.388+0000] {subprocess.py:93} INFO - Requirement already satisfied: charset-normalizer<4,>=2 in /home/***/.local/lib/python3.11/site-packages (from requests<3.0.0->dbt-common<2.0,>=1.0.4->dbt-postgres==1.9.1) (3.3.2)
[2026-07-14T22:05:29.390+0000] {subprocess.py:93} INFO - Requirement already satisfied: idna<4,>=2.5 in /home/***/.local/lib/python3.11/site-packages (from requests<3.0.0->dbt-common<2.0,>=1.0.4->dbt-postgres==1.9.1) (3.7)
[2026-07-14T22:05:29.391+0000] {subprocess.py:93} INFO - Requirement already satisfied: urllib3<3,>=1.21.1 in /home/***/.local/lib/python3.11/site-packages (from requests<3.0.0->dbt-common<2.0,>=1.0.4->dbt-postgres==1.9.1) (2.2.1)
[2026-07-14T22:05:29.394+0000] {subprocess.py:93} INFO - Requirement already satisfied: certifi>=2017.4.17 in /home/***/.local/lib/python3.11/site-packages (from requests<3.0.0->dbt-common<2.0,>=1.0.4->dbt-postgres==1.9.1) (2024.2.2)
[2026-07-14T22:05:29.518+0000] {subprocess.py:93} INFO - Requirement already satisfied: zipp>=0.5 in /home/***/.local/lib/python3.11/site-packages (from importlib-metadata<9,>=6.0->dbt-semantic-interfaces<0.10,>=0.9.0->dbt-core>=1.8.0->dbt-postgres==1.9.1) (3.18.1)
[2026-07-14T22:05:33.298+0000] {subprocess.py:93} INFO - 
[2026-07-14T22:05:33.299+0000] {subprocess.py:93} INFO - [notice] A new release of pip is available: 24.0 -> 26.1.2
[2026-07-14T22:05:33.301+0000] {subprocess.py:93} INFO - [notice] To update, run: pip3 install --upgrade pip
[2026-07-14T22:05:36.219+0000] {subprocess.py:93} INFO - [0m22:05:36  Running with dbt=1.11.12
[2026-07-14T22:05:36.702+0000] {subprocess.py:93} INFO - [0m22:05:36  Registered adapter: postgres=1.9.1
[2026-07-14T22:05:37.296+0000] {subprocess.py:93} INFO - [0m22:05:37  [[33mWARNING[0m]: Configuration paths exist in your dbt_project.yml file which do not apply to any resources.
[2026-07-14T22:05:37.297+0000] {subprocess.py:93} INFO - There are 1 unused configuration paths:
[2026-07-14T22:05:37.298+0000] {subprocess.py:93} INFO - - models.dbt_mobility.example
[2026-07-14T22:05:37.762+0000] {subprocess.py:93} INFO - [0m22:05:37  Found 7 data tests, 2 models, 1 source, 474 macros
[2026-07-14T22:05:37.771+0000] {subprocess.py:93} INFO - [0m22:05:37
[2026-07-14T22:05:37.773+0000] {subprocess.py:93} INFO - [0m22:05:37  Concurrency: 4 threads (target='prod')
[2026-07-14T22:05:37.776+0000] {subprocess.py:93} INFO - [0m22:05:37
[2026-07-14T22:05:37.541+0000] {subprocess.py:93} INFO - [0m22:05:37  1 of 2 START sql view model schema_analytics.stg_velib_stations ................ [RUN]
[2026-07-14T22:05:37.932+0000] {subprocess.py:93} INFO - [0m22:05:37  1 of 2 OK created sql view model schema_analytics.stg_velib_stations ........... [[32mCREATE VIEW[0m in 0.38s]
[2026-07-14T22:05:37.941+0000] {subprocess.py:93} INFO - [0m22:05:37  2 of 2 START sql table model schema_analytics.fct_velib_status ................. [RUN]
[2026-07-14T22:05:38.191+0000] {subprocess.py:93} INFO - [0m22:05:38  2 of 2 OK created sql table model schema_analytics.fct_velib_status ............ [[32mSELECT 362[0m in 0.24s]
[2026-07-14T22:05:38.244+0000] {subprocess.py:93} INFO - [0m22:05:38
[2026-07-14T22:05:38.247+0000] {subprocess.py:93} INFO - [0m22:05:38  Finished running 1 table model, 1 view model in 0 hours 0 minutes and 0.47 seconds (0.47s).
[2026-07-14T22:05:38.398+0000] {subprocess.py:93} INFO - [0m22:05:38
[2026-07-14T22:05:38.401+0000] {subprocess.py:93} INFO - [0m22:05:38  [32mCompleted successfully[0m
[2026-07-14T22:05:38.404+0000] {subprocess.py:93} INFO - [0m22:05:38
[2026-07-14T22:05:38.407+0000] {subprocess.py:93} INFO - [0m22:05:38  Done. PASS=2 WARN=0 ERROR=0 SKIP=0 NO-OP=0 TOTAL=2
[2026-07-14T22:05:41.748+0000] {subprocess.py:93} INFO - [0m22:05:41  Running with dbt=1.11.12
[2026-07-14T22:05:42.203+0000] {subprocess.py:93} INFO - [0m22:05:42  Registered adapter: postgres=1.9.1
[2026-07-14T22:05:42.488+0000] {subprocess.py:93} INFO - [0m22:05:42  [[33mWARNING[0m]: Configuration paths exist in your dbt_project.yml file which do not apply to any resources.
[2026-07-14T22:05:42.489+0000] {subprocess.py:93} INFO - There are 1 unused configuration paths:
[2026-07-14T22:05:42.490+0000] {subprocess.py:93} INFO - - models.dbt_mobility.example
[2026-07-14T22:05:43.301+0000] {subprocess.py:93} INFO - [0m22:05:43  Found 7 data tests, 2 models, 1 source, 474 macros
[2026-07-14T22:05:43.310+0000] {subprocess.py:93} INFO - [0m22:05:43
[2026-07-14T22:05:43.313+0000] {subprocess.py:93} INFO - [0m22:05:43  Concurrency: 4 threads (target='prod')
[2026-07-14T22:05:43.317+0000] {subprocess.py:93} INFO - [0m22:05:43
[2026-07-14T22:05:43.531+0000] {subprocess.py:93} INFO - [0m22:05:43  1 of 7 START test accepted_values_fct_velib_status_station_status__Normal__Presque_pleine__Presque_vide__Vide__Hors_service  [RUN]
[2026-07-14T22:05:43.533+0000] {subprocess.py:93} INFO - [0m22:05:43  2 of 7 START test assert_bikes_available_under_total_capacity .................. [RUN]
[2026-07-14T22:05:43.535+0000] {subprocess.py:93} INFO - [0m22:05:43  3 of 7 START test not_null_fct_velib_status_station_id ......................... [RUN]
[2026-07-14T22:05:43.537+0000] {subprocess.py:93} INFO - [0m22:05:43  4 of 7 START test not_null_fct_velib_status_station_name ....................... [RUN]
[2026-07-14T22:05:43.783+0000] {subprocess.py:93} INFO - [0m22:05:43  3 of 7 PASS not_null_fct_velib_status_station_id ............................... [[32mPASS[0m in 0.24s]
[2026-07-14T22:05:43.818+0000] {subprocess.py:93} INFO - [0m22:05:43  2 of 7 FAIL 3 assert_bikes_available_under_total_capacity ...................... [[31mFAIL 3[0m in 0.28s]
[2026-07-14T22:05:43.823+0000] {subprocess.py:93} INFO - [0m22:05:43  5 of 7 START test not_null_fct_velib_status_station_status ..................... [RUN]
[2026-07-14T22:05:43.827+0000] {subprocess.py:93} INFO - [0m22:05:43  1 of 7 PASS accepted_values_fct_velib_status_station_status__Normal__Presque_pleine__Presque_vide__Vide__Hors_service  [[32mPASS[0m in 0.29s]
[2026-07-14T22:05:43.833+0000] {subprocess.py:93} INFO - [0m22:05:43  4 of 7 PASS not_null_fct_velib_status_station_name ............................. [[32mPASS[0m in 0.29s]
[2026-07-14T22:05:43.851+0000] {subprocess.py:93} INFO - [0m22:05:43  6 of 7 START test not_null_fct_velib_status_total_capacity ..................... [RUN]
[2026-07-14T22:05:43.865+0000] {subprocess.py:93} INFO - [0m22:05:43  7 of 7 START test unique_fct_velib_status_station_id ........................... [RUN]
[2026-07-14T22:05:44.017+0000] {subprocess.py:93} INFO - [0m22:05:44  5 of 7 PASS not_null_fct_velib_status_station_status ........................... [[32mPASS[0m in 0.18s]
[2026-07-14T22:05:44.042+0000] {subprocess.py:93} INFO - [0m22:05:44  6 of 7 PASS not_null_fct_velib_status_total_capacity ........................... [[32mPASS[0m in 0.17s]
[2026-07-14T22:05:44.057+0000] {subprocess.py:93} INFO - [0m22:05:44  7 of 7 FAIL 123 unique_fct_velib_status_station_id ............................. [[31mFAIL 123[0m in 0.19s]
[2026-07-14T22:05:44.110+0000] {subprocess.py:93} INFO - [0m22:05:44
[2026-07-14T22:05:44.112+0000] {subprocess.py:93} INFO - [0m22:05:44  Finished running 7 data tests in 0 hours 0 minutes and 0.79 seconds (0.79s).
[2026-07-14T22:05:44.245+0000] {subprocess.py:93} INFO - [0m22:05:44
[2026-07-14T22:05:44.248+0000] {subprocess.py:93} INFO - [0m22:05:44  [31mCompleted with 2 errors, 0 partial successes, and 0 warnings:[0m
[2026-07-14T22:05:44.250+0000] {subprocess.py:93} INFO - [0m22:05:44
[2026-07-14T22:05:44.253+0000] {subprocess.py:93} INFO - [0m22:05:44  [31mFailure in test assert_bikes_available_under_total_capacity (tests/assert_bikes_available_under_total_capacity.sql)[0m
[2026-07-14T22:05:44.255+0000] {subprocess.py:93} INFO - [0m22:05:44    Got 3 results, configured to fail if != 0
[2026-07-14T22:05:44.257+0000] {subprocess.py:93} INFO - [0m22:05:44
[2026-07-14T22:05:44.259+0000] {subprocess.py:93} INFO - [0m22:05:44    compiled code at target/compiled/dbt_mobility/tests/assert_bikes_available_under_total_capacity.sql
[2026-07-14T22:05:44.262+0000] {subprocess.py:93} INFO - [0m22:05:44
[2026-07-14T22:05:44.265+0000] {subprocess.py:93} INFO - [0m22:05:44  [31mFailure in test unique_fct_velib_status_station_id (models/marts/schema.yml)[0m
[2026-07-14T22:05:44.268+0000] {subprocess.py:93} INFO - [0m22:05:44    Got 123 results, configured to fail if != 0
[2026-07-14T22:05:44.270+0000] {subprocess.py:93} INFO - [0m22:05:44
[2026-07-14T22:05:44.272+0000] {subprocess.py:93} INFO - [0m22:05:44    compiled code at target/compiled/dbt_mobility/models/marts/schema.yml/unique_fct_velib_status_station_id.sql
[2026-07-14T22:05:44.274+0000] {subprocess.py:93} INFO - [0m22:05:44
[2026-07-14T22:05:44.277+0000] {subprocess.py:93} INFO - [0m22:05:44  Done. PASS=5 WARN=0 ERROR=2 SKIP=0 NO-OP=0 TOTAL=7
[2026-07-14T22:05:45.249+0000] {subprocess.py:97} INFO - Command exited with return code 1
[2026-07-14T22:05:45.251+0000] {taskinstance.py:441} INFO - ::group::Post task execution logs
[2026-07-14T22:05:45.285+0000] {taskinstance.py:2905} ERROR - Task failed with exception
Traceback (most recent call last):
  File "/home/airflow/.local/lib/python3.11/site-packages/airflow/models/taskinstance.py", line 465, in _execute_task
    result = _execute_callable(context=context, **execute_callable_kwargs)
             ^^^^^^^^^^^^^^^^^^^^^^^^^^^^^^^^^^^^^^^^^^^^^^^^^^^^^^^^^^^^^
  File "/home/airflow/.local/lib/python3.11/site-packages/airflow/models/taskinstance.py", line 432, in _execute_callable
    return execute_callable(context=context, **execute_callable_kwargs)
           ^^^^^^^^^^^^^^^^^^^^^^^^^^^^^^^^^^^^^^^^^^^^^^^^^^^^^^^^^^^^
  File "/home/airflow/.local/lib/python3.11/site-packages/airflow/models/baseoperator.py", line 400, in wrapper
    return func(self, *args, **kwargs)
           ^^^^^^^^^^^^^^^^^^^^^^^^^^^
  File "/home/airflow/.local/lib/python3.11/site-packages/airflow/operators/bash.py", line 243, in execute
    raise AirflowException(
airflow.exceptions.AirflowException: Bash command failed. The command returned a non-zero exit code 1.
[2026-07-14T22:05:45.293+0000] {taskinstance.py:1206} INFO - Marking task as FAILED. dag_id=ingest_and_transform_velib, task_id=dbt_run_task, run_id=scheduled__2026-07-14T21:00:00+00:00, execution_date=20260714T210000, start_date=20260714T220527, end_date=20260714T220545
[2026-07-14T22:05:45.338+0000] {standard_task_runner.py:110} ERROR - Failed to execute job 29 for task dbt_run_task (Bash command failed. The command returned a non-zero exit code 1.; 4382)
[2026-07-14T22:05:45.396+0000] {local_task_job_runner.py:240} INFO - Task exited with return code 1
[2026-07-14T22:05:45.441+0000] {taskinstance.py:3498} INFO - 0 downstream tasks scheduled from follow-on schedule check
[2026-07-14T22:05:45.459+0000] {local_task_job_runner.py:222} INFO - ::endgroup::
