[2026-07-13T20:32:18.902+0000] {local_task_job_runner.py:120} INFO - ::group::Pre task execution logs
[2026-07-13T20:32:18.925+0000] {taskinstance.py:2076} INFO - Dependencies all met for dep_context=non-requeueable deps ti=<TaskInstance: ingest_and_transform_velib.dbt_run_task manual__2026-07-13T20:32:02.188669+00:00 [queued]>
[2026-07-13T20:32:18.929+0000] {taskinstance.py:2076} INFO - Dependencies all met for dep_context=requeueable deps ti=<TaskInstance: ingest_and_transform_velib.dbt_run_task manual__2026-07-13T20:32:02.188669+00:00 [queued]>
[2026-07-13T20:32:18.930+0000] {taskinstance.py:2306} INFO - Starting attempt 2 of 3
[2026-07-13T20:32:18.937+0000] {taskinstance.py:2330} INFO - Executing <Task(BashOperator): dbt_run_task> on 2026-07-13 20:32:02.188669+00:00
[2026-07-13T20:32:18.939+0000] {standard_task_runner.py:63} INFO - Started process 198 to run task
[2026-07-13T20:32:18.941+0000] {standard_task_runner.py:90} INFO - Running: ['***', 'tasks', 'run', 'ingest_and_transform_velib', 'dbt_run_task', 'manual__2026-07-13T20:32:02.188669+00:00', '--job-id', '16', '--raw', '--subdir', 'DAGS_FOLDER/ingest_velib_status.py', '--cfg-path', '/tmp/tmp9yibtre_']
[2026-07-13T20:32:18.942+0000] {standard_task_runner.py:91} INFO - Job 16: Subtask dbt_run_task
[2026-07-13T20:32:18.982+0000] {task_command.py:426} INFO - Running <TaskInstance: ingest_and_transform_velib.dbt_run_task manual__2026-07-13T20:32:02.188669+00:00 [running]> on host 17cabc20fcf6
[2026-07-13T20:32:19.050+0000] {taskinstance.py:2648} INFO - Exporting env vars: AIRFLOW_CTX_DAG_OWNER='Amadou' AIRFLOW_CTX_DAG_ID='ingest_and_transform_velib' AIRFLOW_CTX_TASK_ID='dbt_run_task' AIRFLOW_CTX_EXECUTION_DATE='2026-07-13T20:32:02.188669+00:00' AIRFLOW_CTX_TRY_NUMBER='2' AIRFLOW_CTX_DAG_RUN_ID='manual__2026-07-13T20:32:02.188669+00:00'
[2026-07-13T20:32:19.050+0000] {taskinstance.py:430} INFO - ::endgroup::
[2026-07-13T20:32:19.056+0000] {subprocess.py:63} INFO - Tmp dir root location: /tmp
[2026-07-13T20:32:19.057+0000] {subprocess.py:75} INFO - Running command: ['/usr/bin/bash', '-c', '\n        export PATH="/home/***/.local/bin:$PATH"\n        pip install --user dbt-postgres==1.9.1\n        cd /opt/***/dbt_mobility\n        dbt run --profiles-dir .\n        ']
[2026-07-13T20:32:19.062+0000] {subprocess.py:86} INFO - Output:
[2026-07-13T20:32:19.224+0000] {subprocess.py:93} INFO - ERROR: Can not perform a '--user' install. User site-packages are not visible in this virtualenv.
[2026-07-13T20:32:19.377+0000] {subprocess.py:93} INFO - 
[2026-07-13T20:32:19.378+0000] {subprocess.py:93} INFO - [notice] A new release of pip is available: 24.0 -> 26.1.2
[2026-07-13T20:32:19.378+0000] {subprocess.py:93} INFO - [notice] To update, run: pip install --upgrade pip
[2026-07-13T20:32:19.414+0000] {subprocess.py:93} INFO - /usr/bin/bash: line 5: dbt: command not found
[2026-07-13T20:32:19.415+0000] {subprocess.py:97} INFO - Command exited with return code 127
[2026-07-13T20:32:19.415+0000] {taskinstance.py:441} INFO - ::group::Post task execution logs
[2026-07-13T20:32:19.428+0000] {taskinstance.py:2905} ERROR - Task failed with exception
Traceback (most recent call last):
  File "/home/airflow/.local/lib/python3.11/site-packages/airflow/models/taskinstance.py", line 465, in _execute_task
    result = _execute_callable(context=context, **execute_callable_kwargs)
             ^^^^^^^^^^^^^^^^^^^^^^^^^^^^^^^^^^^^^^^^^^^^^^^^^^^^^^^^^^^^^
  File "/home/airflow/.local/lib/python3.11/site-packages/airflow/models/taskinstance.py", line 432, in _execute_callable
    return execute_callable(context=context, **execute_callable_kwargs)
           ^^^^^^^^^^^^^^^^^^^^^^^^^^^^^^^^^^^^^^^^^^^^^^^^^^^^^^^^^^^^
  File "/home/airflow/.local/lib/python3.11/site-packages/airflow/models/baseoperator.py", line 400, in wrapper
    return func(self, *args, **kwargs)
           ^^^^^^^^^^^^^^^^^^^^^^^^^^^
  File "/home/airflow/.local/lib/python3.11/site-packages/airflow/operators/bash.py", line 243, in execute
    raise AirflowException(
airflow.exceptions.AirflowException: Bash command failed. The command returned a non-zero exit code 127.
[2026-07-13T20:32:19.430+0000] {taskinstance.py:1206} INFO - Marking task as UP_FOR_RETRY. dag_id=ingest_and_transform_velib, task_id=dbt_run_task, run_id=manual__2026-07-13T20:32:02.188669+00:00, execution_date=20260713T203202, start_date=20260713T203218, end_date=20260713T203219
[2026-07-13T20:32:19.527+0000] {standard_task_runner.py:110} ERROR - Failed to execute job 16 for task dbt_run_task (Bash command failed. The command returned a non-zero exit code 127.; 198)
[2026-07-13T20:32:19.556+0000] {local_task_job_runner.py:240} INFO - Task exited with return code 1
[2026-07-13T20:32:19.573+0000] {taskinstance.py:3498} INFO - 0 downstream tasks scheduled from follow-on schedule check
[2026-07-13T20:32:19.574+0000] {local_task_job_runner.py:222} INFO - ::endgroup::
