[2026-07-13T19:33:03.459+0000] {local_task_job_runner.py:120} INFO - ::group::Pre task execution logs
[2026-07-13T19:33:03.483+0000] {taskinstance.py:2076} INFO - Dependencies all met for dep_context=non-requeueable deps ti=<TaskInstance: ingest_velib_realtime.extract_and_load_velib_task scheduled__2026-07-13T18:00:00+00:00 [queued]>
[2026-07-13T19:33:03.489+0000] {taskinstance.py:2076} INFO - Dependencies all met for dep_context=requeueable deps ti=<TaskInstance: ingest_velib_realtime.extract_and_load_velib_task scheduled__2026-07-13T18:00:00+00:00 [queued]>
[2026-07-13T19:33:03.489+0000] {taskinstance.py:2306} INFO - Starting attempt 1 of 2
[2026-07-13T19:33:03.497+0000] {taskinstance.py:2330} INFO - Executing <Task(PythonOperator): extract_and_load_velib_task> on 2026-07-13 18:00:00+00:00
[2026-07-13T19:33:03.500+0000] {standard_task_runner.py:63} INFO - Started process 176 to run task
[2026-07-13T19:33:03.502+0000] {standard_task_runner.py:90} INFO - Running: ['***', 'tasks', 'run', 'ingest_velib_realtime', 'extract_and_load_velib_task', 'scheduled__2026-07-13T18:00:00+00:00', '--job-id', '4', '--raw', '--subdir', 'DAGS_FOLDER/ingest_velib_status.py', '--cfg-path', '/tmp/tmpj1iteuql']
[2026-07-13T19:33:03.504+0000] {standard_task_runner.py:91} INFO - Job 4: Subtask extract_and_load_velib_task
[2026-07-13T19:33:03.553+0000] {task_command.py:426} INFO - Running <TaskInstance: ingest_velib_realtime.extract_and_load_velib_task scheduled__2026-07-13T18:00:00+00:00 [running]> on host 3e8079f0e234
[2026-07-13T19:33:03.628+0000] {taskinstance.py:2648} INFO - Exporting env vars: AIRFLOW_CTX_DAG_OWNER='Amadou' AIRFLOW_CTX_DAG_ID='ingest_velib_realtime' AIRFLOW_CTX_TASK_ID='extract_and_load_velib_task' AIRFLOW_CTX_EXECUTION_DATE='2026-07-13T18:00:00+00:00' AIRFLOW_CTX_TRY_NUMBER='1' AIRFLOW_CTX_DAG_RUN_ID='scheduled__2026-07-13T18:00:00+00:00'
[2026-07-13T19:33:03.628+0000] {taskinstance.py:430} INFO - ::endgroup::
[2026-07-13T19:33:03.821+0000] {crypto.py:82} WARNING - empty cryptography key - values will not be stored encrypted.
[2026-07-13T19:33:03.822+0000] {base.py:84} INFO - Using connection ID 'postgres_dest_conn' for task execution.
[2026-07-13T19:33:03.875+0000] {logging_mixin.py:188} INFO - 🎉 Succès ! 100 stations insérées dans schema_raw.stg_raw_stations
[2026-07-13T19:33:03.876+0000] {python.py:237} INFO - Done. Returned value was: None
[2026-07-13T19:33:03.876+0000] {taskinstance.py:441} INFO - ::group::Post task execution logs
[2026-07-13T19:33:03.886+0000] {taskinstance.py:1206} INFO - Marking task as SUCCESS. dag_id=ingest_velib_realtime, task_id=extract_and_load_velib_task, run_id=scheduled__2026-07-13T18:00:00+00:00, execution_date=20260713T180000, start_date=20260713T193303, end_date=20260713T193303
[2026-07-13T19:33:04.018+0000] {local_task_job_runner.py:240} INFO - Task exited with return code 0
[2026-07-13T19:33:04.035+0000] {taskinstance.py:3498} INFO - 0 downstream tasks scheduled from follow-on schedule check
[2026-07-13T19:33:04.036+0000] {local_task_job_runner.py:222} INFO - ::endgroup::
