[2026-07-14T16:28:28.586+0000] {local_task_job_runner.py:120} INFO - ::group::Pre task execution logs
[2026-07-14T16:28:28.680+0000] {taskinstance.py:2076} INFO - Dependencies all met for dep_context=non-requeueable deps ti=<TaskInstance: ingest_and_transform_velib.dbt_run_task scheduled__2026-07-14T15:00:00+00:00 [queued]>
[2026-07-14T16:28:28.702+0000] {taskinstance.py:2076} INFO - Dependencies all met for dep_context=requeueable deps ti=<TaskInstance: ingest_and_transform_velib.dbt_run_task scheduled__2026-07-14T15:00:00+00:00 [queued]>
[2026-07-14T16:28:28.704+0000] {taskinstance.py:2306} INFO - Starting attempt 1 of 2
[2026-07-14T16:28:28.751+0000] {taskinstance.py:2330} INFO - Executing <Task(BashOperator): dbt_run_task> on 2026-07-14 15:00:00+00:00
[2026-07-14T16:28:28.762+0000] {standard_task_runner.py:63} INFO - Started process 178 to run task
[2026-07-14T16:28:28.771+0000] {standard_task_runner.py:90} INFO - Running: ['***', 'tasks', 'run', 'ingest_and_transform_velib', 'dbt_run_task', 'scheduled__2026-07-14T15:00:00+00:00', '--job-id', '3', '--raw', '--subdir', 'DAGS_FOLDER/ingest_velib_status.py', '--cfg-path', '/tmp/tmpotafyohq']
[2026-07-14T16:28:28.776+0000] {standard_task_runner.py:91} INFO - Job 3: Subtask dbt_run_task
[2026-07-14T16:28:29.070+0000] {task_command.py:426} INFO - Running <TaskInstance: ingest_and_transform_velib.dbt_run_task scheduled__2026-07-14T15:00:00+00:00 [running]> on host b7b224a7e0ee
[2026-07-14T16:28:29.380+0000] {taskinstance.py:2648} INFO - Exporting env vars: AIRFLOW_CTX_DAG_OWNER='Amadou' AIRFLOW_CTX_DAG_ID='ingest_and_transform_velib' AIRFLOW_CTX_TASK_ID='dbt_run_task' AIRFLOW_CTX_EXECUTION_DATE='2026-07-14T15:00:00+00:00' AIRFLOW_CTX_TRY_NUMBER='1' AIRFLOW_CTX_DAG_RUN_ID='scheduled__2026-07-14T15:00:00+00:00'
[2026-07-14T16:28:29.383+0000] {taskinstance.py:430} INFO - ::endgroup::
[2026-07-14T16:28:29.405+0000] {subprocess.py:63} INFO - Tmp dir root location: /tmp
[2026-07-14T16:28:29.408+0000] {subprocess.py:75} INFO - Running command: ['/usr/bin/bash', '-c', '\n        python -m pip install dbt-postgres==1.9.1\n        cd /opt/***/dbt_mobility\n        dbt run --profiles-dir .\n        dbt test --profiles-dir .\n        ']
[2026-07-14T16:28:29.433+0000] {subprocess.py:86} INFO - Output:
[2026-07-14T16:28:35.078+0000] {subprocess.py:93} INFO - Collecting dbt-postgres==1.9.1
[2026-07-14T16:28:36.026+0000] {subprocess.py:93} INFO -   Downloading dbt_postgres-1.9.1-py3-none-any.whl.metadata (3.8 kB)
[2026-07-14T16:28:36.241+0000] {subprocess.py:93} INFO - Collecting agate<2.0,>=1.0 (from dbt-postgres==1.9.1)
[2026-07-14T16:28:36.277+0000] {subprocess.py:93} INFO -   Downloading agate-1.14.2-py3-none-any.whl.metadata (3.1 kB)
[2026-07-14T16:28:36.692+0000] {subprocess.py:93} INFO - Collecting dbt-adapters<2.0,>=1.7.0 (from dbt-postgres==1.9.1)
[2026-07-14T16:28:36.716+0000] {subprocess.py:93} INFO -   Downloading dbt_adapters-1.24.4-py3-none-any.whl.metadata (4.6 kB)
[2026-07-14T16:28:36.850+0000] {subprocess.py:93} INFO - Collecting dbt-common<2.0,>=1.0.4 (from dbt-postgres==1.9.1)
[2026-07-14T16:28:36.882+0000] {subprocess.py:93} INFO -   Downloading dbt_common-1.38.0-py3-none-any.whl.metadata (5.0 kB)
[2026-07-14T16:28:37.224+0000] {subprocess.py:93} INFO - Collecting dbt-core>=1.8.0 (from dbt-postgres==1.9.1)
[2026-07-14T16:28:37.242+0000] {subprocess.py:93} INFO -   Downloading dbt_core-1.11.12-py3-none-any.whl.metadata (4.4 kB)
[2026-07-14T16:28:37.268+0000] {subprocess.py:93} INFO - Requirement already satisfied: psycopg2-binary<3.0,>=2.9 in /home/***/.local/lib/python3.11/site-packages (from dbt-postgres==1.9.1) (2.9.9)
[2026-07-14T16:28:37.296+0000] {subprocess.py:93} INFO - Requirement already satisfied: Babel>=2.0 in /home/***/.local/lib/python3.11/site-packages (from agate<2.0,>=1.0->dbt-postgres==1.9.1) (2.14.0)
[2026-07-14T16:28:37.299+0000] {subprocess.py:93} INFO - Requirement already satisfied: isodate>=0.5.4 in /home/***/.local/lib/python3.11/site-packages (from agate<2.0,>=1.0->dbt-postgres==1.9.1) (0.6.1)
[2026-07-14T16:28:37.361+0000] {subprocess.py:93} INFO - Collecting leather>=0.3.2 (from agate<2.0,>=1.0->dbt-postgres==1.9.1)
[2026-07-14T16:28:37.382+0000] {subprocess.py:93} INFO -   Downloading leather-0.4.1-py3-none-any.whl.metadata (3.0 kB)
[2026-07-14T16:28:37.471+0000] {subprocess.py:93} INFO - Collecting parsedatetime!=2.5,>=2.1 (from agate<2.0,>=1.0->dbt-postgres==1.9.1)
[2026-07-14T16:28:37.491+0000] {subprocess.py:93} INFO -   Downloading parsedatetime-2.6-py3-none-any.whl.metadata (4.7 kB)
[2026-07-14T16:28:37.520+0000] {subprocess.py:93} INFO - Requirement already satisfied: python-slugify>=1.2.1 in /home/***/.local/lib/python3.11/site-packages (from agate<2.0,>=1.0->dbt-postgres==1.9.1) (8.0.4)
[2026-07-14T16:28:37.584+0000] {subprocess.py:93} INFO - Collecting pytimeparse>=1.1.5 (from agate<2.0,>=1.0->dbt-postgres==1.9.1)
[2026-07-14T16:28:37.607+0000] {subprocess.py:93} INFO -   Downloading pytimeparse-1.1.8-py2.py3-none-any.whl.metadata (3.4 kB)
[2026-07-14T16:28:37.802+0000] {subprocess.py:93} INFO - Collecting dbt-protos<2.0,>=1.0.291 (from dbt-adapters<2.0,>=1.7.0->dbt-postgres==1.9.1)
[2026-07-14T16:28:37.827+0000] {subprocess.py:93} INFO -   Downloading dbt_protos-1.0.541-py3-none-any.whl.metadata (859 bytes)
[2026-07-14T16:28:38.147+0000] {subprocess.py:93} INFO - Collecting mashumaro<3.18,>=3.9 (from mashumaro[msgpack]<3.18,>=3.9->dbt-adapters<2.0,>=1.7.0->dbt-postgres==1.9.1)
[2026-07-14T16:28:38.186+0000] {subprocess.py:93} INFO -   Downloading mashumaro-3.17-py3-none-any.whl.metadata (118 kB)
[2026-07-14T16:28:38.239+0000] {subprocess.py:93} INFO -      ━━━━━━━━━━━━━━━━━━━━━━━━━━━━━━━━━━━━━━━ 118.2/118.2 kB 2.6 MB/s eta 0:00:00
[2026-07-14T16:28:38.867+0000] {subprocess.py:93} INFO - Collecting protobuf<7.0,>=6.0 (from dbt-adapters<2.0,>=1.7.0->dbt-postgres==1.9.1)
[2026-07-14T16:28:38.885+0000] {subprocess.py:93} INFO -   Downloading protobuf-6.33.6-cp39-abi3-manylinux2014_x86_64.whl.metadata (593 bytes)
[2026-07-14T16:28:38.910+0000] {subprocess.py:93} INFO - Requirement already satisfied: pytz>=2015.7 in /home/***/.local/lib/python3.11/site-packages (from dbt-adapters<2.0,>=1.7.0->dbt-postgres==1.9.1) (2024.1)
[2026-07-14T16:28:38.912+0000] {subprocess.py:93} INFO - Requirement already satisfied: typing-extensions<5.0,>=4.0 in /home/***/.local/lib/python3.11/site-packages (from dbt-adapters<2.0,>=1.7.0->dbt-postgres==1.9.1) (4.11.0)
[2026-07-14T16:28:38.969+0000] {subprocess.py:93} INFO - Collecting agate<2.0,>=1.0 (from dbt-postgres==1.9.1)
[2026-07-14T16:28:38.988+0000] {subprocess.py:93} INFO -   Downloading agate-1.9.1-py2.py3-none-any.whl.metadata (3.2 kB)
[2026-07-14T16:28:39.020+0000] {subprocess.py:93} INFO - Requirement already satisfied: colorama<0.5,>=0.3.9 in /home/***/.local/lib/python3.11/site-packages (from dbt-common<2.0,>=1.0.4->dbt-postgres==1.9.1) (0.4.6)
[2026-07-14T16:28:39.129+0000] {subprocess.py:93} INFO - Collecting deepdiff<9.0,>=7.0 (from dbt-common<2.0,>=1.0.4->dbt-postgres==1.9.1)
[2026-07-14T16:28:39.149+0000] {subprocess.py:93} INFO -   Downloading deepdiff-8.6.2-py3-none-any.whl.metadata (8.8 kB)
[2026-07-14T16:28:39.189+0000] {subprocess.py:93} INFO - Requirement already satisfied: jinja2<4,>=3.1.3 in /home/***/.local/lib/python3.11/site-packages (from dbt-common<2.0,>=1.0.4->dbt-postgres==1.9.1) (3.1.3)
[2026-07-14T16:28:39.192+0000] {subprocess.py:93} INFO - Requirement already satisfied: jsonschema<5.0,>=4.0 in /home/***/.local/lib/python3.11/site-packages (from dbt-common<2.0,>=1.0.4->dbt-postgres==1.9.1) (4.22.0)
[2026-07-14T16:28:39.216+0000] {subprocess.py:93} INFO - Requirement already satisfied: pathspec<1.1,>=0.9 in /home/***/.local/lib/python3.11/site-packages (from dbt-common<2.0,>=1.0.4->dbt-postgres==1.9.1) (0.12.1)
[2026-07-14T16:28:39.219+0000] {subprocess.py:93} INFO - Requirement already satisfied: python-dateutil<3.0,>=2.0 in /home/***/.local/lib/python3.11/site-packages (from dbt-common<2.0,>=1.0.4->dbt-postgres==1.9.1) (2.9.0.post0)
[2026-07-14T16:28:39.222+0000] {subprocess.py:93} INFO - Requirement already satisfied: requests<3.0.0 in /home/***/.local/lib/python3.11/site-packages (from dbt-common<2.0,>=1.0.4->dbt-postgres==1.9.1) (2.31.0)
[2026-07-14T16:28:39.354+0000] {subprocess.py:93} INFO - Collecting click<9.0,>=8.3.0 (from dbt-core>=1.8.0->dbt-postgres==1.9.1)
[2026-07-14T16:28:39.371+0000] {subprocess.py:93} INFO -   Downloading click-8.4.2-py3-none-any.whl.metadata (2.6 kB)
[2026-07-14T16:28:39.445+0000] {subprocess.py:93} INFO - Collecting daff>=1.3.46 (from dbt-core>=1.8.0->dbt-postgres==1.9.1)
[2026-07-14T16:28:39.464+0000] {subprocess.py:93} INFO -   Downloading daff-1.4.2-py3-none-any.whl.metadata (10 kB)
[2026-07-14T16:28:39.596+0000] {subprocess.py:93} INFO - Collecting dbt-extractor<=0.6,>=0.5.0 (from dbt-core>=1.8.0->dbt-postgres==1.9.1)
[2026-07-14T16:28:39.616+0000] {subprocess.py:93} INFO -   Downloading dbt_extractor-0.6.0-cp39-abi3-manylinux_2_17_x86_64.manylinux2014_x86_64.whl.metadata (4.6 kB)
[2026-07-14T16:28:39.755+0000] {subprocess.py:93} INFO - Collecting dbt-semantic-interfaces<0.10,>=0.9.0 (from dbt-core>=1.8.0->dbt-postgres==1.9.1)
[2026-07-14T16:28:39.774+0000] {subprocess.py:93} INFO -   Downloading dbt_semantic_interfaces-0.9.0-py3-none-any.whl.metadata (2.6 kB)
[2026-07-14T16:28:39.823+0000] {subprocess.py:93} INFO - Collecting mashumaro<3.18,>=3.9 (from mashumaro[msgpack]<3.18,>=3.9->dbt-adapters<2.0,>=1.7.0->dbt-postgres==1.9.1)
[2026-07-14T16:28:39.842+0000] {subprocess.py:93} INFO -   Downloading mashumaro-3.14-py3-none-any.whl.metadata (114 kB)
[2026-07-14T16:28:39.879+0000] {subprocess.py:93} INFO -      ━━━━━━━━━━━━━━━━━━━━━━━━━━━━━━━━━━━━━━━ 114.4/114.4 kB 3.3 MB/s eta 0:00:00
[2026-07-14T16:28:26.023+0000] {subprocess.py:93} INFO - Collecting networkx<4.0,>=2.3 (from dbt-core>=1.8.0->dbt-postgres==1.9.1)
[2026-07-14T16:28:26.041+0000] {subprocess.py:93} INFO -   Downloading networkx-3.6.1-py3-none-any.whl.metadata (6.8 kB)
[2026-07-14T16:28:26.069+0000] {subprocess.py:93} INFO - Requirement already satisfied: packaging>20.9 in /home/***/.local/lib/python3.11/site-packages (from dbt-core>=1.8.0->dbt-postgres==1.9.1) (24.0)
[2026-07-14T16:28:26.077+0000] {subprocess.py:93} INFO - Requirement already satisfied: pydantic<3 in /home/***/.local/lib/python3.11/site-packages (from dbt-core>=1.8.0->dbt-postgres==1.9.1) (2.7.1)
[2026-07-14T16:28:26.080+0000] {subprocess.py:93} INFO - Requirement already satisfied: pyyaml>=6.0 in /home/***/.local/lib/python3.11/site-packages (from dbt-core>=1.8.0->dbt-postgres==1.9.1) (6.0.1)
[2026-07-14T16:28:26.155+0000] {subprocess.py:93} INFO - Collecting snowplow-tracker<2.0,>=1.0.2 (from dbt-core>=1.8.0->dbt-postgres==1.9.1)
[2026-07-14T16:28:26.173+0000] {subprocess.py:93} INFO -   Downloading snowplow_tracker-1.1.0-py3-none-any.whl.metadata (5.7 kB)
[2026-07-14T16:28:26.265+0000] {subprocess.py:93} INFO - Collecting sqlparse<0.6.0,>=0.5.5 (from dbt-core>=1.8.0->dbt-postgres==1.9.1)
[2026-07-14T16:28:26.281+0000] {subprocess.py:93} INFO -   Downloading sqlparse-0.5.5-py3-none-any.whl.metadata (4.7 kB)
[2026-07-14T16:28:26.405+0000] {subprocess.py:93} INFO - Requirement already satisfied: importlib-metadata<9,>=6.0 in /home/***/.local/lib/python3.11/site-packages (from dbt-semantic-interfaces<0.10,>=0.9.0->dbt-core>=1.8.0->dbt-postgres==1.9.1) (6.11.0)
[2026-07-14T16:28:26.475+0000] {subprocess.py:93} INFO - Collecting jinja2<4,>=3.1.3 (from dbt-common<2.0,>=1.0.4->dbt-postgres==1.9.1)
[2026-07-14T16:28:26.492+0000] {subprocess.py:93} INFO -   Downloading jinja2-3.1.6-py3-none-any.whl.metadata (2.9 kB)
[2026-07-14T16:28:26.520+0000] {subprocess.py:93} INFO - Requirement already satisfied: more-itertools<11.0,>=8.0 in /home/***/.local/lib/python3.11/site-packages (from dbt-semantic-interfaces<0.10,>=0.9.0->dbt-core>=1.8.0->dbt-postgres==1.9.1) (10.2.0)
[2026-07-14T16:28:26.630+0000] {subprocess.py:93} INFO - Collecting orderly-set<6,>=5.4.1 (from deepdiff<9.0,>=7.0->dbt-common<2.0,>=1.0.4->dbt-postgres==1.9.1)
[2026-07-14T16:28:26.647+0000] {subprocess.py:93} INFO -   Downloading orderly_set-5.5.0-py3-none-any.whl.metadata (6.6 kB)
[2026-07-14T16:28:26.682+0000] {subprocess.py:93} INFO - Requirement already satisfied: six in /home/***/.local/lib/python3.11/site-packages (from isodate>=0.5.4->agate<2.0,>=1.0->dbt-postgres==1.9.1) (1.16.0)
[2026-07-14T16:28:26.691+0000] {subprocess.py:93} INFO - Requirement already satisfied: MarkupSafe>=2.0 in /home/***/.local/lib/python3.11/site-packages (from jinja2<4,>=3.1.3->dbt-common<2.0,>=1.0.4->dbt-postgres==1.9.1) (2.1.5)
[2026-07-14T16:28:26.720+0000] {subprocess.py:93} INFO - Requirement already satisfied: attrs>=22.2.0 in /home/***/.local/lib/python3.11/site-packages (from jsonschema<5.0,>=4.0->dbt-common<2.0,>=1.0.4->dbt-postgres==1.9.1) (23.2.0)
[2026-07-14T16:28:26.723+0000] {subprocess.py:93} INFO - Requirement already satisfied: jsonschema-specifications>=2023.03.6 in /home/***/.local/lib/python3.11/site-packages (from jsonschema<5.0,>=4.0->dbt-common<2.0,>=1.0.4->dbt-postgres==1.9.1) (2023.12.1)
[2026-07-14T16:28:26.725+0000] {subprocess.py:93} INFO - Requirement already satisfied: referencing>=0.28.4 in /home/***/.local/lib/python3.11/site-packages (from jsonschema<5.0,>=4.0->dbt-common<2.0,>=1.0.4->dbt-postgres==1.9.1) (0.31.1)
[2026-07-14T16:28:26.727+0000] {subprocess.py:93} INFO - Requirement already satisfied: rpds-py>=0.7.1 in /home/***/.local/lib/python3.11/site-packages (from jsonschema<5.0,>=4.0->dbt-common<2.0,>=1.0.4->dbt-postgres==1.9.1) (0.18.0)
[2026-07-14T16:28:27.049+0000] {subprocess.py:93} INFO - Collecting msgpack>=0.5.6 (from mashumaro[msgpack]<3.18,>=3.9->dbt-adapters<2.0,>=1.7.0->dbt-postgres==1.9.1)
[2026-07-14T16:28:27.067+0000] {subprocess.py:93} INFO -   Downloading msgpack-1.2.1-cp311-cp311-manylinux2014_x86_64.manylinux_2_17_x86_64.manylinux_2_28_x86_64.whl.metadata (8.3 kB)
[2026-07-14T16:28:27.204+0000] {subprocess.py:93} INFO - Requirement already satisfied: annotated-types>=0.4.0 in /home/***/.local/lib/python3.11/site-packages (from pydantic<3->dbt-core>=1.8.0->dbt-postgres==1.9.1) (0.6.0)
[2026-07-14T16:28:27.208+0000] {subprocess.py:93} INFO - Requirement already satisfied: pydantic-core==2.18.2 in /home/***/.local/lib/python3.11/site-packages (from pydantic<3->dbt-core>=1.8.0->dbt-postgres==1.9.1) (2.18.2)
[2026-07-14T16:28:27.246+0000] {subprocess.py:93} INFO - Requirement already satisfied: text-unidecode>=1.3 in /home/***/.local/lib/python3.11/site-packages (from python-slugify>=1.2.1->agate<2.0,>=1.0->dbt-postgres==1.9.1) (1.3)
[2026-07-14T16:28:27.299+0000] {subprocess.py:93} INFO - Requirement already satisfied: charset-normalizer<4,>=2 in /home/***/.local/lib/python3.11/site-packages (from requests<3.0.0->dbt-common<2.0,>=1.0.4->dbt-postgres==1.9.1) (3.3.2)
[2026-07-14T16:28:27.301+0000] {subprocess.py:93} INFO - Requirement already satisfied: idna<4,>=2.5 in /home/***/.local/lib/python3.11/site-packages (from requests<3.0.0->dbt-common<2.0,>=1.0.4->dbt-postgres==1.9.1) (3.7)
[2026-07-14T16:28:27.303+0000] {subprocess.py:93} INFO - Requirement already satisfied: urllib3<3,>=1.21.1 in /home/***/.local/lib/python3.11/site-packages (from requests<3.0.0->dbt-common<2.0,>=1.0.4->dbt-postgres==1.9.1) (2.2.1)
[2026-07-14T16:28:27.306+0000] {subprocess.py:93} INFO - Requirement already satisfied: certifi>=2017.4.17 in /home/***/.local/lib/python3.11/site-packages (from requests<3.0.0->dbt-common<2.0,>=1.0.4->dbt-postgres==1.9.1) (2024.2.2)
[2026-07-14T16:28:27.487+0000] {subprocess.py:93} INFO - Requirement already satisfied: zipp>=0.5 in /home/***/.local/lib/python3.11/site-packages (from importlib-metadata<9,>=6.0->dbt-semantic-interfaces<0.10,>=0.9.0->dbt-core>=1.8.0->dbt-postgres==1.9.1) (3.18.1)
[2026-07-14T16:28:27.717+0000] {subprocess.py:93} INFO - Downloading dbt_postgres-1.9.1-py3-none-any.whl (35 kB)
[2026-07-14T16:28:27.760+0000] {subprocess.py:93} INFO - Downloading dbt_adapters-1.24.4-py3-none-any.whl (176 kB)
[2026-07-14T16:28:27.827+0000] {subprocess.py:93} INFO -    ━━━━━━━━━━━━━━━━━━━━━━━━━━━━━━━━━━━━━━━━ 176.9/176.9 kB 2.7 MB/s eta 0:00:00
[2026-07-14T16:28:27.847+0000] {subprocess.py:93} INFO - Downloading dbt_common-1.38.0-py3-none-any.whl (88 kB)
[2026-07-14T16:28:27.914+0000] {subprocess.py:93} INFO -    ━━━━━━━━━━━━━━━━━━━━━━━━━━━━━━━━━━━━━━━━ 88.5/88.5 kB 1.4 MB/s eta 0:00:00
[2026-07-14T16:28:27.931+0000] {subprocess.py:93} INFO - Downloading agate-1.9.1-py2.py3-none-any.whl (95 kB)
[2026-07-14T16:28:28.149+0000] {subprocess.py:93} INFO -    ━━━━━━━━━━━━━━━━━━━━━━━━━━━━━━━━━━━━━━━━ 95.1/95.1 kB 419.6 kB/s eta 0:00:00
[2026-07-14T16:28:28.169+0000] {subprocess.py:93} INFO - Downloading dbt_core-1.11.12-py3-none-any.whl (1.1 MB)
[2026-07-14T16:28:28.358+0000] {subprocess.py:93} INFO -    ━━━━━━━━━━━━━━━━━━━━━━━━━━━━━━━━━━━━━━━━ 1.1/1.1 MB 5.8 MB/s eta 0:00:00
[2026-07-14T16:28:28.382+0000] {subprocess.py:93} INFO - Downloading click-8.4.2-py3-none-any.whl (119 kB)
[2026-07-14T16:28:28.511+0000] {subprocess.py:93} INFO -    ━━━━━━━━━━━━━━━━━━━━━━━━━━━━━━━━━━━━━━━ 119.2/119.2 kB 917.4 kB/s eta 0:00:00
[2026-07-14T16:28:28.530+0000] {subprocess.py:93} INFO - Downloading daff-1.4.2-py3-none-any.whl (144 kB)
[2026-07-14T16:28:28.747+0000] {subprocess.py:93} INFO -    ━━━━━━━━━━━━━━━━━━━━━━━━━━━━━━━━━━━━━━━ 144.9/144.9 kB 643.5 kB/s eta 0:00:00
[2026-07-14T16:28:28.773+0000] {subprocess.py:93} INFO - Downloading dbt_extractor-0.6.0-cp39-abi3-manylinux_2_17_x86_64.manylinux2014_x86_64.whl (442 kB)
[2026-07-14T16:28:28.915+0000] {subprocess.py:93} INFO -    ━━━━━━━━━━━━━━━━━━━━━━━━━━━━━━━━━━━━━━━━ 442.7/442.7 kB 3.2 MB/s eta 0:00:00
[2026-07-14T16:28:28.933+0000] {subprocess.py:93} INFO - Downloading dbt_protos-1.0.541-py3-none-any.whl (241 kB)
[2026-07-14T16:28:29.038+0000] {subprocess.py:93} INFO -    ━━━━━━━━━━━━━━━━━━━━━━━━━━━━━━━━━━━━━━━━ 241.8/241.8 kB 2.3 MB/s eta 0:00:00
[2026-07-14T16:28:29.057+0000] {subprocess.py:93} INFO - Downloading dbt_semantic_interfaces-0.9.0-py3-none-any.whl (147 kB)
[2026-07-14T16:28:29.133+0000] {subprocess.py:93} INFO -    ━━━━━━━━━━━━━━━━━━━━━━━━━━━━━━━━━━━━━━━━ 147.0/147.0 kB 1.9 MB/s eta 0:00:00
[2026-07-14T16:28:29.149+0000] {subprocess.py:93} INFO - Downloading deepdiff-8.6.2-py3-none-any.whl (91 kB)
[2026-07-14T16:28:29.236+0000] {subprocess.py:93} INFO -    ━━━━━━━━━━━━━━━━━━━━━━━━━━━━━━━━━━━━━━━━ 92.0/92.0 kB 992.3 kB/s eta 0:00:00
[2026-07-14T16:28:29.252+0000] {subprocess.py:93} INFO - Downloading jinja2-3.1.6-py3-none-any.whl (134 kB)
[2026-07-14T16:28:29.308+0000] {subprocess.py:93} INFO -    ━━━━━━━━━━━━━━━━━━━━━━━━━━━━━━━━━━━━━━━━ 134.9/134.9 kB 2.5 MB/s eta 0:00:00
[2026-07-14T16:28:29.333+0000] {subprocess.py:93} INFO - Downloading leather-0.4.1-py3-none-any.whl (30 kB)
[2026-07-14T16:28:29.450+0000] {subprocess.py:93} INFO - Downloading mashumaro-3.14-py3-none-any.whl (92 kB)
[2026-07-14T16:28:29.512+0000] {subprocess.py:93} INFO -    ━━━━━━━━━━━━━━━━━━━━━━━━━━━━━━━━━━━━━━━━ 92.2/92.2 kB 1.6 MB/s eta 0:00:00
[2026-07-14T16:28:29.537+0000] {subprocess.py:93} INFO - Downloading networkx-3.6.1-py3-none-any.whl (2.1 MB)
[2026-07-14T16:28:30.006+0000] {subprocess.py:93} INFO -    ━━━━━━━━━━━━━━━━━━━━━━━━━━━━━━━━━━━━━━━━ 2.1/2.1 MB 4.5 MB/s eta 0:00:00
[2026-07-14T16:28:30.032+0000] {subprocess.py:93} INFO - Downloading parsedatetime-2.6-py3-none-any.whl (42 kB)
[2026-07-14T16:28:30.144+0000] {subprocess.py:93} INFO -    ━━━━━━━━━━━━━━━━━━━━━━━━━━━━━━━━━━━━━━━━ 42.5/42.5 kB 316.0 kB/s eta 0:00:00
[2026-07-14T16:28:30.164+0000] {subprocess.py:93} INFO - Downloading protobuf-6.33.6-cp39-abi3-manylinux2014_x86_64.whl (323 kB)
[2026-07-14T16:28:30.324+0000] {subprocess.py:93} INFO -    ━━━━━━━━━━━━━━━━━━━━━━━━━━━━━━━━━━━━━━━━ 323.4/323.4 kB 2.1 MB/s eta 0:00:00
[2026-07-14T16:28:30.352+0000] {subprocess.py:93} INFO - Downloading pytimeparse-1.1.8-py2.py3-none-any.whl (10.0 kB)
[2026-07-14T16:28:30.480+0000] {subprocess.py:93} INFO - Downloading snowplow_tracker-1.1.0-py3-none-any.whl (44 kB)
[2026-07-14T16:28:30.562+0000] {subprocess.py:93} INFO -    ━━━━━━━━━━━━━━━━━━━━━━━━━━━━━━━━━━━━━━━━ 44.1/44.1 kB 443.1 kB/s eta 0:00:00
[2026-07-14T16:28:30.581+0000] {subprocess.py:93} INFO - Downloading sqlparse-0.5.5-py3-none-any.whl (46 kB)
[2026-07-14T16:28:30.654+0000] {subprocess.py:93} INFO -    ━━━━━━━━━━━━━━━━━━━━━━━━━━━━━━━━━━━━━━━━ 46.1/46.1 kB 529.1 kB/s eta 0:00:00
[2026-07-14T16:28:30.676+0000] {subprocess.py:93} INFO - Downloading msgpack-1.2.1-cp311-cp311-manylinux2014_x86_64.manylinux_2_17_x86_64.manylinux_2_28_x86_64.whl (423 kB)
[2026-07-14T16:28:44.761+0000] {subprocess.py:93} INFO -    ━━━━━━━━━━━━━━━━━━━━━━━━━━━━━━━━━━━━━━━━ 423.8/423.8 kB 4.1 MB/s eta 0:00:00
[2026-07-14T16:28:44.780+0000] {subprocess.py:93} INFO - Downloading orderly_set-5.5.0-py3-none-any.whl (13 kB)
[2026-07-14T16:28:49.864+0000] {subprocess.py:93} INFO - Installing collected packages: pytimeparse, parsedatetime, leather, daff, sqlparse, protobuf, orderly-set, networkx, msgpack, mashumaro, jinja2, dbt-extractor, click, snowplow-tracker, deepdiff, dbt-protos, agate, dbt-semantic-interfaces, dbt-common, dbt-adapters, dbt-core, dbt-postgres
[2026-07-14T16:28:50.748+0000] {subprocess.py:93} INFO -   Attempting uninstall: sqlparse
[2026-07-14T16:28:50.824+0000] {subprocess.py:93} INFO -     Found existing installation: sqlparse 0.5.0
[2026-07-14T16:28:50.842+0000] {subprocess.py:93} INFO -     Uninstalling sqlparse-0.5.0:
[2026-07-14T16:28:50.921+0000] {subprocess.py:93} INFO -       Successfully uninstalled sqlparse-0.5.0
[2026-07-14T16:28:51.044+0000] {subprocess.py:93} INFO -   Attempting uninstall: protobuf
[2026-07-14T16:28:51.256+0000] {subprocess.py:93} INFO -     Found existing installation: protobuf 4.25.3
[2026-07-14T16:28:51.269+0000] {subprocess.py:93} INFO -     Uninstalling protobuf-4.25.3:
[2026-07-14T16:28:51.312+0000] {subprocess.py:93} INFO -       Successfully uninstalled protobuf-4.25.3
[2026-07-14T16:28:54.074+0000] {subprocess.py:93} INFO -   Attempting uninstall: jinja2
[2026-07-14T16:28:54.184+0000] {subprocess.py:93} INFO -     Found existing installation: Jinja2 3.1.3
[2026-07-14T16:28:54.195+0000] {subprocess.py:93} INFO -     Uninstalling Jinja2-3.1.3:
[2026-07-14T16:28:54.228+0000] {subprocess.py:93} INFO -       Successfully uninstalled Jinja2-3.1.3
[2026-07-14T16:28:54.828+0000] {subprocess.py:93} INFO -   Attempting uninstall: click
[2026-07-14T16:28:54.987+0000] {subprocess.py:93} INFO -     Found existing installation: click 8.1.7
[2026-07-14T16:28:54.998+0000] {subprocess.py:93} INFO -     Uninstalling click-8.1.7:
[2026-07-14T16:28:55.028+0000] {subprocess.py:93} INFO -       Successfully uninstalled click-8.1.7
[2026-07-14T16:29:04.181+0000] {subprocess.py:93} INFO - ERROR: pip's dependency resolver does not currently take into account all the packages that are installed. This behaviour is the source of the following dependency conflicts.
[2026-07-14T16:29:04.183+0000] {subprocess.py:93} INFO - google-cloud-dataproc-metastore 1.15.3 requires protobuf!=3.20.0,!=3.20.1,!=4.21.0,!=4.21.1,!=4.21.2,!=4.21.3,!=4.21.4,!=4.21.5,<5.0.0dev,>=3.19.5, but you have protobuf 6.33.6 which is incompatible.
[2026-07-14T16:29:04.185+0000] {subprocess.py:93} INFO - google-cloud-secret-manager 2.20.0 requires protobuf!=3.20.0,!=3.20.1,!=4.21.0,!=4.21.1,!=4.21.2,!=4.21.3,!=4.21.4,!=4.21.5,<5.0.0dev,>=3.19.5, but you have protobuf 6.33.6 which is incompatible.
[2026-07-14T16:29:04.187+0000] {subprocess.py:93} INFO - google-cloud-run 0.10.5 requires protobuf!=3.20.0,!=3.20.1,!=4.21.0,!=4.21.1,!=4.21.2,!=4.21.3,!=4.21.4,!=4.21.5,<5.0.0dev,>=3.19.5, but you have protobuf 6.33.6 which is incompatible.
[2026-07-14T16:29:04.188+0000] {subprocess.py:93} INFO - grpc-google-iam-v1 0.13.0 requires protobuf!=3.20.0,!=3.20.1,!=4.21.1,!=4.21.2,!=4.21.3,!=4.21.4,!=4.21.5,<5.0.0dev,>=3.19.5, but you have protobuf 6.33.6 which is incompatible.
[2026-07-14T16:29:04.189+0000] {subprocess.py:93} INFO - google-api-core 2.19.0 requires protobuf!=3.20.0,!=3.20.1,!=4.21.0,!=4.21.1,!=4.21.2,!=4.21.3,!=4.21.4,!=4.21.5,<5.0.0.dev0,>=3.19.5, but you have protobuf 6.33.6 which is incompatible.
[2026-07-14T16:29:04.191+0000] {subprocess.py:93} INFO - google-cloud-redis 2.15.3 requires protobuf!=3.20.0,!=3.20.1,!=4.21.0,!=4.21.1,!=4.21.2,!=4.21.3,!=4.21.4,!=4.21.5,<5.0.0dev,>=3.19.5, but you have protobuf 6.33.6 which is incompatible.
[2026-07-14T16:29:04.193+0000] {subprocess.py:93} INFO - google-cloud-batch 0.17.18 requires protobuf!=3.20.0,!=3.20.1,!=4.21.0,!=4.21.1,!=4.21.2,!=4.21.3,!=4.21.4,!=4.21.5,<5.0.0dev,>=3.19.5, but you have protobuf 6.33.6 which is incompatible.
[2026-07-14T16:29:04.194+0000] {subprocess.py:93} INFO - google-cloud-dlp 3.16.0 requires protobuf!=3.20.0,!=3.20.1,!=4.21.0,!=4.21.1,!=4.21.2,!=4.21.3,!=4.21.4,!=4.21.5,<5.0.0dev,>=3.19.5, but you have protobuf 6.33.6 which is incompatible.
[2026-07-14T16:29:04.196+0000] {subprocess.py:93} INFO - google-cloud-dataplex 1.13.0 requires protobuf!=3.20.0,!=3.20.1,!=4.21.0,!=4.21.1,!=4.21.2,!=4.21.3,!=4.21.4,!=4.21.5,<5.0.0dev,>=3.19.5, but you have protobuf 6.33.6 which is incompatible.
[2026-07-14T16:29:04.197+0000] {subprocess.py:93} INFO - google-cloud-container 2.45.0 requires protobuf!=3.20.0,!=3.20.1,!=4.21.0,!=4.21.1,!=4.21.2,!=4.21.3,!=4.21.4,!=4.21.5,<5.0.0dev,>=3.19.5, but you have protobuf 6.33.6 which is incompatible.
[2026-07-14T16:29:04.199+0000] {subprocess.py:93} INFO - google-cloud-memcache 1.9.3 requires protobuf!=3.20.0,!=3.20.1,!=4.21.0,!=4.21.1,!=4.21.2,!=4.21.3,!=4.21.4,!=4.21.5,<5.0.0dev,>=3.19.5, but you have protobuf 6.33.6 which is incompatible.
[2026-07-14T16:29:04.200+0000] {subprocess.py:93} INFO - googleapis-common-protos 1.63.0 requires protobuf!=3.20.0,!=3.20.1,!=4.21.1,!=4.21.2,!=4.21.3,!=4.21.4,!=4.21.5,<5.0.0.dev0,>=3.19.5, but you have protobuf 6.33.6 which is incompatible.
[2026-07-14T16:29:04.201+0000] {subprocess.py:93} INFO - google-cloud-audit-log 0.2.5 requires protobuf!=3.20.0,!=3.20.1,!=4.21.1,!=4.21.2,!=4.21.3,!=4.21.4,!=4.21.5,<5.0.0dev,>=3.19.5, but you have protobuf 6.33.6 which is incompatible.
[2026-07-14T16:29:04.202+0000] {subprocess.py:93} INFO - google-cloud-language 2.13.3 requires protobuf!=3.20.0,!=3.20.1,!=4.21.0,!=4.21.1,!=4.21.2,!=4.21.3,!=4.21.4,!=4.21.5,<5.0.0dev,>=3.19.5, but you have protobuf 6.33.6 which is incompatible.
[2026-07-14T16:29:04.204+0000] {subprocess.py:93} INFO - google-cloud-speech 2.26.0 requires protobuf!=3.20.0,!=3.20.1,!=4.21.0,!=4.21.1,!=4.21.2,!=4.21.3,!=4.21.4,!=4.21.5,<5.0.0dev,>=3.19.5, but you have protobuf 6.33.6 which is incompatible.
[2026-07-14T16:29:04.205+0000] {subprocess.py:93} INFO - google-cloud-kms 2.21.4 requires protobuf!=3.20.0,!=3.20.1,!=4.21.0,!=4.21.1,!=4.21.2,!=4.21.3,!=4.21.4,!=4.21.5,<5.0.0dev,>=3.19.5, but you have protobuf 6.33.6 which is incompatible.
[2026-07-14T16:29:04.207+0000] {subprocess.py:93} INFO - google-cloud-compute 1.18.0 requires protobuf!=3.20.0,!=3.20.1,!=4.21.0,!=4.21.1,!=4.21.2,!=4.21.3,!=4.21.4,!=4.21.5,<5.0.0dev,>=3.19.5, but you have protobuf 6.33.6 which is incompatible.
[2026-07-14T16:29:04.208+0000] {subprocess.py:93} INFO - google-cloud-tasks 2.16.3 requires protobuf!=3.20.0,!=3.20.1,!=4.21.0,!=4.21.1,!=4.21.2,!=4.21.3,!=4.21.4,!=4.21.5,<5.0.0dev,>=3.19.5, but you have protobuf 6.33.6 which is incompatible.
[2026-07-14T16:29:04.210+0000] {subprocess.py:93} INFO - google-cloud-bigtable 2.23.1 requires protobuf!=3.20.0,!=3.20.1,!=4.21.0,!=4.21.1,!=4.21.2,!=4.21.3,!=4.21.4,!=4.21.5,<5.0.0dev,>=3.19.5, but you have protobuf 6.33.6 which is incompatible.
[2026-07-14T16:29:04.211+0000] {subprocess.py:93} INFO - google-cloud-texttospeech 2.16.3 requires protobuf!=3.20.0,!=3.20.1,!=4.21.0,!=4.21.1,!=4.21.2,!=4.21.3,!=4.21.4,!=4.21.5,<5.0.0dev,>=3.19.5, but you have protobuf 6.33.6 which is incompatible.
[2026-07-14T16:29:04.213+0000] {subprocess.py:93} INFO - google-cloud-build 3.24.0 requires protobuf!=3.20.0,!=3.20.1,!=4.21.0,!=4.21.1,!=4.21.2,!=4.21.3,!=4.21.4,!=4.21.5,<5.0.0dev,>=3.19.5, but you have protobuf 6.33.6 which is incompatible.
[2026-07-14T16:29:04.214+0000] {subprocess.py:93} INFO - google-cloud-dataflow-client 0.8.10 requires protobuf!=3.20.0,!=3.20.1,!=4.21.0,!=4.21.1,!=4.21.2,!=4.21.3,!=4.21.4,!=4.21.5,<5.0.0dev,>=3.19.5, but you have protobuf 6.33.6 which is incompatible.
[2026-07-14T16:29:04.216+0000] {subprocess.py:93} INFO - google-cloud-videointelligence 2.13.3 requires protobuf!=3.20.0,!=3.20.1,!=4.21.0,!=4.21.1,!=4.21.2,!=4.21.3,!=4.21.4,!=4.21.5,<5.0.0dev,>=3.19.5, but you have protobuf 6.33.6 which is incompatible.
[2026-07-14T16:29:04.217+0000] {subprocess.py:93} INFO - google-cloud-vision 3.7.2 requires protobuf!=3.20.0,!=3.20.1,!=4.21.0,!=4.21.1,!=4.21.2,!=4.21.3,!=4.21.4,!=4.21.5,<5.0.0dev,>=3.19.5, but you have protobuf 6.33.6 which is incompatible.
[2026-07-14T16:29:04.218+0000] {subprocess.py:93} INFO - google-cloud-datacatalog 3.19.0 requires protobuf!=3.20.0,!=3.20.1,!=4.21.0,!=4.21.1,!=4.21.2,!=4.21.3,!=4.21.4,!=4.21.5,<5.0.0dev,>=3.19.5, but you have protobuf 6.33.6 which is incompatible.
[2026-07-14T16:29:04.219+0000] {subprocess.py:93} INFO - google-cloud-automl 2.13.3 requires protobuf!=3.20.0,!=3.20.1,!=4.21.0,!=4.21.1,!=4.21.2,!=4.21.3,!=4.21.4,!=4.21.5,<5.0.0dev,>=3.19.5, but you have protobuf 6.33.6 which is incompatible.
[2026-07-14T16:29:04.221+0000] {subprocess.py:93} INFO - google-cloud-spanner 3.46.0 requires protobuf!=3.20.0,!=3.20.1,!=4.21.0,!=4.21.1,!=4.21.2,!=4.21.3,!=4.21.4,!=4.21.5,<5.0.0dev,>=3.19.5, but you have protobuf 6.33.6 which is incompatible.
[2026-07-14T16:29:04.222+0000] {subprocess.py:93} INFO - google-cloud-aiplatform 1.49.0 requires protobuf!=3.20.0,!=3.20.1,!=4.21.0,!=4.21.1,!=4.21.2,!=4.21.3,!=4.21.4,!=4.21.5,<5.0.0dev,>=3.19.5, but you have protobuf 6.33.6 which is incompatible.
[2026-07-14T16:29:04.224+0000] {subprocess.py:93} INFO - google-analytics-admin 0.22.7 requires protobuf!=3.20.0,!=3.20.1,!=4.21.0,!=4.21.1,!=4.21.2,!=4.21.3,!=4.21.4,!=4.21.5,<5.0.0dev,>=3.19.5, but you have protobuf 6.33.6 which is incompatible.
[2026-07-14T16:29:04.225+0000] {subprocess.py:93} INFO - google-cloud-bigquery-datatransfer 3.15.2 requires protobuf!=3.20.0,!=3.20.1,!=4.21.0,!=4.21.1,!=4.21.2,!=4.21.3,!=4.21.4,!=4.21.5,<5.0.0dev,>=3.19.5, but you have protobuf 6.33.6 which is incompatible.
[2026-07-14T16:29:04.226+0000] {subprocess.py:93} INFO - google-ads 24.0.0 requires protobuf<5.0.0,>=4.25.0, but you have protobuf 6.33.6 which is incompatible.
[2026-07-14T16:29:04.227+0000] {subprocess.py:93} INFO - google-cloud-dataproc 5.9.3 requires protobuf!=3.20.0,!=3.20.1,!=4.21.0,!=4.21.1,!=4.21.2,!=4.21.3,!=4.21.4,!=4.21.5,<5.0.0dev,>=3.19.5, but you have protobuf 6.33.6 which is incompatible.
[2026-07-14T16:29:04.229+0000] {subprocess.py:93} INFO - google-cloud-monitoring 2.21.0 requires protobuf!=3.20.0,!=3.20.1,!=4.21.0,!=4.21.1,!=4.21.2,!=4.21.3,!=4.21.4,!=4.21.5,<5.0.0dev,>=3.19.5, but you have protobuf 6.33.6 which is incompatible.
[2026-07-14T16:29:04.230+0000] {subprocess.py:93} INFO - proto-plus 1.23.0 requires protobuf<5.0.0dev,>=3.19.0, but you have protobuf 6.33.6 which is incompatible.
[2026-07-14T16:29:04.231+0000] {subprocess.py:93} INFO - google-cloud-resource-manager 1.12.3 requires protobuf!=3.20.0,!=3.20.1,!=4.21.0,!=4.21.1,!=4.21.2,!=4.21.3,!=4.21.4,!=4.21.5,<5.0.0dev,>=3.19.5, but you have protobuf 6.33.6 which is incompatible.
[2026-07-14T16:29:04.232+0000] {subprocess.py:93} INFO - google-cloud-pubsub 2.21.1 requires protobuf!=3.20.0,!=3.20.1,!=4.21.0,!=4.21.1,!=4.21.2,!=4.21.3,!=4.21.4,!=4.21.5,<5.0.0dev,>=3.19.5, but you have protobuf 6.33.6 which is incompatible.
[2026-07-14T16:29:04.233+0000] {subprocess.py:93} INFO - opentelemetry-proto 1.24.0 requires protobuf<5.0,>=3.19, but you have protobuf 6.33.6 which is incompatible.
[2026-07-14T16:29:04.235+0000] {subprocess.py:93} INFO - google-cloud-translate 3.15.3 requires protobuf!=3.20.0,!=3.20.1,!=4.21.0,!=4.21.1,!=4.21.2,!=4.21.3,!=4.21.4,!=4.21.5,<5.0.0dev,>=3.19.5, but you have protobuf 6.33.6 which is incompatible.
[2026-07-14T16:29:04.236+0000] {subprocess.py:93} INFO - google-cloud-storage-transfer 1.11.3 requires protobuf!=3.20.0,!=3.20.1,!=4.21.0,!=4.21.1,!=4.21.2,!=4.21.3,!=4.21.4,!=4.21.5,<5.0.0dev,>=3.19.5, but you have protobuf 6.33.6 which is incompatible.
[2026-07-14T16:29:04.237+0000] {subprocess.py:93} INFO - google-cloud-appengine-logging 1.4.3 requires protobuf!=3.20.0,!=3.20.1,!=4.21.0,!=4.21.1,!=4.21.2,!=4.21.3,!=4.21.4,!=4.21.5,<5.0.0dev,>=3.19.5, but you have protobuf 6.33.6 which is incompatible.
[2026-07-14T16:29:04.239+0000] {subprocess.py:93} INFO - google-cloud-workflows 1.14.3 requires protobuf!=3.20.0,!=3.20.1,!=4.21.0,!=4.21.1,!=4.21.2,!=4.21.3,!=4.21.4,!=4.21.5,<5.0.0dev,>=3.19.5, but you have protobuf 6.33.6 which is incompatible.
[2026-07-14T16:29:04.240+0000] {subprocess.py:93} INFO - google-cloud-logging 3.10.0 requires protobuf!=3.20.0,!=3.20.1,!=4.21.0,!=4.21.1,!=4.21.2,!=4.21.3,!=4.21.4,!=4.21.5,<5.0.0dev,>=3.19.5, but you have protobuf 6.33.6 which is incompatible.
[2026-07-14T16:29:04.242+0000] {subprocess.py:93} INFO - google-cloud-dataform 0.5.9 requires protobuf!=3.20.0,!=3.20.1,!=4.21.0,!=4.21.1,!=4.21.2,!=4.21.3,!=4.21.4,!=4.21.5,<5.0.0dev,>=3.19.5, but you have protobuf 6.33.6 which is incompatible.
[2026-07-14T16:29:04.244+0000] {subprocess.py:93} INFO - google-cloud-os-login 2.14.3 requires protobuf!=3.20.0,!=3.20.1,!=4.21.0,!=4.21.1,!=4.21.2,!=4.21.3,!=4.21.4,!=4.21.5,<5.0.0dev,>=3.19.5, but you have protobuf 6.33.6 which is incompatible.
[2026-07-14T16:29:04.245+0000] {subprocess.py:93} INFO - google-cloud-orchestration-*** 1.12.1 requires protobuf!=3.20.0,!=3.20.1,!=4.21.0,!=4.21.1,!=4.21.2,!=4.21.3,!=4.21.4,!=4.21.5,<5.0.0dev,>=3.19.5, but you have protobuf 6.33.6 which is incompatible.
[2026-07-14T16:29:04.246+0000] {subprocess.py:93} INFO - Successfully installed agate-1.9.1 click-8.4.2 daff-1.4.2 dbt-adapters-1.24.4 dbt-common-1.38.0 dbt-core-1.11.12 dbt-extractor-0.6.0 dbt-postgres-1.9.1 dbt-protos-1.0.541 dbt-semantic-interfaces-0.9.0 deepdiff-8.6.2 jinja2-3.1.6 leather-0.4.1 mashumaro-3.14 msgpack-1.2.1 networkx-3.6.1 orderly-set-5.5.0 parsedatetime-2.6 protobuf-6.33.6 pytimeparse-1.1.8 snowplow-tracker-1.1.0 sqlparse-0.5.5
[2026-07-14T16:29:05.221+0000] {subprocess.py:93} INFO - 
[2026-07-14T16:29:05.224+0000] {subprocess.py:93} INFO - [notice] A new release of pip is available: 24.0 -> 26.1.2
[2026-07-14T16:29:05.226+0000] {subprocess.py:93} INFO - [notice] To update, run: pip3 install --upgrade pip
[2026-07-14T16:29:10.409+0000] {subprocess.py:93} INFO - [0m16:29:10  Running with dbt=1.11.12
[2026-07-14T16:29:11.285+0000] {subprocess.py:93} INFO - [0m16:29:11  Registered adapter: postgres=1.9.1
[2026-07-14T16:29:11.510+0000] {subprocess.py:93} INFO - [0m16:29:11  Unable to do partial parsing because saved manifest not found. Starting full parse.
[2026-07-14T16:29:14.756+0000] {subprocess.py:93} INFO - [0m16:29:14  [[33mWARNING[0m][MissingArgumentsPropertyInGenericTestDeprecation]: Deprecated
[2026-07-14T16:29:14.758+0000] {subprocess.py:93} INFO - functionality
[2026-07-14T16:29:14.760+0000] {subprocess.py:93} INFO - Found top-level arguments to test `accepted_values` defined on
[2026-07-14T16:29:14.761+0000] {subprocess.py:93} INFO - 'fct_velib_status' in package 'dbt_mobility' (models/marts/schema.yml).
[2026-07-14T16:29:14.762+0000] {subprocess.py:93} INFO - Arguments to generic tests should be nested under the `arguments` property.
[2026-07-14T16:29:15.487+0000] {subprocess.py:93} INFO - [0m16:29:15  [[33mWARNING[0m]: Configuration paths exist in your dbt_project.yml file which do not apply to any resources.
[2026-07-14T16:29:15.488+0000] {subprocess.py:93} INFO - There are 1 unused configuration paths:
[2026-07-14T16:29:15.490+0000] {subprocess.py:93} INFO - - models.dbt_mobility.example
[2026-07-14T16:29:15.887+0000] {subprocess.py:93} INFO - [0m16:29:15  Found 2 models, 7 data tests, 1 source, 474 macros
[2026-07-14T16:29:15.896+0000] {subprocess.py:93} INFO - [0m16:29:15
[2026-07-14T16:29:15.899+0000] {subprocess.py:93} INFO - [0m16:29:15  Concurrency: 4 threads (target='prod')
[2026-07-14T16:29:15.902+0000] {subprocess.py:93} INFO - [0m16:29:15
[2026-07-14T16:29:16.345+0000] {subprocess.py:93} INFO - [0m16:29:16  1 of 2 START sql view model schema_analytics.stg_velib_stations ................ [RUN]
[2026-07-14T16:29:16.691+0000] {subprocess.py:93} INFO - [0m16:29:16  1 of 2 OK created sql view model schema_analytics.stg_velib_stations ........... [[32mCREATE VIEW[0m in 0.34s]
[2026-07-14T16:29:16.704+0000] {subprocess.py:93} INFO - [0m16:29:16  2 of 2 START sql table model schema_analytics.fct_velib_status ................. [RUN]
[2026-07-14T16:29:16.995+0000] {subprocess.py:93} INFO - [0m16:29:16  2 of 2 OK created sql table model schema_analytics.fct_velib_status ............ [[32mSELECT 150[0m in 0.28s]
[2026-07-14T16:29:17.057+0000] {subprocess.py:93} INFO - [0m16:29:17
[2026-07-14T16:29:17.060+0000] {subprocess.py:93} INFO - [0m16:29:17  Finished running 1 table model, 1 view model in 0 hours 0 minutes and 1.15 seconds (1.15s).
[2026-07-14T16:29:17.298+0000] {subprocess.py:93} INFO - [0m16:29:17
[2026-07-14T16:29:17.301+0000] {subprocess.py:93} INFO - [0m16:29:17  [32mCompleted successfully[0m
[2026-07-14T16:29:17.304+0000] {subprocess.py:93} INFO - [0m16:29:17
[2026-07-14T16:29:17.308+0000] {subprocess.py:93} INFO - [0m16:29:17  Done. PASS=2 WARN=0 ERROR=0 SKIP=0 NO-OP=0 TOTAL=2
[2026-07-14T16:29:17.312+0000] {subprocess.py:93} INFO - [0m16:29:17  [[33mWARNING[0m][DeprecationsSummary]: Deprecated functionality
[2026-07-14T16:29:17.313+0000] {subprocess.py:93} INFO - Summary of encountered deprecations:
[2026-07-14T16:29:17.315+0000] {subprocess.py:93} INFO - - MissingArgumentsPropertyInGenericTestDeprecation: 1 occurrence
[2026-07-14T16:29:17.316+0000] {subprocess.py:93} INFO - To see all deprecation instances instead of just the first occurrence of each,
[2026-07-14T16:29:17.318+0000] {subprocess.py:93} INFO - run command again with the `--show-all-deprecations` flag. You may also need to
[2026-07-14T16:29:17.319+0000] {subprocess.py:93} INFO - run with `--no-partial-parse` as some deprecations are only encountered during
[2026-07-14T16:29:17.320+0000] {subprocess.py:93} INFO - parsing.
[2026-07-14T16:29:08.293+0000] {subprocess.py:93} INFO - [0m16:29:08  Running with dbt=1.11.12
[2026-07-14T16:29:08.954+0000] {subprocess.py:93} INFO - [0m16:29:08  Registered adapter: postgres=1.9.1
[2026-07-14T16:29:10.048+0000] {subprocess.py:93} INFO - [0m16:29:10  [[33mWARNING[0m]: Configuration paths exist in your dbt_project.yml file which do not apply to any resources.
[2026-07-14T16:29:10.050+0000] {subprocess.py:93} INFO - There are 1 unused configuration paths:
[2026-07-14T16:29:10.051+0000] {subprocess.py:93} INFO - - models.dbt_mobility.example
[2026-07-14T16:29:10.619+0000] {subprocess.py:93} INFO - [0m16:29:10  Found 2 models, 7 data tests, 1 source, 474 macros
[2026-07-14T16:29:10.630+0000] {subprocess.py:93} INFO - [0m16:29:10
[2026-07-14T16:29:10.633+0000] {subprocess.py:93} INFO - [0m16:29:10  Concurrency: 4 threads (target='prod')
[2026-07-14T16:29:10.638+0000] {subprocess.py:93} INFO - [0m16:29:10
[2026-07-14T16:29:10.942+0000] {subprocess.py:93} INFO - [0m16:29:10  1 of 7 START test accepted_values_fct_velib_status_station_status__Normal__Presque_pleine__Presque_vide__Vide__Hors_service  [RUN]
[2026-07-14T16:29:10.944+0000] {subprocess.py:93} INFO - [0m16:29:10  2 of 7 START test assert_bikes_available_under_total_capacity .................. [RUN]
[2026-07-14T16:29:10.946+0000] {subprocess.py:93} INFO - [0m16:29:10  3 of 7 START test not_null_fct_velib_status_station_id ......................... [RUN]
[2026-07-14T16:29:10.950+0000] {subprocess.py:93} INFO - [0m16:29:10  4 of 7 START test not_null_fct_velib_status_station_name ....................... [RUN]
[2026-07-14T16:29:11.481+0000] {subprocess.py:93} INFO - [0m16:29:11  3 of 7 PASS not_null_fct_velib_status_station_id ............................... [[32mPASS[0m in 0.52s]
[2026-07-14T16:29:11.488+0000] {subprocess.py:93} INFO - [0m16:29:11  2 of 7 PASS assert_bikes_available_under_total_capacity ........................ [[32mPASS[0m in 0.53s]
[2026-07-14T16:29:11.505+0000] {subprocess.py:93} INFO - [0m16:29:11  1 of 7 PASS accepted_values_fct_velib_status_station_status__Normal__Presque_pleine__Presque_vide__Vide__Hors_service  [[32mPASS[0m in 0.55s]
[2026-07-14T16:29:11.511+0000] {subprocess.py:93} INFO - [0m16:29:11  4 of 7 PASS not_null_fct_velib_status_station_name ............................. [[32mPASS[0m in 0.55s]
[2026-07-14T16:29:11.521+0000] {subprocess.py:93} INFO - [0m16:29:11  5 of 7 START test not_null_fct_velib_status_station_status ..................... [RUN]
[2026-07-14T16:29:11.526+0000] {subprocess.py:93} INFO - [0m16:29:11  6 of 7 START test not_null_fct_velib_status_total_capacity ..................... [RUN]
[2026-07-14T16:29:11.539+0000] {subprocess.py:93} INFO - [0m16:29:11  7 of 7 START test unique_fct_velib_status_station_id ........................... [RUN]
[2026-07-14T16:29:11.726+0000] {subprocess.py:93} INFO - [0m16:29:11  5 of 7 PASS not_null_fct_velib_status_station_status ........................... [[32mPASS[0m in 0.19s]
[2026-07-14T16:29:11.747+0000] {subprocess.py:93} INFO - [0m16:29:11  6 of 7 PASS not_null_fct_velib_status_total_capacity ........................... [[32mPASS[0m in 0.21s]
[2026-07-14T16:29:11.766+0000] {subprocess.py:93} INFO - [0m16:29:11  7 of 7 PASS unique_fct_velib_status_station_id ................................. [[32mPASS[0m in 0.22s]
[2026-07-14T16:29:11.837+0000] {subprocess.py:93} INFO - [0m16:29:11
[2026-07-14T16:29:11.844+0000] {subprocess.py:93} INFO - [0m16:29:11  Finished running 7 data tests in 0 hours 0 minutes and 1.20 seconds (1.20s).
[2026-07-14T16:29:12.048+0000] {subprocess.py:93} INFO - [0m16:29:12
[2026-07-14T16:29:12.051+0000] {subprocess.py:93} INFO - [0m16:29:12  [32mCompleted successfully[0m
[2026-07-14T16:29:12.053+0000] {subprocess.py:93} INFO - [0m16:29:12
[2026-07-14T16:29:12.056+0000] {subprocess.py:93} INFO - [0m16:29:12  Done. PASS=7 WARN=0 ERROR=0 SKIP=0 NO-OP=0 TOTAL=7
[2026-07-14T16:29:13.069+0000] {subprocess.py:97} INFO - Command exited with return code 0
[2026-07-14T16:29:13.072+0000] {taskinstance.py:441} INFO - ::group::Post task execution logs
[2026-07-14T16:29:13.177+0000] {taskinstance.py:1206} INFO - Marking task as SUCCESS. dag_id=ingest_and_transform_velib, task_id=dbt_run_task, run_id=scheduled__2026-07-14T15:00:00+00:00, execution_date=20260714T150000, start_date=20260714T162828, end_date=20260714T162913
[2026-07-14T16:29:13.263+0000] {local_task_job_runner.py:240} INFO - Task exited with return code 0
[2026-07-14T16:29:13.315+0000] {taskinstance.py:3498} INFO - 0 downstream tasks scheduled from follow-on schedule check
[2026-07-14T16:29:13.319+0000] {local_task_job_runner.py:222} INFO - ::endgroup::
