[2026-07-13T20:40:36.595+0000] {local_task_job_runner.py:120} INFO - ::group::Pre task execution logs
[2026-07-13T20:40:36.622+0000] {taskinstance.py:2076} INFO - Dependencies all met for dep_context=non-requeueable deps ti=<TaskInstance: ingest_and_transform_velib.extract_and_load_velib_task manual__2026-07-13T20:40:35.699037+00:00 [queued]>
[2026-07-13T20:40:36.628+0000] {taskinstance.py:2076} INFO - Dependencies all met for dep_context=requeueable deps ti=<TaskInstance: ingest_and_transform_velib.extract_and_load_velib_task manual__2026-07-13T20:40:35.699037+00:00 [queued]>
[2026-07-13T20:40:36.628+0000] {taskinstance.py:2306} INFO - Starting attempt 1 of 2
[2026-07-13T20:40:36.638+0000] {taskinstance.py:2330} INFO - Executing <Task(PythonOperator): extract_and_load_velib_task> on 2026-07-13 20:40:35.699037+00:00
[2026-07-13T20:40:36.640+0000] {standard_task_runner.py:63} INFO - Started process 414 to run task
[2026-07-13T20:40:36.643+0000] {standard_task_runner.py:90} INFO - Running: ['***', 'tasks', 'run', 'ingest_and_transform_velib', 'extract_and_load_velib_task', 'manual__2026-07-13T20:40:35.699037+00:00', '--job-id', '31', '--raw', '--subdir', 'DAGS_FOLDER/ingest_velib_status.py', '--cfg-path', '/tmp/tmp_75nuexq']
[2026-07-13T20:40:36.644+0000] {standard_task_runner.py:91} INFO - Job 31: Subtask extract_and_load_velib_task
[2026-07-13T20:40:36.693+0000] {task_command.py:426} INFO - Running <TaskInstance: ingest_and_transform_velib.extract_and_load_velib_task manual__2026-07-13T20:40:35.699037+00:00 [running]> on host 17cabc20fcf6
[2026-07-13T20:40:36.778+0000] {taskinstance.py:2648} INFO - Exporting env vars: AIRFLOW_CTX_DAG_OWNER='Amadou' AIRFLOW_CTX_DAG_ID='ingest_and_transform_velib' AIRFLOW_CTX_TASK_ID='extract_and_load_velib_task' AIRFLOW_CTX_EXECUTION_DATE='2026-07-13T20:40:35.699037+00:00' AIRFLOW_CTX_TRY_NUMBER='1' AIRFLOW_CTX_DAG_RUN_ID='manual__2026-07-13T20:40:35.699037+00:00'
[2026-07-13T20:40:36.778+0000] {taskinstance.py:430} INFO - ::endgroup::
[2026-07-13T20:40:36.939+0000] {crypto.py:82} WARNING - empty cryptography key - values will not be stored encrypted.
[2026-07-13T20:40:36.940+0000] {base.py:84} INFO - Using connection ID 'postgres_dest_conn' for task execution.
[2026-07-13T20:40:36.961+0000] {logging_mixin.py:188} INFO - 🎉 Succès ! 100 stations insérées.
[2026-07-13T20:40:36.962+0000] {python.py:237} INFO - Done. Returned value was: None
[2026-07-13T20:40:36.962+0000] {taskinstance.py:441} INFO - ::group::Post task execution logs
[2026-07-13T20:40:36.974+0000] {taskinstance.py:1206} INFO - Marking task as SUCCESS. dag_id=ingest_and_transform_velib, task_id=extract_and_load_velib_task, run_id=manual__2026-07-13T20:40:35.699037+00:00, execution_date=20260713T204035, start_date=20260713T204036, end_date=20260713T204036
[2026-07-13T20:40:37.115+0000] {local_task_job_runner.py:240} INFO - Task exited with return code 0
[2026-07-13T20:40:37.171+0000] {taskinstance.py:3498} INFO - 1 downstream tasks scheduled from follow-on schedule check
[2026-07-13T20:40:37.172+0000] {local_task_job_runner.py:222} INFO - ::endgroup::
