[2026-07-15T14:06:16.984+0000] {local_task_job_runner.py:120} INFO - ::group::Pre task execution logs
[2026-07-15T14:06:17.239+0000] {taskinstance.py:2076} INFO - Dependencies all met for dep_context=non-requeueable deps ti=<TaskInstance: ingest_and_transform_velib.dbt_run_task scheduled__2026-07-15T13:00:00+00:00 [queued]>
[2026-07-15T14:06:17.291+0000] {taskinstance.py:2076} INFO - Dependencies all met for dep_context=requeueable deps ti=<TaskInstance: ingest_and_transform_velib.dbt_run_task scheduled__2026-07-15T13:00:00+00:00 [queued]>
[2026-07-15T14:06:17.302+0000] {taskinstance.py:2306} INFO - Starting attempt 1 of 2
[2026-07-15T14:06:17.389+0000] {taskinstance.py:2330} INFO - Executing <Task(BashOperator): dbt_run_task> on 2026-07-15 13:00:00+00:00
[2026-07-15T14:06:17.418+0000] {standard_task_runner.py:63} INFO - Started process 458 to run task
[2026-07-15T14:06:17.439+0000] {standard_task_runner.py:90} INFO - Running: ['***', 'tasks', 'run', 'ingest_and_transform_velib', 'dbt_run_task', 'scheduled__2026-07-15T13:00:00+00:00', '--job-id', '42', '--raw', '--subdir', 'DAGS_FOLDER/ingest_velib_status.py', '--cfg-path', '/tmp/tmpcn5v6jy_']
[2026-07-15T14:06:17.508+0000] {standard_task_runner.py:91} INFO - Job 42: Subtask dbt_run_task
[2026-07-15T14:06:17.959+0000] {task_command.py:426} INFO - Running <TaskInstance: ingest_and_transform_velib.dbt_run_task scheduled__2026-07-15T13:00:00+00:00 [running]> on host 34cfa9410581
[2026-07-15T14:06:18.648+0000] {taskinstance.py:2648} INFO - Exporting env vars: AIRFLOW_CTX_DAG_OWNER='Amadou' AIRFLOW_CTX_DAG_ID='ingest_and_transform_velib' AIRFLOW_CTX_TASK_ID='dbt_run_task' AIRFLOW_CTX_EXECUTION_DATE='2026-07-15T13:00:00+00:00' AIRFLOW_CTX_TRY_NUMBER='1' AIRFLOW_CTX_DAG_RUN_ID='scheduled__2026-07-15T13:00:00+00:00'
[2026-07-15T14:06:18.659+0000] {taskinstance.py:430} INFO - ::endgroup::
[2026-07-15T14:06:18.716+0000] {subprocess.py:63} INFO - Tmp dir root location: /tmp
[2026-07-15T14:06:18.720+0000] {subprocess.py:75} INFO - Running command: ['/usr/bin/bash', '-c', '\n        python -m pip install dbt-postgres==1.9.1\n        cd /opt/***/dbt_mobility\n        dbt run --profiles-dir .\n        dbt test --profiles-dir .\n        ']
[2026-07-15T14:06:18.762+0000] {subprocess.py:86} INFO - Output:
[2026-07-15T14:06:21.730+0000] {subprocess.py:93} INFO - Requirement already satisfied: dbt-postgres==1.9.1 in /home/***/.local/lib/python3.11/site-packages (1.9.1)
[2026-07-15T14:06:21.751+0000] {subprocess.py:93} INFO - Requirement already satisfied: agate<2.0,>=1.0 in /home/***/.local/lib/python3.11/site-packages (from dbt-postgres==1.9.1) (1.9.1)
[2026-07-15T14:06:21.755+0000] {subprocess.py:93} INFO - Requirement already satisfied: dbt-adapters<2.0,>=1.7.0 in /home/***/.local/lib/python3.11/site-packages (from dbt-postgres==1.9.1) (1.24.4)
[2026-07-15T14:06:21.770+0000] {subprocess.py:93} INFO - Requirement already satisfied: dbt-common<2.0,>=1.0.4 in /home/***/.local/lib/python3.11/site-packages (from dbt-postgres==1.9.1) (1.38.0)
[2026-07-15T14:06:21.779+0000] {subprocess.py:93} INFO - Requirement already satisfied: dbt-core>=1.8.0 in /home/***/.local/lib/python3.11/site-packages (from dbt-postgres==1.9.1) (1.11.12)
[2026-07-15T14:06:21.789+0000] {subprocess.py:93} INFO - Requirement already satisfied: psycopg2-binary<3.0,>=2.9 in /home/***/.local/lib/python3.11/site-packages (from dbt-postgres==1.9.1) (2.9.9)
[2026-07-15T14:06:21.847+0000] {subprocess.py:93} INFO - Requirement already satisfied: Babel>=2.0 in /home/***/.local/lib/python3.11/site-packages (from agate<2.0,>=1.0->dbt-postgres==1.9.1) (2.14.0)
[2026-07-15T14:06:21.862+0000] {subprocess.py:93} INFO - Requirement already satisfied: isodate>=0.5.4 in /home/***/.local/lib/python3.11/site-packages (from agate<2.0,>=1.0->dbt-postgres==1.9.1) (0.6.1)
[2026-07-15T14:06:21.864+0000] {subprocess.py:93} INFO - Requirement already satisfied: leather>=0.3.2 in /home/***/.local/lib/python3.11/site-packages (from agate<2.0,>=1.0->dbt-postgres==1.9.1) (0.4.1)
[2026-07-15T14:06:21.877+0000] {subprocess.py:93} INFO - Requirement already satisfied: parsedatetime!=2.5,>=2.1 in /home/***/.local/lib/python3.11/site-packages (from agate<2.0,>=1.0->dbt-postgres==1.9.1) (2.6)
[2026-07-15T14:06:21.879+0000] {subprocess.py:93} INFO - Requirement already satisfied: python-slugify>=1.2.1 in /home/***/.local/lib/python3.11/site-packages (from agate<2.0,>=1.0->dbt-postgres==1.9.1) (8.0.4)
[2026-07-15T14:06:21.881+0000] {subprocess.py:93} INFO - Requirement already satisfied: pytimeparse>=1.1.5 in /home/***/.local/lib/python3.11/site-packages (from agate<2.0,>=1.0->dbt-postgres==1.9.1) (1.1.8)
[2026-07-15T14:06:21.904+0000] {subprocess.py:93} INFO - Requirement already satisfied: dbt-protos<2.0,>=1.0.291 in /home/***/.local/lib/python3.11/site-packages (from dbt-adapters<2.0,>=1.7.0->dbt-postgres==1.9.1) (1.0.541)
[2026-07-15T14:06:21.936+0000] {subprocess.py:93} INFO - Requirement already satisfied: mashumaro<3.18,>=3.9 in /home/***/.local/lib/python3.11/site-packages (from mashumaro[msgpack]<3.18,>=3.9->dbt-adapters<2.0,>=1.7.0->dbt-postgres==1.9.1) (3.14)
[2026-07-15T14:06:21.948+0000] {subprocess.py:93} INFO - Requirement already satisfied: protobuf<7.0,>=6.0 in /home/***/.local/lib/python3.11/site-packages (from dbt-adapters<2.0,>=1.7.0->dbt-postgres==1.9.1) (6.33.6)
[2026-07-15T14:06:21.955+0000] {subprocess.py:93} INFO - Requirement already satisfied: pytz>=2015.7 in /home/***/.local/lib/python3.11/site-packages (from dbt-adapters<2.0,>=1.7.0->dbt-postgres==1.9.1) (2024.1)
[2026-07-15T14:06:21.958+0000] {subprocess.py:93} INFO - Requirement already satisfied: typing-extensions<5.0,>=4.0 in /home/***/.local/lib/python3.11/site-packages (from dbt-adapters<2.0,>=1.7.0->dbt-postgres==1.9.1) (4.11.0)
[2026-07-15T14:06:22.102+0000] {subprocess.py:93} INFO - Requirement already satisfied: colorama<0.5,>=0.3.9 in /home/***/.local/lib/python3.11/site-packages (from dbt-common<2.0,>=1.0.4->dbt-postgres==1.9.1) (0.4.6)
[2026-07-15T14:06:22.114+0000] {subprocess.py:93} INFO - Requirement already satisfied: deepdiff<9.0,>=7.0 in /home/***/.local/lib/python3.11/site-packages (from dbt-common<2.0,>=1.0.4->dbt-postgres==1.9.1) (8.6.2)
[2026-07-15T14:06:22.127+0000] {subprocess.py:93} INFO - Requirement already satisfied: jinja2<4,>=3.1.3 in /home/***/.local/lib/python3.11/site-packages (from dbt-common<2.0,>=1.0.4->dbt-postgres==1.9.1) (3.1.6)
[2026-07-15T14:06:22.150+0000] {subprocess.py:93} INFO - Requirement already satisfied: jsonschema<5.0,>=4.0 in /home/***/.local/lib/python3.11/site-packages (from dbt-common<2.0,>=1.0.4->dbt-postgres==1.9.1) (4.22.0)
[2026-07-15T14:06:22.208+0000] {subprocess.py:93} INFO - Requirement already satisfied: pathspec<1.1,>=0.9 in /home/***/.local/lib/python3.11/site-packages (from dbt-common<2.0,>=1.0.4->dbt-postgres==1.9.1) (0.12.1)
[2026-07-15T14:06:22.240+0000] {subprocess.py:93} INFO - Requirement already satisfied: python-dateutil<3.0,>=2.0 in /home/***/.local/lib/python3.11/site-packages (from dbt-common<2.0,>=1.0.4->dbt-postgres==1.9.1) (2.9.0.post0)
[2026-07-15T14:06:22.269+0000] {subprocess.py:93} INFO - Requirement already satisfied: requests<3.0.0 in /home/***/.local/lib/python3.11/site-packages (from dbt-common<2.0,>=1.0.4->dbt-postgres==1.9.1) (2.31.0)
[2026-07-15T14:06:22.304+0000] {subprocess.py:93} INFO - Requirement already satisfied: click<9.0,>=8.3.0 in /home/***/.local/lib/python3.11/site-packages (from dbt-core>=1.8.0->dbt-postgres==1.9.1) (8.4.2)
[2026-07-15T14:06:22.311+0000] {subprocess.py:93} INFO - Requirement already satisfied: daff>=1.3.46 in /home/***/.local/lib/python3.11/site-packages (from dbt-core>=1.8.0->dbt-postgres==1.9.1) (1.4.2)
[2026-07-15T14:06:22.319+0000] {subprocess.py:93} INFO - Requirement already satisfied: dbt-extractor<=0.6,>=0.5.0 in /home/***/.local/lib/python3.11/site-packages (from dbt-core>=1.8.0->dbt-postgres==1.9.1) (0.6.0)
[2026-07-15T14:06:22.342+0000] {subprocess.py:93} INFO - Requirement already satisfied: dbt-semantic-interfaces<0.10,>=0.9.0 in /home/***/.local/lib/python3.11/site-packages (from dbt-core>=1.8.0->dbt-postgres==1.9.1) (0.9.0)
[2026-07-15T14:06:22.350+0000] {subprocess.py:93} INFO - Requirement already satisfied: networkx<4.0,>=2.3 in /home/***/.local/lib/python3.11/site-packages (from dbt-core>=1.8.0->dbt-postgres==1.9.1) (3.6.1)
[2026-07-15T14:06:22.352+0000] {subprocess.py:93} INFO - Requirement already satisfied: packaging>20.9 in /home/***/.local/lib/python3.11/site-packages (from dbt-core>=1.8.0->dbt-postgres==1.9.1) (24.0)
[2026-07-15T14:06:22.355+0000] {subprocess.py:93} INFO - Requirement already satisfied: pydantic<3 in /home/***/.local/lib/python3.11/site-packages (from dbt-core>=1.8.0->dbt-postgres==1.9.1) (2.7.1)
[2026-07-15T14:06:22.370+0000] {subprocess.py:93} INFO - Requirement already satisfied: pyyaml>=6.0 in /home/***/.local/lib/python3.11/site-packages (from dbt-core>=1.8.0->dbt-postgres==1.9.1) (6.0.1)
[2026-07-15T14:06:22.384+0000] {subprocess.py:93} INFO - Requirement already satisfied: snowplow-tracker<2.0,>=1.0.2 in /home/***/.local/lib/python3.11/site-packages (from dbt-core>=1.8.0->dbt-postgres==1.9.1) (1.1.0)
[2026-07-15T14:06:22.387+0000] {subprocess.py:93} INFO - Requirement already satisfied: sqlparse<0.6.0,>=0.5.5 in /home/***/.local/lib/python3.11/site-packages (from dbt-core>=1.8.0->dbt-postgres==1.9.1) (0.5.5)
[2026-07-15T14:06:22.495+0000] {subprocess.py:93} INFO - Requirement already satisfied: importlib-metadata<9,>=6.0 in /home/***/.local/lib/python3.11/site-packages (from dbt-semantic-interfaces<0.10,>=0.9.0->dbt-core>=1.8.0->dbt-postgres==1.9.1) (6.11.0)
[2026-07-15T14:06:22.505+0000] {subprocess.py:93} INFO - Requirement already satisfied: more-itertools<11.0,>=8.0 in /home/***/.local/lib/python3.11/site-packages (from dbt-semantic-interfaces<0.10,>=0.9.0->dbt-core>=1.8.0->dbt-postgres==1.9.1) (10.2.0)
[2026-07-15T14:06:22.623+0000] {subprocess.py:93} INFO - Requirement already satisfied: orderly-set<6,>=5.4.1 in /home/***/.local/lib/python3.11/site-packages (from deepdiff<9.0,>=7.0->dbt-common<2.0,>=1.0.4->dbt-postgres==1.9.1) (5.5.0)
[2026-07-15T14:06:22.641+0000] {subprocess.py:93} INFO - Requirement already satisfied: six in /home/***/.local/lib/python3.11/site-packages (from isodate>=0.5.4->agate<2.0,>=1.0->dbt-postgres==1.9.1) (1.16.0)
[2026-07-15T14:06:22.661+0000] {subprocess.py:93} INFO - Requirement already satisfied: MarkupSafe>=2.0 in /home/***/.local/lib/python3.11/site-packages (from jinja2<4,>=3.1.3->dbt-common<2.0,>=1.0.4->dbt-postgres==1.9.1) (2.1.5)
[2026-07-15T14:06:22.723+0000] {subprocess.py:93} INFO - Requirement already satisfied: attrs>=22.2.0 in /home/***/.local/lib/python3.11/site-packages (from jsonschema<5.0,>=4.0->dbt-common<2.0,>=1.0.4->dbt-postgres==1.9.1) (23.2.0)
[2026-07-15T14:06:22.729+0000] {subprocess.py:93} INFO - Requirement already satisfied: jsonschema-specifications>=2023.03.6 in /home/***/.local/lib/python3.11/site-packages (from jsonschema<5.0,>=4.0->dbt-common<2.0,>=1.0.4->dbt-postgres==1.9.1) (2023.12.1)
[2026-07-15T14:06:22.736+0000] {subprocess.py:93} INFO - Requirement already satisfied: referencing>=0.28.4 in /home/***/.local/lib/python3.11/site-packages (from jsonschema<5.0,>=4.0->dbt-common<2.0,>=1.0.4->dbt-postgres==1.9.1) (0.31.1)
[2026-07-15T14:06:22.738+0000] {subprocess.py:93} INFO - Requirement already satisfied: rpds-py>=0.7.1 in /home/***/.local/lib/python3.11/site-packages (from jsonschema<5.0,>=4.0->dbt-common<2.0,>=1.0.4->dbt-postgres==1.9.1) (0.18.0)
[2026-07-15T14:06:22.847+0000] {subprocess.py:93} INFO - Requirement already satisfied: msgpack>=0.5.6 in /home/***/.local/lib/python3.11/site-packages (from mashumaro[msgpack]<3.18,>=3.9->dbt-adapters<2.0,>=1.7.0->dbt-postgres==1.9.1) (1.2.1)
[2026-07-15T14:06:23.057+0000] {subprocess.py:93} INFO - Requirement already satisfied: annotated-types>=0.4.0 in /home/***/.local/lib/python3.11/site-packages (from pydantic<3->dbt-core>=1.8.0->dbt-postgres==1.9.1) (0.6.0)
[2026-07-15T14:06:23.062+0000] {subprocess.py:93} INFO - Requirement already satisfied: pydantic-core==2.18.2 in /home/***/.local/lib/python3.11/site-packages (from pydantic<3->dbt-core>=1.8.0->dbt-postgres==1.9.1) (2.18.2)
[2026-07-15T14:06:23.151+0000] {subprocess.py:93} INFO - Requirement already satisfied: text-unidecode>=1.3 in /home/***/.local/lib/python3.11/site-packages (from python-slugify>=1.2.1->agate<2.0,>=1.0->dbt-postgres==1.9.1) (1.3)
[2026-07-15T14:06:23.262+0000] {subprocess.py:93} INFO - Requirement already satisfied: charset-normalizer<4,>=2 in /home/***/.local/lib/python3.11/site-packages (from requests<3.0.0->dbt-common<2.0,>=1.0.4->dbt-postgres==1.9.1) (3.3.2)
[2026-07-15T14:06:23.266+0000] {subprocess.py:93} INFO - Requirement already satisfied: idna<4,>=2.5 in /home/***/.local/lib/python3.11/site-packages (from requests<3.0.0->dbt-common<2.0,>=1.0.4->dbt-postgres==1.9.1) (3.7)
[2026-07-15T14:06:23.278+0000] {subprocess.py:93} INFO - Requirement already satisfied: urllib3<3,>=1.21.1 in /home/***/.local/lib/python3.11/site-packages (from requests<3.0.0->dbt-common<2.0,>=1.0.4->dbt-postgres==1.9.1) (2.2.1)
[2026-07-15T14:06:23.287+0000] {subprocess.py:93} INFO - Requirement already satisfied: certifi>=2017.4.17 in /home/***/.local/lib/python3.11/site-packages (from requests<3.0.0->dbt-common<2.0,>=1.0.4->dbt-postgres==1.9.1) (2024.2.2)
[2026-07-15T14:06:23.595+0000] {subprocess.py:93} INFO - Requirement already satisfied: zipp>=0.5 in /home/***/.local/lib/python3.11/site-packages (from importlib-metadata<9,>=6.0->dbt-semantic-interfaces<0.10,>=0.9.0->dbt-core>=1.8.0->dbt-postgres==1.9.1) (3.18.1)
[2026-07-15T14:06:35.326+0000] {subprocess.py:93} INFO - 
[2026-07-15T14:06:35.328+0000] {subprocess.py:93} INFO - [notice] A new release of pip is available: 24.0 -> 26.1.2
[2026-07-15T14:06:35.330+0000] {subprocess.py:93} INFO - [notice] To update, run: pip3 install --upgrade pip
[2026-07-15T14:06:42.799+0000] {subprocess.py:93} INFO - [0m14:06:42  Running with dbt=1.11.12
[2026-07-15T14:06:44.083+0000] {subprocess.py:93} INFO - [0m14:06:44  Registered adapter: postgres=1.9.1
[2026-07-15T14:06:45.722+0000] {subprocess.py:93} INFO - [0m14:06:45  [[33mWARNING[0m]: Configuration paths exist in your dbt_project.yml file which do not apply to any resources.
[2026-07-15T14:06:45.724+0000] {subprocess.py:93} INFO - There are 1 unused configuration paths:
[2026-07-15T14:06:45.725+0000] {subprocess.py:93} INFO - - models.dbt_mobility.example
[2026-07-15T14:06:46.550+0000] {subprocess.py:93} INFO - [0m14:06:46  Found 7 data tests, 2 models, 1 source, 474 macros
[2026-07-15T14:06:46.566+0000] {subprocess.py:93} INFO - [0m14:06:46
[2026-07-15T14:06:46.571+0000] {subprocess.py:93} INFO - [0m14:06:46  Concurrency: 4 threads (target='prod')
[2026-07-15T14:06:46.575+0000] {subprocess.py:93} INFO - [0m14:06:46
[2026-07-15T14:06:47.277+0000] {subprocess.py:93} INFO - [0m14:06:47  1 of 2 START sql view model schema_analytics.stg_velib_stations ................ [RUN]
[2026-07-15T14:06:47.929+0000] {subprocess.py:93} INFO - [0m14:06:47  1 of 2 OK created sql view model schema_analytics.stg_velib_stations ........... [[32mCREATE VIEW[0m in 0.63s]
[2026-07-15T14:06:47.949+0000] {subprocess.py:93} INFO - [0m14:06:47  2 of 2 START sql table model schema_analytics.fct_velib_status ................. [RUN]
[2026-07-15T14:06:48.597+0000] {subprocess.py:93} INFO - [0m14:06:48  2 of 2 OK created sql table model schema_analytics.fct_velib_status ............ [[32mSELECT 485[0m in 0.63s]
[2026-07-15T14:06:48.918+0000] {subprocess.py:93} INFO - [0m14:06:48
[2026-07-15T14:06:48.928+0000] {subprocess.py:93} INFO - [0m14:06:48  Finished running 1 table model, 1 view model in 0 hours 0 minutes and 2.33 seconds (2.33s).
[2026-07-15T14:06:49.758+0000] {subprocess.py:93} INFO - [0m14:06:49
[2026-07-15T14:06:49.762+0000] {subprocess.py:93} INFO - [0m14:06:49  [32mCompleted successfully[0m
[2026-07-15T14:06:49.765+0000] {subprocess.py:93} INFO - [0m14:06:49
[2026-07-15T14:06:49.772+0000] {subprocess.py:93} INFO - [0m14:06:49  Done. PASS=2 WARN=0 ERROR=0 SKIP=0 NO-OP=0 TOTAL=2
[2026-07-15T14:06:57.291+0000] {subprocess.py:93} INFO - [0m14:06:57  Running with dbt=1.11.12
[2026-07-15T14:06:58.112+0000] {subprocess.py:93} INFO - [0m14:06:58  Registered adapter: postgres=1.9.1
[2026-07-15T14:07:00.354+0000] {subprocess.py:93} INFO - [0m14:07:00  [[33mWARNING[0m]: Configuration paths exist in your dbt_project.yml file which do not apply to any resources.
[2026-07-15T14:07:00.355+0000] {subprocess.py:93} INFO - There are 1 unused configuration paths:
[2026-07-15T14:07:00.357+0000] {subprocess.py:93} INFO - - models.dbt_mobility.example
[2026-07-15T14:07:01.408+0000] {subprocess.py:93} INFO - [0m14:07:01  Found 7 data tests, 2 models, 1 source, 474 macros
[2026-07-15T14:07:01.421+0000] {subprocess.py:93} INFO - [0m14:07:01
[2026-07-15T14:07:01.428+0000] {subprocess.py:93} INFO - [0m14:07:01  Concurrency: 4 threads (target='prod')
[2026-07-15T14:07:01.435+0000] {subprocess.py:93} INFO - [0m14:07:01
[2026-07-15T14:07:01.817+0000] {subprocess.py:93} INFO - [0m14:07:01  1 of 7 START test accepted_values_fct_velib_status_station_status__Normal__Presque_pleine__Presque_vide__Vide__Hors_service  [RUN]
[2026-07-15T14:07:01.820+0000] {subprocess.py:93} INFO - [0m14:07:01  2 of 7 START test assert_bikes_available_under_total_capacity .................. [RUN]
[2026-07-15T14:07:01.823+0000] {subprocess.py:93} INFO - [0m14:07:01  3 of 7 START test not_null_fct_velib_status_station_id ......................... [RUN]
[2026-07-15T14:07:01.826+0000] {subprocess.py:93} INFO - [0m14:07:01  4 of 7 START test not_null_fct_velib_status_station_name ....................... [RUN]
[2026-07-15T14:07:02.682+0000] {subprocess.py:93} INFO - [0m14:07:02  3 of 7 PASS not_null_fct_velib_status_station_id ............................... [[32mPASS[0m in 0.84s]
[2026-07-15T14:07:02.687+0000] {subprocess.py:93} INFO - [0m14:07:02  1 of 7 PASS accepted_values_fct_velib_status_station_status__Normal__Presque_pleine__Presque_vide__Vide__Hors_service  [[32mPASS[0m in 0.86s]
[2026-07-15T14:07:02.694+0000] {subprocess.py:93} INFO - [0m14:07:02  4 of 7 PASS not_null_fct_velib_status_station_name ............................. [[32mPASS[0m in 0.85s]
[2026-07-15T14:07:02.723+0000] {subprocess.py:93} INFO - [0m14:07:02  2 of 7 FAIL 3 assert_bikes_available_under_total_capacity ...................... [[31mFAIL 3[0m in 0.89s]
[2026-07-15T14:07:02.745+0000] {subprocess.py:93} INFO - [0m14:07:02  5 of 7 START test not_null_fct_velib_status_station_status ..................... [RUN]
[2026-07-15T14:07:02.749+0000] {subprocess.py:93} INFO - [0m14:07:02  6 of 7 START test not_null_fct_velib_status_total_capacity ..................... [RUN]
[2026-07-15T14:07:02.753+0000] {subprocess.py:93} INFO - [0m14:07:02  7 of 7 START test unique_fct_velib_status_station_id ........................... [RUN]
[2026-07-15T14:07:03.098+0000] {subprocess.py:93} INFO - [0m14:07:03  6 of 7 PASS not_null_fct_velib_status_total_capacity ........................... [[32mPASS[0m in 0.33s]
[2026-07-15T14:07:03.126+0000] {subprocess.py:93} INFO - [0m14:07:03  5 of 7 PASS not_null_fct_velib_status_station_status ........................... [[32mPASS[0m in 0.36s]
[2026-07-15T14:07:03.153+0000] {subprocess.py:93} INFO - [0m14:07:03  7 of 7 FAIL 156 unique_fct_velib_status_station_id ............................. [[31mFAIL 156[0m in 0.38s]
[2026-07-15T14:07:03.281+0000] {subprocess.py:93} INFO - [0m14:07:03
[2026-07-15T14:07:03.286+0000] {subprocess.py:93} INFO - [0m14:07:03  Finished running 7 data tests in 0 hours 0 minutes and 1.84 seconds (1.84s).
[2026-07-15T14:07:03.658+0000] {subprocess.py:93} INFO - [0m14:07:03
[2026-07-15T14:07:03.663+0000] {subprocess.py:93} INFO - [0m14:07:03  [31mCompleted with 2 errors, 0 partial successes, and 0 warnings:[0m
[2026-07-15T14:07:03.668+0000] {subprocess.py:93} INFO - [0m14:07:03
[2026-07-15T14:07:03.673+0000] {subprocess.py:93} INFO - [0m14:07:03  [31mFailure in test assert_bikes_available_under_total_capacity (tests/assert_bikes_available_under_total_capacity.sql)[0m
[2026-07-15T14:07:03.678+0000] {subprocess.py:93} INFO - [0m14:07:03    Got 3 results, configured to fail if != 0
[2026-07-15T14:07:03.683+0000] {subprocess.py:93} INFO - [0m14:07:03
[2026-07-15T14:07:03.688+0000] {subprocess.py:93} INFO - [0m14:07:03    compiled code at target/compiled/dbt_mobility/tests/assert_bikes_available_under_total_capacity.sql
[2026-07-15T14:07:03.694+0000] {subprocess.py:93} INFO - [0m14:07:03
[2026-07-15T14:07:03.701+0000] {subprocess.py:93} INFO - [0m14:07:03  [31mFailure in test unique_fct_velib_status_station_id (models/marts/schema.yml)[0m
[2026-07-15T14:07:03.703+0000] {subprocess.py:93} INFO - [0m14:07:03    Got 156 results, configured to fail if != 0
[2026-07-15T14:07:03.711+0000] {subprocess.py:93} INFO - [0m14:07:03
[2026-07-15T14:07:03.720+0000] {subprocess.py:93} INFO - [0m14:07:03    compiled code at target/compiled/dbt_mobility/models/marts/schema.yml/unique_fct_velib_status_station_id.sql
[2026-07-15T14:07:03.725+0000] {subprocess.py:93} INFO - [0m14:07:03
[2026-07-15T14:07:03.730+0000] {subprocess.py:93} INFO - [0m14:07:03  Done. PASS=5 WARN=0 ERROR=2 SKIP=0 NO-OP=0 TOTAL=7
[2026-07-15T14:07:05.284+0000] {subprocess.py:97} INFO - Command exited with return code 1
[2026-07-15T14:07:05.286+0000] {taskinstance.py:441} INFO - ::group::Post task execution logs
[2026-07-15T14:07:05.322+0000] {taskinstance.py:2905} ERROR - Task failed with exception
Traceback (most recent call last):
  File "/home/airflow/.local/lib/python3.11/site-packages/airflow/models/taskinstance.py", line 465, in _execute_task
    result = _execute_callable(context=context, **execute_callable_kwargs)
             ^^^^^^^^^^^^^^^^^^^^^^^^^^^^^^^^^^^^^^^^^^^^^^^^^^^^^^^^^^^^^
  File "/home/airflow/.local/lib/python3.11/site-packages/airflow/models/taskinstance.py", line 432, in _execute_callable
    return execute_callable(context=context, **execute_callable_kwargs)
           ^^^^^^^^^^^^^^^^^^^^^^^^^^^^^^^^^^^^^^^^^^^^^^^^^^^^^^^^^^^^
  File "/home/airflow/.local/lib/python3.11/site-packages/airflow/models/baseoperator.py", line 400, in wrapper
    return func(self, *args, **kwargs)
           ^^^^^^^^^^^^^^^^^^^^^^^^^^^
  File "/home/airflow/.local/lib/python3.11/site-packages/airflow/operators/bash.py", line 243, in execute
    raise AirflowException(
airflow.exceptions.AirflowException: Bash command failed. The command returned a non-zero exit code 1.
[2026-07-15T14:07:05.348+0000] {taskinstance.py:1206} INFO - Marking task as UP_FOR_RETRY. dag_id=ingest_and_transform_velib, task_id=dbt_run_task, run_id=scheduled__2026-07-15T13:00:00+00:00, execution_date=20260715T130000, start_date=20260715T140617, end_date=20260715T140705
[2026-07-15T14:07:05.581+0000] {standard_task_runner.py:110} ERROR - Failed to execute job 42 for task dbt_run_task (Bash command failed. The command returned a non-zero exit code 1.; 458)
[2026-07-15T14:07:05.640+0000] {local_task_job_runner.py:240} INFO - Task exited with return code 1
[2026-07-15T14:07:05.694+0000] {taskinstance.py:3498} INFO - 0 downstream tasks scheduled from follow-on schedule check
[2026-07-15T14:07:05.732+0000] {local_task_job_runner.py:222} INFO - ::endgroup::
