[2026-07-13T20:27:48.096+0000] {local_task_job_runner.py:120} INFO - ::group::Pre task execution logs
[2026-07-13T20:27:48.118+0000] {taskinstance.py:2076} INFO - Dependencies all met for dep_context=non-requeueable deps ti=<TaskInstance: ingest_and_transform_velib.extract_and_load_velib_task scheduled__2026-07-13T19:00:00+00:00 [queued]>
[2026-07-13T20:27:48.122+0000] {taskinstance.py:2076} INFO - Dependencies all met for dep_context=requeueable deps ti=<TaskInstance: ingest_and_transform_velib.extract_and_load_velib_task scheduled__2026-07-13T19:00:00+00:00 [queued]>
[2026-07-13T20:27:48.122+0000] {taskinstance.py:2306} INFO - Starting attempt 1 of 2
[2026-07-13T20:27:48.130+0000] {taskinstance.py:2330} INFO - Executing <Task(PythonOperator): extract_and_load_velib_task> on 2026-07-13 19:00:00+00:00
[2026-07-13T20:27:48.132+0000] {standard_task_runner.py:63} INFO - Started process 186 to run task
[2026-07-13T20:27:48.134+0000] {standard_task_runner.py:90} INFO - Running: ['***', 'tasks', 'run', 'ingest_and_transform_velib', 'extract_and_load_velib_task', 'scheduled__2026-07-13T19:00:00+00:00', '--job-id', '9', '--raw', '--subdir', 'DAGS_FOLDER/ingest_velib_status.py', '--cfg-path', '/tmp/tmphtno75gp']
[2026-07-13T20:27:48.135+0000] {standard_task_runner.py:91} INFO - Job 9: Subtask extract_and_load_velib_task
[2026-07-13T20:27:48.179+0000] {task_command.py:426} INFO - Running <TaskInstance: ingest_and_transform_velib.extract_and_load_velib_task scheduled__2026-07-13T19:00:00+00:00 [running]> on host 0c0ac528e637
[2026-07-13T20:27:48.251+0000] {taskinstance.py:2648} INFO - Exporting env vars: AIRFLOW_CTX_DAG_OWNER='Amadou' AIRFLOW_CTX_DAG_ID='ingest_and_transform_velib' AIRFLOW_CTX_TASK_ID='extract_and_load_velib_task' AIRFLOW_CTX_EXECUTION_DATE='2026-07-13T19:00:00+00:00' AIRFLOW_CTX_TRY_NUMBER='1' AIRFLOW_CTX_DAG_RUN_ID='scheduled__2026-07-13T19:00:00+00:00'
[2026-07-13T20:27:48.251+0000] {taskinstance.py:430} INFO - ::endgroup::
[2026-07-13T20:27:48.446+0000] {crypto.py:82} WARNING - empty cryptography key - values will not be stored encrypted.
[2026-07-13T20:27:48.446+0000] {base.py:84} INFO - Using connection ID 'postgres_dest_conn' for task execution.
[2026-07-13T20:27:48.467+0000] {logging_mixin.py:188} INFO - 🎉 Succès ! 100 stations insérées.
[2026-07-13T20:27:48.468+0000] {python.py:237} INFO - Done. Returned value was: None
[2026-07-13T20:27:48.468+0000] {taskinstance.py:441} INFO - ::group::Post task execution logs
[2026-07-13T20:27:48.570+0000] {taskinstance.py:1206} INFO - Marking task as SUCCESS. dag_id=ingest_and_transform_velib, task_id=extract_and_load_velib_task, run_id=scheduled__2026-07-13T19:00:00+00:00, execution_date=20260713T190000, start_date=20260713T202748, end_date=20260713T202748
[2026-07-13T20:27:48.608+0000] {local_task_job_runner.py:240} INFO - Task exited with return code 0
[2026-07-13T20:27:48.654+0000] {taskinstance.py:3498} INFO - 1 downstream tasks scheduled from follow-on schedule check
[2026-07-13T20:27:48.656+0000] {local_task_job_runner.py:222} INFO - ::endgroup::
[2026-07-13T20:32:44.109+0000] {local_task_job_runner.py:120} INFO - ::group::Pre task execution logs
[2026-07-13T20:32:44.137+0000] {taskinstance.py:2076} INFO - Dependencies all met for dep_context=non-requeueable deps ti=<TaskInstance: ingest_and_transform_velib.extract_and_load_velib_task scheduled__2026-07-13T19:00:00+00:00 [queued]>
[2026-07-13T20:32:44.143+0000] {taskinstance.py:2076} INFO - Dependencies all met for dep_context=requeueable deps ti=<TaskInstance: ingest_and_transform_velib.extract_and_load_velib_task scheduled__2026-07-13T19:00:00+00:00 [queued]>
[2026-07-13T20:32:44.143+0000] {taskinstance.py:2306} INFO - Starting attempt 1 of 2
[2026-07-13T20:32:44.152+0000] {taskinstance.py:2330} INFO - Executing <Task(PythonOperator): extract_and_load_velib_task> on 2026-07-13 19:00:00+00:00
[2026-07-13T20:32:44.154+0000] {standard_task_runner.py:63} INFO - Started process 270 to run task
[2026-07-13T20:32:44.156+0000] {standard_task_runner.py:90} INFO - Running: ['***', 'tasks', 'run', 'ingest_and_transform_velib', 'extract_and_load_velib_task', 'scheduled__2026-07-13T19:00:00+00:00', '--job-id', '21', '--raw', '--subdir', 'DAGS_FOLDER/ingest_velib_status.py', '--cfg-path', '/tmp/tmpmgy9impb']
[2026-07-13T20:32:44.158+0000] {standard_task_runner.py:91} INFO - Job 21: Subtask extract_and_load_velib_task
[2026-07-13T20:32:44.207+0000] {task_command.py:426} INFO - Running <TaskInstance: ingest_and_transform_velib.extract_and_load_velib_task scheduled__2026-07-13T19:00:00+00:00 [running]> on host 17cabc20fcf6
[2026-07-13T20:32:44.296+0000] {taskinstance.py:2648} INFO - Exporting env vars: AIRFLOW_CTX_DAG_OWNER='Amadou' AIRFLOW_CTX_DAG_ID='ingest_and_transform_velib' AIRFLOW_CTX_TASK_ID='extract_and_load_velib_task' AIRFLOW_CTX_EXECUTION_DATE='2026-07-13T19:00:00+00:00' AIRFLOW_CTX_TRY_NUMBER='1' AIRFLOW_CTX_DAG_RUN_ID='scheduled__2026-07-13T19:00:00+00:00'
[2026-07-13T20:32:44.296+0000] {taskinstance.py:430} INFO - ::endgroup::
[2026-07-13T20:32:44.429+0000] {crypto.py:82} WARNING - empty cryptography key - values will not be stored encrypted.
[2026-07-13T20:32:44.429+0000] {base.py:84} INFO - Using connection ID 'postgres_dest_conn' for task execution.
[2026-07-13T20:32:44.449+0000] {logging_mixin.py:188} INFO - 🎉 Succès ! 100 stations insérées.
[2026-07-13T20:32:44.450+0000] {python.py:237} INFO - Done. Returned value was: None
[2026-07-13T20:32:44.451+0000] {taskinstance.py:441} INFO - ::group::Post task execution logs
[2026-07-13T20:32:44.462+0000] {taskinstance.py:1206} INFO - Marking task as SUCCESS. dag_id=ingest_and_transform_velib, task_id=extract_and_load_velib_task, run_id=scheduled__2026-07-13T19:00:00+00:00, execution_date=20260713T190000, start_date=20260713T203244, end_date=20260713T203244
[2026-07-13T20:32:44.591+0000] {local_task_job_runner.py:240} INFO - Task exited with return code 0
[2026-07-13T20:32:44.610+0000] {taskinstance.py:3498} INFO - 1 downstream tasks scheduled from follow-on schedule check
[2026-07-13T20:32:44.612+0000] {local_task_job_runner.py:222} INFO - ::endgroup::
[2026-07-13T20:37:07.002+0000] {local_task_job_runner.py:120} INFO - ::group::Pre task execution logs
[2026-07-13T20:37:07.027+0000] {taskinstance.py:2076} INFO - Dependencies all met for dep_context=non-requeueable deps ti=<TaskInstance: ingest_and_transform_velib.extract_and_load_velib_task scheduled__2026-07-13T19:00:00+00:00 [queued]>
[2026-07-13T20:37:07.033+0000] {taskinstance.py:2076} INFO - Dependencies all met for dep_context=requeueable deps ti=<TaskInstance: ingest_and_transform_velib.extract_and_load_velib_task scheduled__2026-07-13T19:00:00+00:00 [queued]>
[2026-07-13T20:37:07.034+0000] {taskinstance.py:2306} INFO - Starting attempt 1 of 2
[2026-07-13T20:37:07.043+0000] {taskinstance.py:2330} INFO - Executing <Task(PythonOperator): extract_and_load_velib_task> on 2026-07-13 19:00:00+00:00
[2026-07-13T20:37:07.046+0000] {standard_task_runner.py:63} INFO - Started process 352 to run task
[2026-07-13T20:37:07.048+0000] {standard_task_runner.py:90} INFO - Running: ['***', 'tasks', 'run', 'ingest_and_transform_velib', 'extract_and_load_velib_task', 'scheduled__2026-07-13T19:00:00+00:00', '--job-id', '26', '--raw', '--subdir', 'DAGS_FOLDER/ingest_velib_status.py', '--cfg-path', '/tmp/tmp1l0n9fzs']
[2026-07-13T20:37:07.050+0000] {standard_task_runner.py:91} INFO - Job 26: Subtask extract_and_load_velib_task
[2026-07-13T20:37:07.107+0000] {task_command.py:426} INFO - Running <TaskInstance: ingest_and_transform_velib.extract_and_load_velib_task scheduled__2026-07-13T19:00:00+00:00 [running]> on host 17cabc20fcf6
[2026-07-13T20:37:07.202+0000] {taskinstance.py:2648} INFO - Exporting env vars: AIRFLOW_CTX_DAG_OWNER='Amadou' AIRFLOW_CTX_DAG_ID='ingest_and_transform_velib' AIRFLOW_CTX_TASK_ID='extract_and_load_velib_task' AIRFLOW_CTX_EXECUTION_DATE='2026-07-13T19:00:00+00:00' AIRFLOW_CTX_TRY_NUMBER='1' AIRFLOW_CTX_DAG_RUN_ID='scheduled__2026-07-13T19:00:00+00:00'
[2026-07-13T20:37:07.204+0000] {taskinstance.py:430} INFO - ::endgroup::
[2026-07-13T20:37:07.354+0000] {crypto.py:82} WARNING - empty cryptography key - values will not be stored encrypted.
[2026-07-13T20:37:07.355+0000] {base.py:84} INFO - Using connection ID 'postgres_dest_conn' for task execution.
[2026-07-13T20:37:07.380+0000] {logging_mixin.py:188} INFO - 🎉 Succès ! 100 stations insérées.
[2026-07-13T20:37:07.381+0000] {python.py:237} INFO - Done. Returned value was: None
[2026-07-13T20:37:07.382+0000] {taskinstance.py:441} INFO - ::group::Post task execution logs
[2026-07-13T20:37:07.397+0000] {taskinstance.py:1206} INFO - Marking task as SUCCESS. dag_id=ingest_and_transform_velib, task_id=extract_and_load_velib_task, run_id=scheduled__2026-07-13T19:00:00+00:00, execution_date=20260713T190000, start_date=20260713T203707, end_date=20260713T203707
[2026-07-13T20:37:07.526+0000] {local_task_job_runner.py:240} INFO - Task exited with return code 0
[2026-07-13T20:37:07.548+0000] {taskinstance.py:3498} INFO - 1 downstream tasks scheduled from follow-on schedule check
[2026-07-13T20:37:07.550+0000] {local_task_job_runner.py:222} INFO - ::endgroup::
