[2026-07-13T20:32:31.072+0000] {local_task_job_runner.py:120} INFO - ::group::Pre task execution logs
[2026-07-13T20:32:31.092+0000] {taskinstance.py:2076} INFO - Dependencies all met for dep_context=non-requeueable deps ti=<TaskInstance: ingest_and_transform_velib.extract_and_load_velib_task scheduled__2026-07-13T19:00:00+00:00 [queued]>
[2026-07-13T20:32:31.096+0000] {taskinstance.py:2076} INFO - Dependencies all met for dep_context=requeueable deps ti=<TaskInstance: ingest_and_transform_velib.extract_and_load_velib_task scheduled__2026-07-13T19:00:00+00:00 [queued]>
[2026-07-13T20:32:31.097+0000] {taskinstance.py:2306} INFO - Starting attempt 2 of 3
[2026-07-13T20:32:31.105+0000] {taskinstance.py:2330} INFO - Executing <Task(PythonOperator): extract_and_load_velib_task> on 2026-07-13 19:00:00+00:00
[2026-07-13T20:32:31.107+0000] {standard_task_runner.py:63} INFO - Started process 242 to run task
[2026-07-13T20:32:31.109+0000] {standard_task_runner.py:90} INFO - Running: ['***', 'tasks', 'run', 'ingest_and_transform_velib', 'extract_and_load_velib_task', 'scheduled__2026-07-13T19:00:00+00:00', '--job-id', '19', '--raw', '--subdir', 'DAGS_FOLDER/ingest_velib_status.py', '--cfg-path', '/tmp/tmpffdgey8u']
[2026-07-13T20:32:31.110+0000] {standard_task_runner.py:91} INFO - Job 19: Subtask extract_and_load_velib_task
[2026-07-13T20:32:31.151+0000] {task_command.py:426} INFO - Running <TaskInstance: ingest_and_transform_velib.extract_and_load_velib_task scheduled__2026-07-13T19:00:00+00:00 [running]> on host 17cabc20fcf6
[2026-07-13T20:32:31.218+0000] {taskinstance.py:2648} INFO - Exporting env vars: AIRFLOW_CTX_DAG_OWNER='Amadou' AIRFLOW_CTX_DAG_ID='ingest_and_transform_velib' AIRFLOW_CTX_TASK_ID='extract_and_load_velib_task' AIRFLOW_CTX_EXECUTION_DATE='2026-07-13T19:00:00+00:00' AIRFLOW_CTX_TRY_NUMBER='2' AIRFLOW_CTX_DAG_RUN_ID='scheduled__2026-07-13T19:00:00+00:00'
[2026-07-13T20:32:31.218+0000] {taskinstance.py:430} INFO - ::endgroup::
[2026-07-13T20:32:31.350+0000] {crypto.py:82} WARNING - empty cryptography key - values will not be stored encrypted.
[2026-07-13T20:32:31.352+0000] {base.py:84} INFO - Using connection ID 'postgres_dest_conn' for task execution.
[2026-07-13T20:32:31.371+0000] {logging_mixin.py:188} INFO - 🎉 Succès ! 100 stations insérées.
[2026-07-13T20:32:31.372+0000] {python.py:237} INFO - Done. Returned value was: None
[2026-07-13T20:32:31.372+0000] {taskinstance.py:441} INFO - ::group::Post task execution logs
[2026-07-13T20:32:31.463+0000] {taskinstance.py:1206} INFO - Marking task as SUCCESS. dag_id=ingest_and_transform_velib, task_id=extract_and_load_velib_task, run_id=scheduled__2026-07-13T19:00:00+00:00, execution_date=20260713T190000, start_date=20260713T203231, end_date=20260713T203231
[2026-07-13T20:32:31.516+0000] {local_task_job_runner.py:240} INFO - Task exited with return code 0
[2026-07-13T20:32:31.535+0000] {taskinstance.py:3498} INFO - 1 downstream tasks scheduled from follow-on schedule check
[2026-07-13T20:32:31.536+0000] {local_task_job_runner.py:222} INFO - ::endgroup::
