[2026-07-14T21:55:24.416+0000] {local_task_job_runner.py:120} INFO - ::group::Pre task execution logs
[2026-07-14T21:55:24.525+0000] {taskinstance.py:2076} INFO - Dependencies all met for dep_context=non-requeueable deps ti=<TaskInstance: ingest_and_transform_velib.dbt_run_task manual__2026-07-14T21:55:19.810856+00:00 [queued]>
[2026-07-14T21:55:24.542+0000] {taskinstance.py:2076} INFO - Dependencies all met for dep_context=requeueable deps ti=<TaskInstance: ingest_and_transform_velib.dbt_run_task manual__2026-07-14T21:55:19.810856+00:00 [queued]>
[2026-07-14T21:55:24.544+0000] {taskinstance.py:2306} INFO - Starting attempt 1 of 2
[2026-07-14T21:55:24.586+0000] {taskinstance.py:2330} INFO - Executing <Task(BashOperator): dbt_run_task> on 2026-07-14 21:55:19.810856+00:00
[2026-07-14T21:55:24.596+0000] {standard_task_runner.py:63} INFO - Started process 3946 to run task
[2026-07-14T21:55:24.601+0000] {standard_task_runner.py:90} INFO - Running: ['***', 'tasks', 'run', 'ingest_and_transform_velib', 'dbt_run_task', 'manual__2026-07-14T21:55:19.810856+00:00', '--job-id', '24', '--raw', '--subdir', 'DAGS_FOLDER/ingest_velib_status.py', '--cfg-path', '/tmp/tmpplhzhkf3']
[2026-07-14T21:55:24.606+0000] {standard_task_runner.py:91} INFO - Job 24: Subtask dbt_run_task
[2026-07-14T21:55:24.799+0000] {task_command.py:426} INFO - Running <TaskInstance: ingest_and_transform_velib.dbt_run_task manual__2026-07-14T21:55:19.810856+00:00 [running]> on host 34cfa9410581
[2026-07-14T21:55:25.117+0000] {taskinstance.py:2648} INFO - Exporting env vars: AIRFLOW_CTX_DAG_OWNER='Amadou' AIRFLOW_CTX_DAG_ID='ingest_and_transform_velib' AIRFLOW_CTX_TASK_ID='dbt_run_task' AIRFLOW_CTX_EXECUTION_DATE='2026-07-14T21:55:19.810856+00:00' AIRFLOW_CTX_TRY_NUMBER='1' AIRFLOW_CTX_DAG_RUN_ID='manual__2026-07-14T21:55:19.810856+00:00'
[2026-07-14T21:55:25.119+0000] {taskinstance.py:430} INFO - ::endgroup::
[2026-07-14T21:55:25.372+0000] {subprocess.py:63} INFO - Tmp dir root location: /tmp
[2026-07-14T21:55:25.375+0000] {subprocess.py:75} INFO - Running command: ['/usr/bin/bash', '-c', '\n        python -m pip install dbt-postgres==1.9.1\n        cd /opt/***/dbt_mobility\n        dbt run --profiles-dir .\n        dbt test --profiles-dir .\n        ']
[2026-07-14T21:55:25.392+0000] {subprocess.py:86} INFO - Output:
[2026-07-14T21:55:26.277+0000] {subprocess.py:93} INFO - Requirement already satisfied: dbt-postgres==1.9.1 in /home/***/.local/lib/python3.11/site-packages (1.9.1)
[2026-07-14T21:55:26.285+0000] {subprocess.py:93} INFO - Requirement already satisfied: agate<2.0,>=1.0 in /home/***/.local/lib/python3.11/site-packages (from dbt-postgres==1.9.1) (1.9.1)
[2026-07-14T21:55:26.289+0000] {subprocess.py:93} INFO - Requirement already satisfied: dbt-adapters<2.0,>=1.7.0 in /home/***/.local/lib/python3.11/site-packages (from dbt-postgres==1.9.1) (1.24.4)
[2026-07-14T21:55:26.291+0000] {subprocess.py:93} INFO - Requirement already satisfied: dbt-common<2.0,>=1.0.4 in /home/***/.local/lib/python3.11/site-packages (from dbt-postgres==1.9.1) (1.38.0)
[2026-07-14T21:55:26.294+0000] {subprocess.py:93} INFO - Requirement already satisfied: dbt-core>=1.8.0 in /home/***/.local/lib/python3.11/site-packages (from dbt-postgres==1.9.1) (1.11.12)
[2026-07-14T21:55:26.296+0000] {subprocess.py:93} INFO - Requirement already satisfied: psycopg2-binary<3.0,>=2.9 in /home/***/.local/lib/python3.11/site-packages (from dbt-postgres==1.9.1) (2.9.9)
[2026-07-14T21:55:26.314+0000] {subprocess.py:93} INFO - Requirement already satisfied: Babel>=2.0 in /home/***/.local/lib/python3.11/site-packages (from agate<2.0,>=1.0->dbt-postgres==1.9.1) (2.14.0)
[2026-07-14T21:55:26.316+0000] {subprocess.py:93} INFO - Requirement already satisfied: isodate>=0.5.4 in /home/***/.local/lib/python3.11/site-packages (from agate<2.0,>=1.0->dbt-postgres==1.9.1) (0.6.1)
[2026-07-14T21:55:26.318+0000] {subprocess.py:93} INFO - Requirement already satisfied: leather>=0.3.2 in /home/***/.local/lib/python3.11/site-packages (from agate<2.0,>=1.0->dbt-postgres==1.9.1) (0.4.1)
[2026-07-14T21:55:26.321+0000] {subprocess.py:93} INFO - Requirement already satisfied: parsedatetime!=2.5,>=2.1 in /home/***/.local/lib/python3.11/site-packages (from agate<2.0,>=1.0->dbt-postgres==1.9.1) (2.6)
[2026-07-14T21:55:26.323+0000] {subprocess.py:93} INFO - Requirement already satisfied: python-slugify>=1.2.1 in /home/***/.local/lib/python3.11/site-packages (from agate<2.0,>=1.0->dbt-postgres==1.9.1) (8.0.4)
[2026-07-14T21:55:26.325+0000] {subprocess.py:93} INFO - Requirement already satisfied: pytimeparse>=1.1.5 in /home/***/.local/lib/python3.11/site-packages (from agate<2.0,>=1.0->dbt-postgres==1.9.1) (1.1.8)
[2026-07-14T21:55:26.336+0000] {subprocess.py:93} INFO - Requirement already satisfied: dbt-protos<2.0,>=1.0.291 in /home/***/.local/lib/python3.11/site-packages (from dbt-adapters<2.0,>=1.7.0->dbt-postgres==1.9.1) (1.0.541)
[2026-07-14T21:55:26.348+0000] {subprocess.py:93} INFO - Requirement already satisfied: mashumaro<3.18,>=3.9 in /home/***/.local/lib/python3.11/site-packages (from mashumaro[msgpack]<3.18,>=3.9->dbt-adapters<2.0,>=1.7.0->dbt-postgres==1.9.1) (3.14)
[2026-07-14T21:55:26.357+0000] {subprocess.py:93} INFO - Requirement already satisfied: protobuf<7.0,>=6.0 in /home/***/.local/lib/python3.11/site-packages (from dbt-adapters<2.0,>=1.7.0->dbt-postgres==1.9.1) (6.33.6)
[2026-07-14T21:55:26.362+0000] {subprocess.py:93} INFO - Requirement already satisfied: pytz>=2015.7 in /home/***/.local/lib/python3.11/site-packages (from dbt-adapters<2.0,>=1.7.0->dbt-postgres==1.9.1) (2024.1)
[2026-07-14T21:55:26.364+0000] {subprocess.py:93} INFO - Requirement already satisfied: typing-extensions<5.0,>=4.0 in /home/***/.local/lib/python3.11/site-packages (from dbt-adapters<2.0,>=1.7.0->dbt-postgres==1.9.1) (4.11.0)
[2026-07-14T21:55:26.403+0000] {subprocess.py:93} INFO - Requirement already satisfied: colorama<0.5,>=0.3.9 in /home/***/.local/lib/python3.11/site-packages (from dbt-common<2.0,>=1.0.4->dbt-postgres==1.9.1) (0.4.6)
[2026-07-14T21:55:26.406+0000] {subprocess.py:93} INFO - Requirement already satisfied: deepdiff<9.0,>=7.0 in /home/***/.local/lib/python3.11/site-packages (from dbt-common<2.0,>=1.0.4->dbt-postgres==1.9.1) (8.6.2)
[2026-07-14T21:55:26.408+0000] {subprocess.py:93} INFO - Requirement already satisfied: jinja2<4,>=3.1.3 in /home/***/.local/lib/python3.11/site-packages (from dbt-common<2.0,>=1.0.4->dbt-postgres==1.9.1) (3.1.6)
[2026-07-14T21:55:26.410+0000] {subprocess.py:93} INFO - Requirement already satisfied: jsonschema<5.0,>=4.0 in /home/***/.local/lib/python3.11/site-packages (from dbt-common<2.0,>=1.0.4->dbt-postgres==1.9.1) (4.22.0)
[2026-07-14T21:55:26.423+0000] {subprocess.py:93} INFO - Requirement already satisfied: pathspec<1.1,>=0.9 in /home/***/.local/lib/python3.11/site-packages (from dbt-common<2.0,>=1.0.4->dbt-postgres==1.9.1) (0.12.1)
[2026-07-14T21:55:26.426+0000] {subprocess.py:93} INFO - Requirement already satisfied: python-dateutil<3.0,>=2.0 in /home/***/.local/lib/python3.11/site-packages (from dbt-common<2.0,>=1.0.4->dbt-postgres==1.9.1) (2.9.0.post0)
[2026-07-14T21:55:26.427+0000] {subprocess.py:93} INFO - Requirement already satisfied: requests<3.0.0 in /home/***/.local/lib/python3.11/site-packages (from dbt-common<2.0,>=1.0.4->dbt-postgres==1.9.1) (2.31.0)
[2026-07-14T21:55:26.453+0000] {subprocess.py:93} INFO - Requirement already satisfied: click<9.0,>=8.3.0 in /home/***/.local/lib/python3.11/site-packages (from dbt-core>=1.8.0->dbt-postgres==1.9.1) (8.4.2)
[2026-07-14T21:55:26.455+0000] {subprocess.py:93} INFO - Requirement already satisfied: daff>=1.3.46 in /home/***/.local/lib/python3.11/site-packages (from dbt-core>=1.8.0->dbt-postgres==1.9.1) (1.4.2)
[2026-07-14T21:55:26.458+0000] {subprocess.py:93} INFO - Requirement already satisfied: dbt-extractor<=0.6,>=0.5.0 in /home/***/.local/lib/python3.11/site-packages (from dbt-core>=1.8.0->dbt-postgres==1.9.1) (0.6.0)
[2026-07-14T21:55:26.461+0000] {subprocess.py:93} INFO - Requirement already satisfied: dbt-semantic-interfaces<0.10,>=0.9.0 in /home/***/.local/lib/python3.11/site-packages (from dbt-core>=1.8.0->dbt-postgres==1.9.1) (0.9.0)
[2026-07-14T21:55:26.474+0000] {subprocess.py:93} INFO - Requirement already satisfied: networkx<4.0,>=2.3 in /home/***/.local/lib/python3.11/site-packages (from dbt-core>=1.8.0->dbt-postgres==1.9.1) (3.6.1)
[2026-07-14T21:55:26.476+0000] {subprocess.py:93} INFO - Requirement already satisfied: packaging>20.9 in /home/***/.local/lib/python3.11/site-packages (from dbt-core>=1.8.0->dbt-postgres==1.9.1) (24.0)
[2026-07-14T21:55:26.483+0000] {subprocess.py:93} INFO - Requirement already satisfied: pydantic<3 in /home/***/.local/lib/python3.11/site-packages (from dbt-core>=1.8.0->dbt-postgres==1.9.1) (2.7.1)
[2026-07-14T21:55:26.486+0000] {subprocess.py:93} INFO - Requirement already satisfied: pyyaml>=6.0 in /home/***/.local/lib/python3.11/site-packages (from dbt-core>=1.8.0->dbt-postgres==1.9.1) (6.0.1)
[2026-07-14T21:55:26.489+0000] {subprocess.py:93} INFO - Requirement already satisfied: snowplow-tracker<2.0,>=1.0.2 in /home/***/.local/lib/python3.11/site-packages (from dbt-core>=1.8.0->dbt-postgres==1.9.1) (1.1.0)
[2026-07-14T21:55:26.490+0000] {subprocess.py:93} INFO - Requirement already satisfied: sqlparse<0.6.0,>=0.5.5 in /home/***/.local/lib/python3.11/site-packages (from dbt-core>=1.8.0->dbt-postgres==1.9.1) (0.5.5)
[2026-07-14T21:55:26.532+0000] {subprocess.py:93} INFO - Requirement already satisfied: importlib-metadata<9,>=6.0 in /home/***/.local/lib/python3.11/site-packages (from dbt-semantic-interfaces<0.10,>=0.9.0->dbt-core>=1.8.0->dbt-postgres==1.9.1) (6.11.0)
[2026-07-14T21:55:26.535+0000] {subprocess.py:93} INFO - Requirement already satisfied: more-itertools<11.0,>=8.0 in /home/***/.local/lib/python3.11/site-packages (from dbt-semantic-interfaces<0.10,>=0.9.0->dbt-core>=1.8.0->dbt-postgres==1.9.1) (10.2.0)
[2026-07-14T21:55:26.574+0000] {subprocess.py:93} INFO - Requirement already satisfied: orderly-set<6,>=5.4.1 in /home/***/.local/lib/python3.11/site-packages (from deepdiff<9.0,>=7.0->dbt-common<2.0,>=1.0.4->dbt-postgres==1.9.1) (5.5.0)
[2026-07-14T21:55:26.581+0000] {subprocess.py:93} INFO - Requirement already satisfied: six in /home/***/.local/lib/python3.11/site-packages (from isodate>=0.5.4->agate<2.0,>=1.0->dbt-postgres==1.9.1) (1.16.0)
[2026-07-14T21:55:26.588+0000] {subprocess.py:93} INFO - Requirement already satisfied: MarkupSafe>=2.0 in /home/***/.local/lib/python3.11/site-packages (from jinja2<4,>=3.1.3->dbt-common<2.0,>=1.0.4->dbt-postgres==1.9.1) (2.1.5)
[2026-07-14T21:55:26.614+0000] {subprocess.py:93} INFO - Requirement already satisfied: attrs>=22.2.0 in /home/***/.local/lib/python3.11/site-packages (from jsonschema<5.0,>=4.0->dbt-common<2.0,>=1.0.4->dbt-postgres==1.9.1) (23.2.0)
[2026-07-14T21:55:26.616+0000] {subprocess.py:93} INFO - Requirement already satisfied: jsonschema-specifications>=2023.03.6 in /home/***/.local/lib/python3.11/site-packages (from jsonschema<5.0,>=4.0->dbt-common<2.0,>=1.0.4->dbt-postgres==1.9.1) (2023.12.1)
[2026-07-14T21:55:26.618+0000] {subprocess.py:93} INFO - Requirement already satisfied: referencing>=0.28.4 in /home/***/.local/lib/python3.11/site-packages (from jsonschema<5.0,>=4.0->dbt-common<2.0,>=1.0.4->dbt-postgres==1.9.1) (0.31.1)
[2026-07-14T21:55:26.620+0000] {subprocess.py:93} INFO - Requirement already satisfied: rpds-py>=0.7.1 in /home/***/.local/lib/python3.11/site-packages (from jsonschema<5.0,>=4.0->dbt-common<2.0,>=1.0.4->dbt-postgres==1.9.1) (0.18.0)
[2026-07-14T21:55:26.665+0000] {subprocess.py:93} INFO - Requirement already satisfied: msgpack>=0.5.6 in /home/***/.local/lib/python3.11/site-packages (from mashumaro[msgpack]<3.18,>=3.9->dbt-adapters<2.0,>=1.7.0->dbt-postgres==1.9.1) (1.2.1)
[2026-07-14T21:55:26.755+0000] {subprocess.py:93} INFO - Requirement already satisfied: annotated-types>=0.4.0 in /home/***/.local/lib/python3.11/site-packages (from pydantic<3->dbt-core>=1.8.0->dbt-postgres==1.9.1) (0.6.0)
[2026-07-14T21:55:26.757+0000] {subprocess.py:93} INFO - Requirement already satisfied: pydantic-core==2.18.2 in /home/***/.local/lib/python3.11/site-packages (from pydantic<3->dbt-core>=1.8.0->dbt-postgres==1.9.1) (2.18.2)
[2026-07-14T21:55:26.788+0000] {subprocess.py:93} INFO - Requirement already satisfied: text-unidecode>=1.3 in /home/***/.local/lib/python3.11/site-packages (from python-slugify>=1.2.1->agate<2.0,>=1.0->dbt-postgres==1.9.1) (1.3)
[2026-07-14T21:55:26.826+0000] {subprocess.py:93} INFO - Requirement already satisfied: charset-normalizer<4,>=2 in /home/***/.local/lib/python3.11/site-packages (from requests<3.0.0->dbt-common<2.0,>=1.0.4->dbt-postgres==1.9.1) (3.3.2)
[2026-07-14T21:55:26.828+0000] {subprocess.py:93} INFO - Requirement already satisfied: idna<4,>=2.5 in /home/***/.local/lib/python3.11/site-packages (from requests<3.0.0->dbt-common<2.0,>=1.0.4->dbt-postgres==1.9.1) (3.7)
[2026-07-14T21:55:26.829+0000] {subprocess.py:93} INFO - Requirement already satisfied: urllib3<3,>=1.21.1 in /home/***/.local/lib/python3.11/site-packages (from requests<3.0.0->dbt-common<2.0,>=1.0.4->dbt-postgres==1.9.1) (2.2.1)
[2026-07-14T21:55:26.832+0000] {subprocess.py:93} INFO - Requirement already satisfied: certifi>=2017.4.17 in /home/***/.local/lib/python3.11/site-packages (from requests<3.0.0->dbt-common<2.0,>=1.0.4->dbt-postgres==1.9.1) (2024.2.2)
[2026-07-14T21:55:26.973+0000] {subprocess.py:93} INFO - Requirement already satisfied: zipp>=0.5 in /home/***/.local/lib/python3.11/site-packages (from importlib-metadata<9,>=6.0->dbt-semantic-interfaces<0.10,>=0.9.0->dbt-core>=1.8.0->dbt-postgres==1.9.1) (3.18.1)
[2026-07-14T21:55:31.116+0000] {subprocess.py:93} INFO - 
[2026-07-14T21:55:31.117+0000] {subprocess.py:93} INFO - [notice] A new release of pip is available: 24.0 -> 26.1.2
[2026-07-14T21:55:31.119+0000] {subprocess.py:93} INFO - [notice] To update, run: pip3 install --upgrade pip
[2026-07-14T21:55:34.724+0000] {subprocess.py:93} INFO - [0m21:55:34  Running with dbt=1.11.12
[2026-07-14T21:55:35.257+0000] {subprocess.py:93} INFO - [0m21:55:35  Registered adapter: postgres=1.9.1
[2026-07-14T21:55:35.753+0000] {subprocess.py:93} INFO - [0m21:55:35  [[33mWARNING[0m]: Configuration paths exist in your dbt_project.yml file which do not apply to any resources.
[2026-07-14T21:55:35.754+0000] {subprocess.py:93} INFO - There are 1 unused configuration paths:
[2026-07-14T21:55:35.755+0000] {subprocess.py:93} INFO - - models.dbt_mobility.example
[2026-07-14T21:55:36.221+0000] {subprocess.py:93} INFO - [0m21:55:36  Found 2 models, 7 data tests, 1 source, 474 macros
[2026-07-14T21:55:36.228+0000] {subprocess.py:93} INFO - [0m21:55:36
[2026-07-14T21:55:36.231+0000] {subprocess.py:93} INFO - [0m21:55:36  Concurrency: 4 threads (target='prod')
[2026-07-14T21:55:36.234+0000] {subprocess.py:93} INFO - [0m21:55:36
[2026-07-14T21:55:36.486+0000] {subprocess.py:93} INFO - [0m21:55:36  1 of 2 START sql view model schema_analytics.stg_velib_stations ................ [RUN]
[2026-07-14T21:55:36.713+0000] {subprocess.py:93} INFO - [0m21:55:36  1 of 2 OK created sql view model schema_analytics.stg_velib_stations ........... [[32mCREATE VIEW[0m in 0.22s]
[2026-07-14T21:55:36.721+0000] {subprocess.py:93} INFO - [0m21:55:36  2 of 2 START sql table model schema_analytics.fct_velib_status ................. [RUN]
[2026-07-14T21:55:36.856+0000] {subprocess.py:93} INFO - [0m21:55:36  2 of 2 ERROR creating sql table model schema_analytics.fct_velib_status ........ [[31mERROR[0m in 0.13s]
[2026-07-14T21:55:36.915+0000] {subprocess.py:93} INFO - [0m21:55:36
[2026-07-14T21:55:36.918+0000] {subprocess.py:93} INFO - [0m21:55:36  Finished running 1 table model, 1 view model in 0 hours 0 minutes and 0.68 seconds (0.68s).
[2026-07-14T21:55:36.546+0000] {subprocess.py:93} INFO - [0m21:55:36
[2026-07-14T21:55:36.548+0000] {subprocess.py:93} INFO - [0m21:55:36  [31mCompleted with 1 error, 0 partial successes, and 0 warnings:[0m
[2026-07-14T21:55:36.551+0000] {subprocess.py:93} INFO - [0m21:55:36
[2026-07-14T21:55:36.553+0000] {subprocess.py:93} INFO - [0m21:55:36  [31mFailure in model fct_velib_status (models/marts/fct_velib_status.sql)[0m
[2026-07-14T21:55:36.556+0000] {subprocess.py:93} INFO - [0m21:55:36    Database Error in model fct_velib_status (models/marts/fct_velib_status.sql)
[2026-07-14T21:55:36.558+0000] {subprocess.py:93} INFO -   column "is_active" does not exist
[2026-07-14T21:55:36.559+0000] {subprocess.py:93} INFO -   LINE 25:         is_active,
[2026-07-14T21:55:36.560+0000] {subprocess.py:93} INFO -                    ^
[2026-07-14T21:55:36.561+0000] {subprocess.py:93} INFO -   compiled code at target/run/dbt_mobility/models/marts/fct_velib_status.sql
[2026-07-14T21:55:36.562+0000] {subprocess.py:93} INFO - [0m21:55:36
[2026-07-14T21:55:36.563+0000] {subprocess.py:93} INFO - [0m21:55:36    compiled code at target/compiled/dbt_mobility/models/marts/fct_velib_status.sql
[2026-07-14T21:55:36.564+0000] {subprocess.py:93} INFO - [0m21:55:36
[2026-07-14T21:55:36.565+0000] {subprocess.py:93} INFO - [0m21:55:36  Done. PASS=1 WARN=0 ERROR=1 SKIP=0 NO-OP=0 TOTAL=2
[2026-07-14T21:55:39.927+0000] {subprocess.py:93} INFO - [0m21:55:39  Running with dbt=1.11.12
[2026-07-14T21:55:40.060+0000] {subprocess.py:93} INFO - [0m21:55:40  Registered adapter: postgres=1.9.1
[2026-07-14T21:55:40.542+0000] {subprocess.py:93} INFO - [0m21:55:40  [[33mWARNING[0m]: Configuration paths exist in your dbt_project.yml file which do not apply to any resources.
[2026-07-14T21:55:40.543+0000] {subprocess.py:93} INFO - There are 1 unused configuration paths:
[2026-07-14T21:55:40.544+0000] {subprocess.py:93} INFO - - models.dbt_mobility.example
[2026-07-14T21:55:40.937+0000] {subprocess.py:93} INFO - [0m21:55:40  Found 2 models, 7 data tests, 1 source, 474 macros
[2026-07-14T21:55:40.944+0000] {subprocess.py:93} INFO - [0m21:55:40
[2026-07-14T21:55:40.947+0000] {subprocess.py:93} INFO - [0m21:55:40  Concurrency: 4 threads (target='prod')
[2026-07-14T21:55:40.949+0000] {subprocess.py:93} INFO - [0m21:55:40
[2026-07-14T21:55:41.158+0000] {subprocess.py:93} INFO - [0m21:55:41  1 of 7 START test accepted_values_fct_velib_status_station_status__Normal__Presque_pleine__Presque_vide__Vide__Hors_service  [RUN]
[2026-07-14T21:55:41.160+0000] {subprocess.py:93} INFO - [0m21:55:41  2 of 7 START test assert_bikes_available_under_total_capacity .................. [RUN]
[2026-07-14T21:55:41.163+0000] {subprocess.py:93} INFO - [0m21:55:41  3 of 7 START test not_null_fct_velib_status_station_id ......................... [RUN]
[2026-07-14T21:55:41.166+0000] {subprocess.py:93} INFO - [0m21:55:41  4 of 7 START test not_null_fct_velib_status_station_name ....................... [RUN]
[2026-07-14T21:55:41.424+0000] {subprocess.py:93} INFO - [0m21:55:41  2 of 7 ERROR assert_bikes_available_under_total_capacity ....................... [[31mERROR[0m in 0.25s]
[2026-07-14T21:55:41.450+0000] {subprocess.py:93} INFO - [0m21:55:41  3 of 7 ERROR not_null_fct_velib_status_station_id .............................. [[31mERROR[0m in 0.28s]
[2026-07-14T21:55:41.453+0000] {subprocess.py:93} INFO - [0m21:55:41  1 of 7 ERROR accepted_values_fct_velib_status_station_status__Normal__Presque_pleine__Presque_vide__Vide__Hors_service  [[31mERROR[0m in 0.28s]
[2026-07-14T21:55:41.458+0000] {subprocess.py:93} INFO - [0m21:55:41  4 of 7 ERROR not_null_fct_velib_status_station_name ............................ [[31mERROR[0m in 0.28s]
[2026-07-14T21:55:41.464+0000] {subprocess.py:93} INFO - [0m21:55:41  5 of 7 START test not_null_fct_velib_status_station_status ..................... [RUN]
[2026-07-14T21:55:41.479+0000] {subprocess.py:93} INFO - [0m21:55:41  6 of 7 START test not_null_fct_velib_status_total_capacity ..................... [RUN]
[2026-07-14T21:55:41.484+0000] {subprocess.py:93} INFO - [0m21:55:41  7 of 7 START test unique_fct_velib_status_station_id ........................... [RUN]
[2026-07-14T21:55:41.647+0000] {subprocess.py:93} INFO - [0m21:55:41  5 of 7 ERROR not_null_fct_velib_status_station_status .......................... [[31mERROR[0m in 0.17s]
[2026-07-14T21:55:55.334+0000] {subprocess.py:93} INFO - [0m21:55:55  6 of 7 ERROR not_null_fct_velib_status_total_capacity .......................... [[31mERROR[0m in 13.85s]
[2026-07-14T21:55:55.339+0000] {subprocess.py:93} INFO - [0m21:55:55  7 of 7 ERROR unique_fct_velib_status_station_id ................................ [[31mERROR[0m in 13.85s]
[2026-07-14T21:55:41.564+0000] {subprocess.py:93} INFO - [0m21:55:41
[2026-07-14T21:55:41.566+0000] {subprocess.py:93} INFO - [0m21:55:41  Finished running 7 data tests in 0 hours 0 minutes and 0.61 seconds (0.61s).
[2026-07-14T21:55:41.770+0000] {subprocess.py:93} INFO - [0m21:55:41
[2026-07-14T21:55:41.773+0000] {subprocess.py:93} INFO - [0m21:55:41  [31mCompleted with 7 errors, 0 partial successes, and 0 warnings:[0m
[2026-07-14T21:55:41.775+0000] {subprocess.py:93} INFO - [0m21:55:41
[2026-07-14T21:55:41.778+0000] {subprocess.py:93} INFO - [0m21:55:41  [31mFailure in test assert_bikes_available_under_total_capacity (tests/assert_bikes_available_under_total_capacity.sql)[0m
[2026-07-14T21:55:41.782+0000] {subprocess.py:93} INFO - [0m21:55:41    Database Error in test assert_bikes_available_under_total_capacity (tests/assert_bikes_available_under_total_capacity.sql)
[2026-07-14T21:55:41.783+0000] {subprocess.py:93} INFO -   relation "schema_analytics.fct_velib_status" does not exist
[2026-07-14T21:55:41.785+0000] {subprocess.py:93} INFO -   LINE 16: from "mobility_warehouse"."schema_analytics"."fct_velib_stat...
[2026-07-14T21:55:41.787+0000] {subprocess.py:93} INFO -                 ^
[2026-07-14T21:55:41.789+0000] {subprocess.py:93} INFO -   compiled code at target/run/dbt_mobility/tests/assert_bikes_available_under_total_capacity.sql
[2026-07-14T21:55:41.790+0000] {subprocess.py:93} INFO - [0m21:55:41
[2026-07-14T21:55:41.792+0000] {subprocess.py:93} INFO - [0m21:55:41    compiled code at target/compiled/dbt_mobility/tests/assert_bikes_available_under_total_capacity.sql
[2026-07-14T21:55:41.793+0000] {subprocess.py:93} INFO - [0m21:55:41
[2026-07-14T21:55:41.797+0000] {subprocess.py:93} INFO - [0m21:55:41  [31mFailure in test not_null_fct_velib_status_station_id (models/marts/schema.yml)[0m
[2026-07-14T21:55:41.800+0000] {subprocess.py:93} INFO - [0m21:55:41    Database Error in test not_null_fct_velib_status_station_id (models/marts/schema.yml)
[2026-07-14T21:55:41.801+0000] {subprocess.py:93} INFO -   relation "schema_analytics.fct_velib_status" does not exist
[2026-07-14T21:55:41.802+0000] {subprocess.py:93} INFO -   LINE 18: from "mobility_warehouse"."schema_analytics"."fct_velib_stat...
[2026-07-14T21:55:41.803+0000] {subprocess.py:93} INFO -                 ^
[2026-07-14T21:55:41.804+0000] {subprocess.py:93} INFO -   compiled code at target/run/dbt_mobility/models/marts/schema.yml/not_null_fct_velib_status_station_id.sql
[2026-07-14T21:55:41.805+0000] {subprocess.py:93} INFO - [0m21:55:41
[2026-07-14T21:55:41.806+0000] {subprocess.py:93} INFO - [0m21:55:41    compiled code at target/compiled/dbt_mobility/models/marts/schema.yml/not_null_fct_velib_status_station_id.sql
[2026-07-14T21:55:41.808+0000] {subprocess.py:93} INFO - [0m21:55:41
[2026-07-14T21:55:41.810+0000] {subprocess.py:93} INFO - [0m21:55:41  [31mFailure in test accepted_values_fct_velib_status_station_status__Normal__Presque_pleine__Presque_vide__Vide__Hors_service (models/marts/schema.yml)[0m
[2026-07-14T21:55:41.812+0000] {subprocess.py:93} INFO - [0m21:55:41    Database Error in test accepted_values_fct_velib_status_station_status__Normal__Presque_pleine__Presque_vide__Vide__Hors_service (models/marts/schema.yml)
[2026-07-14T21:55:41.814+0000] {subprocess.py:93} INFO -   relation "schema_analytics.fct_velib_status" does not exist
[2026-07-14T21:55:41.815+0000] {subprocess.py:93} INFO -   LINE 21:     from "mobility_warehouse"."schema_analytics"."fct_velib_...
[2026-07-14T21:55:41.817+0000] {subprocess.py:93} INFO -                     ^
[2026-07-14T21:55:41.818+0000] {subprocess.py:93} INFO -   compiled code at target/run/dbt_mobility/models/marts/schema.yml/accepted_values_fct_velib_stat_851331b67ba8e6c896970040e5a72672.sql
[2026-07-14T21:55:41.819+0000] {subprocess.py:93} INFO - [0m21:55:41
[2026-07-14T21:55:41.821+0000] {subprocess.py:93} INFO - [0m21:55:41    compiled code at target/compiled/dbt_mobility/models/marts/schema.yml/accepted_values_fct_velib_stat_851331b67ba8e6c896970040e5a72672.sql
[2026-07-14T21:55:41.822+0000] {subprocess.py:93} INFO - [0m21:55:41
[2026-07-14T21:55:41.824+0000] {subprocess.py:93} INFO - [0m21:55:41  [31mFailure in test not_null_fct_velib_status_station_name (models/marts/schema.yml)[0m
[2026-07-14T21:55:41.826+0000] {subprocess.py:93} INFO - [0m21:55:41    Database Error in test not_null_fct_velib_status_station_name (models/marts/schema.yml)
[2026-07-14T21:55:41.828+0000] {subprocess.py:93} INFO -   relation "schema_analytics.fct_velib_status" does not exist
[2026-07-14T21:55:41.829+0000] {subprocess.py:93} INFO -   LINE 18: from "mobility_warehouse"."schema_analytics"."fct_velib_stat...
[2026-07-14T21:55:41.830+0000] {subprocess.py:93} INFO -                 ^
[2026-07-14T21:55:41.831+0000] {subprocess.py:93} INFO -   compiled code at target/run/dbt_mobility/models/marts/schema.yml/not_null_fct_velib_status_station_name.sql
[2026-07-14T21:55:41.832+0000] {subprocess.py:93} INFO - [0m21:55:41
[2026-07-14T21:55:41.834+0000] {subprocess.py:93} INFO - [0m21:55:41    compiled code at target/compiled/dbt_mobility/models/marts/schema.yml/not_null_fct_velib_status_station_name.sql
[2026-07-14T21:55:41.836+0000] {subprocess.py:93} INFO - [0m21:55:41
[2026-07-14T21:55:41.837+0000] {subprocess.py:93} INFO - [0m21:55:41  [31mFailure in test not_null_fct_velib_status_station_status (models/marts/schema.yml)[0m
[2026-07-14T21:55:41.840+0000] {subprocess.py:93} INFO - [0m21:55:41    Database Error in test not_null_fct_velib_status_station_status (models/marts/schema.yml)
[2026-07-14T21:55:41.841+0000] {subprocess.py:93} INFO -   relation "schema_analytics.fct_velib_status" does not exist
[2026-07-14T21:55:41.842+0000] {subprocess.py:93} INFO -   LINE 18: from "mobility_warehouse"."schema_analytics"."fct_velib_stat...
[2026-07-14T21:55:41.844+0000] {subprocess.py:93} INFO -                 ^
[2026-07-14T21:55:41.845+0000] {subprocess.py:93} INFO -   compiled code at target/run/dbt_mobility/models/marts/schema.yml/not_null_fct_velib_status_station_status.sql
[2026-07-14T21:55:41.846+0000] {subprocess.py:93} INFO - [0m21:55:41
[2026-07-14T21:55:41.847+0000] {subprocess.py:93} INFO - [0m21:55:41    compiled code at target/compiled/dbt_mobility/models/marts/schema.yml/not_null_fct_velib_status_station_status.sql
[2026-07-14T21:55:41.849+0000] {subprocess.py:93} INFO - [0m21:55:41
[2026-07-14T21:55:41.858+0000] {subprocess.py:93} INFO - [0m21:55:41  [31mFailure in test not_null_fct_velib_status_total_capacity (models/marts/schema.yml)[0m
[2026-07-14T21:55:41.863+0000] {subprocess.py:93} INFO - [0m21:55:41    Database Error in test not_null_fct_velib_status_total_capacity (models/marts/schema.yml)
[2026-07-14T21:55:41.866+0000] {subprocess.py:93} INFO -   relation "schema_analytics.fct_velib_status" does not exist
[2026-07-14T21:55:41.869+0000] {subprocess.py:93} INFO -   LINE 18: from "mobility_warehouse"."schema_analytics"."fct_velib_stat...
[2026-07-14T21:55:41.872+0000] {subprocess.py:93} INFO -                 ^
[2026-07-14T21:55:41.874+0000] {subprocess.py:93} INFO -   compiled code at target/run/dbt_mobility/models/marts/schema.yml/not_null_fct_velib_status_total_capacity.sql
[2026-07-14T21:55:41.882+0000] {subprocess.py:93} INFO - [0m21:55:41
[2026-07-14T21:55:41.885+0000] {subprocess.py:93} INFO - [0m21:55:41    compiled code at target/compiled/dbt_mobility/models/marts/schema.yml/not_null_fct_velib_status_total_capacity.sql
[2026-07-14T21:55:41.890+0000] {subprocess.py:93} INFO - [0m21:55:41
[2026-07-14T21:55:41.892+0000] {subprocess.py:93} INFO - [0m21:55:41  [31mFailure in test unique_fct_velib_status_station_id (models/marts/schema.yml)[0m
[2026-07-14T21:55:41.893+0000] {subprocess.py:93} INFO - [0m21:55:41    Database Error in test unique_fct_velib_status_station_id (models/marts/schema.yml)
[2026-07-14T21:55:41.895+0000] {subprocess.py:93} INFO -   relation "schema_analytics.fct_velib_status" does not exist
[2026-07-14T21:55:41.897+0000] {subprocess.py:93} INFO -   LINE 19: from "mobility_warehouse"."schema_analytics"."fct_velib_stat...
[2026-07-14T21:55:41.906+0000] {subprocess.py:93} INFO -                 ^
[2026-07-14T21:55:41.910+0000] {subprocess.py:93} INFO -   compiled code at target/run/dbt_mobility/models/marts/schema.yml/unique_fct_velib_status_station_id.sql
[2026-07-14T21:55:41.914+0000] {subprocess.py:93} INFO - [0m21:55:41
[2026-07-14T21:55:41.916+0000] {subprocess.py:93} INFO - [0m21:55:41    compiled code at target/compiled/dbt_mobility/models/marts/schema.yml/unique_fct_velib_status_station_id.sql
[2026-07-14T21:55:41.917+0000] {subprocess.py:93} INFO - [0m21:55:41
[2026-07-14T21:55:41.919+0000] {subprocess.py:93} INFO - [0m21:55:41  Done. PASS=0 WARN=0 ERROR=7 SKIP=0 NO-OP=0 TOTAL=7
[2026-07-14T21:55:43.012+0000] {subprocess.py:97} INFO - Command exited with return code 1
[2026-07-14T21:55:43.014+0000] {taskinstance.py:441} INFO - ::group::Post task execution logs
[2026-07-14T21:55:43.043+0000] {taskinstance.py:2905} ERROR - Task failed with exception
Traceback (most recent call last):
  File "/home/airflow/.local/lib/python3.11/site-packages/airflow/models/taskinstance.py", line 465, in _execute_task
    result = _execute_callable(context=context, **execute_callable_kwargs)
             ^^^^^^^^^^^^^^^^^^^^^^^^^^^^^^^^^^^^^^^^^^^^^^^^^^^^^^^^^^^^^
  File "/home/airflow/.local/lib/python3.11/site-packages/airflow/models/taskinstance.py", line 432, in _execute_callable
    return execute_callable(context=context, **execute_callable_kwargs)
           ^^^^^^^^^^^^^^^^^^^^^^^^^^^^^^^^^^^^^^^^^^^^^^^^^^^^^^^^^^^^
  File "/home/airflow/.local/lib/python3.11/site-packages/airflow/models/baseoperator.py", line 400, in wrapper
    return func(self, *args, **kwargs)
           ^^^^^^^^^^^^^^^^^^^^^^^^^^^
  File "/home/airflow/.local/lib/python3.11/site-packages/airflow/operators/bash.py", line 243, in execute
    raise AirflowException(
airflow.exceptions.AirflowException: Bash command failed. The command returned a non-zero exit code 1.
[2026-07-14T21:55:43.068+0000] {taskinstance.py:1206} INFO - Marking task as UP_FOR_RETRY. dag_id=ingest_and_transform_velib, task_id=dbt_run_task, run_id=manual__2026-07-14T21:55:19.810856+00:00, execution_date=20260714T215519, start_date=20260714T215524, end_date=20260714T215543
[2026-07-14T21:55:43.097+0000] {standard_task_runner.py:110} ERROR - Failed to execute job 24 for task dbt_run_task (Bash command failed. The command returned a non-zero exit code 1.; 3946)
[2026-07-14T21:55:43.126+0000] {local_task_job_runner.py:240} INFO - Task exited with return code 1
[2026-07-14T21:55:43.163+0000] {taskinstance.py:3498} INFO - 0 downstream tasks scheduled from follow-on schedule check
[2026-07-14T21:55:43.181+0000] {local_task_job_runner.py:222} INFO - ::endgroup::
