[2026-07-14T23:15:33.411+0000] {local_task_job_runner.py:120} INFO - ::group::Pre task execution logs
[2026-07-14T23:15:33.485+0000] {taskinstance.py:2076} INFO - Dependencies all met for dep_context=non-requeueable deps ti=<TaskInstance: ingest_and_transform_velib.dbt_run_task scheduled__2026-07-14T22:00:00+00:00 [queued]>
[2026-07-14T23:15:33.503+0000] {taskinstance.py:2076} INFO - Dependencies all met for dep_context=requeueable deps ti=<TaskInstance: ingest_and_transform_velib.dbt_run_task scheduled__2026-07-14T22:00:00+00:00 [queued]>
[2026-07-14T23:15:33.508+0000] {taskinstance.py:2306} INFO - Starting attempt 2 of 2
[2026-07-14T23:15:33.536+0000] {taskinstance.py:2330} INFO - Executing <Task(BashOperator): dbt_run_task> on 2026-07-14 22:00:00+00:00
[2026-07-14T23:15:33.546+0000] {standard_task_runner.py:63} INFO - Started process 275 to run task
[2026-07-14T23:15:33.554+0000] {standard_task_runner.py:90} INFO - Running: ['***', 'tasks', 'run', 'ingest_and_transform_velib', 'dbt_run_task', 'scheduled__2026-07-14T22:00:00+00:00', '--job-id', '35', '--raw', '--subdir', 'DAGS_FOLDER/ingest_velib_status.py', '--cfg-path', '/tmp/tmpxghlhc9v']
[2026-07-14T23:15:33.559+0000] {standard_task_runner.py:91} INFO - Job 35: Subtask dbt_run_task
[2026-07-14T23:15:33.705+0000] {task_command.py:426} INFO - Running <TaskInstance: ingest_and_transform_velib.dbt_run_task scheduled__2026-07-14T22:00:00+00:00 [running]> on host 34cfa9410581
[2026-07-14T23:15:33.896+0000] {taskinstance.py:2648} INFO - Exporting env vars: AIRFLOW_CTX_DAG_OWNER='Amadou' AIRFLOW_CTX_DAG_ID='ingest_and_transform_velib' AIRFLOW_CTX_TASK_ID='dbt_run_task' AIRFLOW_CTX_EXECUTION_DATE='2026-07-14T22:00:00+00:00' AIRFLOW_CTX_TRY_NUMBER='2' AIRFLOW_CTX_DAG_RUN_ID='scheduled__2026-07-14T22:00:00+00:00'
[2026-07-14T23:15:33.897+0000] {taskinstance.py:430} INFO - ::endgroup::
[2026-07-14T23:15:33.912+0000] {subprocess.py:63} INFO - Tmp dir root location: /tmp
[2026-07-14T23:15:33.914+0000] {subprocess.py:75} INFO - Running command: ['/usr/bin/bash', '-c', '\n        python -m pip install dbt-postgres==1.9.1\n        cd /opt/***/dbt_mobility\n        dbt run --profiles-dir .\n        dbt test --profiles-dir .\n        ']
[2026-07-14T23:15:33.927+0000] {subprocess.py:86} INFO - Output:
[2026-07-14T23:15:34.894+0000] {subprocess.py:93} INFO - Requirement already satisfied: dbt-postgres==1.9.1 in /home/***/.local/lib/python3.11/site-packages (1.9.1)
[2026-07-14T23:15:34.902+0000] {subprocess.py:93} INFO - Requirement already satisfied: agate<2.0,>=1.0 in /home/***/.local/lib/python3.11/site-packages (from dbt-postgres==1.9.1) (1.9.1)
[2026-07-14T23:15:34.904+0000] {subprocess.py:93} INFO - Requirement already satisfied: dbt-adapters<2.0,>=1.7.0 in /home/***/.local/lib/python3.11/site-packages (from dbt-postgres==1.9.1) (1.24.4)
[2026-07-14T23:15:34.906+0000] {subprocess.py:93} INFO - Requirement already satisfied: dbt-common<2.0,>=1.0.4 in /home/***/.local/lib/python3.11/site-packages (from dbt-postgres==1.9.1) (1.38.0)
[2026-07-14T23:15:34.907+0000] {subprocess.py:93} INFO - Requirement already satisfied: dbt-core>=1.8.0 in /home/***/.local/lib/python3.11/site-packages (from dbt-postgres==1.9.1) (1.11.12)
[2026-07-14T23:15:34.909+0000] {subprocess.py:93} INFO - Requirement already satisfied: psycopg2-binary<3.0,>=2.9 in /home/***/.local/lib/python3.11/site-packages (from dbt-postgres==1.9.1) (2.9.9)
[2026-07-14T23:15:34.925+0000] {subprocess.py:93} INFO - Requirement already satisfied: Babel>=2.0 in /home/***/.local/lib/python3.11/site-packages (from agate<2.0,>=1.0->dbt-postgres==1.9.1) (2.14.0)
[2026-07-14T23:15:34.927+0000] {subprocess.py:93} INFO - Requirement already satisfied: isodate>=0.5.4 in /home/***/.local/lib/python3.11/site-packages (from agate<2.0,>=1.0->dbt-postgres==1.9.1) (0.6.1)
[2026-07-14T23:15:34.928+0000] {subprocess.py:93} INFO - Requirement already satisfied: leather>=0.3.2 in /home/***/.local/lib/python3.11/site-packages (from agate<2.0,>=1.0->dbt-postgres==1.9.1) (0.4.1)
[2026-07-14T23:15:34.930+0000] {subprocess.py:93} INFO - Requirement already satisfied: parsedatetime!=2.5,>=2.1 in /home/***/.local/lib/python3.11/site-packages (from agate<2.0,>=1.0->dbt-postgres==1.9.1) (2.6)
[2026-07-14T23:15:34.932+0000] {subprocess.py:93} INFO - Requirement already satisfied: python-slugify>=1.2.1 in /home/***/.local/lib/python3.11/site-packages (from agate<2.0,>=1.0->dbt-postgres==1.9.1) (8.0.4)
[2026-07-14T23:15:34.934+0000] {subprocess.py:93} INFO - Requirement already satisfied: pytimeparse>=1.1.5 in /home/***/.local/lib/python3.11/site-packages (from agate<2.0,>=1.0->dbt-postgres==1.9.1) (1.1.8)
[2026-07-14T23:15:34.944+0000] {subprocess.py:93} INFO - Requirement already satisfied: dbt-protos<2.0,>=1.0.291 in /home/***/.local/lib/python3.11/site-packages (from dbt-adapters<2.0,>=1.7.0->dbt-postgres==1.9.1) (1.0.541)
[2026-07-14T23:15:34.953+0000] {subprocess.py:93} INFO - Requirement already satisfied: mashumaro<3.18,>=3.9 in /home/***/.local/lib/python3.11/site-packages (from mashumaro[msgpack]<3.18,>=3.9->dbt-adapters<2.0,>=1.7.0->dbt-postgres==1.9.1) (3.14)
[2026-07-14T23:15:34.959+0000] {subprocess.py:93} INFO - Requirement already satisfied: protobuf<7.0,>=6.0 in /home/***/.local/lib/python3.11/site-packages (from dbt-adapters<2.0,>=1.7.0->dbt-postgres==1.9.1) (6.33.6)
[2026-07-14T23:15:34.961+0000] {subprocess.py:93} INFO - Requirement already satisfied: pytz>=2015.7 in /home/***/.local/lib/python3.11/site-packages (from dbt-adapters<2.0,>=1.7.0->dbt-postgres==1.9.1) (2024.1)
[2026-07-14T23:15:34.962+0000] {subprocess.py:93} INFO - Requirement already satisfied: typing-extensions<5.0,>=4.0 in /home/***/.local/lib/python3.11/site-packages (from dbt-adapters<2.0,>=1.7.0->dbt-postgres==1.9.1) (4.11.0)
[2026-07-14T23:15:34.996+0000] {subprocess.py:93} INFO - Requirement already satisfied: colorama<0.5,>=0.3.9 in /home/***/.local/lib/python3.11/site-packages (from dbt-common<2.0,>=1.0.4->dbt-postgres==1.9.1) (0.4.6)
[2026-07-14T23:15:34.998+0000] {subprocess.py:93} INFO - Requirement already satisfied: deepdiff<9.0,>=7.0 in /home/***/.local/lib/python3.11/site-packages (from dbt-common<2.0,>=1.0.4->dbt-postgres==1.9.1) (8.6.2)
[2026-07-14T23:15:35.001+0000] {subprocess.py:93} INFO - Requirement already satisfied: jinja2<4,>=3.1.3 in /home/***/.local/lib/python3.11/site-packages (from dbt-common<2.0,>=1.0.4->dbt-postgres==1.9.1) (3.1.6)
[2026-07-14T23:15:35.002+0000] {subprocess.py:93} INFO - Requirement already satisfied: jsonschema<5.0,>=4.0 in /home/***/.local/lib/python3.11/site-packages (from dbt-common<2.0,>=1.0.4->dbt-postgres==1.9.1) (4.22.0)
[2026-07-14T23:15:35.013+0000] {subprocess.py:93} INFO - Requirement already satisfied: pathspec<1.1,>=0.9 in /home/***/.local/lib/python3.11/site-packages (from dbt-common<2.0,>=1.0.4->dbt-postgres==1.9.1) (0.12.1)
[2026-07-14T23:15:35.015+0000] {subprocess.py:93} INFO - Requirement already satisfied: python-dateutil<3.0,>=2.0 in /home/***/.local/lib/python3.11/site-packages (from dbt-common<2.0,>=1.0.4->dbt-postgres==1.9.1) (2.9.0.post0)
[2026-07-14T23:15:35.017+0000] {subprocess.py:93} INFO - Requirement already satisfied: requests<3.0.0 in /home/***/.local/lib/python3.11/site-packages (from dbt-common<2.0,>=1.0.4->dbt-postgres==1.9.1) (2.31.0)
[2026-07-14T23:15:35.039+0000] {subprocess.py:93} INFO - Requirement already satisfied: click<9.0,>=8.3.0 in /home/***/.local/lib/python3.11/site-packages (from dbt-core>=1.8.0->dbt-postgres==1.9.1) (8.4.2)
[2026-07-14T23:15:35.040+0000] {subprocess.py:93} INFO - Requirement already satisfied: daff>=1.3.46 in /home/***/.local/lib/python3.11/site-packages (from dbt-core>=1.8.0->dbt-postgres==1.9.1) (1.4.2)
[2026-07-14T23:15:35.043+0000] {subprocess.py:93} INFO - Requirement already satisfied: dbt-extractor<=0.6,>=0.5.0 in /home/***/.local/lib/python3.11/site-packages (from dbt-core>=1.8.0->dbt-postgres==1.9.1) (0.6.0)
[2026-07-14T23:15:35.045+0000] {subprocess.py:93} INFO - Requirement already satisfied: dbt-semantic-interfaces<0.10,>=0.9.0 in /home/***/.local/lib/python3.11/site-packages (from dbt-core>=1.8.0->dbt-postgres==1.9.1) (0.9.0)
[2026-07-14T23:15:35.055+0000] {subprocess.py:93} INFO - Requirement already satisfied: networkx<4.0,>=2.3 in /home/***/.local/lib/python3.11/site-packages (from dbt-core>=1.8.0->dbt-postgres==1.9.1) (3.6.1)
[2026-07-14T23:15:35.057+0000] {subprocess.py:93} INFO - Requirement already satisfied: packaging>20.9 in /home/***/.local/lib/python3.11/site-packages (from dbt-core>=1.8.0->dbt-postgres==1.9.1) (24.0)
[2026-07-14T23:15:35.064+0000] {subprocess.py:93} INFO - Requirement already satisfied: pydantic<3 in /home/***/.local/lib/python3.11/site-packages (from dbt-core>=1.8.0->dbt-postgres==1.9.1) (2.7.1)
[2026-07-14T23:15:35.066+0000] {subprocess.py:93} INFO - Requirement already satisfied: pyyaml>=6.0 in /home/***/.local/lib/python3.11/site-packages (from dbt-core>=1.8.0->dbt-postgres==1.9.1) (6.0.1)
[2026-07-14T23:15:35.069+0000] {subprocess.py:93} INFO - Requirement already satisfied: snowplow-tracker<2.0,>=1.0.2 in /home/***/.local/lib/python3.11/site-packages (from dbt-core>=1.8.0->dbt-postgres==1.9.1) (1.1.0)
[2026-07-14T23:15:35.070+0000] {subprocess.py:93} INFO - Requirement already satisfied: sqlparse<0.6.0,>=0.5.5 in /home/***/.local/lib/python3.11/site-packages (from dbt-core>=1.8.0->dbt-postgres==1.9.1) (0.5.5)
[2026-07-14T23:15:35.107+0000] {subprocess.py:93} INFO - Requirement already satisfied: importlib-metadata<9,>=6.0 in /home/***/.local/lib/python3.11/site-packages (from dbt-semantic-interfaces<0.10,>=0.9.0->dbt-core>=1.8.0->dbt-postgres==1.9.1) (6.11.0)
[2026-07-14T23:15:35.110+0000] {subprocess.py:93} INFO - Requirement already satisfied: more-itertools<11.0,>=8.0 in /home/***/.local/lib/python3.11/site-packages (from dbt-semantic-interfaces<0.10,>=0.9.0->dbt-core>=1.8.0->dbt-postgres==1.9.1) (10.2.0)
[2026-07-14T23:15:35.144+0000] {subprocess.py:93} INFO - Requirement already satisfied: orderly-set<6,>=5.4.1 in /home/***/.local/lib/python3.11/site-packages (from deepdiff<9.0,>=7.0->dbt-common<2.0,>=1.0.4->dbt-postgres==1.9.1) (5.5.0)
[2026-07-14T23:15:35.149+0000] {subprocess.py:93} INFO - Requirement already satisfied: six in /home/***/.local/lib/python3.11/site-packages (from isodate>=0.5.4->agate<2.0,>=1.0->dbt-postgres==1.9.1) (1.16.0)
[2026-07-14T23:15:35.155+0000] {subprocess.py:93} INFO - Requirement already satisfied: MarkupSafe>=2.0 in /home/***/.local/lib/python3.11/site-packages (from jinja2<4,>=3.1.3->dbt-common<2.0,>=1.0.4->dbt-postgres==1.9.1) (2.1.5)
[2026-07-14T23:15:35.176+0000] {subprocess.py:93} INFO - Requirement already satisfied: attrs>=22.2.0 in /home/***/.local/lib/python3.11/site-packages (from jsonschema<5.0,>=4.0->dbt-common<2.0,>=1.0.4->dbt-postgres==1.9.1) (23.2.0)
[2026-07-14T23:15:35.178+0000] {subprocess.py:93} INFO - Requirement already satisfied: jsonschema-specifications>=2023.03.6 in /home/***/.local/lib/python3.11/site-packages (from jsonschema<5.0,>=4.0->dbt-common<2.0,>=1.0.4->dbt-postgres==1.9.1) (2023.12.1)
[2026-07-14T23:15:35.180+0000] {subprocess.py:93} INFO - Requirement already satisfied: referencing>=0.28.4 in /home/***/.local/lib/python3.11/site-packages (from jsonschema<5.0,>=4.0->dbt-common<2.0,>=1.0.4->dbt-postgres==1.9.1) (0.31.1)
[2026-07-14T23:15:35.181+0000] {subprocess.py:93} INFO - Requirement already satisfied: rpds-py>=0.7.1 in /home/***/.local/lib/python3.11/site-packages (from jsonschema<5.0,>=4.0->dbt-common<2.0,>=1.0.4->dbt-postgres==1.9.1) (0.18.0)
[2026-07-14T23:15:35.221+0000] {subprocess.py:93} INFO - Requirement already satisfied: msgpack>=0.5.6 in /home/***/.local/lib/python3.11/site-packages (from mashumaro[msgpack]<3.18,>=3.9->dbt-adapters<2.0,>=1.7.0->dbt-postgres==1.9.1) (1.2.1)
[2026-07-14T23:15:35.288+0000] {subprocess.py:93} INFO - Requirement already satisfied: annotated-types>=0.4.0 in /home/***/.local/lib/python3.11/site-packages (from pydantic<3->dbt-core>=1.8.0->dbt-postgres==1.9.1) (0.6.0)
[2026-07-14T23:15:35.291+0000] {subprocess.py:93} INFO - Requirement already satisfied: pydantic-core==2.18.2 in /home/***/.local/lib/python3.11/site-packages (from pydantic<3->dbt-core>=1.8.0->dbt-postgres==1.9.1) (2.18.2)
[2026-07-14T23:15:35.319+0000] {subprocess.py:93} INFO - Requirement already satisfied: text-unidecode>=1.3 in /home/***/.local/lib/python3.11/site-packages (from python-slugify>=1.2.1->agate<2.0,>=1.0->dbt-postgres==1.9.1) (1.3)
[2026-07-14T23:15:35.365+0000] {subprocess.py:93} INFO - Requirement already satisfied: charset-normalizer<4,>=2 in /home/***/.local/lib/python3.11/site-packages (from requests<3.0.0->dbt-common<2.0,>=1.0.4->dbt-postgres==1.9.1) (3.3.2)
[2026-07-14T23:15:35.368+0000] {subprocess.py:93} INFO - Requirement already satisfied: idna<4,>=2.5 in /home/***/.local/lib/python3.11/site-packages (from requests<3.0.0->dbt-common<2.0,>=1.0.4->dbt-postgres==1.9.1) (3.7)
[2026-07-14T23:15:35.371+0000] {subprocess.py:93} INFO - Requirement already satisfied: urllib3<3,>=1.21.1 in /home/***/.local/lib/python3.11/site-packages (from requests<3.0.0->dbt-common<2.0,>=1.0.4->dbt-postgres==1.9.1) (2.2.1)
[2026-07-14T23:15:35.374+0000] {subprocess.py:93} INFO - Requirement already satisfied: certifi>=2017.4.17 in /home/***/.local/lib/python3.11/site-packages (from requests<3.0.0->dbt-common<2.0,>=1.0.4->dbt-postgres==1.9.1) (2024.2.2)
[2026-07-14T23:15:35.592+0000] {subprocess.py:93} INFO - Requirement already satisfied: zipp>=0.5 in /home/***/.local/lib/python3.11/site-packages (from importlib-metadata<9,>=6.0->dbt-semantic-interfaces<0.10,>=0.9.0->dbt-core>=1.8.0->dbt-postgres==1.9.1) (3.18.1)
[2026-07-14T23:15:39.236+0000] {subprocess.py:93} INFO - 
[2026-07-14T23:15:39.237+0000] {subprocess.py:93} INFO - [notice] A new release of pip is available: 24.0 -> 26.1.2
[2026-07-14T23:15:39.238+0000] {subprocess.py:93} INFO - [notice] To update, run: pip3 install --upgrade pip
[2026-07-14T23:15:41.464+0000] {subprocess.py:93} INFO - [0m23:15:41  Running with dbt=1.11.12
[2026-07-14T23:15:41.922+0000] {subprocess.py:93} INFO - [0m23:15:41  Registered adapter: postgres=1.9.1
[2026-07-14T23:15:42.440+0000] {subprocess.py:93} INFO - [0m23:15:42  [[33mWARNING[0m]: Configuration paths exist in your dbt_project.yml file which do not apply to any resources.
[2026-07-14T23:15:42.441+0000] {subprocess.py:93} INFO - There are 1 unused configuration paths:
[2026-07-14T23:15:42.442+0000] {subprocess.py:93} INFO - - models.dbt_mobility.example
[2026-07-14T23:15:42.855+0000] {subprocess.py:93} INFO - [0m23:15:42  Found 7 data tests, 2 models, 1 source, 474 macros
[2026-07-14T23:15:42.865+0000] {subprocess.py:93} INFO - [0m23:15:42
[2026-07-14T23:15:42.867+0000] {subprocess.py:93} INFO - [0m23:15:42  Concurrency: 4 threads (target='prod')
[2026-07-14T23:15:42.869+0000] {subprocess.py:93} INFO - [0m23:15:42
[2026-07-14T23:15:43.172+0000] {subprocess.py:93} INFO - [0m23:15:43  1 of 2 START sql view model schema_analytics.stg_velib_stations ................ [RUN]
[2026-07-14T23:15:43.427+0000] {subprocess.py:93} INFO - [0m23:15:43  1 of 2 OK created sql view model schema_analytics.stg_velib_stations ........... [[32mCREATE VIEW[0m in 0.25s]
[2026-07-14T23:15:43.435+0000] {subprocess.py:93} INFO - [0m23:15:43  2 of 2 START sql table model schema_analytics.fct_velib_status ................. [RUN]
[2026-07-14T23:15:43.648+0000] {subprocess.py:93} INFO - [0m23:15:43  2 of 2 OK created sql table model schema_analytics.fct_velib_status ............ [[32mSELECT 385[0m in 0.21s]
[2026-07-14T23:15:43.701+0000] {subprocess.py:93} INFO - [0m23:15:43
[2026-07-14T23:15:43.703+0000] {subprocess.py:93} INFO - [0m23:15:43  Finished running 1 table model, 1 view model in 0 hours 0 minutes and 0.83 seconds (0.83s).
[2026-07-14T23:15:43.837+0000] {subprocess.py:93} INFO - [0m23:15:43
[2026-07-14T23:15:43.840+0000] {subprocess.py:93} INFO - [0m23:15:43  [32mCompleted successfully[0m
[2026-07-14T23:15:43.842+0000] {subprocess.py:93} INFO - [0m23:15:43
[2026-07-14T23:15:43.843+0000] {subprocess.py:93} INFO - [0m23:15:43  Done. PASS=2 WARN=0 ERROR=0 SKIP=0 NO-OP=0 TOTAL=2
[2026-07-14T23:15:47.681+0000] {subprocess.py:93} INFO - [0m23:15:47  Running with dbt=1.11.12
[2026-07-14T23:15:48.083+0000] {subprocess.py:93} INFO - [0m23:15:48  Registered adapter: postgres=1.9.1
[2026-07-14T23:15:48.565+0000] {subprocess.py:93} INFO - [0m23:15:48  [[33mWARNING[0m]: Configuration paths exist in your dbt_project.yml file which do not apply to any resources.
[2026-07-14T23:15:48.566+0000] {subprocess.py:93} INFO - There are 1 unused configuration paths:
[2026-07-14T23:15:48.568+0000] {subprocess.py:93} INFO - - models.dbt_mobility.example
[2026-07-14T23:15:49.072+0000] {subprocess.py:93} INFO - [0m23:15:49  Found 7 data tests, 2 models, 1 source, 474 macros
[2026-07-14T23:15:49.080+0000] {subprocess.py:93} INFO - [0m23:15:49
[2026-07-14T23:15:49.082+0000] {subprocess.py:93} INFO - [0m23:15:49  Concurrency: 4 threads (target='prod')
[2026-07-14T23:15:49.084+0000] {subprocess.py:93} INFO - [0m23:15:49
[2026-07-14T23:15:49.314+0000] {subprocess.py:93} INFO - [0m23:15:49  1 of 7 START test accepted_values_fct_velib_status_station_status__Normal__Presque_pleine__Presque_vide__Vide__Hors_service  [RUN]
[2026-07-14T23:15:49.316+0000] {subprocess.py:93} INFO - [0m23:15:49  2 of 7 START test assert_bikes_available_under_total_capacity .................. [RUN]
[2026-07-14T23:15:49.319+0000] {subprocess.py:93} INFO - [0m23:15:49  3 of 7 START test not_null_fct_velib_status_station_id ......................... [RUN]
[2026-07-14T23:15:49.321+0000] {subprocess.py:93} INFO - [0m23:15:49  4 of 7 START test not_null_fct_velib_status_station_name ....................... [RUN]
[2026-07-14T23:15:49.581+0000] {subprocess.py:93} INFO - [0m23:15:49  2 of 7 FAIL 3 assert_bikes_available_under_total_capacity ...................... [[31mFAIL 3[0m in 0.26s]
[2026-07-14T23:15:49.595+0000] {subprocess.py:93} INFO - [0m23:15:49  3 of 7 PASS not_null_fct_velib_status_station_id ............................... [[32mPASS[0m in 0.27s]
[2026-07-14T23:15:49.597+0000] {subprocess.py:93} INFO - [0m23:15:49  1 of 7 PASS accepted_values_fct_velib_status_station_status__Normal__Presque_pleine__Presque_vide__Vide__Hors_service  [[32mPASS[0m in 0.27s]
[2026-07-14T23:15:49.602+0000] {subprocess.py:93} INFO - [0m23:15:49  4 of 7 PASS not_null_fct_velib_status_station_name ............................. [[32mPASS[0m in 0.27s]
[2026-07-14T23:15:49.608+0000] {subprocess.py:93} INFO - [0m23:15:49  5 of 7 START test not_null_fct_velib_status_station_status ..................... [RUN]
[2026-07-14T23:15:49.620+0000] {subprocess.py:93} INFO - [0m23:15:49  6 of 7 START test not_null_fct_velib_status_total_capacity ..................... [RUN]
[2026-07-14T23:15:49.621+0000] {subprocess.py:93} INFO - [0m23:15:49  7 of 7 START test unique_fct_velib_status_station_id ........................... [RUN]
[2026-07-14T23:15:49.741+0000] {subprocess.py:93} INFO - [0m23:15:49  5 of 7 PASS not_null_fct_velib_status_station_status ........................... [[32mPASS[0m in 0.12s]
[2026-07-14T23:15:49.757+0000] {subprocess.py:93} INFO - [0m23:15:49  6 of 7 PASS not_null_fct_velib_status_total_capacity ........................... [[32mPASS[0m in 0.13s]
[2026-07-14T23:15:49.767+0000] {subprocess.py:93} INFO - [0m23:15:49  7 of 7 FAIL 134 unique_fct_velib_status_station_id ............................. [[31mFAIL 134[0m in 0.14s]
[2026-07-14T23:15:49.814+0000] {subprocess.py:93} INFO - [0m23:15:49
[2026-07-14T23:15:49.816+0000] {subprocess.py:93} INFO - [0m23:15:49  Finished running 7 data tests in 0 hours 0 minutes and 0.73 seconds (0.73s).
[2026-07-14T23:15:49.941+0000] {subprocess.py:93} INFO - [0m23:15:49
[2026-07-14T23:15:49.943+0000] {subprocess.py:93} INFO - [0m23:15:49  [31mCompleted with 2 errors, 0 partial successes, and 0 warnings:[0m
[2026-07-14T23:15:49.946+0000] {subprocess.py:93} INFO - [0m23:15:49
[2026-07-14T23:15:49.948+0000] {subprocess.py:93} INFO - [0m23:15:49  [31mFailure in test assert_bikes_available_under_total_capacity (tests/assert_bikes_available_under_total_capacity.sql)[0m
[2026-07-14T23:15:49.950+0000] {subprocess.py:93} INFO - [0m23:15:49    Got 3 results, configured to fail if != 0
[2026-07-14T23:15:49.952+0000] {subprocess.py:93} INFO - [0m23:15:49
[2026-07-14T23:15:49.954+0000] {subprocess.py:93} INFO - [0m23:15:49    compiled code at target/compiled/dbt_mobility/tests/assert_bikes_available_under_total_capacity.sql
[2026-07-14T23:15:49.956+0000] {subprocess.py:93} INFO - [0m23:15:49
[2026-07-14T23:15:49.958+0000] {subprocess.py:93} INFO - [0m23:15:49  [31mFailure in test unique_fct_velib_status_station_id (models/marts/schema.yml)[0m
[2026-07-14T23:15:49.960+0000] {subprocess.py:93} INFO - [0m23:15:49    Got 134 results, configured to fail if != 0
[2026-07-14T23:15:49.961+0000] {subprocess.py:93} INFO - [0m23:15:49
[2026-07-14T23:15:49.963+0000] {subprocess.py:93} INFO - [0m23:15:49    compiled code at target/compiled/dbt_mobility/models/marts/schema.yml/unique_fct_velib_status_station_id.sql
[2026-07-14T23:15:49.965+0000] {subprocess.py:93} INFO - [0m23:15:49
[2026-07-14T23:15:49.967+0000] {subprocess.py:93} INFO - [0m23:15:49  Done. PASS=5 WARN=0 ERROR=2 SKIP=0 NO-OP=0 TOTAL=7
[2026-07-14T23:15:50.794+0000] {subprocess.py:97} INFO - Command exited with return code 1
[2026-07-14T23:15:50.796+0000] {taskinstance.py:441} INFO - ::group::Post task execution logs
[2026-07-14T23:15:50.847+0000] {taskinstance.py:2905} ERROR - Task failed with exception
Traceback (most recent call last):
  File "/home/airflow/.local/lib/python3.11/site-packages/airflow/models/taskinstance.py", line 465, in _execute_task
    result = _execute_callable(context=context, **execute_callable_kwargs)
             ^^^^^^^^^^^^^^^^^^^^^^^^^^^^^^^^^^^^^^^^^^^^^^^^^^^^^^^^^^^^^
  File "/home/airflow/.local/lib/python3.11/site-packages/airflow/models/taskinstance.py", line 432, in _execute_callable
    return execute_callable(context=context, **execute_callable_kwargs)
           ^^^^^^^^^^^^^^^^^^^^^^^^^^^^^^^^^^^^^^^^^^^^^^^^^^^^^^^^^^^^
  File "/home/airflow/.local/lib/python3.11/site-packages/airflow/models/baseoperator.py", line 400, in wrapper
    return func(self, *args, **kwargs)
           ^^^^^^^^^^^^^^^^^^^^^^^^^^^
  File "/home/airflow/.local/lib/python3.11/site-packages/airflow/operators/bash.py", line 243, in execute
    raise AirflowException(
airflow.exceptions.AirflowException: Bash command failed. The command returned a non-zero exit code 1.
[2026-07-14T23:15:50.857+0000] {taskinstance.py:1206} INFO - Marking task as FAILED. dag_id=ingest_and_transform_velib, task_id=dbt_run_task, run_id=scheduled__2026-07-14T22:00:00+00:00, execution_date=20260714T220000, start_date=20260714T231533, end_date=20260714T231550
[2026-07-14T23:15:50.899+0000] {standard_task_runner.py:110} ERROR - Failed to execute job 35 for task dbt_run_task (Bash command failed. The command returned a non-zero exit code 1.; 275)
[2026-07-14T23:15:50.925+0000] {local_task_job_runner.py:240} INFO - Task exited with return code 1
[2026-07-14T23:15:50.959+0000] {taskinstance.py:3498} INFO - 0 downstream tasks scheduled from follow-on schedule check
[2026-07-14T23:15:50.966+0000] {local_task_job_runner.py:222} INFO - ::endgroup::
