[2026-07-14T23:09:56.152+0000] {local_task_job_runner.py:120} INFO - ::group::Pre task execution logs
[2026-07-14T23:09:56.246+0000] {taskinstance.py:2076} INFO - Dependencies all met for dep_context=non-requeueable deps ti=<TaskInstance: ingest_and_transform_velib.dbt_run_task scheduled__2026-07-14T22:00:00+00:00 [queued]>
[2026-07-14T23:09:56.278+0000] {taskinstance.py:2076} INFO - Dependencies all met for dep_context=requeueable deps ti=<TaskInstance: ingest_and_transform_velib.dbt_run_task scheduled__2026-07-14T22:00:00+00:00 [queued]>
[2026-07-14T23:09:56.280+0000] {taskinstance.py:2306} INFO - Starting attempt 1 of 2
[2026-07-14T23:09:56.311+0000] {taskinstance.py:2330} INFO - Executing <Task(BashOperator): dbt_run_task> on 2026-07-14 22:00:00+00:00
[2026-07-14T23:09:56.322+0000] {standard_task_runner.py:63} INFO - Started process 177 to run task
[2026-07-14T23:09:56.330+0000] {standard_task_runner.py:90} INFO - Running: ['***', 'tasks', 'run', 'ingest_and_transform_velib', 'dbt_run_task', 'scheduled__2026-07-14T22:00:00+00:00', '--job-id', '34', '--raw', '--subdir', 'DAGS_FOLDER/ingest_velib_status.py', '--cfg-path', '/tmp/tmpugi44ywy']
[2026-07-14T23:09:56.337+0000] {standard_task_runner.py:91} INFO - Job 34: Subtask dbt_run_task
[2026-07-14T23:09:56.532+0000] {task_command.py:426} INFO - Running <TaskInstance: ingest_and_transform_velib.dbt_run_task scheduled__2026-07-14T22:00:00+00:00 [running]> on host 34cfa9410581
[2026-07-14T23:09:56.993+0000] {taskinstance.py:2648} INFO - Exporting env vars: AIRFLOW_CTX_DAG_OWNER='Amadou' AIRFLOW_CTX_DAG_ID='ingest_and_transform_velib' AIRFLOW_CTX_TASK_ID='dbt_run_task' AIRFLOW_CTX_EXECUTION_DATE='2026-07-14T22:00:00+00:00' AIRFLOW_CTX_TRY_NUMBER='1' AIRFLOW_CTX_DAG_RUN_ID='scheduled__2026-07-14T22:00:00+00:00'
[2026-07-14T23:09:56.999+0000] {taskinstance.py:430} INFO - ::endgroup::
[2026-07-14T23:09:57.048+0000] {subprocess.py:63} INFO - Tmp dir root location: /tmp
[2026-07-14T23:09:57.053+0000] {subprocess.py:75} INFO - Running command: ['/usr/bin/bash', '-c', '\n        python -m pip install dbt-postgres==1.9.1\n        cd /opt/***/dbt_mobility\n        dbt run --profiles-dir .\n        dbt test --profiles-dir .\n        ']
[2026-07-14T23:09:57.081+0000] {subprocess.py:86} INFO - Output:
[2026-07-14T23:09:59.848+0000] {subprocess.py:93} INFO - Requirement already satisfied: dbt-postgres==1.9.1 in /home/***/.local/lib/python3.11/site-packages (1.9.1)
[2026-07-14T23:09:59.864+0000] {subprocess.py:93} INFO - Requirement already satisfied: agate<2.0,>=1.0 in /home/***/.local/lib/python3.11/site-packages (from dbt-postgres==1.9.1) (1.9.1)
[2026-07-14T23:09:59.868+0000] {subprocess.py:93} INFO - Requirement already satisfied: dbt-adapters<2.0,>=1.7.0 in /home/***/.local/lib/python3.11/site-packages (from dbt-postgres==1.9.1) (1.24.4)
[2026-07-14T23:09:59.873+0000] {subprocess.py:93} INFO - Requirement already satisfied: dbt-common<2.0,>=1.0.4 in /home/***/.local/lib/python3.11/site-packages (from dbt-postgres==1.9.1) (1.38.0)
[2026-07-14T23:09:59.877+0000] {subprocess.py:93} INFO - Requirement already satisfied: dbt-core>=1.8.0 in /home/***/.local/lib/python3.11/site-packages (from dbt-postgres==1.9.1) (1.11.12)
[2026-07-14T23:09:59.881+0000] {subprocess.py:93} INFO - Requirement already satisfied: psycopg2-binary<3.0,>=2.9 in /home/***/.local/lib/python3.11/site-packages (from dbt-postgres==1.9.1) (2.9.9)
[2026-07-14T23:09:59.917+0000] {subprocess.py:93} INFO - Requirement already satisfied: Babel>=2.0 in /home/***/.local/lib/python3.11/site-packages (from agate<2.0,>=1.0->dbt-postgres==1.9.1) (2.14.0)
[2026-07-14T23:09:59.921+0000] {subprocess.py:93} INFO - Requirement already satisfied: isodate>=0.5.4 in /home/***/.local/lib/python3.11/site-packages (from agate<2.0,>=1.0->dbt-postgres==1.9.1) (0.6.1)
[2026-07-14T23:09:59.924+0000] {subprocess.py:93} INFO - Requirement already satisfied: leather>=0.3.2 in /home/***/.local/lib/python3.11/site-packages (from agate<2.0,>=1.0->dbt-postgres==1.9.1) (0.4.1)
[2026-07-14T23:09:59.928+0000] {subprocess.py:93} INFO - Requirement already satisfied: parsedatetime!=2.5,>=2.1 in /home/***/.local/lib/python3.11/site-packages (from agate<2.0,>=1.0->dbt-postgres==1.9.1) (2.6)
[2026-07-14T23:09:59.932+0000] {subprocess.py:93} INFO - Requirement already satisfied: python-slugify>=1.2.1 in /home/***/.local/lib/python3.11/site-packages (from agate<2.0,>=1.0->dbt-postgres==1.9.1) (8.0.4)
[2026-07-14T23:09:59.935+0000] {subprocess.py:93} INFO - Requirement already satisfied: pytimeparse>=1.1.5 in /home/***/.local/lib/python3.11/site-packages (from agate<2.0,>=1.0->dbt-postgres==1.9.1) (1.1.8)
[2026-07-14T23:09:59.961+0000] {subprocess.py:93} INFO - Requirement already satisfied: dbt-protos<2.0,>=1.0.291 in /home/***/.local/lib/python3.11/site-packages (from dbt-adapters<2.0,>=1.7.0->dbt-postgres==1.9.1) (1.0.541)
[2026-07-14T23:09:59.978+0000] {subprocess.py:93} INFO - Requirement already satisfied: mashumaro<3.18,>=3.9 in /home/***/.local/lib/python3.11/site-packages (from mashumaro[msgpack]<3.18,>=3.9->dbt-adapters<2.0,>=1.7.0->dbt-postgres==1.9.1) (3.14)
[2026-07-14T23:09:59.989+0000] {subprocess.py:93} INFO - Requirement already satisfied: protobuf<7.0,>=6.0 in /home/***/.local/lib/python3.11/site-packages (from dbt-adapters<2.0,>=1.7.0->dbt-postgres==1.9.1) (6.33.6)
[2026-07-14T23:09:59.994+0000] {subprocess.py:93} INFO - Requirement already satisfied: pytz>=2015.7 in /home/***/.local/lib/python3.11/site-packages (from dbt-adapters<2.0,>=1.7.0->dbt-postgres==1.9.1) (2024.1)
[2026-07-14T23:09:59.999+0000] {subprocess.py:93} INFO - Requirement already satisfied: typing-extensions<5.0,>=4.0 in /home/***/.local/lib/python3.11/site-packages (from dbt-adapters<2.0,>=1.7.0->dbt-postgres==1.9.1) (4.11.0)
[2026-07-14T23:10:00.076+0000] {subprocess.py:93} INFO - Requirement already satisfied: colorama<0.5,>=0.3.9 in /home/***/.local/lib/python3.11/site-packages (from dbt-common<2.0,>=1.0.4->dbt-postgres==1.9.1) (0.4.6)
[2026-07-14T23:10:00.084+0000] {subprocess.py:93} INFO - Requirement already satisfied: deepdiff<9.0,>=7.0 in /home/***/.local/lib/python3.11/site-packages (from dbt-common<2.0,>=1.0.4->dbt-postgres==1.9.1) (8.6.2)
[2026-07-14T23:10:00.090+0000] {subprocess.py:93} INFO - Requirement already satisfied: jinja2<4,>=3.1.3 in /home/***/.local/lib/python3.11/site-packages (from dbt-common<2.0,>=1.0.4->dbt-postgres==1.9.1) (3.1.6)
[2026-07-14T23:10:00.096+0000] {subprocess.py:93} INFO - Requirement already satisfied: jsonschema<5.0,>=4.0 in /home/***/.local/lib/python3.11/site-packages (from dbt-common<2.0,>=1.0.4->dbt-postgres==1.9.1) (4.22.0)
[2026-07-14T23:10:00.126+0000] {subprocess.py:93} INFO - Requirement already satisfied: pathspec<1.1,>=0.9 in /home/***/.local/lib/python3.11/site-packages (from dbt-common<2.0,>=1.0.4->dbt-postgres==1.9.1) (0.12.1)
[2026-07-14T23:10:00.131+0000] {subprocess.py:93} INFO - Requirement already satisfied: python-dateutil<3.0,>=2.0 in /home/***/.local/lib/python3.11/site-packages (from dbt-common<2.0,>=1.0.4->dbt-postgres==1.9.1) (2.9.0.post0)
[2026-07-14T23:10:00.136+0000] {subprocess.py:93} INFO - Requirement already satisfied: requests<3.0.0 in /home/***/.local/lib/python3.11/site-packages (from dbt-common<2.0,>=1.0.4->dbt-postgres==1.9.1) (2.31.0)
[2026-07-14T23:10:00.190+0000] {subprocess.py:93} INFO - Requirement already satisfied: click<9.0,>=8.3.0 in /home/***/.local/lib/python3.11/site-packages (from dbt-core>=1.8.0->dbt-postgres==1.9.1) (8.4.2)
[2026-07-14T23:10:00.194+0000] {subprocess.py:93} INFO - Requirement already satisfied: daff>=1.3.46 in /home/***/.local/lib/python3.11/site-packages (from dbt-core>=1.8.0->dbt-postgres==1.9.1) (1.4.2)
[2026-07-14T23:10:00.200+0000] {subprocess.py:93} INFO - Requirement already satisfied: dbt-extractor<=0.6,>=0.5.0 in /home/***/.local/lib/python3.11/site-packages (from dbt-core>=1.8.0->dbt-postgres==1.9.1) (0.6.0)
[2026-07-14T23:10:00.207+0000] {subprocess.py:93} INFO - Requirement already satisfied: dbt-semantic-interfaces<0.10,>=0.9.0 in /home/***/.local/lib/python3.11/site-packages (from dbt-core>=1.8.0->dbt-postgres==1.9.1) (0.9.0)
[2026-07-14T23:10:00.234+0000] {subprocess.py:93} INFO - Requirement already satisfied: networkx<4.0,>=2.3 in /home/***/.local/lib/python3.11/site-packages (from dbt-core>=1.8.0->dbt-postgres==1.9.1) (3.6.1)
[2026-07-14T23:10:00.241+0000] {subprocess.py:93} INFO - Requirement already satisfied: packaging>20.9 in /home/***/.local/lib/python3.11/site-packages (from dbt-core>=1.8.0->dbt-postgres==1.9.1) (24.0)
[2026-07-14T23:10:00.256+0000] {subprocess.py:93} INFO - Requirement already satisfied: pydantic<3 in /home/***/.local/lib/python3.11/site-packages (from dbt-core>=1.8.0->dbt-postgres==1.9.1) (2.7.1)
[2026-07-14T23:10:00.262+0000] {subprocess.py:93} INFO - Requirement already satisfied: pyyaml>=6.0 in /home/***/.local/lib/python3.11/site-packages (from dbt-core>=1.8.0->dbt-postgres==1.9.1) (6.0.1)
[2026-07-14T23:10:00.266+0000] {subprocess.py:93} INFO - Requirement already satisfied: snowplow-tracker<2.0,>=1.0.2 in /home/***/.local/lib/python3.11/site-packages (from dbt-core>=1.8.0->dbt-postgres==1.9.1) (1.1.0)
[2026-07-14T23:10:00.270+0000] {subprocess.py:93} INFO - Requirement already satisfied: sqlparse<0.6.0,>=0.5.5 in /home/***/.local/lib/python3.11/site-packages (from dbt-core>=1.8.0->dbt-postgres==1.9.1) (0.5.5)
[2026-07-14T23:10:00.425+0000] {subprocess.py:93} INFO - Requirement already satisfied: importlib-metadata<9,>=6.0 in /home/***/.local/lib/python3.11/site-packages (from dbt-semantic-interfaces<0.10,>=0.9.0->dbt-core>=1.8.0->dbt-postgres==1.9.1) (6.11.0)
[2026-07-14T23:10:00.434+0000] {subprocess.py:93} INFO - Requirement already satisfied: more-itertools<11.0,>=8.0 in /home/***/.local/lib/python3.11/site-packages (from dbt-semantic-interfaces<0.10,>=0.9.0->dbt-core>=1.8.0->dbt-postgres==1.9.1) (10.2.0)
[2026-07-14T23:10:00.597+0000] {subprocess.py:93} INFO - Requirement already satisfied: orderly-set<6,>=5.4.1 in /home/***/.local/lib/python3.11/site-packages (from deepdiff<9.0,>=7.0->dbt-common<2.0,>=1.0.4->dbt-postgres==1.9.1) (5.5.0)
[2026-07-14T23:10:00.623+0000] {subprocess.py:93} INFO - Requirement already satisfied: six in /home/***/.local/lib/python3.11/site-packages (from isodate>=0.5.4->agate<2.0,>=1.0->dbt-postgres==1.9.1) (1.16.0)
[2026-07-14T23:10:00.655+0000] {subprocess.py:93} INFO - Requirement already satisfied: MarkupSafe>=2.0 in /home/***/.local/lib/python3.11/site-packages (from jinja2<4,>=3.1.3->dbt-common<2.0,>=1.0.4->dbt-postgres==1.9.1) (2.1.5)
[2026-07-14T23:10:00.770+0000] {subprocess.py:93} INFO - Requirement already satisfied: attrs>=22.2.0 in /home/***/.local/lib/python3.11/site-packages (from jsonschema<5.0,>=4.0->dbt-common<2.0,>=1.0.4->dbt-postgres==1.9.1) (23.2.0)
[2026-07-14T23:10:00.774+0000] {subprocess.py:93} INFO - Requirement already satisfied: jsonschema-specifications>=2023.03.6 in /home/***/.local/lib/python3.11/site-packages (from jsonschema<5.0,>=4.0->dbt-common<2.0,>=1.0.4->dbt-postgres==1.9.1) (2023.12.1)
[2026-07-14T23:10:00.779+0000] {subprocess.py:93} INFO - Requirement already satisfied: referencing>=0.28.4 in /home/***/.local/lib/python3.11/site-packages (from jsonschema<5.0,>=4.0->dbt-common<2.0,>=1.0.4->dbt-postgres==1.9.1) (0.31.1)
[2026-07-14T23:10:00.782+0000] {subprocess.py:93} INFO - Requirement already satisfied: rpds-py>=0.7.1 in /home/***/.local/lib/python3.11/site-packages (from jsonschema<5.0,>=4.0->dbt-common<2.0,>=1.0.4->dbt-postgres==1.9.1) (0.18.0)
[2026-07-14T23:10:00.921+0000] {subprocess.py:93} INFO - Requirement already satisfied: msgpack>=0.5.6 in /home/***/.local/lib/python3.11/site-packages (from mashumaro[msgpack]<3.18,>=3.9->dbt-adapters<2.0,>=1.7.0->dbt-postgres==1.9.1) (1.2.1)
[2026-07-14T23:10:00.775+0000] {subprocess.py:93} INFO - Requirement already satisfied: annotated-types>=0.4.0 in /home/***/.local/lib/python3.11/site-packages (from pydantic<3->dbt-core>=1.8.0->dbt-postgres==1.9.1) (0.6.0)
[2026-07-14T23:10:00.779+0000] {subprocess.py:93} INFO - Requirement already satisfied: pydantic-core==2.18.2 in /home/***/.local/lib/python3.11/site-packages (from pydantic<3->dbt-core>=1.8.0->dbt-postgres==1.9.1) (2.18.2)
[2026-07-14T23:10:00.845+0000] {subprocess.py:93} INFO - Requirement already satisfied: text-unidecode>=1.3 in /home/***/.local/lib/python3.11/site-packages (from python-slugify>=1.2.1->agate<2.0,>=1.0->dbt-postgres==1.9.1) (1.3)
[2026-07-14T23:10:00.930+0000] {subprocess.py:93} INFO - Requirement already satisfied: charset-normalizer<4,>=2 in /home/***/.local/lib/python3.11/site-packages (from requests<3.0.0->dbt-common<2.0,>=1.0.4->dbt-postgres==1.9.1) (3.3.2)
[2026-07-14T23:10:00.937+0000] {subprocess.py:93} INFO - Requirement already satisfied: idna<4,>=2.5 in /home/***/.local/lib/python3.11/site-packages (from requests<3.0.0->dbt-common<2.0,>=1.0.4->dbt-postgres==1.9.1) (3.7)
[2026-07-14T23:10:00.942+0000] {subprocess.py:93} INFO - Requirement already satisfied: urllib3<3,>=1.21.1 in /home/***/.local/lib/python3.11/site-packages (from requests<3.0.0->dbt-common<2.0,>=1.0.4->dbt-postgres==1.9.1) (2.2.1)
[2026-07-14T23:10:00.956+0000] {subprocess.py:93} INFO - Requirement already satisfied: certifi>=2017.4.17 in /home/***/.local/lib/python3.11/site-packages (from requests<3.0.0->dbt-common<2.0,>=1.0.4->dbt-postgres==1.9.1) (2024.2.2)
[2026-07-14T23:10:01.344+0000] {subprocess.py:93} INFO - Requirement already satisfied: zipp>=0.5 in /home/***/.local/lib/python3.11/site-packages (from importlib-metadata<9,>=6.0->dbt-semantic-interfaces<0.10,>=0.9.0->dbt-core>=1.8.0->dbt-postgres==1.9.1) (3.18.1)
[2026-07-14T23:10:09.684+0000] {subprocess.py:93} INFO - 
[2026-07-14T23:10:09.686+0000] {subprocess.py:93} INFO - [notice] A new release of pip is available: 24.0 -> 26.1.2
[2026-07-14T23:10:09.687+0000] {subprocess.py:93} INFO - [notice] To update, run: pip3 install --upgrade pip
[2026-07-14T23:10:15.509+0000] {subprocess.py:93} INFO - [0m23:10:15  Running with dbt=1.11.12
[2026-07-14T23:10:20.811+0000] {subprocess.py:93} INFO - [0m23:10:20  Registered adapter: postgres=1.9.1
[2026-07-14T23:10:21.620+0000] {subprocess.py:93} INFO - [0m23:10:21  [[33mWARNING[0m]: Configuration paths exist in your dbt_project.yml file which do not apply to any resources.
[2026-07-14T23:10:21.621+0000] {subprocess.py:93} INFO - There are 1 unused configuration paths:
[2026-07-14T23:10:21.622+0000] {subprocess.py:93} INFO - - models.dbt_mobility.example
[2026-07-14T23:10:22.168+0000] {subprocess.py:93} INFO - [0m23:10:22  Found 7 data tests, 2 models, 1 source, 474 macros
[2026-07-14T23:10:22.194+0000] {subprocess.py:93} INFO - [0m23:10:22
[2026-07-14T23:10:22.197+0000] {subprocess.py:93} INFO - [0m23:10:22  Concurrency: 4 threads (target='prod')
[2026-07-14T23:10:22.206+0000] {subprocess.py:93} INFO - [0m23:10:22
[2026-07-14T23:10:22.698+0000] {subprocess.py:93} INFO - [0m23:10:22  1 of 2 START sql view model schema_analytics.stg_velib_stations ................ [RUN]
[2026-07-14T23:10:23.158+0000] {subprocess.py:93} INFO - [0m23:10:23  1 of 2 OK created sql view model schema_analytics.stg_velib_stations ........... [[32mCREATE VIEW[0m in 0.42s]
[2026-07-14T23:10:23.177+0000] {subprocess.py:93} INFO - [0m23:10:23  2 of 2 START sql table model schema_analytics.fct_velib_status ................. [RUN]
[2026-07-14T23:10:23.647+0000] {subprocess.py:93} INFO - [0m23:10:23  2 of 2 OK created sql table model schema_analytics.fct_velib_status ............ [[32mSELECT 385[0m in 0.46s]
[2026-07-14T23:10:23.713+0000] {subprocess.py:93} INFO - [0m23:10:23
[2026-07-14T23:10:23.716+0000] {subprocess.py:93} INFO - [0m23:10:23  Finished running 1 table model, 1 view model in 0 hours 0 minutes and 1.50 seconds (1.50s).
[2026-07-14T23:10:23.966+0000] {subprocess.py:93} INFO - [0m23:10:23
[2026-07-14T23:10:23.970+0000] {subprocess.py:93} INFO - [0m23:10:23  [32mCompleted successfully[0m
[2026-07-14T23:10:23.975+0000] {subprocess.py:93} INFO - [0m23:10:23
[2026-07-14T23:10:23.979+0000] {subprocess.py:93} INFO - [0m23:10:23  Done. PASS=2 WARN=0 ERROR=0 SKIP=0 NO-OP=0 TOTAL=2
[2026-07-14T23:10:29.463+0000] {subprocess.py:93} INFO - [0m23:10:29  Running with dbt=1.11.12
[2026-07-14T23:10:29.908+0000] {subprocess.py:93} INFO - [0m23:10:29  Registered adapter: postgres=1.9.1
[2026-07-14T23:10:30.470+0000] {subprocess.py:93} INFO - [0m23:10:30  [[33mWARNING[0m]: Configuration paths exist in your dbt_project.yml file which do not apply to any resources.
[2026-07-14T23:10:30.471+0000] {subprocess.py:93} INFO - There are 1 unused configuration paths:
[2026-07-14T23:10:30.472+0000] {subprocess.py:93} INFO - - models.dbt_mobility.example
[2026-07-14T23:10:30.660+0000] {subprocess.py:93} INFO - [0m23:10:30  Found 7 data tests, 2 models, 1 source, 474 macros
[2026-07-14T23:10:30.668+0000] {subprocess.py:93} INFO - [0m23:10:30
[2026-07-14T23:10:30.670+0000] {subprocess.py:93} INFO - [0m23:10:30  Concurrency: 4 threads (target='prod')
[2026-07-14T23:10:30.672+0000] {subprocess.py:93} INFO - [0m23:10:30
[2026-07-14T23:10:30.872+0000] {subprocess.py:93} INFO - [0m23:10:30  1 of 7 START test accepted_values_fct_velib_status_station_status__Normal__Presque_pleine__Presque_vide__Vide__Hors_service  [RUN]
[2026-07-14T23:10:30.874+0000] {subprocess.py:93} INFO - [0m23:10:30  2 of 7 START test assert_bikes_available_under_total_capacity .................. [RUN]
[2026-07-14T23:10:30.875+0000] {subprocess.py:93} INFO - [0m23:10:30  3 of 7 START test not_null_fct_velib_status_station_id ......................... [RUN]
[2026-07-14T23:10:30.879+0000] {subprocess.py:93} INFO - [0m23:10:30  4 of 7 START test not_null_fct_velib_status_station_name ....................... [RUN]
[2026-07-14T23:10:31.134+0000] {subprocess.py:93} INFO - [0m23:10:31  2 of 7 FAIL 3 assert_bikes_available_under_total_capacity ...................... [[31mFAIL 3[0m in 0.25s]
[2026-07-14T23:10:31.168+0000] {subprocess.py:93} INFO - [0m23:10:31  3 of 7 PASS not_null_fct_velib_status_station_id ............................... [[32mPASS[0m in 0.28s]
[2026-07-14T23:10:31.173+0000] {subprocess.py:93} INFO - [0m23:10:31  5 of 7 START test not_null_fct_velib_status_station_status ..................... [RUN]
[2026-07-14T23:10:31.176+0000] {subprocess.py:93} INFO - [0m23:10:31  1 of 7 PASS accepted_values_fct_velib_status_station_status__Normal__Presque_pleine__Presque_vide__Vide__Hors_service  [[32mPASS[0m in 0.29s]
[2026-07-14T23:10:31.182+0000] {subprocess.py:93} INFO - [0m23:10:31  4 of 7 PASS not_null_fct_velib_status_station_name ............................. [[32mPASS[0m in 0.29s]
[2026-07-14T23:10:31.199+0000] {subprocess.py:93} INFO - [0m23:10:31  6 of 7 START test not_null_fct_velib_status_total_capacity ..................... [RUN]
[2026-07-14T23:10:31.212+0000] {subprocess.py:93} INFO - [0m23:10:31  7 of 7 START test unique_fct_velib_status_station_id ........................... [RUN]
[2026-07-14T23:10:31.346+0000] {subprocess.py:93} INFO - [0m23:10:31  5 of 7 PASS not_null_fct_velib_status_station_status ........................... [[32mPASS[0m in 0.16s]
[2026-07-14T23:10:31.349+0000] {subprocess.py:93} INFO - [0m23:10:31  6 of 7 PASS not_null_fct_velib_status_total_capacity ........................... [[32mPASS[0m in 0.13s]
[2026-07-14T23:10:31.357+0000] {subprocess.py:93} INFO - [0m23:10:31  7 of 7 FAIL 134 unique_fct_velib_status_station_id ............................. [[31mFAIL 134[0m in 0.14s]
[2026-07-14T23:10:31.402+0000] {subprocess.py:93} INFO - [0m23:10:31
[2026-07-14T23:10:31.404+0000] {subprocess.py:93} INFO - [0m23:10:31  Finished running 7 data tests in 0 hours 0 minutes and 0.73 seconds (0.73s).
[2026-07-14T23:10:31.553+0000] {subprocess.py:93} INFO - [0m23:10:31
[2026-07-14T23:10:31.555+0000] {subprocess.py:93} INFO - [0m23:10:31  [31mCompleted with 2 errors, 0 partial successes, and 0 warnings:[0m
[2026-07-14T23:10:31.557+0000] {subprocess.py:93} INFO - [0m23:10:31
[2026-07-14T23:10:31.560+0000] {subprocess.py:93} INFO - [0m23:10:31  [31mFailure in test assert_bikes_available_under_total_capacity (tests/assert_bikes_available_under_total_capacity.sql)[0m
[2026-07-14T23:10:31.563+0000] {subprocess.py:93} INFO - [0m23:10:31    Got 3 results, configured to fail if != 0
[2026-07-14T23:10:31.566+0000] {subprocess.py:93} INFO - [0m23:10:31
[2026-07-14T23:10:31.569+0000] {subprocess.py:93} INFO - [0m23:10:31    compiled code at target/compiled/dbt_mobility/tests/assert_bikes_available_under_total_capacity.sql
[2026-07-14T23:10:31.571+0000] {subprocess.py:93} INFO - [0m23:10:31
[2026-07-14T23:10:31.574+0000] {subprocess.py:93} INFO - [0m23:10:31  [31mFailure in test unique_fct_velib_status_station_id (models/marts/schema.yml)[0m
[2026-07-14T23:10:31.577+0000] {subprocess.py:93} INFO - [0m23:10:31    Got 134 results, configured to fail if != 0
[2026-07-14T23:10:31.580+0000] {subprocess.py:93} INFO - [0m23:10:31
[2026-07-14T23:10:31.583+0000] {subprocess.py:93} INFO - [0m23:10:31    compiled code at target/compiled/dbt_mobility/models/marts/schema.yml/unique_fct_velib_status_station_id.sql
[2026-07-14T23:10:31.585+0000] {subprocess.py:93} INFO - [0m23:10:31
[2026-07-14T23:10:31.587+0000] {subprocess.py:93} INFO - [0m23:10:31  Done. PASS=5 WARN=0 ERROR=2 SKIP=0 NO-OP=0 TOTAL=7
[2026-07-14T23:10:32.420+0000] {subprocess.py:97} INFO - Command exited with return code 1
[2026-07-14T23:10:32.422+0000] {taskinstance.py:441} INFO - ::group::Post task execution logs
[2026-07-14T23:10:32.446+0000] {taskinstance.py:2905} ERROR - Task failed with exception
Traceback (most recent call last):
  File "/home/airflow/.local/lib/python3.11/site-packages/airflow/models/taskinstance.py", line 465, in _execute_task
    result = _execute_callable(context=context, **execute_callable_kwargs)
             ^^^^^^^^^^^^^^^^^^^^^^^^^^^^^^^^^^^^^^^^^^^^^^^^^^^^^^^^^^^^^
  File "/home/airflow/.local/lib/python3.11/site-packages/airflow/models/taskinstance.py", line 432, in _execute_callable
    return execute_callable(context=context, **execute_callable_kwargs)
           ^^^^^^^^^^^^^^^^^^^^^^^^^^^^^^^^^^^^^^^^^^^^^^^^^^^^^^^^^^^^
  File "/home/airflow/.local/lib/python3.11/site-packages/airflow/models/baseoperator.py", line 400, in wrapper
    return func(self, *args, **kwargs)
           ^^^^^^^^^^^^^^^^^^^^^^^^^^^
  File "/home/airflow/.local/lib/python3.11/site-packages/airflow/operators/bash.py", line 243, in execute
    raise AirflowException(
airflow.exceptions.AirflowException: Bash command failed. The command returned a non-zero exit code 1.
[2026-07-14T23:10:32.453+0000] {taskinstance.py:1206} INFO - Marking task as UP_FOR_RETRY. dag_id=ingest_and_transform_velib, task_id=dbt_run_task, run_id=scheduled__2026-07-14T22:00:00+00:00, execution_date=20260714T220000, start_date=20260714T230956, end_date=20260714T231032
[2026-07-14T23:10:32.484+0000] {standard_task_runner.py:110} ERROR - Failed to execute job 34 for task dbt_run_task (Bash command failed. The command returned a non-zero exit code 1.; 177)
[2026-07-14T23:10:32.505+0000] {local_task_job_runner.py:240} INFO - Task exited with return code 1
[2026-07-14T23:10:32.535+0000] {taskinstance.py:3498} INFO - 0 downstream tasks scheduled from follow-on schedule check
[2026-07-14T23:10:32.538+0000] {local_task_job_runner.py:222} INFO - ::endgroup::
