[2026-07-15T14:06:16.962+0000] {local_task_job_runner.py:120} INFO - ::group::Pre task execution logs
[2026-07-15T14:06:17.162+0000] {taskinstance.py:2076} INFO - Dependencies all met for dep_context=non-requeueable deps ti=<TaskInstance: ingest_and_transform_velib.dbt_run_task scheduled__2026-07-15T02:00:00+00:00 [queued]>
[2026-07-15T14:06:17.201+0000] {taskinstance.py:2076} INFO - Dependencies all met for dep_context=requeueable deps ti=<TaskInstance: ingest_and_transform_velib.dbt_run_task scheduled__2026-07-15T02:00:00+00:00 [queued]>
[2026-07-15T14:06:17.221+0000] {taskinstance.py:2306} INFO - Starting attempt 1 of 2
[2026-07-15T14:06:17.286+0000] {taskinstance.py:2330} INFO - Executing <Task(BashOperator): dbt_run_task> on 2026-07-15 02:00:00+00:00
[2026-07-15T14:06:17.320+0000] {standard_task_runner.py:63} INFO - Started process 457 to run task
[2026-07-15T14:06:17.327+0000] {standard_task_runner.py:90} INFO - Running: ['***', 'tasks', 'run', 'ingest_and_transform_velib', 'dbt_run_task', 'scheduled__2026-07-15T02:00:00+00:00', '--job-id', '43', '--raw', '--subdir', 'DAGS_FOLDER/ingest_velib_status.py', '--cfg-path', '/tmp/tmpef42ow75']
[2026-07-15T14:06:17.348+0000] {standard_task_runner.py:91} INFO - Job 43: Subtask dbt_run_task
[2026-07-15T14:06:17.843+0000] {task_command.py:426} INFO - Running <TaskInstance: ingest_and_transform_velib.dbt_run_task scheduled__2026-07-15T02:00:00+00:00 [running]> on host 34cfa9410581
[2026-07-15T14:06:18.515+0000] {taskinstance.py:2648} INFO - Exporting env vars: AIRFLOW_CTX_DAG_OWNER='Amadou' AIRFLOW_CTX_DAG_ID='ingest_and_transform_velib' AIRFLOW_CTX_TASK_ID='dbt_run_task' AIRFLOW_CTX_EXECUTION_DATE='2026-07-15T02:00:00+00:00' AIRFLOW_CTX_TRY_NUMBER='1' AIRFLOW_CTX_DAG_RUN_ID='scheduled__2026-07-15T02:00:00+00:00'
[2026-07-15T14:06:18.541+0000] {taskinstance.py:430} INFO - ::endgroup::
[2026-07-15T14:06:18.590+0000] {subprocess.py:63} INFO - Tmp dir root location: /tmp
[2026-07-15T14:06:18.597+0000] {subprocess.py:75} INFO - Running command: ['/usr/bin/bash', '-c', '\n        python -m pip install dbt-postgres==1.9.1\n        cd /opt/***/dbt_mobility\n        dbt run --profiles-dir .\n        dbt test --profiles-dir .\n        ']
[2026-07-15T14:06:18.640+0000] {subprocess.py:86} INFO - Output:
[2026-07-15T14:06:21.908+0000] {subprocess.py:93} INFO - Requirement already satisfied: dbt-postgres==1.9.1 in /home/***/.local/lib/python3.11/site-packages (1.9.1)
[2026-07-15T14:06:21.930+0000] {subprocess.py:93} INFO - Requirement already satisfied: agate<2.0,>=1.0 in /home/***/.local/lib/python3.11/site-packages (from dbt-postgres==1.9.1) (1.9.1)
[2026-07-15T14:06:21.946+0000] {subprocess.py:93} INFO - Requirement already satisfied: dbt-adapters<2.0,>=1.7.0 in /home/***/.local/lib/python3.11/site-packages (from dbt-postgres==1.9.1) (1.24.4)
[2026-07-15T14:06:21.950+0000] {subprocess.py:93} INFO - Requirement already satisfied: dbt-common<2.0,>=1.0.4 in /home/***/.local/lib/python3.11/site-packages (from dbt-postgres==1.9.1) (1.38.0)
[2026-07-15T14:06:21.954+0000] {subprocess.py:93} INFO - Requirement already satisfied: dbt-core>=1.8.0 in /home/***/.local/lib/python3.11/site-packages (from dbt-postgres==1.9.1) (1.11.12)
[2026-07-15T14:06:21.963+0000] {subprocess.py:93} INFO - Requirement already satisfied: psycopg2-binary<3.0,>=2.9 in /home/***/.local/lib/python3.11/site-packages (from dbt-postgres==1.9.1) (2.9.9)
[2026-07-15T14:06:22.011+0000] {subprocess.py:93} INFO - Requirement already satisfied: Babel>=2.0 in /home/***/.local/lib/python3.11/site-packages (from agate<2.0,>=1.0->dbt-postgres==1.9.1) (2.14.0)
[2026-07-15T14:06:22.014+0000] {subprocess.py:93} INFO - Requirement already satisfied: isodate>=0.5.4 in /home/***/.local/lib/python3.11/site-packages (from agate<2.0,>=1.0->dbt-postgres==1.9.1) (0.6.1)
[2026-07-15T14:06:22.019+0000] {subprocess.py:93} INFO - Requirement already satisfied: leather>=0.3.2 in /home/***/.local/lib/python3.11/site-packages (from agate<2.0,>=1.0->dbt-postgres==1.9.1) (0.4.1)
[2026-07-15T14:06:22.025+0000] {subprocess.py:93} INFO - Requirement already satisfied: parsedatetime!=2.5,>=2.1 in /home/***/.local/lib/python3.11/site-packages (from agate<2.0,>=1.0->dbt-postgres==1.9.1) (2.6)
[2026-07-15T14:06:22.030+0000] {subprocess.py:93} INFO - Requirement already satisfied: python-slugify>=1.2.1 in /home/***/.local/lib/python3.11/site-packages (from agate<2.0,>=1.0->dbt-postgres==1.9.1) (8.0.4)
[2026-07-15T14:06:22.043+0000] {subprocess.py:93} INFO - Requirement already satisfied: pytimeparse>=1.1.5 in /home/***/.local/lib/python3.11/site-packages (from agate<2.0,>=1.0->dbt-postgres==1.9.1) (1.1.8)
[2026-07-15T14:06:22.092+0000] {subprocess.py:93} INFO - Requirement already satisfied: dbt-protos<2.0,>=1.0.291 in /home/***/.local/lib/python3.11/site-packages (from dbt-adapters<2.0,>=1.7.0->dbt-postgres==1.9.1) (1.0.541)
[2026-07-15T14:06:22.157+0000] {subprocess.py:93} INFO - Requirement already satisfied: mashumaro<3.18,>=3.9 in /home/***/.local/lib/python3.11/site-packages (from mashumaro[msgpack]<3.18,>=3.9->dbt-adapters<2.0,>=1.7.0->dbt-postgres==1.9.1) (3.14)
[2026-07-15T14:06:22.204+0000] {subprocess.py:93} INFO - Requirement already satisfied: protobuf<7.0,>=6.0 in /home/***/.local/lib/python3.11/site-packages (from dbt-adapters<2.0,>=1.7.0->dbt-postgres==1.9.1) (6.33.6)
[2026-07-15T14:06:22.224+0000] {subprocess.py:93} INFO - Requirement already satisfied: pytz>=2015.7 in /home/***/.local/lib/python3.11/site-packages (from dbt-adapters<2.0,>=1.7.0->dbt-postgres==1.9.1) (2024.1)
[2026-07-15T14:06:22.256+0000] {subprocess.py:93} INFO - Requirement already satisfied: typing-extensions<5.0,>=4.0 in /home/***/.local/lib/python3.11/site-packages (from dbt-adapters<2.0,>=1.7.0->dbt-postgres==1.9.1) (4.11.0)
[2026-07-15T14:06:22.481+0000] {subprocess.py:93} INFO - Requirement already satisfied: colorama<0.5,>=0.3.9 in /home/***/.local/lib/python3.11/site-packages (from dbt-common<2.0,>=1.0.4->dbt-postgres==1.9.1) (0.4.6)
[2026-07-15T14:06:22.512+0000] {subprocess.py:93} INFO - Requirement already satisfied: deepdiff<9.0,>=7.0 in /home/***/.local/lib/python3.11/site-packages (from dbt-common<2.0,>=1.0.4->dbt-postgres==1.9.1) (8.6.2)
[2026-07-15T14:06:22.528+0000] {subprocess.py:93} INFO - Requirement already satisfied: jinja2<4,>=3.1.3 in /home/***/.local/lib/python3.11/site-packages (from dbt-common<2.0,>=1.0.4->dbt-postgres==1.9.1) (3.1.6)
[2026-07-15T14:06:22.544+0000] {subprocess.py:93} INFO - Requirement already satisfied: jsonschema<5.0,>=4.0 in /home/***/.local/lib/python3.11/site-packages (from dbt-common<2.0,>=1.0.4->dbt-postgres==1.9.1) (4.22.0)
[2026-07-15T14:06:22.621+0000] {subprocess.py:93} INFO - Requirement already satisfied: pathspec<1.1,>=0.9 in /home/***/.local/lib/python3.11/site-packages (from dbt-common<2.0,>=1.0.4->dbt-postgres==1.9.1) (0.12.1)
[2026-07-15T14:06:22.632+0000] {subprocess.py:93} INFO - Requirement already satisfied: python-dateutil<3.0,>=2.0 in /home/***/.local/lib/python3.11/site-packages (from dbt-common<2.0,>=1.0.4->dbt-postgres==1.9.1) (2.9.0.post0)
[2026-07-15T14:06:22.644+0000] {subprocess.py:93} INFO - Requirement already satisfied: requests<3.0.0 in /home/***/.local/lib/python3.11/site-packages (from dbt-common<2.0,>=1.0.4->dbt-postgres==1.9.1) (2.31.0)
[2026-07-15T14:06:22.727+0000] {subprocess.py:93} INFO - Requirement already satisfied: click<9.0,>=8.3.0 in /home/***/.local/lib/python3.11/site-packages (from dbt-core>=1.8.0->dbt-postgres==1.9.1) (8.4.2)
[2026-07-15T14:06:22.740+0000] {subprocess.py:93} INFO - Requirement already satisfied: daff>=1.3.46 in /home/***/.local/lib/python3.11/site-packages (from dbt-core>=1.8.0->dbt-postgres==1.9.1) (1.4.2)
[2026-07-15T14:06:22.747+0000] {subprocess.py:93} INFO - Requirement already satisfied: dbt-extractor<=0.6,>=0.5.0 in /home/***/.local/lib/python3.11/site-packages (from dbt-core>=1.8.0->dbt-postgres==1.9.1) (0.6.0)
[2026-07-15T14:06:22.760+0000] {subprocess.py:93} INFO - Requirement already satisfied: dbt-semantic-interfaces<0.10,>=0.9.0 in /home/***/.local/lib/python3.11/site-packages (from dbt-core>=1.8.0->dbt-postgres==1.9.1) (0.9.0)
[2026-07-15T14:06:22.793+0000] {subprocess.py:93} INFO - Requirement already satisfied: networkx<4.0,>=2.3 in /home/***/.local/lib/python3.11/site-packages (from dbt-core>=1.8.0->dbt-postgres==1.9.1) (3.6.1)
[2026-07-15T14:06:22.797+0000] {subprocess.py:93} INFO - Requirement already satisfied: packaging>20.9 in /home/***/.local/lib/python3.11/site-packages (from dbt-core>=1.8.0->dbt-postgres==1.9.1) (24.0)
[2026-07-15T14:06:22.817+0000] {subprocess.py:93} INFO - Requirement already satisfied: pydantic<3 in /home/***/.local/lib/python3.11/site-packages (from dbt-core>=1.8.0->dbt-postgres==1.9.1) (2.7.1)
[2026-07-15T14:06:22.828+0000] {subprocess.py:93} INFO - Requirement already satisfied: pyyaml>=6.0 in /home/***/.local/lib/python3.11/site-packages (from dbt-core>=1.8.0->dbt-postgres==1.9.1) (6.0.1)
[2026-07-15T14:06:22.836+0000] {subprocess.py:93} INFO - Requirement already satisfied: snowplow-tracker<2.0,>=1.0.2 in /home/***/.local/lib/python3.11/site-packages (from dbt-core>=1.8.0->dbt-postgres==1.9.1) (1.1.0)
[2026-07-15T14:06:22.849+0000] {subprocess.py:93} INFO - Requirement already satisfied: sqlparse<0.6.0,>=0.5.5 in /home/***/.local/lib/python3.11/site-packages (from dbt-core>=1.8.0->dbt-postgres==1.9.1) (0.5.5)
[2026-07-15T14:06:23.008+0000] {subprocess.py:93} INFO - Requirement already satisfied: importlib-metadata<9,>=6.0 in /home/***/.local/lib/python3.11/site-packages (from dbt-semantic-interfaces<0.10,>=0.9.0->dbt-core>=1.8.0->dbt-postgres==1.9.1) (6.11.0)
[2026-07-15T14:06:23.018+0000] {subprocess.py:93} INFO - Requirement already satisfied: more-itertools<11.0,>=8.0 in /home/***/.local/lib/python3.11/site-packages (from dbt-semantic-interfaces<0.10,>=0.9.0->dbt-core>=1.8.0->dbt-postgres==1.9.1) (10.2.0)
[2026-07-15T14:06:23.135+0000] {subprocess.py:93} INFO - Requirement already satisfied: orderly-set<6,>=5.4.1 in /home/***/.local/lib/python3.11/site-packages (from deepdiff<9.0,>=7.0->dbt-common<2.0,>=1.0.4->dbt-postgres==1.9.1) (5.5.0)
[2026-07-15T14:06:23.160+0000] {subprocess.py:93} INFO - Requirement already satisfied: six in /home/***/.local/lib/python3.11/site-packages (from isodate>=0.5.4->agate<2.0,>=1.0->dbt-postgres==1.9.1) (1.16.0)
[2026-07-15T14:06:23.208+0000] {subprocess.py:93} INFO - Requirement already satisfied: MarkupSafe>=2.0 in /home/***/.local/lib/python3.11/site-packages (from jinja2<4,>=3.1.3->dbt-common<2.0,>=1.0.4->dbt-postgres==1.9.1) (2.1.5)
[2026-07-15T14:06:23.307+0000] {subprocess.py:93} INFO - Requirement already satisfied: attrs>=22.2.0 in /home/***/.local/lib/python3.11/site-packages (from jsonschema<5.0,>=4.0->dbt-common<2.0,>=1.0.4->dbt-postgres==1.9.1) (23.2.0)
[2026-07-15T14:06:23.320+0000] {subprocess.py:93} INFO - Requirement already satisfied: jsonschema-specifications>=2023.03.6 in /home/***/.local/lib/python3.11/site-packages (from jsonschema<5.0,>=4.0->dbt-common<2.0,>=1.0.4->dbt-postgres==1.9.1) (2023.12.1)
[2026-07-15T14:06:23.323+0000] {subprocess.py:93} INFO - Requirement already satisfied: referencing>=0.28.4 in /home/***/.local/lib/python3.11/site-packages (from jsonschema<5.0,>=4.0->dbt-common<2.0,>=1.0.4->dbt-postgres==1.9.1) (0.31.1)
[2026-07-15T14:06:23.326+0000] {subprocess.py:93} INFO - Requirement already satisfied: rpds-py>=0.7.1 in /home/***/.local/lib/python3.11/site-packages (from jsonschema<5.0,>=4.0->dbt-common<2.0,>=1.0.4->dbt-postgres==1.9.1) (0.18.0)
[2026-07-15T14:06:23.463+0000] {subprocess.py:93} INFO - Requirement already satisfied: msgpack>=0.5.6 in /home/***/.local/lib/python3.11/site-packages (from mashumaro[msgpack]<3.18,>=3.9->dbt-adapters<2.0,>=1.7.0->dbt-postgres==1.9.1) (1.2.1)
[2026-07-15T14:06:23.667+0000] {subprocess.py:93} INFO - Requirement already satisfied: annotated-types>=0.4.0 in /home/***/.local/lib/python3.11/site-packages (from pydantic<3->dbt-core>=1.8.0->dbt-postgres==1.9.1) (0.6.0)
[2026-07-15T14:06:23.674+0000] {subprocess.py:93} INFO - Requirement already satisfied: pydantic-core==2.18.2 in /home/***/.local/lib/python3.11/site-packages (from pydantic<3->dbt-core>=1.8.0->dbt-postgres==1.9.1) (2.18.2)
[2026-07-15T14:06:23.763+0000] {subprocess.py:93} INFO - Requirement already satisfied: text-unidecode>=1.3 in /home/***/.local/lib/python3.11/site-packages (from python-slugify>=1.2.1->agate<2.0,>=1.0->dbt-postgres==1.9.1) (1.3)
[2026-07-15T14:06:23.889+0000] {subprocess.py:93} INFO - Requirement already satisfied: charset-normalizer<4,>=2 in /home/***/.local/lib/python3.11/site-packages (from requests<3.0.0->dbt-common<2.0,>=1.0.4->dbt-postgres==1.9.1) (3.3.2)
[2026-07-15T14:06:23.895+0000] {subprocess.py:93} INFO - Requirement already satisfied: idna<4,>=2.5 in /home/***/.local/lib/python3.11/site-packages (from requests<3.0.0->dbt-common<2.0,>=1.0.4->dbt-postgres==1.9.1) (3.7)
[2026-07-15T14:06:23.899+0000] {subprocess.py:93} INFO - Requirement already satisfied: urllib3<3,>=1.21.1 in /home/***/.local/lib/python3.11/site-packages (from requests<3.0.0->dbt-common<2.0,>=1.0.4->dbt-postgres==1.9.1) (2.2.1)
[2026-07-15T14:06:23.903+0000] {subprocess.py:93} INFO - Requirement already satisfied: certifi>=2017.4.17 in /home/***/.local/lib/python3.11/site-packages (from requests<3.0.0->dbt-common<2.0,>=1.0.4->dbt-postgres==1.9.1) (2024.2.2)
[2026-07-15T14:06:24.436+0000] {subprocess.py:93} INFO - Requirement already satisfied: zipp>=0.5 in /home/***/.local/lib/python3.11/site-packages (from importlib-metadata<9,>=6.0->dbt-semantic-interfaces<0.10,>=0.9.0->dbt-core>=1.8.0->dbt-postgres==1.9.1) (3.18.1)
[2026-07-15T14:06:36.702+0000] {subprocess.py:93} INFO - 
[2026-07-15T14:06:36.705+0000] {subprocess.py:93} INFO - [notice] A new release of pip is available: 24.0 -> 26.1.2
[2026-07-15T14:06:36.707+0000] {subprocess.py:93} INFO - [notice] To update, run: pip3 install --upgrade pip
[2026-07-15T14:06:45.064+0000] {subprocess.py:93} INFO - [0m14:06:45  Running with dbt=1.11.12
[2026-07-15T14:06:46.075+0000] {subprocess.py:93} INFO - [0m14:06:46  Registered adapter: postgres=1.9.1
[2026-07-15T14:06:47.399+0000] {subprocess.py:93} INFO - [0m14:06:47  [[33mWARNING[0m]: Configuration paths exist in your dbt_project.yml file which do not apply to any resources.
[2026-07-15T14:06:47.402+0000] {subprocess.py:93} INFO - There are 1 unused configuration paths:
[2026-07-15T14:06:47.405+0000] {subprocess.py:93} INFO - - models.dbt_mobility.example
[2026-07-15T14:06:48.798+0000] {subprocess.py:93} INFO - [0m14:06:48  Found 7 data tests, 2 models, 1 source, 474 macros
[2026-07-15T14:06:48.824+0000] {subprocess.py:93} INFO - [0m14:06:48
[2026-07-15T14:06:48.829+0000] {subprocess.py:93} INFO - [0m14:06:48  Concurrency: 4 threads (target='prod')
[2026-07-15T14:06:48.849+0000] {subprocess.py:93} INFO - [0m14:06:48
[2026-07-15T14:06:49.839+0000] {subprocess.py:93} INFO - [0m14:06:49  1 of 2 START sql view model schema_analytics.stg_velib_stations ................ [RUN]
[2026-07-15T14:06:50.360+0000] {subprocess.py:93} INFO - [0m14:06:50  1 of 2 OK created sql view model schema_analytics.stg_velib_stations ........... [[32mCREATE VIEW[0m in 0.51s]
[2026-07-15T14:06:50.393+0000] {subprocess.py:93} INFO - [0m14:06:50  2 of 2 START sql table model schema_analytics.fct_velib_status ................. [RUN]
[2026-07-15T14:06:51.422+0000] {subprocess.py:93} INFO - [0m14:06:51  2 of 2 OK created sql table model schema_analytics.fct_velib_status ............ [[32mSELECT 485[0m in 0.95s]
[2026-07-15T14:06:51.738+0000] {subprocess.py:93} INFO - [0m14:06:51
[2026-07-15T14:06:51.749+0000] {subprocess.py:93} INFO - [0m14:06:51  Finished running 1 table model, 1 view model in 0 hours 0 minutes and 2.88 seconds (2.88s).
[2026-07-15T14:06:52.328+0000] {subprocess.py:93} INFO - [0m14:06:52
[2026-07-15T14:06:52.333+0000] {subprocess.py:93} INFO - [0m14:06:52  [32mCompleted successfully[0m
[2026-07-15T14:06:52.336+0000] {subprocess.py:93} INFO - [0m14:06:52
[2026-07-15T14:06:52.344+0000] {subprocess.py:93} INFO - [0m14:06:52  Done. PASS=2 WARN=0 ERROR=0 SKIP=0 NO-OP=0 TOTAL=2
[2026-07-15T14:06:59.684+0000] {subprocess.py:93} INFO - [0m14:06:59  Running with dbt=1.11.12
[2026-07-15T14:07:01.352+0000] {subprocess.py:93} INFO - [0m14:07:01  Registered adapter: postgres=1.9.1
[2026-07-15T14:07:02.769+0000] {subprocess.py:93} INFO - [0m14:07:02  [[33mWARNING[0m]: Configuration paths exist in your dbt_project.yml file which do not apply to any resources.
[2026-07-15T14:07:02.771+0000] {subprocess.py:93} INFO - There are 1 unused configuration paths:
[2026-07-15T14:07:02.774+0000] {subprocess.py:93} INFO - - models.dbt_mobility.example
[2026-07-15T14:07:03.918+0000] {subprocess.py:93} INFO - [0m14:07:03  Found 7 data tests, 2 models, 1 source, 474 macros
[2026-07-15T14:07:03.928+0000] {subprocess.py:93} INFO - [0m14:07:03
[2026-07-15T14:07:03.935+0000] {subprocess.py:93} INFO - [0m14:07:03  Concurrency: 4 threads (target='prod')
[2026-07-15T14:07:03.939+0000] {subprocess.py:93} INFO - [0m14:07:03
[2026-07-15T14:07:04.277+0000] {subprocess.py:93} INFO - [0m14:07:04  1 of 7 START test accepted_values_fct_velib_status_station_status__Normal__Presque_pleine__Presque_vide__Vide__Hors_service  [RUN]
[2026-07-15T14:07:04.280+0000] {subprocess.py:93} INFO - [0m14:07:04  2 of 7 START test assert_bikes_available_under_total_capacity .................. [RUN]
[2026-07-15T14:07:04.284+0000] {subprocess.py:93} INFO - [0m14:07:04  3 of 7 START test not_null_fct_velib_status_station_id ......................... [RUN]
[2026-07-15T14:07:04.290+0000] {subprocess.py:93} INFO - [0m14:07:04  4 of 7 START test not_null_fct_velib_status_station_name ....................... [RUN]
[2026-07-15T14:07:04.843+0000] {subprocess.py:93} INFO - [0m14:07:04  1 of 7 PASS accepted_values_fct_velib_status_station_status__Normal__Presque_pleine__Presque_vide__Vide__Hors_service  [[32mPASS[0m in 0.54s]
[2026-07-15T14:07:04.855+0000] {subprocess.py:93} INFO - [0m14:07:04  4 of 7 PASS not_null_fct_velib_status_station_name ............................. [[32mPASS[0m in 0.55s]
[2026-07-15T14:07:04.865+0000] {subprocess.py:93} INFO - [0m14:07:04  2 of 7 FAIL 3 assert_bikes_available_under_total_capacity ...................... [[31mFAIL 3[0m in 0.57s]
[2026-07-15T14:07:04.870+0000] {subprocess.py:93} INFO - [0m14:07:04  3 of 7 PASS not_null_fct_velib_status_station_id ............................... [[32mPASS[0m in 0.57s]
[2026-07-15T14:07:04.906+0000] {subprocess.py:93} INFO - [0m14:07:04  5 of 7 START test not_null_fct_velib_status_station_status ..................... [RUN]
[2026-07-15T14:07:04.911+0000] {subprocess.py:93} INFO - [0m14:07:04  6 of 7 START test not_null_fct_velib_status_total_capacity ..................... [RUN]
[2026-07-15T14:07:04.915+0000] {subprocess.py:93} INFO - [0m14:07:04  7 of 7 START test unique_fct_velib_status_station_id ........................... [RUN]
[2026-07-15T14:07:05.193+0000] {subprocess.py:93} INFO - [0m14:07:05  6 of 7 PASS not_null_fct_velib_status_total_capacity ........................... [[32mPASS[0m in 0.27s]
[2026-07-15T14:07:05.240+0000] {subprocess.py:93} INFO - [0m14:07:05  7 of 7 FAIL 156 unique_fct_velib_status_station_id ............................. [[31mFAIL 156[0m in 0.31s]
[2026-07-15T14:07:05.255+0000] {subprocess.py:93} INFO - [0m14:07:05  5 of 7 PASS not_null_fct_velib_status_station_status ........................... [[32mPASS[0m in 0.33s]
[2026-07-15T14:07:05.394+0000] {subprocess.py:93} INFO - [0m14:07:05
[2026-07-15T14:07:05.398+0000] {subprocess.py:93} INFO - [0m14:07:05  Finished running 7 data tests in 0 hours 0 minutes and 1.45 seconds (1.45s).
[2026-07-15T14:07:05.697+0000] {subprocess.py:93} INFO - [0m14:07:05
[2026-07-15T14:07:05.704+0000] {subprocess.py:93} INFO - [0m14:07:05  [31mCompleted with 2 errors, 0 partial successes, and 0 warnings:[0m
[2026-07-15T14:07:05.709+0000] {subprocess.py:93} INFO - [0m14:07:05
[2026-07-15T14:07:05.714+0000] {subprocess.py:93} INFO - [0m14:07:05  [31mFailure in test assert_bikes_available_under_total_capacity (tests/assert_bikes_available_under_total_capacity.sql)[0m
[2026-07-15T14:07:05.718+0000] {subprocess.py:93} INFO - [0m14:07:05    Got 3 results, configured to fail if != 0
[2026-07-15T14:07:05.722+0000] {subprocess.py:93} INFO - [0m14:07:05
[2026-07-15T14:07:05.726+0000] {subprocess.py:93} INFO - [0m14:07:05    compiled code at target/compiled/dbt_mobility/tests/assert_bikes_available_under_total_capacity.sql
[2026-07-15T14:07:05.728+0000] {subprocess.py:93} INFO - [0m14:07:05
[2026-07-15T14:07:05.732+0000] {subprocess.py:93} INFO - [0m14:07:05  [31mFailure in test unique_fct_velib_status_station_id (models/marts/schema.yml)[0m
[2026-07-15T14:07:05.736+0000] {subprocess.py:93} INFO - [0m14:07:05    Got 156 results, configured to fail if != 0
[2026-07-15T14:07:05.740+0000] {subprocess.py:93} INFO - [0m14:07:05
[2026-07-15T14:07:05.748+0000] {subprocess.py:93} INFO - [0m14:07:05    compiled code at target/compiled/dbt_mobility/models/marts/schema.yml/unique_fct_velib_status_station_id.sql
[2026-07-15T14:07:05.756+0000] {subprocess.py:93} INFO - [0m14:07:05
[2026-07-15T14:07:05.768+0000] {subprocess.py:93} INFO - [0m14:07:05  Done. PASS=5 WARN=0 ERROR=2 SKIP=0 NO-OP=0 TOTAL=7
[2026-07-15T14:07:07.152+0000] {subprocess.py:97} INFO - Command exited with return code 1
[2026-07-15T14:07:07.154+0000] {taskinstance.py:441} INFO - ::group::Post task execution logs
[2026-07-15T14:07:07.195+0000] {taskinstance.py:2905} ERROR - Task failed with exception
Traceback (most recent call last):
  File "/home/airflow/.local/lib/python3.11/site-packages/airflow/models/taskinstance.py", line 465, in _execute_task
    result = _execute_callable(context=context, **execute_callable_kwargs)
             ^^^^^^^^^^^^^^^^^^^^^^^^^^^^^^^^^^^^^^^^^^^^^^^^^^^^^^^^^^^^^
  File "/home/airflow/.local/lib/python3.11/site-packages/airflow/models/taskinstance.py", line 432, in _execute_callable
    return execute_callable(context=context, **execute_callable_kwargs)
           ^^^^^^^^^^^^^^^^^^^^^^^^^^^^^^^^^^^^^^^^^^^^^^^^^^^^^^^^^^^^
  File "/home/airflow/.local/lib/python3.11/site-packages/airflow/models/baseoperator.py", line 400, in wrapper
    return func(self, *args, **kwargs)
           ^^^^^^^^^^^^^^^^^^^^^^^^^^^
  File "/home/airflow/.local/lib/python3.11/site-packages/airflow/operators/bash.py", line 243, in execute
    raise AirflowException(
airflow.exceptions.AirflowException: Bash command failed. The command returned a non-zero exit code 1.
[2026-07-15T14:07:07.205+0000] {taskinstance.py:1206} INFO - Marking task as UP_FOR_RETRY. dag_id=ingest_and_transform_velib, task_id=dbt_run_task, run_id=scheduled__2026-07-15T02:00:00+00:00, execution_date=20260715T020000, start_date=20260715T140617, end_date=20260715T140707
[2026-07-15T14:07:07.240+0000] {standard_task_runner.py:110} ERROR - Failed to execute job 43 for task dbt_run_task (Bash command failed. The command returned a non-zero exit code 1.; 457)
[2026-07-15T14:07:07.290+0000] {local_task_job_runner.py:240} INFO - Task exited with return code 1
[2026-07-15T14:07:07.345+0000] {taskinstance.py:3498} INFO - 0 downstream tasks scheduled from follow-on schedule check
[2026-07-15T14:07:07.350+0000] {local_task_job_runner.py:222} INFO - ::endgroup::
