[2026-07-13T19:40:42.451+0000] {local_task_job_runner.py:120} INFO - ::group::Pre task execution logs
[2026-07-13T19:40:42.474+0000] {taskinstance.py:2076} INFO - Dependencies all met for dep_context=non-requeueable deps ti=<TaskInstance: ingest_velib_realtime.extract_and_load_velib_task manual__2026-07-13T19:40:42.150705+00:00 [queued]>
[2026-07-13T19:40:42.480+0000] {taskinstance.py:2076} INFO - Dependencies all met for dep_context=requeueable deps ti=<TaskInstance: ingest_velib_realtime.extract_and_load_velib_task manual__2026-07-13T19:40:42.150705+00:00 [queued]>
[2026-07-13T19:40:42.480+0000] {taskinstance.py:2306} INFO - Starting attempt 1 of 2
[2026-07-13T19:40:42.489+0000] {taskinstance.py:2330} INFO - Executing <Task(PythonOperator): extract_and_load_velib_task> on 2026-07-13 19:40:42.150705+00:00
[2026-07-13T19:40:42.491+0000] {standard_task_runner.py:63} INFO - Started process 255 to run task
[2026-07-13T19:40:42.493+0000] {standard_task_runner.py:90} INFO - Running: ['***', 'tasks', 'run', 'ingest_velib_realtime', 'extract_and_load_velib_task', 'manual__2026-07-13T19:40:42.150705+00:00', '--job-id', '6', '--raw', '--subdir', 'DAGS_FOLDER/ingest_velib_status.py', '--cfg-path', '/tmp/tmpfcbtgnsb']
[2026-07-13T19:40:42.496+0000] {standard_task_runner.py:91} INFO - Job 6: Subtask extract_and_load_velib_task
[2026-07-13T19:40:42.546+0000] {task_command.py:426} INFO - Running <TaskInstance: ingest_velib_realtime.extract_and_load_velib_task manual__2026-07-13T19:40:42.150705+00:00 [running]> on host 3e8079f0e234
[2026-07-13T19:40:42.639+0000] {taskinstance.py:2648} INFO - Exporting env vars: AIRFLOW_CTX_DAG_OWNER='Amadou' AIRFLOW_CTX_DAG_ID='ingest_velib_realtime' AIRFLOW_CTX_TASK_ID='extract_and_load_velib_task' AIRFLOW_CTX_EXECUTION_DATE='2026-07-13T19:40:42.150705+00:00' AIRFLOW_CTX_TRY_NUMBER='1' AIRFLOW_CTX_DAG_RUN_ID='manual__2026-07-13T19:40:42.150705+00:00'
[2026-07-13T19:40:42.640+0000] {taskinstance.py:430} INFO - ::endgroup::
[2026-07-13T19:40:42.840+0000] {crypto.py:82} WARNING - empty cryptography key - values will not be stored encrypted.
[2026-07-13T19:40:42.840+0000] {base.py:84} INFO - Using connection ID 'postgres_dest_conn' for task execution.
[2026-07-13T19:40:42.857+0000] {logging_mixin.py:188} INFO - 🎉 Succès ! 100 stations insérées dans schema_raw.stg_raw_stations
[2026-07-13T19:40:42.858+0000] {python.py:237} INFO - Done. Returned value was: None
[2026-07-13T19:40:42.859+0000] {taskinstance.py:441} INFO - ::group::Post task execution logs
[2026-07-13T19:40:42.955+0000] {taskinstance.py:1206} INFO - Marking task as SUCCESS. dag_id=ingest_velib_realtime, task_id=extract_and_load_velib_task, run_id=manual__2026-07-13T19:40:42.150705+00:00, execution_date=20260713T194042, start_date=20260713T194042, end_date=20260713T194042
[2026-07-13T19:40:42.977+0000] {local_task_job_runner.py:240} INFO - Task exited with return code 0
[2026-07-13T19:40:42.994+0000] {taskinstance.py:3498} INFO - 0 downstream tasks scheduled from follow-on schedule check
[2026-07-13T19:40:42.995+0000] {local_task_job_runner.py:222} INFO - ::endgroup::
