[2026-07-13T21:09:18.967+0000] {local_task_job_runner.py:120} INFO - ::group::Pre task execution logs
[2026-07-13T21:09:18.986+0000] {taskinstance.py:2076} INFO - Dependencies all met for dep_context=non-requeueable deps ti=<TaskInstance: ingest_and_transform_velib.dbt_run_task scheduled__2026-07-13T20:00:00+00:00 [queued]>
[2026-07-13T21:09:18.991+0000] {taskinstance.py:2076} INFO - Dependencies all met for dep_context=requeueable deps ti=<TaskInstance: ingest_and_transform_velib.dbt_run_task scheduled__2026-07-13T20:00:00+00:00 [queued]>
[2026-07-13T21:09:18.991+0000] {taskinstance.py:2306} INFO - Starting attempt 1 of 2
[2026-07-13T21:09:18.999+0000] {taskinstance.py:2330} INFO - Executing <Task(BashOperator): dbt_run_task> on 2026-07-13 20:00:00+00:00
[2026-07-13T21:09:19.001+0000] {standard_task_runner.py:63} INFO - Started process 313 to run task
[2026-07-13T21:09:19.003+0000] {standard_task_runner.py:90} INFO - Running: ['***', 'tasks', 'run', 'ingest_and_transform_velib', 'dbt_run_task', 'scheduled__2026-07-13T20:00:00+00:00', '--job-id', '3', '--raw', '--subdir', 'DAGS_FOLDER/ingest_velib_status.py', '--cfg-path', '/tmp/tmpaegdpstj']
[2026-07-13T21:09:19.005+0000] {standard_task_runner.py:91} INFO - Job 3: Subtask dbt_run_task
[2026-07-13T21:09:19.041+0000] {task_command.py:426} INFO - Running <TaskInstance: ingest_and_transform_velib.dbt_run_task scheduled__2026-07-13T20:00:00+00:00 [running]> on host 6ced2ff4682b
[2026-07-13T21:09:19.100+0000] {taskinstance.py:2648} INFO - Exporting env vars: AIRFLOW_CTX_DAG_OWNER='Amadou' AIRFLOW_CTX_DAG_ID='ingest_and_transform_velib' AIRFLOW_CTX_TASK_ID='dbt_run_task' AIRFLOW_CTX_EXECUTION_DATE='2026-07-13T20:00:00+00:00' AIRFLOW_CTX_TRY_NUMBER='1' AIRFLOW_CTX_DAG_RUN_ID='scheduled__2026-07-13T20:00:00+00:00'
[2026-07-13T21:09:19.100+0000] {taskinstance.py:430} INFO - ::endgroup::
[2026-07-13T21:09:19.106+0000] {subprocess.py:63} INFO - Tmp dir root location: /tmp
[2026-07-13T21:09:19.107+0000] {subprocess.py:75} INFO - Running command: ['/usr/bin/bash', '-c', '\n        python -m pip install dbt-postgres==1.9.1\n        cd /opt/***/dbt_mobility\n        dbt run --profiles-dir .\n        dbt test --profiles-dir .\n        ']
[2026-07-13T21:09:19.113+0000] {subprocess.py:86} INFO - Output:
[2026-07-13T21:09:20.155+0000] {subprocess.py:93} INFO - Collecting dbt-postgres==1.9.1
[2026-07-13T21:09:20.222+0000] {subprocess.py:93} INFO -   Downloading dbt_postgres-1.9.1-py3-none-any.whl.metadata (3.8 kB)
[2026-07-13T21:09:20.253+0000] {subprocess.py:93} INFO - Collecting agate<2.0,>=1.0 (from dbt-postgres==1.9.1)
[2026-07-13T21:09:20.269+0000] {subprocess.py:93} INFO -   Downloading agate-1.14.2-py3-none-any.whl.metadata (3.1 kB)
[2026-07-13T21:09:20.307+0000] {subprocess.py:93} INFO - Collecting dbt-adapters<2.0,>=1.7.0 (from dbt-postgres==1.9.1)
[2026-07-13T21:09:20.322+0000] {subprocess.py:93} INFO -   Downloading dbt_adapters-1.24.4-py3-none-any.whl.metadata (4.6 kB)
[2026-07-13T21:09:20.356+0000] {subprocess.py:93} INFO - Collecting dbt-common<2.0,>=1.0.4 (from dbt-postgres==1.9.1)
[2026-07-13T21:09:20.373+0000] {subprocess.py:93} INFO -   Downloading dbt_common-1.38.0-py3-none-any.whl.metadata (5.0 kB)
[2026-07-13T21:09:20.446+0000] {subprocess.py:93} INFO - Collecting dbt-core>=1.8.0 (from dbt-postgres==1.9.1)
[2026-07-13T21:09:20.461+0000] {subprocess.py:93} INFO -   Downloading dbt_core-1.11.12-py3-none-any.whl.metadata (4.4 kB)
[2026-07-13T21:09:20.466+0000] {subprocess.py:93} INFO - Requirement already satisfied: psycopg2-binary<3.0,>=2.9 in /home/***/.local/lib/python3.11/site-packages (from dbt-postgres==1.9.1) (2.9.9)
[2026-07-13T21:09:20.471+0000] {subprocess.py:93} INFO - Requirement already satisfied: Babel>=2.0 in /home/***/.local/lib/python3.11/site-packages (from agate<2.0,>=1.0->dbt-postgres==1.9.1) (2.14.0)
[2026-07-13T21:09:20.472+0000] {subprocess.py:93} INFO - Requirement already satisfied: isodate>=0.5.4 in /home/***/.local/lib/python3.11/site-packages (from agate<2.0,>=1.0->dbt-postgres==1.9.1) (0.6.1)
[2026-07-13T21:09:20.492+0000] {subprocess.py:93} INFO - Collecting leather>=0.3.2 (from agate<2.0,>=1.0->dbt-postgres==1.9.1)
[2026-07-13T21:09:20.505+0000] {subprocess.py:93} INFO -   Downloading leather-0.4.1-py3-none-any.whl.metadata (3.0 kB)
[2026-07-13T21:09:20.528+0000] {subprocess.py:93} INFO - Collecting parsedatetime!=2.5,>=2.1 (from agate<2.0,>=1.0->dbt-postgres==1.9.1)
[2026-07-13T21:09:20.543+0000] {subprocess.py:93} INFO -   Downloading parsedatetime-2.6-py3-none-any.whl.metadata (4.7 kB)
[2026-07-13T21:09:20.547+0000] {subprocess.py:93} INFO - Requirement already satisfied: python-slugify>=1.2.1 in /home/***/.local/lib/python3.11/site-packages (from agate<2.0,>=1.0->dbt-postgres==1.9.1) (8.0.4)
[2026-07-13T21:09:20.567+0000] {subprocess.py:93} INFO - Collecting pytimeparse>=1.1.5 (from agate<2.0,>=1.0->dbt-postgres==1.9.1)
[2026-07-13T21:09:20.582+0000] {subprocess.py:93} INFO -   Downloading pytimeparse-1.1.8-py2.py3-none-any.whl.metadata (3.4 kB)
[2026-07-13T21:09:20.619+0000] {subprocess.py:93} INFO - Collecting dbt-protos<2.0,>=1.0.291 (from dbt-adapters<2.0,>=1.7.0->dbt-postgres==1.9.1)
[2026-07-13T21:09:20.633+0000] {subprocess.py:93} INFO -   Downloading dbt_protos-1.0.541-py3-none-any.whl.metadata (859 bytes)
[2026-07-13T21:09:20.665+0000] {subprocess.py:93} INFO - Collecting mashumaro<3.18,>=3.9 (from mashumaro[msgpack]<3.18,>=3.9->dbt-adapters<2.0,>=1.7.0->dbt-postgres==1.9.1)
[2026-07-13T21:09:20.681+0000] {subprocess.py:93} INFO -   Downloading mashumaro-3.17-py3-none-any.whl.metadata (118 kB)
[2026-07-13T21:09:20.706+0000] {subprocess.py:93} INFO -      ━━━━━━━━━━━━━━━━━━━━━━━━━━━━━━━━━━━━━━━ 118.2/118.2 kB 4.9 MB/s eta 0:00:00
[2026-07-13T21:09:20.910+0000] {subprocess.py:93} INFO - Collecting protobuf<7.0,>=6.0 (from dbt-adapters<2.0,>=1.7.0->dbt-postgres==1.9.1)
[2026-07-13T21:09:20.924+0000] {subprocess.py:93} INFO -   Downloading protobuf-6.33.6-cp39-abi3-manylinux2014_aarch64.whl.metadata (593 bytes)
[2026-07-13T21:09:20.932+0000] {subprocess.py:93} INFO - Requirement already satisfied: pytz>=2015.7 in /home/***/.local/lib/python3.11/site-packages (from dbt-adapters<2.0,>=1.7.0->dbt-postgres==1.9.1) (2024.1)
[2026-07-13T21:09:20.933+0000] {subprocess.py:93} INFO - Requirement already satisfied: typing-extensions<5.0,>=4.0 in /home/***/.local/lib/python3.11/site-packages (from dbt-adapters<2.0,>=1.7.0->dbt-postgres==1.9.1) (4.11.0)
[2026-07-13T21:09:20.952+0000] {subprocess.py:93} INFO - Collecting agate<2.0,>=1.0 (from dbt-postgres==1.9.1)
[2026-07-13T21:09:20.969+0000] {subprocess.py:93} INFO -   Downloading agate-1.9.1-py2.py3-none-any.whl.metadata (3.2 kB)
[2026-07-13T21:09:20.974+0000] {subprocess.py:93} INFO - Requirement already satisfied: colorama<0.5,>=0.3.9 in /home/***/.local/lib/python3.11/site-packages (from dbt-common<2.0,>=1.0.4->dbt-postgres==1.9.1) (0.4.6)
[2026-07-13T21:09:21.012+0000] {subprocess.py:93} INFO - Collecting deepdiff<9.0,>=7.0 (from dbt-common<2.0,>=1.0.4->dbt-postgres==1.9.1)
[2026-07-13T21:09:21.027+0000] {subprocess.py:93} INFO -   Downloading deepdiff-8.6.2-py3-none-any.whl.metadata (8.8 kB)
[2026-07-13T21:09:21.032+0000] {subprocess.py:93} INFO - Requirement already satisfied: jinja2<4,>=3.1.3 in /home/***/.local/lib/python3.11/site-packages (from dbt-common<2.0,>=1.0.4->dbt-postgres==1.9.1) (3.1.3)
[2026-07-13T21:09:21.033+0000] {subprocess.py:93} INFO - Requirement already satisfied: jsonschema<5.0,>=4.0 in /home/***/.local/lib/python3.11/site-packages (from dbt-common<2.0,>=1.0.4->dbt-postgres==1.9.1) (4.22.0)
[2026-07-13T21:09:21.038+0000] {subprocess.py:93} INFO - Requirement already satisfied: pathspec<1.1,>=0.9 in /home/***/.local/lib/python3.11/site-packages (from dbt-common<2.0,>=1.0.4->dbt-postgres==1.9.1) (0.12.1)
[2026-07-13T21:09:21.039+0000] {subprocess.py:93} INFO - Requirement already satisfied: python-dateutil<3.0,>=2.0 in /home/***/.local/lib/python3.11/site-packages (from dbt-common<2.0,>=1.0.4->dbt-postgres==1.9.1) (2.9.0.post0)
[2026-07-13T21:09:21.040+0000] {subprocess.py:93} INFO - Requirement already satisfied: requests<3.0.0 in /home/***/.local/lib/python3.11/site-packages (from dbt-common<2.0,>=1.0.4->dbt-postgres==1.9.1) (2.31.0)
[2026-07-13T21:09:21.081+0000] {subprocess.py:93} INFO - Collecting click<9.0,>=8.3.0 (from dbt-core>=1.8.0->dbt-postgres==1.9.1)
[2026-07-13T21:09:21.095+0000] {subprocess.py:93} INFO -   Downloading click-8.4.2-py3-none-any.whl.metadata (2.6 kB)
[2026-07-13T21:09:21.121+0000] {subprocess.py:93} INFO - Collecting daff>=1.3.46 (from dbt-core>=1.8.0->dbt-postgres==1.9.1)
[2026-07-13T21:09:21.136+0000] {subprocess.py:93} INFO -   Downloading daff-1.4.2-py3-none-any.whl.metadata (10 kB)
[2026-07-13T21:09:21.179+0000] {subprocess.py:93} INFO - Collecting dbt-extractor<=0.6,>=0.5.0 (from dbt-core>=1.8.0->dbt-postgres==1.9.1)
[2026-07-13T21:09:21.194+0000] {subprocess.py:93} INFO -   Downloading dbt_extractor-0.6.0-cp39-abi3-manylinux_2_17_aarch64.manylinux2014_aarch64.whl.metadata (4.6 kB)
[2026-07-13T21:09:21.241+0000] {subprocess.py:93} INFO - Collecting dbt-semantic-interfaces<0.10,>=0.9.0 (from dbt-core>=1.8.0->dbt-postgres==1.9.1)
[2026-07-13T21:09:21.255+0000] {subprocess.py:93} INFO -   Downloading dbt_semantic_interfaces-0.9.0-py3-none-any.whl.metadata (2.6 kB)
[2026-07-13T21:09:21.265+0000] {subprocess.py:93} INFO - Collecting mashumaro<3.18,>=3.9 (from mashumaro[msgpack]<3.18,>=3.9->dbt-adapters<2.0,>=1.7.0->dbt-postgres==1.9.1)
[2026-07-13T21:09:21.278+0000] {subprocess.py:93} INFO -   Downloading mashumaro-3.14-py3-none-any.whl.metadata (114 kB)
[2026-07-13T21:09:21.286+0000] {subprocess.py:93} INFO -      ━━━━━━━━━━━━━━━━━━━━━━━━━━━━━━━━━━━━━━ 114.4/114.4 kB 19.4 MB/s eta 0:00:00
[2026-07-13T21:09:21.324+0000] {subprocess.py:93} INFO - Collecting networkx<4.0,>=2.3 (from dbt-core>=1.8.0->dbt-postgres==1.9.1)
[2026-07-13T21:09:21.339+0000] {subprocess.py:93} INFO -   Downloading networkx-3.6.1-py3-none-any.whl.metadata (6.8 kB)
[2026-07-13T21:09:21.343+0000] {subprocess.py:93} INFO - Requirement already satisfied: packaging>20.9 in /home/***/.local/lib/python3.11/site-packages (from dbt-core>=1.8.0->dbt-postgres==1.9.1) (24.0)
[2026-07-13T21:09:21.346+0000] {subprocess.py:93} INFO - Requirement already satisfied: pydantic<3 in /home/***/.local/lib/python3.11/site-packages (from dbt-core>=1.8.0->dbt-postgres==1.9.1) (2.7.1)
[2026-07-13T21:09:21.347+0000] {subprocess.py:93} INFO - Requirement already satisfied: pyyaml>=6.0 in /home/***/.local/lib/python3.11/site-packages (from dbt-core>=1.8.0->dbt-postgres==1.9.1) (6.0.1)
[2026-07-13T21:09:21.370+0000] {subprocess.py:93} INFO - Collecting snowplow-tracker<2.0,>=1.0.2 (from dbt-core>=1.8.0->dbt-postgres==1.9.1)
[2026-07-13T21:09:21.385+0000] {subprocess.py:93} INFO -   Downloading snowplow_tracker-1.1.0-py3-none-any.whl.metadata (5.7 kB)
[2026-07-13T21:09:21.412+0000] {subprocess.py:93} INFO - Collecting sqlparse<0.6.0,>=0.5.5 (from dbt-core>=1.8.0->dbt-postgres==1.9.1)
[2026-07-13T21:09:21.427+0000] {subprocess.py:93} INFO -   Downloading sqlparse-0.5.5-py3-none-any.whl.metadata (4.7 kB)
[2026-07-13T21:09:21.463+0000] {subprocess.py:93} INFO - Requirement already satisfied: importlib-metadata<9,>=6.0 in /home/***/.local/lib/python3.11/site-packages (from dbt-semantic-interfaces<0.10,>=0.9.0->dbt-core>=1.8.0->dbt-postgres==1.9.1) (6.11.0)
[2026-07-13T21:09:21.488+0000] {subprocess.py:93} INFO - Collecting jinja2<4,>=3.1.3 (from dbt-common<2.0,>=1.0.4->dbt-postgres==1.9.1)
[2026-07-13T21:09:21.501+0000] {subprocess.py:93} INFO -   Downloading jinja2-3.1.6-py3-none-any.whl.metadata (2.9 kB)
[2026-07-13T21:09:21.505+0000] {subprocess.py:93} INFO - Requirement already satisfied: more-itertools<11.0,>=8.0 in /home/***/.local/lib/python3.11/site-packages (from dbt-semantic-interfaces<0.10,>=0.9.0->dbt-core>=1.8.0->dbt-postgres==1.9.1) (10.2.0)
[2026-07-13T21:09:21.539+0000] {subprocess.py:93} INFO - Collecting orderly-set<6,>=5.4.1 (from deepdiff<9.0,>=7.0->dbt-common<2.0,>=1.0.4->dbt-postgres==1.9.1)
[2026-07-13T21:09:21.555+0000] {subprocess.py:93} INFO -   Downloading orderly_set-5.5.0-py3-none-any.whl.metadata (6.6 kB)
[2026-07-13T21:09:21.561+0000] {subprocess.py:93} INFO - Requirement already satisfied: six in /home/***/.local/lib/python3.11/site-packages (from isodate>=0.5.4->agate<2.0,>=1.0->dbt-postgres==1.9.1) (1.16.0)
[2026-07-13T21:09:21.563+0000] {subprocess.py:93} INFO - Requirement already satisfied: MarkupSafe>=2.0 in /home/***/.local/lib/python3.11/site-packages (from jinja2<4,>=3.1.3->dbt-common<2.0,>=1.0.4->dbt-postgres==1.9.1) (2.1.5)
[2026-07-13T21:09:21.573+0000] {subprocess.py:93} INFO - Requirement already satisfied: attrs>=22.2.0 in /home/***/.local/lib/python3.11/site-packages (from jsonschema<5.0,>=4.0->dbt-common<2.0,>=1.0.4->dbt-postgres==1.9.1) (23.2.0)
[2026-07-13T21:09:21.574+0000] {subprocess.py:93} INFO - Requirement already satisfied: jsonschema-specifications>=2023.03.6 in /home/***/.local/lib/python3.11/site-packages (from jsonschema<5.0,>=4.0->dbt-common<2.0,>=1.0.4->dbt-postgres==1.9.1) (2023.12.1)
[2026-07-13T21:09:21.574+0000] {subprocess.py:93} INFO - Requirement already satisfied: referencing>=0.28.4 in /home/***/.local/lib/python3.11/site-packages (from jsonschema<5.0,>=4.0->dbt-common<2.0,>=1.0.4->dbt-postgres==1.9.1) (0.31.1)
[2026-07-13T21:09:21.575+0000] {subprocess.py:93} INFO - Requirement already satisfied: rpds-py>=0.7.1 in /home/***/.local/lib/python3.11/site-packages (from jsonschema<5.0,>=4.0->dbt-common<2.0,>=1.0.4->dbt-postgres==1.9.1) (0.18.0)
[2026-07-13T21:09:21.661+0000] {subprocess.py:93} INFO - Collecting msgpack>=0.5.6 (from mashumaro[msgpack]<3.18,>=3.9->dbt-adapters<2.0,>=1.7.0->dbt-postgres==1.9.1)
[2026-07-13T21:09:21.675+0000] {subprocess.py:93} INFO -   Downloading msgpack-1.2.1-cp311-cp311-manylinux2014_aarch64.manylinux_2_17_aarch64.manylinux_2_28_aarch64.whl.metadata (8.3 kB)
[2026-07-13T21:09:21.732+0000] {subprocess.py:93} INFO - Requirement already satisfied: annotated-types>=0.4.0 in /home/***/.local/lib/python3.11/site-packages (from pydantic<3->dbt-core>=1.8.0->dbt-postgres==1.9.1) (0.6.0)
[2026-07-13T21:09:21.733+0000] {subprocess.py:93} INFO - Requirement already satisfied: pydantic-core==2.18.2 in /home/***/.local/lib/python3.11/site-packages (from pydantic<3->dbt-core>=1.8.0->dbt-postgres==1.9.1) (2.18.2)
[2026-07-13T21:09:21.744+0000] {subprocess.py:93} INFO - Requirement already satisfied: text-unidecode>=1.3 in /home/***/.local/lib/python3.11/site-packages (from python-slugify>=1.2.1->agate<2.0,>=1.0->dbt-postgres==1.9.1) (1.3)
[2026-07-13T21:09:21.759+0000] {subprocess.py:93} INFO - Requirement already satisfied: charset-normalizer<4,>=2 in /home/***/.local/lib/python3.11/site-packages (from requests<3.0.0->dbt-common<2.0,>=1.0.4->dbt-postgres==1.9.1) (3.3.2)
[2026-07-13T21:09:21.760+0000] {subprocess.py:93} INFO - Requirement already satisfied: idna<4,>=2.5 in /home/***/.local/lib/python3.11/site-packages (from requests<3.0.0->dbt-common<2.0,>=1.0.4->dbt-postgres==1.9.1) (3.7)
[2026-07-13T21:09:21.760+0000] {subprocess.py:93} INFO - Requirement already satisfied: urllib3<3,>=1.21.1 in /home/***/.local/lib/python3.11/site-packages (from requests<3.0.0->dbt-common<2.0,>=1.0.4->dbt-postgres==1.9.1) (2.2.1)
[2026-07-13T21:09:21.761+0000] {subprocess.py:93} INFO - Requirement already satisfied: certifi>=2017.4.17 in /home/***/.local/lib/python3.11/site-packages (from requests<3.0.0->dbt-common<2.0,>=1.0.4->dbt-postgres==1.9.1) (2024.2.2)
[2026-07-13T21:09:21.812+0000] {subprocess.py:93} INFO - Requirement already satisfied: zipp>=0.5 in /home/***/.local/lib/python3.11/site-packages (from importlib-metadata<9,>=6.0->dbt-semantic-interfaces<0.10,>=0.9.0->dbt-core>=1.8.0->dbt-postgres==1.9.1) (3.18.1)
[2026-07-13T21:09:21.882+0000] {subprocess.py:93} INFO - Downloading dbt_postgres-1.9.1-py3-none-any.whl (35 kB)
[2026-07-13T21:09:21.902+0000] {subprocess.py:93} INFO - Downloading dbt_adapters-1.24.4-py3-none-any.whl (176 kB)
[2026-07-13T21:09:21.910+0000] {subprocess.py:93} INFO -    ━━━━━━━━━━━━━━━━━━━━━━━━━━━━━━━━━━━━━━━━ 176.9/176.9 kB 23.0 MB/s eta 0:00:00
[2026-07-13T21:09:21.928+0000] {subprocess.py:93} INFO - Downloading dbt_common-1.38.0-py3-none-any.whl (88 kB)
[2026-07-13T21:09:21.932+0000] {subprocess.py:93} INFO -    ━━━━━━━━━━━━━━━━━━━━━━━━━━━━━━━━━━━━━━━━ 88.5/88.5 kB 26.2 MB/s eta 0:00:00
[2026-07-13T21:09:21.947+0000] {subprocess.py:93} INFO - Downloading agate-1.9.1-py2.py3-none-any.whl (95 kB)
[2026-07-13T21:09:21.951+0000] {subprocess.py:93} INFO -    ━━━━━━━━━━━━━━━━━━━━━━━━━━━━━━━━━━━━━━━━ 95.1/95.1 kB 27.6 MB/s eta 0:00:00
[2026-07-13T21:09:21.968+0000] {subprocess.py:93} INFO - Downloading dbt_core-1.11.12-py3-none-any.whl (1.1 MB)
[2026-07-13T21:09:21.996+0000] {subprocess.py:93} INFO -    ━━━━━━━━━━━━━━━━━━━━━━━━━━━━━━━━━━━━━━━━ 1.1/1.1 MB 39.3 MB/s eta 0:00:00
[2026-07-13T21:09:22.009+0000] {subprocess.py:93} INFO - Downloading click-8.4.2-py3-none-any.whl (119 kB)
[2026-07-13T21:09:22.013+0000] {subprocess.py:93} INFO -    ━━━━━━━━━━━━━━━━━━━━━━━━━━━━━━━━━━━━━━━━ 119.2/119.2 kB 37.5 MB/s eta 0:00:00
[2026-07-13T21:09:22.028+0000] {subprocess.py:93} INFO - Downloading daff-1.4.2-py3-none-any.whl (144 kB)
[2026-07-13T21:09:22.032+0000] {subprocess.py:93} INFO -    ━━━━━━━━━━━━━━━━━━━━━━━━━━━━━━━━━━━━━━━━ 144.9/144.9 kB 37.5 MB/s eta 0:00:00
[2026-07-13T21:09:22.046+0000] {subprocess.py:93} INFO - Downloading dbt_extractor-0.6.0-cp39-abi3-manylinux_2_17_aarch64.manylinux2014_aarch64.whl (435 kB)
[2026-07-13T21:09:22.060+0000] {subprocess.py:93} INFO -    ━━━━━━━━━━━━━━━━━━━━━━━━━━━━━━━━━━━━━━━━ 435.1/435.1 kB 31.7 MB/s eta 0:00:00
[2026-07-13T21:09:22.074+0000] {subprocess.py:93} INFO - Downloading dbt_protos-1.0.541-py3-none-any.whl (241 kB)
[2026-07-13T21:09:22.080+0000] {subprocess.py:93} INFO -    ━━━━━━━━━━━━━━━━━━━━━━━━━━━━━━━━━━━━━━━━ 241.8/241.8 kB 52.4 MB/s eta 0:00:00
[2026-07-13T21:09:22.095+0000] {subprocess.py:93} INFO - Downloading dbt_semantic_interfaces-0.9.0-py3-none-any.whl (147 kB)
[2026-07-13T21:09:22.100+0000] {subprocess.py:93} INFO -    ━━━━━━━━━━━━━━━━━━━━━━━━━━━━━━━━━━━━━━━━ 147.0/147.0 kB 35.9 MB/s eta 0:00:00
[2026-07-13T21:09:22.115+0000] {subprocess.py:93} INFO - Downloading deepdiff-8.6.2-py3-none-any.whl (91 kB)
[2026-07-13T21:09:22.120+0000] {subprocess.py:93} INFO -    ━━━━━━━━━━━━━━━━━━━━━━━━━━━━━━━━━━━━━━━━ 92.0/92.0 kB 28.3 MB/s eta 0:00:00
[2026-07-13T21:09:22.133+0000] {subprocess.py:93} INFO - Downloading jinja2-3.1.6-py3-none-any.whl (134 kB)
[2026-07-13T21:09:22.138+0000] {subprocess.py:93} INFO -    ━━━━━━━━━━━━━━━━━━━━━━━━━━━━━━━━━━━━━━━━ 134.9/134.9 kB 36.4 MB/s eta 0:00:00
[2026-07-13T21:09:22.154+0000] {subprocess.py:93} INFO - Downloading leather-0.4.1-py3-none-any.whl (30 kB)
[2026-07-13T21:09:22.171+0000] {subprocess.py:93} INFO - Downloading mashumaro-3.14-py3-none-any.whl (92 kB)
[2026-07-13T21:09:22.176+0000] {subprocess.py:93} INFO -    ━━━━━━━━━━━━━━━━━━━━━━━━━━━━━━━━━━━━━━━━ 92.2/92.2 kB 25.6 MB/s eta 0:00:00
[2026-07-13T21:09:22.195+0000] {subprocess.py:93} INFO - Downloading networkx-3.6.1-py3-none-any.whl (2.1 MB)
[2026-07-13T21:09:22.224+0000] {subprocess.py:93} INFO -    ━━━━━━━━━━━━━━━━━━━━━━━━━━━━━━━━━━━━━━━━ 2.1/2.1 MB 73.5 MB/s eta 0:00:00
[2026-07-13T21:09:22.238+0000] {subprocess.py:93} INFO - Downloading parsedatetime-2.6-py3-none-any.whl (42 kB)
[2026-07-13T21:09:22.242+0000] {subprocess.py:93} INFO -    ━━━━━━━━━━━━━━━━━━━━━━━━━━━━━━━━━━━━━━━━ 42.5/42.5 kB 10.4 MB/s eta 0:00:00
[2026-07-13T21:09:22.257+0000] {subprocess.py:93} INFO - Downloading protobuf-6.33.6-cp39-abi3-manylinux2014_aarch64.whl (324 kB)
[2026-07-13T21:09:22.263+0000] {subprocess.py:93} INFO -    ━━━━━━━━━━━━━━━━━━━━━━━━━━━━━━━━━━━━━━━━ 324.6/324.6 kB 62.8 MB/s eta 0:00:00
[2026-07-13T21:09:22.279+0000] {subprocess.py:93} INFO - Downloading pytimeparse-1.1.8-py2.py3-none-any.whl (10.0 kB)
[2026-07-13T21:09:22.296+0000] {subprocess.py:93} INFO - Downloading snowplow_tracker-1.1.0-py3-none-any.whl (44 kB)
[2026-07-13T21:09:22.301+0000] {subprocess.py:93} INFO -    ━━━━━━━━━━━━━━━━━━━━━━━━━━━━━━━━━━━━━━━━ 44.1/44.1 kB 12.4 MB/s eta 0:00:00
[2026-07-13T21:09:22.316+0000] {subprocess.py:93} INFO - Downloading sqlparse-0.5.5-py3-none-any.whl (46 kB)
[2026-07-13T21:09:22.320+0000] {subprocess.py:93} INFO -    ━━━━━━━━━━━━━━━━━━━━━━━━━━━━━━━━━━━━━━━━ 46.1/46.1 kB 12.8 MB/s eta 0:00:00
[2026-07-13T21:09:22.334+0000] {subprocess.py:93} INFO - Downloading msgpack-1.2.1-cp311-cp311-manylinux2014_aarch64.manylinux_2_17_aarch64.manylinux_2_28_aarch64.whl (414 kB)
[2026-07-13T21:09:22.342+0000] {subprocess.py:93} INFO -    ━━━━━━━━━━━━━━━━━━━━━━━━━━━━━━━━━━━━━━━━ 414.2/414.2 kB 66.8 MB/s eta 0:00:00
[2026-07-13T21:09:22.357+0000] {subprocess.py:93} INFO - Downloading orderly_set-5.5.0-py3-none-any.whl (13 kB)
[2026-07-13T21:09:23.698+0000] {subprocess.py:93} INFO - Installing collected packages: pytimeparse, parsedatetime, leather, daff, sqlparse, protobuf, orderly-set, networkx, msgpack, mashumaro, jinja2, dbt-extractor, click, snowplow-tracker, deepdiff, dbt-protos, agate, dbt-semantic-interfaces, dbt-common, dbt-adapters, dbt-core, dbt-postgres
[2026-07-13T21:09:23.921+0000] {subprocess.py:93} INFO -   Attempting uninstall: sqlparse
[2026-07-13T21:09:23.989+0000] {subprocess.py:93} INFO -     Found existing installation: sqlparse 0.5.0
[2026-07-13T21:09:23.991+0000] {subprocess.py:93} INFO -     Uninstalling sqlparse-0.5.0:
[2026-07-13T21:09:24.003+0000] {subprocess.py:93} INFO -       Successfully uninstalled sqlparse-0.5.0
[2026-07-13T21:09:24.030+0000] {subprocess.py:93} INFO -   Attempting uninstall: protobuf
[2026-07-13T21:09:24.061+0000] {subprocess.py:93} INFO -     Found existing installation: protobuf 4.25.3
[2026-07-13T21:09:24.065+0000] {subprocess.py:93} INFO -     Uninstalling protobuf-4.25.3:
[2026-07-13T21:09:24.078+0000] {subprocess.py:93} INFO -       Successfully uninstalled protobuf-4.25.3
[2026-07-13T21:09:25.090+0000] {subprocess.py:93} INFO -   Attempting uninstall: jinja2
[2026-07-13T21:09:25.098+0000] {subprocess.py:93} INFO -     Found existing installation: Jinja2 3.1.3
[2026-07-13T21:09:25.101+0000] {subprocess.py:93} INFO -     Uninstalling Jinja2-3.1.3:
[2026-07-13T21:09:25.108+0000] {subprocess.py:93} INFO -       Successfully uninstalled Jinja2-3.1.3
[2026-07-13T21:09:25.200+0000] {subprocess.py:93} INFO -   Attempting uninstall: click
[2026-07-13T21:09:25.254+0000] {subprocess.py:93} INFO -     Found existing installation: click 8.1.7
[2026-07-13T21:09:25.256+0000] {subprocess.py:93} INFO -     Uninstalling click-8.1.7:
[2026-07-13T21:09:25.263+0000] {subprocess.py:93} INFO -       Successfully uninstalled click-8.1.7
[2026-07-13T21:09:27.445+0000] {subprocess.py:93} INFO - ERROR: pip's dependency resolver does not currently take into account all the packages that are installed. This behaviour is the source of the following dependency conflicts.
[2026-07-13T21:09:27.446+0000] {subprocess.py:93} INFO - google-cloud-audit-log 0.2.5 requires protobuf!=3.20.0,!=3.20.1,!=4.21.1,!=4.21.2,!=4.21.3,!=4.21.4,!=4.21.5,<5.0.0dev,>=3.19.5, but you have protobuf 6.33.6 which is incompatible.
[2026-07-13T21:09:27.446+0000] {subprocess.py:93} INFO - google-cloud-vision 3.7.2 requires protobuf!=3.20.0,!=3.20.1,!=4.21.0,!=4.21.1,!=4.21.2,!=4.21.3,!=4.21.4,!=4.21.5,<5.0.0dev,>=3.19.5, but you have protobuf 6.33.6 which is incompatible.
[2026-07-13T21:09:27.446+0000] {subprocess.py:93} INFO - google-cloud-dataproc-metastore 1.15.3 requires protobuf!=3.20.0,!=3.20.1,!=4.21.0,!=4.21.1,!=4.21.2,!=4.21.3,!=4.21.4,!=4.21.5,<5.0.0dev,>=3.19.5, but you have protobuf 6.33.6 which is incompatible.
[2026-07-13T21:09:27.446+0000] {subprocess.py:93} INFO - google-cloud-spanner 3.46.0 requires protobuf!=3.20.0,!=3.20.1,!=4.21.0,!=4.21.1,!=4.21.2,!=4.21.3,!=4.21.4,!=4.21.5,<5.0.0dev,>=3.19.5, but you have protobuf 6.33.6 which is incompatible.
[2026-07-13T21:09:27.446+0000] {subprocess.py:93} INFO - google-cloud-dlp 3.16.0 requires protobuf!=3.20.0,!=3.20.1,!=4.21.0,!=4.21.1,!=4.21.2,!=4.21.3,!=4.21.4,!=4.21.5,<5.0.0dev,>=3.19.5, but you have protobuf 6.33.6 which is incompatible.
[2026-07-13T21:09:27.446+0000] {subprocess.py:93} INFO - google-cloud-resource-manager 1.12.3 requires protobuf!=3.20.0,!=3.20.1,!=4.21.0,!=4.21.1,!=4.21.2,!=4.21.3,!=4.21.4,!=4.21.5,<5.0.0dev,>=3.19.5, but you have protobuf 6.33.6 which is incompatible.
[2026-07-13T21:09:27.446+0000] {subprocess.py:93} INFO - google-cloud-speech 2.26.0 requires protobuf!=3.20.0,!=3.20.1,!=4.21.0,!=4.21.1,!=4.21.2,!=4.21.3,!=4.21.4,!=4.21.5,<5.0.0dev,>=3.19.5, but you have protobuf 6.33.6 which is incompatible.
[2026-07-13T21:09:27.447+0000] {subprocess.py:93} INFO - google-cloud-compute 1.18.0 requires protobuf!=3.20.0,!=3.20.1,!=4.21.0,!=4.21.1,!=4.21.2,!=4.21.3,!=4.21.4,!=4.21.5,<5.0.0dev,>=3.19.5, but you have protobuf 6.33.6 which is incompatible.
[2026-07-13T21:09:27.447+0000] {subprocess.py:93} INFO - google-cloud-workflows 1.14.3 requires protobuf!=3.20.0,!=3.20.1,!=4.21.0,!=4.21.1,!=4.21.2,!=4.21.3,!=4.21.4,!=4.21.5,<5.0.0dev,>=3.19.5, but you have protobuf 6.33.6 which is incompatible.
[2026-07-13T21:09:27.447+0000] {subprocess.py:93} INFO - google-cloud-texttospeech 2.16.3 requires protobuf!=3.20.0,!=3.20.1,!=4.21.0,!=4.21.1,!=4.21.2,!=4.21.3,!=4.21.4,!=4.21.5,<5.0.0dev,>=3.19.5, but you have protobuf 6.33.6 which is incompatible.
[2026-07-13T21:09:27.447+0000] {subprocess.py:93} INFO - google-cloud-language 2.13.3 requires protobuf!=3.20.0,!=3.20.1,!=4.21.0,!=4.21.1,!=4.21.2,!=4.21.3,!=4.21.4,!=4.21.5,<5.0.0dev,>=3.19.5, but you have protobuf 6.33.6 which is incompatible.
[2026-07-13T21:09:27.447+0000] {subprocess.py:93} INFO - google-cloud-redis 2.15.3 requires protobuf!=3.20.0,!=3.20.1,!=4.21.0,!=4.21.1,!=4.21.2,!=4.21.3,!=4.21.4,!=4.21.5,<5.0.0dev,>=3.19.5, but you have protobuf 6.33.6 which is incompatible.
[2026-07-13T21:09:27.447+0000] {subprocess.py:93} INFO - google-cloud-appengine-logging 1.4.3 requires protobuf!=3.20.0,!=3.20.1,!=4.21.0,!=4.21.1,!=4.21.2,!=4.21.3,!=4.21.4,!=4.21.5,<5.0.0dev,>=3.19.5, but you have protobuf 6.33.6 which is incompatible.
[2026-07-13T21:09:27.447+0000] {subprocess.py:93} INFO - google-cloud-bigtable 2.23.1 requires protobuf!=3.20.0,!=3.20.1,!=4.21.0,!=4.21.1,!=4.21.2,!=4.21.3,!=4.21.4,!=4.21.5,<5.0.0dev,>=3.19.5, but you have protobuf 6.33.6 which is incompatible.
[2026-07-13T21:09:27.448+0000] {subprocess.py:93} INFO - google-cloud-videointelligence 2.13.3 requires protobuf!=3.20.0,!=3.20.1,!=4.21.0,!=4.21.1,!=4.21.2,!=4.21.3,!=4.21.4,!=4.21.5,<5.0.0dev,>=3.19.5, but you have protobuf 6.33.6 which is incompatible.
[2026-07-13T21:09:27.448+0000] {subprocess.py:93} INFO - google-cloud-secret-manager 2.20.0 requires protobuf!=3.20.0,!=3.20.1,!=4.21.0,!=4.21.1,!=4.21.2,!=4.21.3,!=4.21.4,!=4.21.5,<5.0.0dev,>=3.19.5, but you have protobuf 6.33.6 which is incompatible.
[2026-07-13T21:09:27.449+0000] {subprocess.py:93} INFO - google-cloud-monitoring 2.21.0 requires protobuf!=3.20.0,!=3.20.1,!=4.21.0,!=4.21.1,!=4.21.2,!=4.21.3,!=4.21.4,!=4.21.5,<5.0.0dev,>=3.19.5, but you have protobuf 6.33.6 which is incompatible.
[2026-07-13T21:09:27.449+0000] {subprocess.py:93} INFO - google-cloud-build 3.24.0 requires protobuf!=3.20.0,!=3.20.1,!=4.21.0,!=4.21.1,!=4.21.2,!=4.21.3,!=4.21.4,!=4.21.5,<5.0.0dev,>=3.19.5, but you have protobuf 6.33.6 which is incompatible.
[2026-07-13T21:09:27.450+0000] {subprocess.py:93} INFO - google-cloud-os-login 2.14.3 requires protobuf!=3.20.0,!=3.20.1,!=4.21.0,!=4.21.1,!=4.21.2,!=4.21.3,!=4.21.4,!=4.21.5,<5.0.0dev,>=3.19.5, but you have protobuf 6.33.6 which is incompatible.
[2026-07-13T21:09:27.450+0000] {subprocess.py:93} INFO - google-cloud-aiplatform 1.49.0 requires protobuf!=3.20.0,!=3.20.1,!=4.21.0,!=4.21.1,!=4.21.2,!=4.21.3,!=4.21.4,!=4.21.5,<5.0.0dev,>=3.19.5, but you have protobuf 6.33.6 which is incompatible.
[2026-07-13T21:09:27.450+0000] {subprocess.py:93} INFO - google-cloud-dataform 0.5.9 requires protobuf!=3.20.0,!=3.20.1,!=4.21.0,!=4.21.1,!=4.21.2,!=4.21.3,!=4.21.4,!=4.21.5,<5.0.0dev,>=3.19.5, but you have protobuf 6.33.6 which is incompatible.
[2026-07-13T21:09:27.450+0000] {subprocess.py:93} INFO - google-cloud-memcache 1.9.3 requires protobuf!=3.20.0,!=3.20.1,!=4.21.0,!=4.21.1,!=4.21.2,!=4.21.3,!=4.21.4,!=4.21.5,<5.0.0dev,>=3.19.5, but you have protobuf 6.33.6 which is incompatible.
[2026-07-13T21:09:27.450+0000] {subprocess.py:93} INFO - opentelemetry-proto 1.24.0 requires protobuf<5.0,>=3.19, but you have protobuf 6.33.6 which is incompatible.
[2026-07-13T21:09:27.450+0000] {subprocess.py:93} INFO - google-api-core 2.19.0 requires protobuf!=3.20.0,!=3.20.1,!=4.21.0,!=4.21.1,!=4.21.2,!=4.21.3,!=4.21.4,!=4.21.5,<5.0.0.dev0,>=3.19.5, but you have protobuf 6.33.6 which is incompatible.
[2026-07-13T21:09:27.450+0000] {subprocess.py:93} INFO - google-cloud-batch 0.17.18 requires protobuf!=3.20.0,!=3.20.1,!=4.21.0,!=4.21.1,!=4.21.2,!=4.21.3,!=4.21.4,!=4.21.5,<5.0.0dev,>=3.19.5, but you have protobuf 6.33.6 which is incompatible.
[2026-07-13T21:09:27.450+0000] {subprocess.py:93} INFO - google-cloud-automl 2.13.3 requires protobuf!=3.20.0,!=3.20.1,!=4.21.0,!=4.21.1,!=4.21.2,!=4.21.3,!=4.21.4,!=4.21.5,<5.0.0dev,>=3.19.5, but you have protobuf 6.33.6 which is incompatible.
[2026-07-13T21:09:27.450+0000] {subprocess.py:93} INFO - google-cloud-kms 2.21.4 requires protobuf!=3.20.0,!=3.20.1,!=4.21.0,!=4.21.1,!=4.21.2,!=4.21.3,!=4.21.4,!=4.21.5,<5.0.0dev,>=3.19.5, but you have protobuf 6.33.6 which is incompatible.
[2026-07-13T21:09:27.450+0000] {subprocess.py:93} INFO - google-cloud-datacatalog 3.19.0 requires protobuf!=3.20.0,!=3.20.1,!=4.21.0,!=4.21.1,!=4.21.2,!=4.21.3,!=4.21.4,!=4.21.5,<5.0.0dev,>=3.19.5, but you have protobuf 6.33.6 which is incompatible.
[2026-07-13T21:09:27.450+0000] {subprocess.py:93} INFO - google-analytics-admin 0.22.7 requires protobuf!=3.20.0,!=3.20.1,!=4.21.0,!=4.21.1,!=4.21.2,!=4.21.3,!=4.21.4,!=4.21.5,<5.0.0dev,>=3.19.5, but you have protobuf 6.33.6 which is incompatible.
[2026-07-13T21:09:27.451+0000] {subprocess.py:93} INFO - google-cloud-container 2.45.0 requires protobuf!=3.20.0,!=3.20.1,!=4.21.0,!=4.21.1,!=4.21.2,!=4.21.3,!=4.21.4,!=4.21.5,<5.0.0dev,>=3.19.5, but you have protobuf 6.33.6 which is incompatible.
[2026-07-13T21:09:27.451+0000] {subprocess.py:93} INFO - google-cloud-run 0.10.5 requires protobuf!=3.20.0,!=3.20.1,!=4.21.0,!=4.21.1,!=4.21.2,!=4.21.3,!=4.21.4,!=4.21.5,<5.0.0dev,>=3.19.5, but you have protobuf 6.33.6 which is incompatible.
[2026-07-13T21:09:27.451+0000] {subprocess.py:93} INFO - google-cloud-dataproc 5.9.3 requires protobuf!=3.20.0,!=3.20.1,!=4.21.0,!=4.21.1,!=4.21.2,!=4.21.3,!=4.21.4,!=4.21.5,<5.0.0dev,>=3.19.5, but you have protobuf 6.33.6 which is incompatible.
[2026-07-13T21:09:27.451+0000] {subprocess.py:93} INFO - google-cloud-pubsub 2.21.1 requires protobuf!=3.20.0,!=3.20.1,!=4.21.0,!=4.21.1,!=4.21.2,!=4.21.3,!=4.21.4,!=4.21.5,<5.0.0dev,>=3.19.5, but you have protobuf 6.33.6 which is incompatible.
[2026-07-13T21:09:27.451+0000] {subprocess.py:93} INFO - google-ads 24.0.0 requires protobuf<5.0.0,>=4.25.0, but you have protobuf 6.33.6 which is incompatible.
[2026-07-13T21:09:27.451+0000] {subprocess.py:93} INFO - proto-plus 1.23.0 requires protobuf<5.0.0dev,>=3.19.0, but you have protobuf 6.33.6 which is incompatible.
[2026-07-13T21:09:27.451+0000] {subprocess.py:93} INFO - google-cloud-logging 3.10.0 requires protobuf!=3.20.0,!=3.20.1,!=4.21.0,!=4.21.1,!=4.21.2,!=4.21.3,!=4.21.4,!=4.21.5,<5.0.0dev,>=3.19.5, but you have protobuf 6.33.6 which is incompatible.
[2026-07-13T21:09:27.454+0000] {subprocess.py:93} INFO - googleapis-common-protos 1.63.0 requires protobuf!=3.20.0,!=3.20.1,!=4.21.1,!=4.21.2,!=4.21.3,!=4.21.4,!=4.21.5,<5.0.0.dev0,>=3.19.5, but you have protobuf 6.33.6 which is incompatible.
[2026-07-13T21:09:27.454+0000] {subprocess.py:93} INFO - google-cloud-translate 3.15.3 requires protobuf!=3.20.0,!=3.20.1,!=4.21.0,!=4.21.1,!=4.21.2,!=4.21.3,!=4.21.4,!=4.21.5,<5.0.0dev,>=3.19.5, but you have protobuf 6.33.6 which is incompatible.
[2026-07-13T21:09:27.454+0000] {subprocess.py:93} INFO - google-cloud-orchestration-*** 1.12.1 requires protobuf!=3.20.0,!=3.20.1,!=4.21.0,!=4.21.1,!=4.21.2,!=4.21.3,!=4.21.4,!=4.21.5,<5.0.0dev,>=3.19.5, but you have protobuf 6.33.6 which is incompatible.
[2026-07-13T21:09:27.454+0000] {subprocess.py:93} INFO - google-cloud-dataflow-client 0.8.10 requires protobuf!=3.20.0,!=3.20.1,!=4.21.0,!=4.21.1,!=4.21.2,!=4.21.3,!=4.21.4,!=4.21.5,<5.0.0dev,>=3.19.5, but you have protobuf 6.33.6 which is incompatible.
[2026-07-13T21:09:27.455+0000] {subprocess.py:93} INFO - grpc-google-iam-v1 0.13.0 requires protobuf!=3.20.0,!=3.20.1,!=4.21.1,!=4.21.2,!=4.21.3,!=4.21.4,!=4.21.5,<5.0.0dev,>=3.19.5, but you have protobuf 6.33.6 which is incompatible.
[2026-07-13T21:09:27.455+0000] {subprocess.py:93} INFO - google-cloud-bigquery-datatransfer 3.15.2 requires protobuf!=3.20.0,!=3.20.1,!=4.21.0,!=4.21.1,!=4.21.2,!=4.21.3,!=4.21.4,!=4.21.5,<5.0.0dev,>=3.19.5, but you have protobuf 6.33.6 which is incompatible.
[2026-07-13T21:09:27.455+0000] {subprocess.py:93} INFO - google-cloud-storage-transfer 1.11.3 requires protobuf!=3.20.0,!=3.20.1,!=4.21.0,!=4.21.1,!=4.21.2,!=4.21.3,!=4.21.4,!=4.21.5,<5.0.0dev,>=3.19.5, but you have protobuf 6.33.6 which is incompatible.
[2026-07-13T21:09:27.455+0000] {subprocess.py:93} INFO - google-cloud-tasks 2.16.3 requires protobuf!=3.20.0,!=3.20.1,!=4.21.0,!=4.21.1,!=4.21.2,!=4.21.3,!=4.21.4,!=4.21.5,<5.0.0dev,>=3.19.5, but you have protobuf 6.33.6 which is incompatible.
[2026-07-13T21:09:27.455+0000] {subprocess.py:93} INFO - google-cloud-dataplex 1.13.0 requires protobuf!=3.20.0,!=3.20.1,!=4.21.0,!=4.21.1,!=4.21.2,!=4.21.3,!=4.21.4,!=4.21.5,<5.0.0dev,>=3.19.5, but you have protobuf 6.33.6 which is incompatible.
[2026-07-13T21:09:27.455+0000] {subprocess.py:93} INFO - Successfully installed agate-1.9.1 click-8.4.2 daff-1.4.2 dbt-adapters-1.24.4 dbt-common-1.38.0 dbt-core-1.11.12 dbt-extractor-0.6.0 dbt-postgres-1.9.1 dbt-protos-1.0.541 dbt-semantic-interfaces-0.9.0 deepdiff-8.6.2 jinja2-3.1.6 leather-0.4.1 mashumaro-3.14 msgpack-1.2.1 networkx-3.6.1 orderly-set-5.5.0 parsedatetime-2.6 protobuf-6.33.6 pytimeparse-1.1.8 snowplow-tracker-1.1.0 sqlparse-0.5.5
[2026-07-13T21:09:27.702+0000] {subprocess.py:93} INFO - 
[2026-07-13T21:09:27.703+0000] {subprocess.py:93} INFO - [notice] A new release of pip is available: 24.0 -> 26.1.2
[2026-07-13T21:09:27.703+0000] {subprocess.py:93} INFO - [notice] To update, run: pip3 install --upgrade pip
[2026-07-13T21:09:28.882+0000] {subprocess.py:93} INFO - [0m21:09:28  Running with dbt=1.11.12
[2026-07-13T21:09:29.043+0000] {subprocess.py:93} INFO - [0m21:09:29  Registered adapter: postgres=1.9.1
[2026-07-13T21:09:29.184+0000] {subprocess.py:93} INFO - [0m21:09:29  [[33mWARNING[0m]: Configuration paths exist in your dbt_project.yml file which do not apply to any resources.
[2026-07-13T21:09:29.184+0000] {subprocess.py:93} INFO - There are 1 unused configuration paths:
[2026-07-13T21:09:29.184+0000] {subprocess.py:93} INFO - - models.dbt_mobility.example
[2026-07-13T21:09:29.356+0000] {subprocess.py:93} INFO - [0m21:09:29  Found 2 models, 7 data tests, 1 source, 474 macros
[2026-07-13T21:09:29.358+0000] {subprocess.py:93} INFO - [0m21:09:29
[2026-07-13T21:09:29.359+0000] {subprocess.py:93} INFO - [0m21:09:29  Concurrency: 4 threads (target='prod')
[2026-07-13T21:09:29.360+0000] {subprocess.py:93} INFO - [0m21:09:29
[2026-07-13T21:09:29.454+0000] {subprocess.py:93} INFO - [0m21:09:29  1 of 2 START sql view model schema_analytics.stg_velib_stations ................ [RUN]
[2026-07-13T21:09:29.534+0000] {subprocess.py:93} INFO - [0m21:09:29  1 of 2 OK created sql view model schema_analytics.stg_velib_stations ........... [[32mCREATE VIEW[0m in 0.08s]
[2026-07-13T21:09:29.536+0000] {subprocess.py:93} INFO - [0m21:09:29  2 of 2 START sql table model schema_analytics.fct_velib_status ................. [RUN]
[2026-07-13T21:09:29.588+0000] {subprocess.py:93} INFO - [0m21:09:29  2 of 2 OK created sql table model schema_analytics.fct_velib_status ............ [[32mSELECT 109[0m in 0.05s]
[2026-07-13T21:09:29.600+0000] {subprocess.py:93} INFO - [0m21:09:29
[2026-07-13T21:09:29.600+0000] {subprocess.py:93} INFO - [0m21:09:29  Finished running 1 table model, 1 view model in 0 hours 0 minutes and 0.24 seconds (0.24s).
[2026-07-13T21:09:29.640+0000] {subprocess.py:93} INFO - [0m21:09:29
[2026-07-13T21:09:29.641+0000] {subprocess.py:93} INFO - [0m21:09:29  [32mCompleted successfully[0m
[2026-07-13T21:09:29.641+0000] {subprocess.py:93} INFO - [0m21:09:29
[2026-07-13T21:09:29.641+0000] {subprocess.py:93} INFO - [0m21:09:29  Done. PASS=2 WARN=0 ERROR=0 SKIP=0 NO-OP=0 TOTAL=2
[2026-07-13T21:09:31.333+0000] {subprocess.py:93} INFO - [0m21:09:31  Running with dbt=1.11.12
[2026-07-13T21:09:31.518+0000] {subprocess.py:93} INFO - [0m21:09:31  Registered adapter: postgres=1.9.1
[2026-07-13T21:09:31.663+0000] {subprocess.py:93} INFO - [0m21:09:31  [[33mWARNING[0m]: Configuration paths exist in your dbt_project.yml file which do not apply to any resources.
[2026-07-13T21:09:31.663+0000] {subprocess.py:93} INFO - There are 1 unused configuration paths:
[2026-07-13T21:09:31.663+0000] {subprocess.py:93} INFO - - models.dbt_mobility.example
[2026-07-13T21:09:31.832+0000] {subprocess.py:93} INFO - [0m21:09:31  Found 2 models, 7 data tests, 1 source, 474 macros
[2026-07-13T21:09:31.835+0000] {subprocess.py:93} INFO - [0m21:09:31
[2026-07-13T21:09:31.835+0000] {subprocess.py:93} INFO - [0m21:09:31  Concurrency: 4 threads (target='prod')
[2026-07-13T21:09:31.835+0000] {subprocess.py:93} INFO - [0m21:09:31
[2026-07-13T21:09:31.902+0000] {subprocess.py:93} INFO - [0m21:09:31  1 of 7 START test accepted_values_fct_velib_status_station_status__Normal__Presque_pleine__Presque_vide__Vide__Hors_service  [RUN]
[2026-07-13T21:09:31.902+0000] {subprocess.py:93} INFO - [0m21:09:31  2 of 7 START test assert_bikes_available_under_total_capacity .................. [RUN]
[2026-07-13T21:09:31.903+0000] {subprocess.py:93} INFO - [0m21:09:31  3 of 7 START test not_null_fct_velib_status_station_id ......................... [RUN]
[2026-07-13T21:09:31.903+0000] {subprocess.py:93} INFO - [0m21:09:31  4 of 7 START test not_null_fct_velib_status_station_name ....................... [RUN]
[2026-07-13T21:09:31.983+0000] {subprocess.py:93} INFO - [0m21:09:31  1 of 7 PASS accepted_values_fct_velib_status_station_status__Normal__Presque_pleine__Presque_vide__Vide__Hors_service  [[32mPASS[0m in 0.08s]
[2026-07-13T21:09:31.985+0000] {subprocess.py:93} INFO - [0m21:09:31  3 of 7 PASS not_null_fct_velib_status_station_id ............................... [[32mPASS[0m in 0.08s]
[2026-07-13T21:09:31.986+0000] {subprocess.py:93} INFO - [0m21:09:31  4 of 7 PASS not_null_fct_velib_status_station_name ............................. [[32mPASS[0m in 0.08s]
[2026-07-13T21:09:31.987+0000] {subprocess.py:93} INFO - [0m21:09:31  2 of 7 PASS assert_bikes_available_under_total_capacity ........................ [[32mPASS[0m in 0.08s]
[2026-07-13T21:09:31.990+0000] {subprocess.py:93} INFO - [0m21:09:31  5 of 7 START test not_null_fct_velib_status_station_status ..................... [RUN]
[2026-07-13T21:09:31.992+0000] {subprocess.py:93} INFO - [0m21:09:31  6 of 7 START test not_null_fct_velib_status_total_capacity ..................... [RUN]
[2026-07-13T21:09:31.993+0000] {subprocess.py:93} INFO - [0m21:09:31  7 of 7 START test unique_fct_velib_status_station_id ........................... [RUN]
[2026-07-13T21:09:32.033+0000] {subprocess.py:93} INFO - [0m21:09:32  5 of 7 PASS not_null_fct_velib_status_station_status ........................... [[32mPASS[0m in 0.04s]
[2026-07-13T21:09:32.038+0000] {subprocess.py:93} INFO - [0m21:09:32  6 of 7 PASS not_null_fct_velib_status_total_capacity ........................... [[32mPASS[0m in 0.04s]
[2026-07-13T21:09:32.040+0000] {subprocess.py:93} INFO - [0m21:09:32  7 of 7 PASS unique_fct_velib_status_station_id ................................. [[32mPASS[0m in 0.05s]
[2026-07-13T21:09:32.054+0000] {subprocess.py:93} INFO - [0m21:09:32
[2026-07-13T21:09:32.054+0000] {subprocess.py:93} INFO - [0m21:09:32  Finished running 7 data tests in 0 hours 0 minutes and 0.22 seconds (0.22s).
[2026-07-13T21:09:32.095+0000] {subprocess.py:93} INFO - [0m21:09:32
[2026-07-13T21:09:32.096+0000] {subprocess.py:93} INFO - [0m21:09:32  [32mCompleted successfully[0m
[2026-07-13T21:09:32.096+0000] {subprocess.py:93} INFO - [0m21:09:32
[2026-07-13T21:09:32.096+0000] {subprocess.py:93} INFO - [0m21:09:32  Done. PASS=7 WARN=0 ERROR=0 SKIP=0 NO-OP=0 TOTAL=7
[2026-07-13T21:09:32.761+0000] {subprocess.py:97} INFO - Command exited with return code 0
[2026-07-13T21:09:32.761+0000] {taskinstance.py:441} INFO - ::group::Post task execution logs
[2026-07-13T21:09:32.898+0000] {taskinstance.py:1206} INFO - Marking task as SUCCESS. dag_id=ingest_and_transform_velib, task_id=dbt_run_task, run_id=scheduled__2026-07-13T20:00:00+00:00, execution_date=20260713T200000, start_date=20260713T210918, end_date=20260713T210932
[2026-07-13T21:09:32.966+0000] {local_task_job_runner.py:240} INFO - Task exited with return code 0
[2026-07-13T21:09:32.980+0000] {taskinstance.py:3498} INFO - 0 downstream tasks scheduled from follow-on schedule check
[2026-07-13T21:09:32.982+0000] {local_task_job_runner.py:222} INFO - ::endgroup::
