[2026-07-15T14:06:11.018+0000] {local_task_job_runner.py:120} INFO - ::group::Pre task execution logs
[2026-07-15T14:06:11.531+0000] {taskinstance.py:2076} INFO - Dependencies all met for dep_context=non-requeueable deps ti=<TaskInstance: ingest_and_transform_velib.dbt_run_task scheduled__2026-07-15T01:00:00+00:00 [queued]>
[2026-07-15T14:06:11.681+0000] {taskinstance.py:2076} INFO - Dependencies all met for dep_context=requeueable deps ti=<TaskInstance: ingest_and_transform_velib.dbt_run_task scheduled__2026-07-15T01:00:00+00:00 [queued]>
[2026-07-15T14:06:11.832+0000] {taskinstance.py:2306} INFO - Starting attempt 1 of 2
[2026-07-15T14:06:12.178+0000] {taskinstance.py:2330} INFO - Executing <Task(BashOperator): dbt_run_task> on 2026-07-15 01:00:00+00:00
[2026-07-15T14:06:12.304+0000] {standard_task_runner.py:90} INFO - Running: ['***', 'tasks', 'run', 'ingest_and_transform_velib', 'dbt_run_task', 'scheduled__2026-07-15T01:00:00+00:00', '--job-id', '41', '--raw', '--subdir', 'DAGS_FOLDER/ingest_velib_status.py', '--cfg-path', '/tmp/tmpst_e4s2_']
[2026-07-15T14:06:12.297+0000] {standard_task_runner.py:63} INFO - Started process 418 to run task
[2026-07-15T14:06:12.429+0000] {standard_task_runner.py:91} INFO - Job 41: Subtask dbt_run_task
[2026-07-15T14:06:13.398+0000] {task_command.py:426} INFO - Running <TaskInstance: ingest_and_transform_velib.dbt_run_task scheduled__2026-07-15T01:00:00+00:00 [running]> on host 34cfa9410581
[2026-07-15T14:06:14.030+0000] {taskinstance.py:2648} INFO - Exporting env vars: AIRFLOW_CTX_DAG_OWNER='Amadou' AIRFLOW_CTX_DAG_ID='ingest_and_transform_velib' AIRFLOW_CTX_TASK_ID='dbt_run_task' AIRFLOW_CTX_EXECUTION_DATE='2026-07-15T01:00:00+00:00' AIRFLOW_CTX_TRY_NUMBER='1' AIRFLOW_CTX_DAG_RUN_ID='scheduled__2026-07-15T01:00:00+00:00'
[2026-07-15T14:06:14.070+0000] {taskinstance.py:430} INFO - ::endgroup::
[2026-07-15T14:06:14.150+0000] {subprocess.py:63} INFO - Tmp dir root location: /tmp
[2026-07-15T14:06:14.302+0000] {subprocess.py:75} INFO - Running command: ['/usr/bin/bash', '-c', '\n        python -m pip install dbt-postgres==1.9.1\n        cd /opt/***/dbt_mobility\n        dbt run --profiles-dir .\n        dbt test --profiles-dir .\n        ']
[2026-07-15T14:06:14.391+0000] {subprocess.py:86} INFO - Output:
[2026-07-15T14:06:19.297+0000] {subprocess.py:93} INFO - Requirement already satisfied: dbt-postgres==1.9.1 in /home/***/.local/lib/python3.11/site-packages (1.9.1)
[2026-07-15T14:06:19.330+0000] {subprocess.py:93} INFO - Requirement already satisfied: agate<2.0,>=1.0 in /home/***/.local/lib/python3.11/site-packages (from dbt-postgres==1.9.1) (1.9.1)
[2026-07-15T14:06:19.344+0000] {subprocess.py:93} INFO - Requirement already satisfied: dbt-adapters<2.0,>=1.7.0 in /home/***/.local/lib/python3.11/site-packages (from dbt-postgres==1.9.1) (1.24.4)
[2026-07-15T14:06:19.358+0000] {subprocess.py:93} INFO - Requirement already satisfied: dbt-common<2.0,>=1.0.4 in /home/***/.local/lib/python3.11/site-packages (from dbt-postgres==1.9.1) (1.38.0)
[2026-07-15T14:06:19.362+0000] {subprocess.py:93} INFO - Requirement already satisfied: dbt-core>=1.8.0 in /home/***/.local/lib/python3.11/site-packages (from dbt-postgres==1.9.1) (1.11.12)
[2026-07-15T14:06:19.375+0000] {subprocess.py:93} INFO - Requirement already satisfied: psycopg2-binary<3.0,>=2.9 in /home/***/.local/lib/python3.11/site-packages (from dbt-postgres==1.9.1) (2.9.9)
[2026-07-15T14:06:19.462+0000] {subprocess.py:93} INFO - Requirement already satisfied: Babel>=2.0 in /home/***/.local/lib/python3.11/site-packages (from agate<2.0,>=1.0->dbt-postgres==1.9.1) (2.14.0)
[2026-07-15T14:06:19.479+0000] {subprocess.py:93} INFO - Requirement already satisfied: isodate>=0.5.4 in /home/***/.local/lib/python3.11/site-packages (from agate<2.0,>=1.0->dbt-postgres==1.9.1) (0.6.1)
[2026-07-15T14:06:19.489+0000] {subprocess.py:93} INFO - Requirement already satisfied: leather>=0.3.2 in /home/***/.local/lib/python3.11/site-packages (from agate<2.0,>=1.0->dbt-postgres==1.9.1) (0.4.1)
[2026-07-15T14:06:19.493+0000] {subprocess.py:93} INFO - Requirement already satisfied: parsedatetime!=2.5,>=2.1 in /home/***/.local/lib/python3.11/site-packages (from agate<2.0,>=1.0->dbt-postgres==1.9.1) (2.6)
[2026-07-15T14:06:19.506+0000] {subprocess.py:93} INFO - Requirement already satisfied: python-slugify>=1.2.1 in /home/***/.local/lib/python3.11/site-packages (from agate<2.0,>=1.0->dbt-postgres==1.9.1) (8.0.4)
[2026-07-15T14:06:19.522+0000] {subprocess.py:93} INFO - Requirement already satisfied: pytimeparse>=1.1.5 in /home/***/.local/lib/python3.11/site-packages (from agate<2.0,>=1.0->dbt-postgres==1.9.1) (1.1.8)
[2026-07-15T14:06:19.603+0000] {subprocess.py:93} INFO - Requirement already satisfied: dbt-protos<2.0,>=1.0.291 in /home/***/.local/lib/python3.11/site-packages (from dbt-adapters<2.0,>=1.7.0->dbt-postgres==1.9.1) (1.0.541)
[2026-07-15T14:06:19.668+0000] {subprocess.py:93} INFO - Requirement already satisfied: mashumaro<3.18,>=3.9 in /home/***/.local/lib/python3.11/site-packages (from mashumaro[msgpack]<3.18,>=3.9->dbt-adapters<2.0,>=1.7.0->dbt-postgres==1.9.1) (3.14)
[2026-07-15T14:06:19.713+0000] {subprocess.py:93} INFO - Requirement already satisfied: protobuf<7.0,>=6.0 in /home/***/.local/lib/python3.11/site-packages (from dbt-adapters<2.0,>=1.7.0->dbt-postgres==1.9.1) (6.33.6)
[2026-07-15T14:06:19.728+0000] {subprocess.py:93} INFO - Requirement already satisfied: pytz>=2015.7 in /home/***/.local/lib/python3.11/site-packages (from dbt-adapters<2.0,>=1.7.0->dbt-postgres==1.9.1) (2024.1)
[2026-07-15T14:06:19.743+0000] {subprocess.py:93} INFO - Requirement already satisfied: typing-extensions<5.0,>=4.0 in /home/***/.local/lib/python3.11/site-packages (from dbt-adapters<2.0,>=1.7.0->dbt-postgres==1.9.1) (4.11.0)
[2026-07-15T14:06:19.989+0000] {subprocess.py:93} INFO - Requirement already satisfied: colorama<0.5,>=0.3.9 in /home/***/.local/lib/python3.11/site-packages (from dbt-common<2.0,>=1.0.4->dbt-postgres==1.9.1) (0.4.6)
[2026-07-15T14:06:20.004+0000] {subprocess.py:93} INFO - Requirement already satisfied: deepdiff<9.0,>=7.0 in /home/***/.local/lib/python3.11/site-packages (from dbt-common<2.0,>=1.0.4->dbt-postgres==1.9.1) (8.6.2)
[2026-07-15T14:06:20.020+0000] {subprocess.py:93} INFO - Requirement already satisfied: jinja2<4,>=3.1.3 in /home/***/.local/lib/python3.11/site-packages (from dbt-common<2.0,>=1.0.4->dbt-postgres==1.9.1) (3.1.6)
[2026-07-15T14:06:20.039+0000] {subprocess.py:93} INFO - Requirement already satisfied: jsonschema<5.0,>=4.0 in /home/***/.local/lib/python3.11/site-packages (from dbt-common<2.0,>=1.0.4->dbt-postgres==1.9.1) (4.22.0)
[2026-07-15T14:06:20.115+0000] {subprocess.py:93} INFO - Requirement already satisfied: pathspec<1.1,>=0.9 in /home/***/.local/lib/python3.11/site-packages (from dbt-common<2.0,>=1.0.4->dbt-postgres==1.9.1) (0.12.1)
[2026-07-15T14:06:20.142+0000] {subprocess.py:93} INFO - Requirement already satisfied: python-dateutil<3.0,>=2.0 in /home/***/.local/lib/python3.11/site-packages (from dbt-common<2.0,>=1.0.4->dbt-postgres==1.9.1) (2.9.0.post0)
[2026-07-15T14:06:20.182+0000] {subprocess.py:93} INFO - Requirement already satisfied: requests<3.0.0 in /home/***/.local/lib/python3.11/site-packages (from dbt-common<2.0,>=1.0.4->dbt-postgres==1.9.1) (2.31.0)
[2026-07-15T14:06:20.288+0000] {subprocess.py:93} INFO - Requirement already satisfied: click<9.0,>=8.3.0 in /home/***/.local/lib/python3.11/site-packages (from dbt-core>=1.8.0->dbt-postgres==1.9.1) (8.4.2)
[2026-07-15T14:06:20.304+0000] {subprocess.py:93} INFO - Requirement already satisfied: daff>=1.3.46 in /home/***/.local/lib/python3.11/site-packages (from dbt-core>=1.8.0->dbt-postgres==1.9.1) (1.4.2)
[2026-07-15T14:06:20.323+0000] {subprocess.py:93} INFO - Requirement already satisfied: dbt-extractor<=0.6,>=0.5.0 in /home/***/.local/lib/python3.11/site-packages (from dbt-core>=1.8.0->dbt-postgres==1.9.1) (0.6.0)
[2026-07-15T14:06:20.338+0000] {subprocess.py:93} INFO - Requirement already satisfied: dbt-semantic-interfaces<0.10,>=0.9.0 in /home/***/.local/lib/python3.11/site-packages (from dbt-core>=1.8.0->dbt-postgres==1.9.1) (0.9.0)
[2026-07-15T14:06:20.433+0000] {subprocess.py:93} INFO - Requirement already satisfied: networkx<4.0,>=2.3 in /home/***/.local/lib/python3.11/site-packages (from dbt-core>=1.8.0->dbt-postgres==1.9.1) (3.6.1)
[2026-07-15T14:06:20.437+0000] {subprocess.py:93} INFO - Requirement already satisfied: packaging>20.9 in /home/***/.local/lib/python3.11/site-packages (from dbt-core>=1.8.0->dbt-postgres==1.9.1) (24.0)
[2026-07-15T14:06:20.484+0000] {subprocess.py:93} INFO - Requirement already satisfied: pydantic<3 in /home/***/.local/lib/python3.11/site-packages (from dbt-core>=1.8.0->dbt-postgres==1.9.1) (2.7.1)
[2026-07-15T14:06:20.500+0000] {subprocess.py:93} INFO - Requirement already satisfied: pyyaml>=6.0 in /home/***/.local/lib/python3.11/site-packages (from dbt-core>=1.8.0->dbt-postgres==1.9.1) (6.0.1)
[2026-07-15T14:06:20.516+0000] {subprocess.py:93} INFO - Requirement already satisfied: snowplow-tracker<2.0,>=1.0.2 in /home/***/.local/lib/python3.11/site-packages (from dbt-core>=1.8.0->dbt-postgres==1.9.1) (1.1.0)
[2026-07-15T14:06:20.530+0000] {subprocess.py:93} INFO - Requirement already satisfied: sqlparse<0.6.0,>=0.5.5 in /home/***/.local/lib/python3.11/site-packages (from dbt-core>=1.8.0->dbt-postgres==1.9.1) (0.5.5)
[2026-07-15T14:06:20.824+0000] {subprocess.py:93} INFO - Requirement already satisfied: importlib-metadata<9,>=6.0 in /home/***/.local/lib/python3.11/site-packages (from dbt-semantic-interfaces<0.10,>=0.9.0->dbt-core>=1.8.0->dbt-postgres==1.9.1) (6.11.0)
[2026-07-15T14:06:20.852+0000] {subprocess.py:93} INFO - Requirement already satisfied: more-itertools<11.0,>=8.0 in /home/***/.local/lib/python3.11/site-packages (from dbt-semantic-interfaces<0.10,>=0.9.0->dbt-core>=1.8.0->dbt-postgres==1.9.1) (10.2.0)
[2026-07-15T14:06:21.169+0000] {subprocess.py:93} INFO - Requirement already satisfied: orderly-set<6,>=5.4.1 in /home/***/.local/lib/python3.11/site-packages (from deepdiff<9.0,>=7.0->dbt-common<2.0,>=1.0.4->dbt-postgres==1.9.1) (5.5.0)
[2026-07-15T14:06:21.214+0000] {subprocess.py:93} INFO - Requirement already satisfied: six in /home/***/.local/lib/python3.11/site-packages (from isodate>=0.5.4->agate<2.0,>=1.0->dbt-postgres==1.9.1) (1.16.0)
[2026-07-15T14:06:21.250+0000] {subprocess.py:93} INFO - Requirement already satisfied: MarkupSafe>=2.0 in /home/***/.local/lib/python3.11/site-packages (from jinja2<4,>=3.1.3->dbt-common<2.0,>=1.0.4->dbt-postgres==1.9.1) (2.1.5)
[2026-07-15T14:06:21.411+0000] {subprocess.py:93} INFO - Requirement already satisfied: attrs>=22.2.0 in /home/***/.local/lib/python3.11/site-packages (from jsonschema<5.0,>=4.0->dbt-common<2.0,>=1.0.4->dbt-postgres==1.9.1) (23.2.0)
[2026-07-15T14:06:21.429+0000] {subprocess.py:93} INFO - Requirement already satisfied: jsonschema-specifications>=2023.03.6 in /home/***/.local/lib/python3.11/site-packages (from jsonschema<5.0,>=4.0->dbt-common<2.0,>=1.0.4->dbt-postgres==1.9.1) (2023.12.1)
[2026-07-15T14:06:21.432+0000] {subprocess.py:93} INFO - Requirement already satisfied: referencing>=0.28.4 in /home/***/.local/lib/python3.11/site-packages (from jsonschema<5.0,>=4.0->dbt-common<2.0,>=1.0.4->dbt-postgres==1.9.1) (0.31.1)
[2026-07-15T14:06:21.452+0000] {subprocess.py:93} INFO - Requirement already satisfied: rpds-py>=0.7.1 in /home/***/.local/lib/python3.11/site-packages (from jsonschema<5.0,>=4.0->dbt-common<2.0,>=1.0.4->dbt-postgres==1.9.1) (0.18.0)
[2026-07-15T14:06:21.619+0000] {subprocess.py:93} INFO - Requirement already satisfied: msgpack>=0.5.6 in /home/***/.local/lib/python3.11/site-packages (from mashumaro[msgpack]<3.18,>=3.9->dbt-adapters<2.0,>=1.7.0->dbt-postgres==1.9.1) (1.2.1)
[2026-07-15T14:06:21.976+0000] {subprocess.py:93} INFO - Requirement already satisfied: annotated-types>=0.4.0 in /home/***/.local/lib/python3.11/site-packages (from pydantic<3->dbt-core>=1.8.0->dbt-postgres==1.9.1) (0.6.0)
[2026-07-15T14:06:21.981+0000] {subprocess.py:93} INFO - Requirement already satisfied: pydantic-core==2.18.2 in /home/***/.local/lib/python3.11/site-packages (from pydantic<3->dbt-core>=1.8.0->dbt-postgres==1.9.1) (2.18.2)
[2026-07-15T14:06:22.131+0000] {subprocess.py:93} INFO - Requirement already satisfied: text-unidecode>=1.3 in /home/***/.local/lib/python3.11/site-packages (from python-slugify>=1.2.1->agate<2.0,>=1.0->dbt-postgres==1.9.1) (1.3)
[2026-07-15T14:06:22.372+0000] {subprocess.py:93} INFO - Requirement already satisfied: charset-normalizer<4,>=2 in /home/***/.local/lib/python3.11/site-packages (from requests<3.0.0->dbt-common<2.0,>=1.0.4->dbt-postgres==1.9.1) (3.3.2)
[2026-07-15T14:06:22.386+0000] {subprocess.py:93} INFO - Requirement already satisfied: idna<4,>=2.5 in /home/***/.local/lib/python3.11/site-packages (from requests<3.0.0->dbt-common<2.0,>=1.0.4->dbt-postgres==1.9.1) (3.7)
[2026-07-15T14:06:22.403+0000] {subprocess.py:93} INFO - Requirement already satisfied: urllib3<3,>=1.21.1 in /home/***/.local/lib/python3.11/site-packages (from requests<3.0.0->dbt-common<2.0,>=1.0.4->dbt-postgres==1.9.1) (2.2.1)
[2026-07-15T14:06:22.416+0000] {subprocess.py:93} INFO - Requirement already satisfied: certifi>=2017.4.17 in /home/***/.local/lib/python3.11/site-packages (from requests<3.0.0->dbt-common<2.0,>=1.0.4->dbt-postgres==1.9.1) (2024.2.2)
[2026-07-15T14:06:22.973+0000] {subprocess.py:93} INFO - Requirement already satisfied: zipp>=0.5 in /home/***/.local/lib/python3.11/site-packages (from importlib-metadata<9,>=6.0->dbt-semantic-interfaces<0.10,>=0.9.0->dbt-core>=1.8.0->dbt-postgres==1.9.1) (3.18.1)
[2026-07-15T14:06:36.562+0000] {subprocess.py:93} INFO - 
[2026-07-15T14:06:36.564+0000] {subprocess.py:93} INFO - [notice] A new release of pip is available: 24.0 -> 26.1.2
[2026-07-15T14:06:36.565+0000] {subprocess.py:93} INFO - [notice] To update, run: pip3 install --upgrade pip
[2026-07-15T14:06:44.487+0000] {subprocess.py:93} INFO - [0m14:06:44  Running with dbt=1.11.12
[2026-07-15T14:06:45.803+0000] {subprocess.py:93} INFO - [0m14:06:45  Registered adapter: postgres=1.9.1
[2026-07-15T14:06:47.193+0000] {subprocess.py:93} INFO - [0m14:06:47  [[33mWARNING[0m]: Configuration paths exist in your dbt_project.yml file which do not apply to any resources.
[2026-07-15T14:06:47.196+0000] {subprocess.py:93} INFO - There are 1 unused configuration paths:
[2026-07-15T14:06:47.200+0000] {subprocess.py:93} INFO - - models.dbt_mobility.example
[2026-07-15T14:06:48.226+0000] {subprocess.py:93} INFO - [0m14:06:48  Found 7 data tests, 2 models, 1 source, 474 macros
[2026-07-15T14:06:48.242+0000] {subprocess.py:93} INFO - [0m14:06:48
[2026-07-15T14:06:48.246+0000] {subprocess.py:93} INFO - [0m14:06:48  Concurrency: 4 threads (target='prod')
[2026-07-15T14:06:48.251+0000] {subprocess.py:93} INFO - [0m14:06:48
[2026-07-15T14:06:49.237+0000] {subprocess.py:93} INFO - [0m14:06:49  1 of 2 START sql view model schema_analytics.stg_velib_stations ................ [RUN]
[2026-07-15T14:06:50.103+0000] {subprocess.py:93} INFO - [0m14:06:50  1 of 2 OK created sql view model schema_analytics.stg_velib_stations ........... [[32mCREATE VIEW[0m in 0.85s]
[2026-07-15T14:06:50.115+0000] {subprocess.py:93} INFO - [0m14:06:50  2 of 2 START sql table model schema_analytics.fct_velib_status ................. [RUN]
[2026-07-15T14:06:50.886+0000] {subprocess.py:93} INFO - [0m14:06:50  2 of 2 OK created sql table model schema_analytics.fct_velib_status ............ [[32mSELECT 485[0m in 0.75s]
[2026-07-15T14:06:51.014+0000] {subprocess.py:93} INFO - [0m14:06:51
[2026-07-15T14:06:51.021+0000] {subprocess.py:93} INFO - [0m14:06:51  Finished running 1 table model, 1 view model in 0 hours 0 minutes and 2.76 seconds (2.76s).
[2026-07-15T14:06:52.032+0000] {subprocess.py:93} INFO - [0m14:06:52
[2026-07-15T14:06:52.044+0000] {subprocess.py:93} INFO - [0m14:06:52  [32mCompleted successfully[0m
[2026-07-15T14:06:52.049+0000] {subprocess.py:93} INFO - [0m14:06:52
[2026-07-15T14:06:52.063+0000] {subprocess.py:93} INFO - [0m14:06:52  Done. PASS=2 WARN=0 ERROR=0 SKIP=0 NO-OP=0 TOTAL=2
[2026-07-15T14:06:59.676+0000] {subprocess.py:93} INFO - [0m14:06:59  Running with dbt=1.11.12
[2026-07-15T14:07:01.348+0000] {subprocess.py:93} INFO - [0m14:07:01  Registered adapter: postgres=1.9.1
[2026-07-15T14:07:02.794+0000] {subprocess.py:93} INFO - [0m14:07:02  [[33mWARNING[0m]: Configuration paths exist in your dbt_project.yml file which do not apply to any resources.
[2026-07-15T14:07:02.802+0000] {subprocess.py:93} INFO - There are 1 unused configuration paths:
[2026-07-15T14:07:02.807+0000] {subprocess.py:93} INFO - - models.dbt_mobility.example
[2026-07-15T14:07:03.991+0000] {subprocess.py:93} INFO - [0m14:07:03  Found 7 data tests, 2 models, 1 source, 474 macros
[2026-07-15T14:07:04.003+0000] {subprocess.py:93} INFO - [0m14:07:04
[2026-07-15T14:07:04.007+0000] {subprocess.py:93} INFO - [0m14:07:04  Concurrency: 4 threads (target='prod')
[2026-07-15T14:07:04.011+0000] {subprocess.py:93} INFO - [0m14:07:04
[2026-07-15T14:07:04.327+0000] {subprocess.py:93} INFO - [0m14:07:04  1 of 7 START test accepted_values_fct_velib_status_station_status__Normal__Presque_pleine__Presque_vide__Vide__Hors_service  [RUN]
[2026-07-15T14:07:04.331+0000] {subprocess.py:93} INFO - [0m14:07:04  2 of 7 START test assert_bikes_available_under_total_capacity .................. [RUN]
[2026-07-15T14:07:04.336+0000] {subprocess.py:93} INFO - [0m14:07:04  3 of 7 START test not_null_fct_velib_status_station_id ......................... [RUN]
[2026-07-15T14:07:04.339+0000] {subprocess.py:93} INFO - [0m14:07:04  4 of 7 START test not_null_fct_velib_status_station_name ....................... [RUN]
[2026-07-15T14:07:04.931+0000] {subprocess.py:93} INFO - [0m14:07:04  1 of 7 PASS accepted_values_fct_velib_status_station_status__Normal__Presque_pleine__Presque_vide__Vide__Hors_service  [[32mPASS[0m in 0.59s]
[2026-07-15T14:07:04.959+0000] {subprocess.py:93} INFO - [0m14:07:04  3 of 7 PASS not_null_fct_velib_status_station_id ............................... [[32mPASS[0m in 0.61s]
[2026-07-15T14:07:04.965+0000] {subprocess.py:93} INFO - [0m14:07:04  2 of 7 FAIL 3 assert_bikes_available_under_total_capacity ...................... [[31mFAIL 3[0m in 0.62s]
[2026-07-15T14:07:04.973+0000] {subprocess.py:93} INFO - [0m14:07:04  4 of 7 PASS not_null_fct_velib_status_station_name ............................. [[32mPASS[0m in 0.62s]
[2026-07-15T14:07:04.987+0000] {subprocess.py:93} INFO - [0m14:07:04  5 of 7 START test not_null_fct_velib_status_station_status ..................... [RUN]
[2026-07-15T14:07:05.016+0000] {subprocess.py:93} INFO - [0m14:07:05  6 of 7 START test not_null_fct_velib_status_total_capacity ..................... [RUN]
[2026-07-15T14:07:05.025+0000] {subprocess.py:93} INFO - [0m14:07:05  7 of 7 START test unique_fct_velib_status_station_id ........................... [RUN]
[2026-07-15T14:07:05.278+0000] {subprocess.py:93} INFO - [0m14:07:05  5 of 7 PASS not_null_fct_velib_status_station_status ........................... [[32mPASS[0m in 0.27s]
[2026-07-15T14:07:05.361+0000] {subprocess.py:93} INFO - [0m14:07:05  6 of 7 PASS not_null_fct_velib_status_total_capacity ........................... [[32mPASS[0m in 0.33s]
[2026-07-15T14:07:05.379+0000] {subprocess.py:93} INFO - [0m14:07:05  7 of 7 FAIL 156 unique_fct_velib_status_station_id ............................. [[31mFAIL 156[0m in 0.34s]
[2026-07-15T14:07:05.467+0000] {subprocess.py:93} INFO - [0m14:07:05
[2026-07-15T14:07:05.477+0000] {subprocess.py:93} INFO - [0m14:07:05  Finished running 7 data tests in 0 hours 0 minutes and 1.45 seconds (1.45s).
[2026-07-15T14:07:05.902+0000] {subprocess.py:93} INFO - [0m14:07:05
[2026-07-15T14:07:05.905+0000] {subprocess.py:93} INFO - [0m14:07:05  [31mCompleted with 2 errors, 0 partial successes, and 0 warnings:[0m
[2026-07-15T14:07:05.909+0000] {subprocess.py:93} INFO - [0m14:07:05
[2026-07-15T14:07:05.912+0000] {subprocess.py:93} INFO - [0m14:07:05  [31mFailure in test assert_bikes_available_under_total_capacity (tests/assert_bikes_available_under_total_capacity.sql)[0m
[2026-07-15T14:07:05.916+0000] {subprocess.py:93} INFO - [0m14:07:05    Got 3 results, configured to fail if != 0
[2026-07-15T14:07:05.920+0000] {subprocess.py:93} INFO - [0m14:07:05
[2026-07-15T14:07:05.923+0000] {subprocess.py:93} INFO - [0m14:07:05    compiled code at target/compiled/dbt_mobility/tests/assert_bikes_available_under_total_capacity.sql
[2026-07-15T14:07:05.927+0000] {subprocess.py:93} INFO - [0m14:07:05
[2026-07-15T14:07:05.930+0000] {subprocess.py:93} INFO - [0m14:07:05  [31mFailure in test unique_fct_velib_status_station_id (models/marts/schema.yml)[0m
[2026-07-15T14:07:05.933+0000] {subprocess.py:93} INFO - [0m14:07:05    Got 156 results, configured to fail if != 0
[2026-07-15T14:07:05.938+0000] {subprocess.py:93} INFO - [0m14:07:05
[2026-07-15T14:07:05.942+0000] {subprocess.py:93} INFO - [0m14:07:05    compiled code at target/compiled/dbt_mobility/models/marts/schema.yml/unique_fct_velib_status_station_id.sql
[2026-07-15T14:07:05.945+0000] {subprocess.py:93} INFO - [0m14:07:05
[2026-07-15T14:07:05.949+0000] {subprocess.py:93} INFO - [0m14:07:05  Done. PASS=5 WARN=0 ERROR=2 SKIP=0 NO-OP=0 TOTAL=7
[2026-07-15T14:07:07.252+0000] {subprocess.py:97} INFO - Command exited with return code 1
[2026-07-15T14:07:07.256+0000] {taskinstance.py:441} INFO - ::group::Post task execution logs
[2026-07-15T14:07:07.298+0000] {taskinstance.py:2905} ERROR - Task failed with exception
Traceback (most recent call last):
  File "/home/airflow/.local/lib/python3.11/site-packages/airflow/models/taskinstance.py", line 465, in _execute_task
    result = _execute_callable(context=context, **execute_callable_kwargs)
             ^^^^^^^^^^^^^^^^^^^^^^^^^^^^^^^^^^^^^^^^^^^^^^^^^^^^^^^^^^^^^
  File "/home/airflow/.local/lib/python3.11/site-packages/airflow/models/taskinstance.py", line 432, in _execute_callable
    return execute_callable(context=context, **execute_callable_kwargs)
           ^^^^^^^^^^^^^^^^^^^^^^^^^^^^^^^^^^^^^^^^^^^^^^^^^^^^^^^^^^^^
  File "/home/airflow/.local/lib/python3.11/site-packages/airflow/models/baseoperator.py", line 400, in wrapper
    return func(self, *args, **kwargs)
           ^^^^^^^^^^^^^^^^^^^^^^^^^^^
  File "/home/airflow/.local/lib/python3.11/site-packages/airflow/operators/bash.py", line 243, in execute
    raise AirflowException(
airflow.exceptions.AirflowException: Bash command failed. The command returned a non-zero exit code 1.
[2026-07-15T14:07:07.308+0000] {taskinstance.py:1206} INFO - Marking task as UP_FOR_RETRY. dag_id=ingest_and_transform_velib, task_id=dbt_run_task, run_id=scheduled__2026-07-15T01:00:00+00:00, execution_date=20260715T010000, start_date=20260715T140611, end_date=20260715T140707
[2026-07-15T14:07:07.349+0000] {standard_task_runner.py:110} ERROR - Failed to execute job 41 for task dbt_run_task (Bash command failed. The command returned a non-zero exit code 1.; 418)
[2026-07-15T14:07:07.401+0000] {local_task_job_runner.py:240} INFO - Task exited with return code 1
[2026-07-15T14:07:07.467+0000] {taskinstance.py:3498} INFO - 0 downstream tasks scheduled from follow-on schedule check
[2026-07-15T14:07:07.474+0000] {local_task_job_runner.py:222} INFO - ::endgroup::
