[2026-07-15T14:12:10.293+0000] {local_task_job_runner.py:120} INFO - ::group::Pre task execution logs
[2026-07-15T14:12:10.564+0000] {taskinstance.py:2076} INFO - Dependencies all met for dep_context=non-requeueable deps ti=<TaskInstance: ingest_and_transform_velib.dbt_run_task scheduled__2026-07-15T01:00:00+00:00 [queued]>
[2026-07-15T14:12:10.636+0000] {taskinstance.py:2076} INFO - Dependencies all met for dep_context=requeueable deps ti=<TaskInstance: ingest_and_transform_velib.dbt_run_task scheduled__2026-07-15T01:00:00+00:00 [queued]>
[2026-07-15T14:12:10.661+0000] {taskinstance.py:2306} INFO - Starting attempt 2 of 2
[2026-07-15T14:12:10.763+0000] {taskinstance.py:2330} INFO - Executing <Task(BashOperator): dbt_run_task> on 2026-07-15 01:00:00+00:00
[2026-07-15T14:12:10.823+0000] {standard_task_runner.py:63} INFO - Started process 627 to run task
[2026-07-15T14:12:10.848+0000] {standard_task_runner.py:90} INFO - Running: ['***', 'tasks', 'run', 'ingest_and_transform_velib', 'dbt_run_task', 'scheduled__2026-07-15T01:00:00+00:00', '--job-id', '46', '--raw', '--subdir', 'DAGS_FOLDER/ingest_velib_status.py', '--cfg-path', '/tmp/tmpkrbe8ku1']
[2026-07-15T14:12:10.858+0000] {standard_task_runner.py:91} INFO - Job 46: Subtask dbt_run_task
[2026-07-15T14:12:11.336+0000] {task_command.py:426} INFO - Running <TaskInstance: ingest_and_transform_velib.dbt_run_task scheduled__2026-07-15T01:00:00+00:00 [running]> on host 34cfa9410581
[2026-07-15T14:12:12.014+0000] {taskinstance.py:2648} INFO - Exporting env vars: AIRFLOW_CTX_DAG_OWNER='Amadou' AIRFLOW_CTX_DAG_ID='ingest_and_transform_velib' AIRFLOW_CTX_TASK_ID='dbt_run_task' AIRFLOW_CTX_EXECUTION_DATE='2026-07-15T01:00:00+00:00' AIRFLOW_CTX_TRY_NUMBER='2' AIRFLOW_CTX_DAG_RUN_ID='scheduled__2026-07-15T01:00:00+00:00'
[2026-07-15T14:12:12.017+0000] {taskinstance.py:430} INFO - ::endgroup::
[2026-07-15T14:12:12.057+0000] {subprocess.py:63} INFO - Tmp dir root location: /tmp
[2026-07-15T14:12:12.061+0000] {subprocess.py:75} INFO - Running command: ['/usr/bin/bash', '-c', '\n        python -m pip install dbt-postgres==1.9.1\n        cd /opt/***/dbt_mobility\n        dbt run --profiles-dir .\n        dbt test --profiles-dir .\n        ']
[2026-07-15T14:12:12.092+0000] {subprocess.py:86} INFO - Output:
[2026-07-15T14:12:13.990+0000] {subprocess.py:93} INFO - Requirement already satisfied: dbt-postgres==1.9.1 in /home/***/.local/lib/python3.11/site-packages (1.9.1)
[2026-07-15T14:12:13.998+0000] {subprocess.py:93} INFO - Requirement already satisfied: agate<2.0,>=1.0 in /home/***/.local/lib/python3.11/site-packages (from dbt-postgres==1.9.1) (1.9.1)
[2026-07-15T14:12:14.000+0000] {subprocess.py:93} INFO - Requirement already satisfied: dbt-adapters<2.0,>=1.7.0 in /home/***/.local/lib/python3.11/site-packages (from dbt-postgres==1.9.1) (1.24.4)
[2026-07-15T14:12:14.003+0000] {subprocess.py:93} INFO - Requirement already satisfied: dbt-common<2.0,>=1.0.4 in /home/***/.local/lib/python3.11/site-packages (from dbt-postgres==1.9.1) (1.38.0)
[2026-07-15T14:12:14.005+0000] {subprocess.py:93} INFO - Requirement already satisfied: dbt-core>=1.8.0 in /home/***/.local/lib/python3.11/site-packages (from dbt-postgres==1.9.1) (1.11.12)
[2026-07-15T14:12:14.008+0000] {subprocess.py:93} INFO - Requirement already satisfied: psycopg2-binary<3.0,>=2.9 in /home/***/.local/lib/python3.11/site-packages (from dbt-postgres==1.9.1) (2.9.9)
[2026-07-15T14:12:14.030+0000] {subprocess.py:93} INFO - Requirement already satisfied: Babel>=2.0 in /home/***/.local/lib/python3.11/site-packages (from agate<2.0,>=1.0->dbt-postgres==1.9.1) (2.14.0)
[2026-07-15T14:12:14.033+0000] {subprocess.py:93} INFO - Requirement already satisfied: isodate>=0.5.4 in /home/***/.local/lib/python3.11/site-packages (from agate<2.0,>=1.0->dbt-postgres==1.9.1) (0.6.1)
[2026-07-15T14:12:14.037+0000] {subprocess.py:93} INFO - Requirement already satisfied: leather>=0.3.2 in /home/***/.local/lib/python3.11/site-packages (from agate<2.0,>=1.0->dbt-postgres==1.9.1) (0.4.1)
[2026-07-15T14:12:14.040+0000] {subprocess.py:93} INFO - Requirement already satisfied: parsedatetime!=2.5,>=2.1 in /home/***/.local/lib/python3.11/site-packages (from agate<2.0,>=1.0->dbt-postgres==1.9.1) (2.6)
[2026-07-15T14:12:14.042+0000] {subprocess.py:93} INFO - Requirement already satisfied: python-slugify>=1.2.1 in /home/***/.local/lib/python3.11/site-packages (from agate<2.0,>=1.0->dbt-postgres==1.9.1) (8.0.4)
[2026-07-15T14:12:14.045+0000] {subprocess.py:93} INFO - Requirement already satisfied: pytimeparse>=1.1.5 in /home/***/.local/lib/python3.11/site-packages (from agate<2.0,>=1.0->dbt-postgres==1.9.1) (1.1.8)
[2026-07-15T14:12:14.060+0000] {subprocess.py:93} INFO - Requirement already satisfied: dbt-protos<2.0,>=1.0.291 in /home/***/.local/lib/python3.11/site-packages (from dbt-adapters<2.0,>=1.7.0->dbt-postgres==1.9.1) (1.0.541)
[2026-07-15T14:12:14.077+0000] {subprocess.py:93} INFO - Requirement already satisfied: mashumaro<3.18,>=3.9 in /home/***/.local/lib/python3.11/site-packages (from mashumaro[msgpack]<3.18,>=3.9->dbt-adapters<2.0,>=1.7.0->dbt-postgres==1.9.1) (3.14)
[2026-07-15T14:12:14.087+0000] {subprocess.py:93} INFO - Requirement already satisfied: protobuf<7.0,>=6.0 in /home/***/.local/lib/python3.11/site-packages (from dbt-adapters<2.0,>=1.7.0->dbt-postgres==1.9.1) (6.33.6)
[2026-07-15T14:12:14.090+0000] {subprocess.py:93} INFO - Requirement already satisfied: pytz>=2015.7 in /home/***/.local/lib/python3.11/site-packages (from dbt-adapters<2.0,>=1.7.0->dbt-postgres==1.9.1) (2024.1)
[2026-07-15T14:12:14.092+0000] {subprocess.py:93} INFO - Requirement already satisfied: typing-extensions<5.0,>=4.0 in /home/***/.local/lib/python3.11/site-packages (from dbt-adapters<2.0,>=1.7.0->dbt-postgres==1.9.1) (4.11.0)
[2026-07-15T14:12:14.139+0000] {subprocess.py:93} INFO - Requirement already satisfied: colorama<0.5,>=0.3.9 in /home/***/.local/lib/python3.11/site-packages (from dbt-common<2.0,>=1.0.4->dbt-postgres==1.9.1) (0.4.6)
[2026-07-15T14:12:14.143+0000] {subprocess.py:93} INFO - Requirement already satisfied: deepdiff<9.0,>=7.0 in /home/***/.local/lib/python3.11/site-packages (from dbt-common<2.0,>=1.0.4->dbt-postgres==1.9.1) (8.6.2)
[2026-07-15T14:12:14.146+0000] {subprocess.py:93} INFO - Requirement already satisfied: jinja2<4,>=3.1.3 in /home/***/.local/lib/python3.11/site-packages (from dbt-common<2.0,>=1.0.4->dbt-postgres==1.9.1) (3.1.6)
[2026-07-15T14:12:14.149+0000] {subprocess.py:93} INFO - Requirement already satisfied: jsonschema<5.0,>=4.0 in /home/***/.local/lib/python3.11/site-packages (from dbt-common<2.0,>=1.0.4->dbt-postgres==1.9.1) (4.22.0)
[2026-07-15T14:12:14.161+0000] {subprocess.py:93} INFO - Requirement already satisfied: pathspec<1.1,>=0.9 in /home/***/.local/lib/python3.11/site-packages (from dbt-common<2.0,>=1.0.4->dbt-postgres==1.9.1) (0.12.1)
[2026-07-15T14:12:14.165+0000] {subprocess.py:93} INFO - Requirement already satisfied: python-dateutil<3.0,>=2.0 in /home/***/.local/lib/python3.11/site-packages (from dbt-common<2.0,>=1.0.4->dbt-postgres==1.9.1) (2.9.0.post0)
[2026-07-15T14:12:14.169+0000] {subprocess.py:93} INFO - Requirement already satisfied: requests<3.0.0 in /home/***/.local/lib/python3.11/site-packages (from dbt-common<2.0,>=1.0.4->dbt-postgres==1.9.1) (2.31.0)
[2026-07-15T14:12:14.206+0000] {subprocess.py:93} INFO - Requirement already satisfied: click<9.0,>=8.3.0 in /home/***/.local/lib/python3.11/site-packages (from dbt-core>=1.8.0->dbt-postgres==1.9.1) (8.4.2)
[2026-07-15T14:12:14.209+0000] {subprocess.py:93} INFO - Requirement already satisfied: daff>=1.3.46 in /home/***/.local/lib/python3.11/site-packages (from dbt-core>=1.8.0->dbt-postgres==1.9.1) (1.4.2)
[2026-07-15T14:12:14.213+0000] {subprocess.py:93} INFO - Requirement already satisfied: dbt-extractor<=0.6,>=0.5.0 in /home/***/.local/lib/python3.11/site-packages (from dbt-core>=1.8.0->dbt-postgres==1.9.1) (0.6.0)
[2026-07-15T14:12:14.216+0000] {subprocess.py:93} INFO - Requirement already satisfied: dbt-semantic-interfaces<0.10,>=0.9.0 in /home/***/.local/lib/python3.11/site-packages (from dbt-core>=1.8.0->dbt-postgres==1.9.1) (0.9.0)
[2026-07-15T14:12:14.230+0000] {subprocess.py:93} INFO - Requirement already satisfied: networkx<4.0,>=2.3 in /home/***/.local/lib/python3.11/site-packages (from dbt-core>=1.8.0->dbt-postgres==1.9.1) (3.6.1)
[2026-07-15T14:12:14.233+0000] {subprocess.py:93} INFO - Requirement already satisfied: packaging>20.9 in /home/***/.local/lib/python3.11/site-packages (from dbt-core>=1.8.0->dbt-postgres==1.9.1) (24.0)
[2026-07-15T14:12:14.243+0000] {subprocess.py:93} INFO - Requirement already satisfied: pydantic<3 in /home/***/.local/lib/python3.11/site-packages (from dbt-core>=1.8.0->dbt-postgres==1.9.1) (2.7.1)
[2026-07-15T14:12:14.246+0000] {subprocess.py:93} INFO - Requirement already satisfied: pyyaml>=6.0 in /home/***/.local/lib/python3.11/site-packages (from dbt-core>=1.8.0->dbt-postgres==1.9.1) (6.0.1)
[2026-07-15T14:12:14.250+0000] {subprocess.py:93} INFO - Requirement already satisfied: snowplow-tracker<2.0,>=1.0.2 in /home/***/.local/lib/python3.11/site-packages (from dbt-core>=1.8.0->dbt-postgres==1.9.1) (1.1.0)
[2026-07-15T14:12:14.253+0000] {subprocess.py:93} INFO - Requirement already satisfied: sqlparse<0.6.0,>=0.5.5 in /home/***/.local/lib/python3.11/site-packages (from dbt-core>=1.8.0->dbt-postgres==1.9.1) (0.5.5)
[2026-07-15T14:12:14.301+0000] {subprocess.py:93} INFO - Requirement already satisfied: importlib-metadata<9,>=6.0 in /home/***/.local/lib/python3.11/site-packages (from dbt-semantic-interfaces<0.10,>=0.9.0->dbt-core>=1.8.0->dbt-postgres==1.9.1) (6.11.0)
[2026-07-15T14:12:14.308+0000] {subprocess.py:93} INFO - Requirement already satisfied: more-itertools<11.0,>=8.0 in /home/***/.local/lib/python3.11/site-packages (from dbt-semantic-interfaces<0.10,>=0.9.0->dbt-core>=1.8.0->dbt-postgres==1.9.1) (10.2.0)
[2026-07-15T14:12:14.358+0000] {subprocess.py:93} INFO - Requirement already satisfied: orderly-set<6,>=5.4.1 in /home/***/.local/lib/python3.11/site-packages (from deepdiff<9.0,>=7.0->dbt-common<2.0,>=1.0.4->dbt-postgres==1.9.1) (5.5.0)
[2026-07-15T14:12:14.365+0000] {subprocess.py:93} INFO - Requirement already satisfied: six in /home/***/.local/lib/python3.11/site-packages (from isodate>=0.5.4->agate<2.0,>=1.0->dbt-postgres==1.9.1) (1.16.0)
[2026-07-15T14:12:14.373+0000] {subprocess.py:93} INFO - Requirement already satisfied: MarkupSafe>=2.0 in /home/***/.local/lib/python3.11/site-packages (from jinja2<4,>=3.1.3->dbt-common<2.0,>=1.0.4->dbt-postgres==1.9.1) (2.1.5)
[2026-07-15T14:12:14.406+0000] {subprocess.py:93} INFO - Requirement already satisfied: attrs>=22.2.0 in /home/***/.local/lib/python3.11/site-packages (from jsonschema<5.0,>=4.0->dbt-common<2.0,>=1.0.4->dbt-postgres==1.9.1) (23.2.0)
[2026-07-15T14:12:14.409+0000] {subprocess.py:93} INFO - Requirement already satisfied: jsonschema-specifications>=2023.03.6 in /home/***/.local/lib/python3.11/site-packages (from jsonschema<5.0,>=4.0->dbt-common<2.0,>=1.0.4->dbt-postgres==1.9.1) (2023.12.1)
[2026-07-15T14:12:14.412+0000] {subprocess.py:93} INFO - Requirement already satisfied: referencing>=0.28.4 in /home/***/.local/lib/python3.11/site-packages (from jsonschema<5.0,>=4.0->dbt-common<2.0,>=1.0.4->dbt-postgres==1.9.1) (0.31.1)
[2026-07-15T14:12:14.415+0000] {subprocess.py:93} INFO - Requirement already satisfied: rpds-py>=0.7.1 in /home/***/.local/lib/python3.11/site-packages (from jsonschema<5.0,>=4.0->dbt-common<2.0,>=1.0.4->dbt-postgres==1.9.1) (0.18.0)
[2026-07-15T14:12:14.468+0000] {subprocess.py:93} INFO - Requirement already satisfied: msgpack>=0.5.6 in /home/***/.local/lib/python3.11/site-packages (from mashumaro[msgpack]<3.18,>=3.9->dbt-adapters<2.0,>=1.7.0->dbt-postgres==1.9.1) (1.2.1)
[2026-07-15T14:12:14.570+0000] {subprocess.py:93} INFO - Requirement already satisfied: annotated-types>=0.4.0 in /home/***/.local/lib/python3.11/site-packages (from pydantic<3->dbt-core>=1.8.0->dbt-postgres==1.9.1) (0.6.0)
[2026-07-15T14:12:14.573+0000] {subprocess.py:93} INFO - Requirement already satisfied: pydantic-core==2.18.2 in /home/***/.local/lib/python3.11/site-packages (from pydantic<3->dbt-core>=1.8.0->dbt-postgres==1.9.1) (2.18.2)
[2026-07-15T14:12:14.611+0000] {subprocess.py:93} INFO - Requirement already satisfied: text-unidecode>=1.3 in /home/***/.local/lib/python3.11/site-packages (from python-slugify>=1.2.1->agate<2.0,>=1.0->dbt-postgres==1.9.1) (1.3)
[2026-07-15T14:12:14.666+0000] {subprocess.py:93} INFO - Requirement already satisfied: charset-normalizer<4,>=2 in /home/***/.local/lib/python3.11/site-packages (from requests<3.0.0->dbt-common<2.0,>=1.0.4->dbt-postgres==1.9.1) (3.3.2)
[2026-07-15T14:12:14.668+0000] {subprocess.py:93} INFO - Requirement already satisfied: idna<4,>=2.5 in /home/***/.local/lib/python3.11/site-packages (from requests<3.0.0->dbt-common<2.0,>=1.0.4->dbt-postgres==1.9.1) (3.7)
[2026-07-15T14:12:14.671+0000] {subprocess.py:93} INFO - Requirement already satisfied: urllib3<3,>=1.21.1 in /home/***/.local/lib/python3.11/site-packages (from requests<3.0.0->dbt-common<2.0,>=1.0.4->dbt-postgres==1.9.1) (2.2.1)
[2026-07-15T14:12:14.674+0000] {subprocess.py:93} INFO - Requirement already satisfied: certifi>=2017.4.17 in /home/***/.local/lib/python3.11/site-packages (from requests<3.0.0->dbt-common<2.0,>=1.0.4->dbt-postgres==1.9.1) (2024.2.2)
[2026-07-15T14:12:14.890+0000] {subprocess.py:93} INFO - Requirement already satisfied: zipp>=0.5 in /home/***/.local/lib/python3.11/site-packages (from importlib-metadata<9,>=6.0->dbt-semantic-interfaces<0.10,>=0.9.0->dbt-core>=1.8.0->dbt-postgres==1.9.1) (3.18.1)
[2026-07-15T14:12:23.812+0000] {subprocess.py:93} INFO - 
[2026-07-15T14:12:23.813+0000] {subprocess.py:93} INFO - [notice] A new release of pip is available: 24.0 -> 26.1.2
[2026-07-15T14:12:23.815+0000] {subprocess.py:93} INFO - [notice] To update, run: pip3 install --upgrade pip
[2026-07-15T14:12:30.289+0000] {subprocess.py:93} INFO - [0m14:12:30  Running with dbt=1.11.12
[2026-07-15T14:12:31.210+0000] {subprocess.py:93} INFO - [0m14:12:31  Registered adapter: postgres=1.9.1
[2026-07-15T14:12:32.397+0000] {subprocess.py:93} INFO - [0m14:12:32  [[33mWARNING[0m]: Configuration paths exist in your dbt_project.yml file which do not apply to any resources.
[2026-07-15T14:12:32.400+0000] {subprocess.py:93} INFO - There are 1 unused configuration paths:
[2026-07-15T14:12:32.402+0000] {subprocess.py:93} INFO - - models.dbt_mobility.example
[2026-07-15T14:12:33.126+0000] {subprocess.py:93} INFO - [0m14:12:33  Found 7 data tests, 2 models, 1 source, 474 macros
[2026-07-15T14:12:33.141+0000] {subprocess.py:93} INFO - [0m14:12:33
[2026-07-15T14:12:33.144+0000] {subprocess.py:93} INFO - [0m14:12:33  Concurrency: 4 threads (target='prod')
[2026-07-15T14:12:33.148+0000] {subprocess.py:93} INFO - [0m14:12:33
[2026-07-15T14:12:33.577+0000] {subprocess.py:93} INFO - [0m14:12:33  1 of 2 START sql view model schema_analytics.stg_velib_stations ................ [RUN]
[2026-07-15T14:12:34.051+0000] {subprocess.py:93} INFO - [0m14:12:34  1 of 2 OK created sql view model schema_analytics.stg_velib_stations ........... [[32mCREATE VIEW[0m in 0.46s]
[2026-07-15T14:12:34.076+0000] {subprocess.py:93} INFO - [0m14:12:34  2 of 2 START sql table model schema_analytics.fct_velib_status ................. [RUN]
[2026-07-15T14:12:34.436+0000] {subprocess.py:93} INFO - [0m14:12:34  2 of 2 OK created sql table model schema_analytics.fct_velib_status ............ [[32mSELECT 485[0m in 0.34s]
[2026-07-15T14:12:34.509+0000] {subprocess.py:93} INFO - [0m14:12:34
[2026-07-15T14:12:34.513+0000] {subprocess.py:93} INFO - [0m14:12:34  Finished running 1 table model, 1 view model in 0 hours 0 minutes and 1.36 seconds (1.36s).
[2026-07-15T14:12:34.693+0000] {subprocess.py:93} INFO - [0m14:12:34
[2026-07-15T14:12:34.696+0000] {subprocess.py:93} INFO - [0m14:12:34  [32mCompleted successfully[0m
[2026-07-15T14:12:34.698+0000] {subprocess.py:93} INFO - [0m14:12:34
[2026-07-15T14:12:34.701+0000] {subprocess.py:93} INFO - [0m14:12:34  Done. PASS=2 WARN=0 ERROR=0 SKIP=0 NO-OP=0 TOTAL=2
[2026-07-15T14:12:43.149+0000] {subprocess.py:93} INFO - [0m14:12:43  Running with dbt=1.11.12
[2026-07-15T14:12:44.165+0000] {subprocess.py:93} INFO - [0m14:12:44  Registered adapter: postgres=1.9.1
[2026-07-15T14:12:45.216+0000] {subprocess.py:93} INFO - [0m14:12:45  [[33mWARNING[0m]: Configuration paths exist in your dbt_project.yml file which do not apply to any resources.
[2026-07-15T14:12:45.217+0000] {subprocess.py:93} INFO - There are 1 unused configuration paths:
[2026-07-15T14:12:45.219+0000] {subprocess.py:93} INFO - - models.dbt_mobility.example
[2026-07-15T14:12:46.346+0000] {subprocess.py:93} INFO - [0m14:12:46  Found 7 data tests, 2 models, 1 source, 474 macros
[2026-07-15T14:12:46.364+0000] {subprocess.py:93} INFO - [0m14:12:46
[2026-07-15T14:12:46.367+0000] {subprocess.py:93} INFO - [0m14:12:46  Concurrency: 4 threads (target='prod')
[2026-07-15T14:12:46.387+0000] {subprocess.py:93} INFO - [0m14:12:46
[2026-07-15T14:12:47.140+0000] {subprocess.py:93} INFO - [0m14:12:47  1 of 7 START test accepted_values_fct_velib_status_station_status__Normal__Presque_pleine__Presque_vide__Vide__Hors_service  [RUN]
[2026-07-15T14:12:47.144+0000] {subprocess.py:93} INFO - [0m14:12:47  2 of 7 START test assert_bikes_available_under_total_capacity .................. [RUN]
[2026-07-15T14:12:47.149+0000] {subprocess.py:93} INFO - [0m14:12:47  3 of 7 START test not_null_fct_velib_status_station_id ......................... [RUN]
[2026-07-15T14:12:47.154+0000] {subprocess.py:93} INFO - [0m14:12:47  4 of 7 START test not_null_fct_velib_status_station_name ....................... [RUN]
[2026-07-15T14:12:47.698+0000] {subprocess.py:93} INFO - [0m14:12:47  2 of 7 FAIL 3 assert_bikes_available_under_total_capacity ...................... [[31mFAIL 3[0m in 0.54s]
[2026-07-15T14:12:47.705+0000] {subprocess.py:93} INFO - [0m14:12:47  3 of 7 PASS not_null_fct_velib_status_station_id ............................... [[32mPASS[0m in 0.54s]
[2026-07-15T14:12:47.718+0000] {subprocess.py:93} INFO - [0m14:12:47  1 of 7 PASS accepted_values_fct_velib_status_station_status__Normal__Presque_pleine__Presque_vide__Vide__Hors_service  [[32mPASS[0m in 0.56s]
[2026-07-15T14:12:47.772+0000] {subprocess.py:93} INFO - [0m14:12:47  4 of 7 PASS not_null_fct_velib_status_station_name ............................. [[32mPASS[0m in 0.60s]
[2026-07-15T14:12:47.777+0000] {subprocess.py:93} INFO - [0m14:12:47  5 of 7 START test not_null_fct_velib_status_station_status ..................... [RUN]
[2026-07-15T14:12:47.786+0000] {subprocess.py:93} INFO - [0m14:12:47  6 of 7 START test not_null_fct_velib_status_total_capacity ..................... [RUN]
[2026-07-15T14:12:47.789+0000] {subprocess.py:93} INFO - [0m14:12:47  7 of 7 START test unique_fct_velib_status_station_id ........................... [RUN]
[2026-07-15T14:12:48.073+0000] {subprocess.py:93} INFO - [0m14:12:48  7 of 7 FAIL 156 unique_fct_velib_status_station_id ............................. [[31mFAIL 156[0m in 0.27s]
[2026-07-15T14:12:48.077+0000] {subprocess.py:93} INFO - [0m14:12:48  6 of 7 PASS not_null_fct_velib_status_total_capacity ........................... [[32mPASS[0m in 0.27s]
[2026-07-15T14:12:48.086+0000] {subprocess.py:93} INFO - [0m14:12:48  5 of 7 PASS not_null_fct_velib_status_station_status ........................... [[32mPASS[0m in 0.29s]
[2026-07-15T14:12:48.242+0000] {subprocess.py:93} INFO - [0m14:12:48
[2026-07-15T14:12:48.246+0000] {subprocess.py:93} INFO - [0m14:12:48  Finished running 7 data tests in 0 hours 0 minutes and 1.86 seconds (1.86s).
[2026-07-15T14:12:48.556+0000] {subprocess.py:93} INFO - [0m14:12:48
[2026-07-15T14:12:48.560+0000] {subprocess.py:93} INFO - [0m14:12:48  [31mCompleted with 2 errors, 0 partial successes, and 0 warnings:[0m
[2026-07-15T14:12:48.563+0000] {subprocess.py:93} INFO - [0m14:12:48
[2026-07-15T14:12:48.570+0000] {subprocess.py:93} INFO - [0m14:12:48  [31mFailure in test assert_bikes_available_under_total_capacity (tests/assert_bikes_available_under_total_capacity.sql)[0m
[2026-07-15T14:12:48.572+0000] {subprocess.py:93} INFO - [0m14:12:48    Got 3 results, configured to fail if != 0
[2026-07-15T14:12:48.576+0000] {subprocess.py:93} INFO - [0m14:12:48
[2026-07-15T14:12:48.580+0000] {subprocess.py:93} INFO - [0m14:12:48    compiled code at target/compiled/dbt_mobility/tests/assert_bikes_available_under_total_capacity.sql
[2026-07-15T14:12:48.585+0000] {subprocess.py:93} INFO - [0m14:12:48
[2026-07-15T14:12:48.589+0000] {subprocess.py:93} INFO - [0m14:12:48  [31mFailure in test unique_fct_velib_status_station_id (models/marts/schema.yml)[0m
[2026-07-15T14:12:48.593+0000] {subprocess.py:93} INFO - [0m14:12:48    Got 156 results, configured to fail if != 0
[2026-07-15T14:12:48.596+0000] {subprocess.py:93} INFO - [0m14:12:48
[2026-07-15T14:12:48.600+0000] {subprocess.py:93} INFO - [0m14:12:48    compiled code at target/compiled/dbt_mobility/models/marts/schema.yml/unique_fct_velib_status_station_id.sql
[2026-07-15T14:12:48.607+0000] {subprocess.py:93} INFO - [0m14:12:48
[2026-07-15T14:12:48.612+0000] {subprocess.py:93} INFO - [0m14:12:48  Done. PASS=5 WARN=0 ERROR=2 SKIP=0 NO-OP=0 TOTAL=7
[2026-07-15T14:12:50.800+0000] {subprocess.py:97} INFO - Command exited with return code 1
[2026-07-15T14:12:50.802+0000] {taskinstance.py:441} INFO - ::group::Post task execution logs
[2026-07-15T14:12:50.844+0000] {taskinstance.py:2905} ERROR - Task failed with exception
Traceback (most recent call last):
  File "/home/airflow/.local/lib/python3.11/site-packages/airflow/models/taskinstance.py", line 465, in _execute_task
    result = _execute_callable(context=context, **execute_callable_kwargs)
             ^^^^^^^^^^^^^^^^^^^^^^^^^^^^^^^^^^^^^^^^^^^^^^^^^^^^^^^^^^^^^
  File "/home/airflow/.local/lib/python3.11/site-packages/airflow/models/taskinstance.py", line 432, in _execute_callable
    return execute_callable(context=context, **execute_callable_kwargs)
           ^^^^^^^^^^^^^^^^^^^^^^^^^^^^^^^^^^^^^^^^^^^^^^^^^^^^^^^^^^^^
  File "/home/airflow/.local/lib/python3.11/site-packages/airflow/models/baseoperator.py", line 400, in wrapper
    return func(self, *args, **kwargs)
           ^^^^^^^^^^^^^^^^^^^^^^^^^^^
  File "/home/airflow/.local/lib/python3.11/site-packages/airflow/operators/bash.py", line 243, in execute
    raise AirflowException(
airflow.exceptions.AirflowException: Bash command failed. The command returned a non-zero exit code 1.
[2026-07-15T14:12:50.855+0000] {taskinstance.py:1206} INFO - Marking task as FAILED. dag_id=ingest_and_transform_velib, task_id=dbt_run_task, run_id=scheduled__2026-07-15T01:00:00+00:00, execution_date=20260715T010000, start_date=20260715T141210, end_date=20260715T141250
[2026-07-15T14:12:50.900+0000] {standard_task_runner.py:110} ERROR - Failed to execute job 46 for task dbt_run_task (Bash command failed. The command returned a non-zero exit code 1.; 627)
[2026-07-15T14:12:50.945+0000] {local_task_job_runner.py:240} INFO - Task exited with return code 1
[2026-07-15T14:12:51.008+0000] {taskinstance.py:3498} INFO - 0 downstream tasks scheduled from follow-on schedule check
[2026-07-15T14:12:51.013+0000] {local_task_job_runner.py:222} INFO - ::endgroup::
