[2026-07-14T23:00:00.468+0000] {local_task_job_runner.py:120} INFO - ::group::Pre task execution logs
[2026-07-14T23:00:00.722+0000] {taskinstance.py:2076} INFO - Dependencies all met for dep_context=non-requeueable deps ti=<TaskInstance: ingest_and_transform_velib.extract_and_load_velib_task scheduled__2026-07-14T22:00:00+00:00 [queued]>
[2026-07-14T23:00:00.763+0000] {taskinstance.py:2076} INFO - Dependencies all met for dep_context=requeueable deps ti=<TaskInstance: ingest_and_transform_velib.extract_and_load_velib_task scheduled__2026-07-14T22:00:00+00:00 [queued]>
[2026-07-14T23:00:00.770+0000] {taskinstance.py:2306} INFO - Starting attempt 1 of 2
[2026-07-14T23:00:00.843+0000] {taskinstance.py:2330} INFO - Executing <Task(PythonOperator): extract_and_load_velib_task> on 2026-07-14 22:00:00+00:00
[2026-07-14T23:00:00.865+0000] {standard_task_runner.py:63} INFO - Started process 5018 to run task
[2026-07-14T23:00:00.873+0000] {standard_task_runner.py:90} INFO - Running: ['***', 'tasks', 'run', 'ingest_and_transform_velib', 'extract_and_load_velib_task', 'scheduled__2026-07-14T22:00:00+00:00', '--job-id', '31', '--raw', '--subdir', 'DAGS_FOLDER/ingest_velib_status.py', '--cfg-path', '/tmp/tmpwzyfcbkt']
[2026-07-14T23:00:00.892+0000] {standard_task_runner.py:91} INFO - Job 31: Subtask extract_and_load_velib_task
[2026-07-14T23:00:01.403+0000] {task_command.py:426} INFO - Running <TaskInstance: ingest_and_transform_velib.extract_and_load_velib_task scheduled__2026-07-14T22:00:00+00:00 [running]> on host 34cfa9410581
[2026-07-14T23:00:02.109+0000] {taskinstance.py:2648} INFO - Exporting env vars: AIRFLOW_CTX_DAG_OWNER='Amadou' AIRFLOW_CTX_DAG_ID='ingest_and_transform_velib' AIRFLOW_CTX_TASK_ID='extract_and_load_velib_task' AIRFLOW_CTX_EXECUTION_DATE='2026-07-14T22:00:00+00:00' AIRFLOW_CTX_TRY_NUMBER='1' AIRFLOW_CTX_DAG_RUN_ID='scheduled__2026-07-14T22:00:00+00:00'
[2026-07-14T23:00:02.113+0000] {taskinstance.py:430} INFO - ::endgroup::
[2026-07-14T23:04:13.183+0000] {taskinstance.py:441} INFO - ::group::Post task execution logs
[2026-07-14T23:04:13.189+0000] {taskinstance.py:2905} ERROR - Task failed with exception
Traceback (most recent call last):
  File "/home/airflow/.local/lib/python3.11/site-packages/urllib3/connection.py", line 198, in _new_conn
    sock = connection.create_connection(
           ^^^^^^^^^^^^^^^^^^^^^^^^^^^^^
  File "/home/airflow/.local/lib/python3.11/site-packages/urllib3/util/connection.py", line 85, in create_connection
    raise err
  File "/home/airflow/.local/lib/python3.11/site-packages/urllib3/util/connection.py", line 73, in create_connection
    sock.connect(sa)
TimeoutError: [Errno 110] Connection timed out

The above exception was the direct cause of the following exception:

Traceback (most recent call last):
  File "/home/airflow/.local/lib/python3.11/site-packages/urllib3/connectionpool.py", line 793, in urlopen
    response = self._make_request(
               ^^^^^^^^^^^^^^^^^^^
  File "/home/airflow/.local/lib/python3.11/site-packages/urllib3/connectionpool.py", line 491, in _make_request
    raise new_e
  File "/home/airflow/.local/lib/python3.11/site-packages/urllib3/connectionpool.py", line 467, in _make_request
    self._validate_conn(conn)
  File "/home/airflow/.local/lib/python3.11/site-packages/urllib3/connectionpool.py", line 1099, in _validate_conn
    conn.connect()
  File "/home/airflow/.local/lib/python3.11/site-packages/urllib3/connection.py", line 616, in connect
    self.sock = sock = self._new_conn()
                       ^^^^^^^^^^^^^^^^
  File "/home/airflow/.local/lib/python3.11/site-packages/urllib3/connection.py", line 207, in _new_conn
    raise ConnectTimeoutError(
urllib3.exceptions.ConnectTimeoutError: (<urllib3.connection.HTTPSConnection object at 0x72694b519010>, 'Connection to opendata.paris.fr timed out. (connect timeout=None)')

The above exception was the direct cause of the following exception:

Traceback (most recent call last):
  File "/home/airflow/.local/lib/python3.11/site-packages/requests/adapters.py", line 486, in send
    resp = conn.urlopen(
           ^^^^^^^^^^^^^
  File "/home/airflow/.local/lib/python3.11/site-packages/urllib3/connectionpool.py", line 847, in urlopen
    retries = retries.increment(
              ^^^^^^^^^^^^^^^^^^
  File "/home/airflow/.local/lib/python3.11/site-packages/urllib3/util/retry.py", line 515, in increment
    raise MaxRetryError(_pool, url, reason) from reason  # type: ignore[arg-type]
    ^^^^^^^^^^^^^^^^^^^^^^^^^^^^^^^^^^^^^^^^^^^^^^^^^^^
urllib3.exceptions.MaxRetryError: HTTPSConnectionPool(host='opendata.paris.fr', port=443): Max retries exceeded with url: /api/explore/v2.1/catalog/datasets/velib-disponibilite-en-temps-reel/records?limit=100 (Caused by ConnectTimeoutError(<urllib3.connection.HTTPSConnection object at 0x72694b519010>, 'Connection to opendata.paris.fr timed out. (connect timeout=None)'))

During handling of the above exception, another exception occurred:

Traceback (most recent call last):
  File "/home/airflow/.local/lib/python3.11/site-packages/airflow/models/taskinstance.py", line 465, in _execute_task
    result = _execute_callable(context=context, **execute_callable_kwargs)
             ^^^^^^^^^^^^^^^^^^^^^^^^^^^^^^^^^^^^^^^^^^^^^^^^^^^^^^^^^^^^^
  File "/home/airflow/.local/lib/python3.11/site-packages/airflow/models/taskinstance.py", line 432, in _execute_callable
    return execute_callable(context=context, **execute_callable_kwargs)
           ^^^^^^^^^^^^^^^^^^^^^^^^^^^^^^^^^^^^^^^^^^^^^^^^^^^^^^^^^^^^
  File "/home/airflow/.local/lib/python3.11/site-packages/airflow/models/baseoperator.py", line 400, in wrapper
    return func(self, *args, **kwargs)
           ^^^^^^^^^^^^^^^^^^^^^^^^^^^
  File "/home/airflow/.local/lib/python3.11/site-packages/airflow/operators/python.py", line 235, in execute
    return_value = self.execute_callable()
                   ^^^^^^^^^^^^^^^^^^^^^^^
  File "/home/airflow/.local/lib/python3.11/site-packages/airflow/operators/python.py", line 252, in execute_callable
    return self.python_callable(*self.op_args, **self.op_kwargs)
           ^^^^^^^^^^^^^^^^^^^^^^^^^^^^^^^^^^^^^^^^^^^^^^^^^^^^^
  File "/opt/airflow/dags/ingest_velib_status.py", line 19, in extract_and_load_velib
    response = requests.get(api_url)
               ^^^^^^^^^^^^^^^^^^^^^
  File "/home/airflow/.local/lib/python3.11/site-packages/requests/api.py", line 73, in get
    return request("get", url, params=params, **kwargs)
           ^^^^^^^^^^^^^^^^^^^^^^^^^^^^^^^^^^^^^^^^^^^^
  File "/home/airflow/.local/lib/python3.11/site-packages/requests/api.py", line 59, in request
    return session.request(method=method, url=url, **kwargs)
           ^^^^^^^^^^^^^^^^^^^^^^^^^^^^^^^^^^^^^^^^^^^^^^^^^
  File "/home/airflow/.local/lib/python3.11/site-packages/requests/sessions.py", line 589, in request
    resp = self.send(prep, **send_kwargs)
           ^^^^^^^^^^^^^^^^^^^^^^^^^^^^^^
  File "/home/airflow/.local/lib/python3.11/site-packages/requests/sessions.py", line 703, in send
    r = adapter.send(request, **kwargs)
        ^^^^^^^^^^^^^^^^^^^^^^^^^^^^^^^
  File "/home/airflow/.local/lib/python3.11/site-packages/requests/adapters.py", line 507, in send
    raise ConnectTimeout(e, request=request)
requests.exceptions.ConnectTimeout: HTTPSConnectionPool(host='opendata.paris.fr', port=443): Max retries exceeded with url: /api/explore/v2.1/catalog/datasets/velib-disponibilite-en-temps-reel/records?limit=100 (Caused by ConnectTimeoutError(<urllib3.connection.HTTPSConnection object at 0x72694b519010>, 'Connection to opendata.paris.fr timed out. (connect timeout=None)'))
[2026-07-14T23:04:13.238+0000] {taskinstance.py:1206} INFO - Marking task as UP_FOR_RETRY. dag_id=ingest_and_transform_velib, task_id=extract_and_load_velib_task, run_id=scheduled__2026-07-14T22:00:00+00:00, execution_date=20260714T220000, start_date=20260714T230000, end_date=20260714T230413
[2026-07-14T23:04:13.270+0000] {standard_task_runner.py:110} ERROR - Failed to execute job 31 for task extract_and_load_velib_task (HTTPSConnectionPool(host='opendata.paris.fr', port=443): Max retries exceeded with url: /api/explore/v2.1/catalog/datasets/velib-disponibilite-en-temps-reel/records?limit=100 (Caused by ConnectTimeoutError(<urllib3.connection.HTTPSConnection object at 0x72694b519010>, 'Connection to opendata.paris.fr timed out. (connect timeout=None)')); 5018)
[2026-07-14T23:04:13.312+0000] {local_task_job_runner.py:240} INFO - Task exited with return code 1
[2026-07-14T23:04:13.360+0000] {taskinstance.py:3498} INFO - 0 downstream tasks scheduled from follow-on schedule check
[2026-07-14T23:04:13.382+0000] {local_task_job_runner.py:222} INFO - ::endgroup::
