[2026-07-13T20:45:22.742+0000] {local_task_job_runner.py:120} INFO - ::group::Pre task execution logs
[2026-07-13T20:45:22.768+0000] {taskinstance.py:2076} INFO - Dependencies all met for dep_context=non-requeueable deps ti=<TaskInstance: ingest_and_transform_velib.extract_and_load_velib_task manual__2026-07-13T20:45:22.430274+00:00 [queued]>
[2026-07-13T20:45:22.774+0000] {taskinstance.py:2076} INFO - Dependencies all met for dep_context=requeueable deps ti=<TaskInstance: ingest_and_transform_velib.extract_and_load_velib_task manual__2026-07-13T20:45:22.430274+00:00 [queued]>
[2026-07-13T20:45:22.774+0000] {taskinstance.py:2306} INFO - Starting attempt 1 of 2
[2026-07-13T20:45:22.783+0000] {taskinstance.py:2330} INFO - Executing <Task(PythonOperator): extract_and_load_velib_task> on 2026-07-13 20:45:22.430274+00:00
[2026-07-13T20:45:22.785+0000] {standard_task_runner.py:63} INFO - Started process 640 to run task
[2026-07-13T20:45:22.787+0000] {standard_task_runner.py:90} INFO - Running: ['***', 'tasks', 'run', 'ingest_and_transform_velib', 'extract_and_load_velib_task', 'manual__2026-07-13T20:45:22.430274+00:00', '--job-id', '35', '--raw', '--subdir', 'DAGS_FOLDER/ingest_velib_status.py', '--cfg-path', '/tmp/tmp8gluamz6']
[2026-07-13T20:45:22.789+0000] {standard_task_runner.py:91} INFO - Job 35: Subtask extract_and_load_velib_task
[2026-07-13T20:45:22.846+0000] {task_command.py:426} INFO - Running <TaskInstance: ingest_and_transform_velib.extract_and_load_velib_task manual__2026-07-13T20:45:22.430274+00:00 [running]> on host 17cabc20fcf6
[2026-07-13T20:45:22.941+0000] {taskinstance.py:2648} INFO - Exporting env vars: AIRFLOW_CTX_DAG_OWNER='Amadou' AIRFLOW_CTX_DAG_ID='ingest_and_transform_velib' AIRFLOW_CTX_TASK_ID='extract_and_load_velib_task' AIRFLOW_CTX_EXECUTION_DATE='2026-07-13T20:45:22.430274+00:00' AIRFLOW_CTX_TRY_NUMBER='1' AIRFLOW_CTX_DAG_RUN_ID='manual__2026-07-13T20:45:22.430274+00:00'
[2026-07-13T20:45:22.942+0000] {taskinstance.py:430} INFO - ::endgroup::
[2026-07-13T20:45:23.213+0000] {crypto.py:82} WARNING - empty cryptography key - values will not be stored encrypted.
[2026-07-13T20:45:23.214+0000] {base.py:84} INFO - Using connection ID 'postgres_dest_conn' for task execution.
[2026-07-13T20:45:23.236+0000] {logging_mixin.py:188} INFO - 🎉 Succès ! 100 stations insérées.
[2026-07-13T20:45:23.238+0000] {python.py:237} INFO - Done. Returned value was: None
[2026-07-13T20:45:23.239+0000] {taskinstance.py:441} INFO - ::group::Post task execution logs
[2026-07-13T20:45:23.250+0000] {taskinstance.py:1206} INFO - Marking task as SUCCESS. dag_id=ingest_and_transform_velib, task_id=extract_and_load_velib_task, run_id=manual__2026-07-13T20:45:22.430274+00:00, execution_date=20260713T204522, start_date=20260713T204522, end_date=20260713T204523
[2026-07-13T20:45:23.296+0000] {local_task_job_runner.py:240} INFO - Task exited with return code 0
[2026-07-13T20:45:23.320+0000] {taskinstance.py:3498} INFO - 1 downstream tasks scheduled from follow-on schedule check
[2026-07-13T20:45:23.322+0000] {local_task_job_runner.py:222} INFO - ::endgroup::
