[2026-07-15T14:06:08.159+0000] {local_task_job_runner.py:120} INFO - ::group::Pre task execution logs
[2026-07-15T14:06:08.390+0000] {taskinstance.py:2076} INFO - Dependencies all met for dep_context=non-requeueable deps ti=<TaskInstance: ingest_and_transform_velib.extract_and_load_velib_task scheduled__2026-07-15T02:00:00+00:00 [queued]>
[2026-07-15T14:06:08.440+0000] {taskinstance.py:2076} INFO - Dependencies all met for dep_context=requeueable deps ti=<TaskInstance: ingest_and_transform_velib.extract_and_load_velib_task scheduled__2026-07-15T02:00:00+00:00 [queued]>
[2026-07-15T14:06:08.448+0000] {taskinstance.py:2306} INFO - Starting attempt 1 of 2
[2026-07-15T14:06:08.657+0000] {taskinstance.py:2330} INFO - Executing <Task(PythonOperator): extract_and_load_velib_task> on 2026-07-15 02:00:00+00:00
[2026-07-15T14:06:08.694+0000] {standard_task_runner.py:63} INFO - Started process 416 to run task
[2026-07-15T14:06:08.715+0000] {standard_task_runner.py:90} INFO - Running: ['***', 'tasks', 'run', 'ingest_and_transform_velib', 'extract_and_load_velib_task', 'scheduled__2026-07-15T02:00:00+00:00', '--job-id', '38', '--raw', '--subdir', 'DAGS_FOLDER/ingest_velib_status.py', '--cfg-path', '/tmp/tmpn9y9vjof']
[2026-07-15T14:06:08.733+0000] {standard_task_runner.py:91} INFO - Job 38: Subtask extract_and_load_velib_task
[2026-07-15T14:06:09.322+0000] {task_command.py:426} INFO - Running <TaskInstance: ingest_and_transform_velib.extract_and_load_velib_task scheduled__2026-07-15T02:00:00+00:00 [running]> on host 34cfa9410581
[2026-07-15T14:06:10.735+0000] {taskinstance.py:2648} INFO - Exporting env vars: AIRFLOW_CTX_DAG_OWNER='Amadou' AIRFLOW_CTX_DAG_ID='ingest_and_transform_velib' AIRFLOW_CTX_TASK_ID='extract_and_load_velib_task' AIRFLOW_CTX_EXECUTION_DATE='2026-07-15T02:00:00+00:00' AIRFLOW_CTX_TRY_NUMBER='1' AIRFLOW_CTX_DAG_RUN_ID='scheduled__2026-07-15T02:00:00+00:00'
[2026-07-15T14:06:10.771+0000] {taskinstance.py:430} INFO - ::endgroup::
[2026-07-15T14:06:12.095+0000] {crypto.py:82} WARNING - empty cryptography key - values will not be stored encrypted.
[2026-07-15T14:06:12.287+0000] {base.py:84} INFO - Using connection ID 'postgres_dest_conn' for task execution.
[2026-07-15T14:06:12.648+0000] {logging_mixin.py:188} INFO - 🎉 Ingestion réussie : 100 stations insérées avec tous leurs attributs.
[2026-07-15T14:06:12.723+0000] {python.py:237} INFO - Done. Returned value was: None
[2026-07-15T14:06:12.745+0000] {taskinstance.py:441} INFO - ::group::Post task execution logs
[2026-07-15T14:06:12.853+0000] {taskinstance.py:1206} INFO - Marking task as SUCCESS. dag_id=ingest_and_transform_velib, task_id=extract_and_load_velib_task, run_id=scheduled__2026-07-15T02:00:00+00:00, execution_date=20260715T020000, start_date=20260715T140608, end_date=20260715T140612
[2026-07-15T14:06:13.128+0000] {local_task_job_runner.py:240} INFO - Task exited with return code 0
[2026-07-15T14:06:13.310+0000] {taskinstance.py:3498} INFO - 1 downstream tasks scheduled from follow-on schedule check
[2026-07-15T14:06:13.377+0000] {local_task_job_runner.py:222} INFO - ::endgroup::
