[2026-07-14T20:00:03.650+0000] {local_task_job_runner.py:120} INFO - ::group::Pre task execution logs
[2026-07-14T20:00:03.701+0000] {taskinstance.py:2076} INFO - Dependencies all met for dep_context=non-requeueable deps ti=<TaskInstance: ingest_and_transform_velib.dbt_run_task scheduled__2026-07-14T19:00:00+00:00 [queued]>
[2026-07-14T20:00:03.714+0000] {taskinstance.py:2076} INFO - Dependencies all met for dep_context=requeueable deps ti=<TaskInstance: ingest_and_transform_velib.dbt_run_task scheduled__2026-07-14T19:00:00+00:00 [queued]>
[2026-07-14T20:00:03.719+0000] {taskinstance.py:2306} INFO - Starting attempt 1 of 2
[2026-07-14T20:00:03.740+0000] {taskinstance.py:2330} INFO - Executing <Task(BashOperator): dbt_run_task> on 2026-07-14 19:00:00+00:00
[2026-07-14T20:00:03.747+0000] {standard_task_runner.py:63} INFO - Started process 2398 to run task
[2026-07-14T20:00:03.751+0000] {standard_task_runner.py:90} INFO - Running: ['***', 'tasks', 'run', 'ingest_and_transform_velib', 'dbt_run_task', 'scheduled__2026-07-14T19:00:00+00:00', '--job-id', '16', '--raw', '--subdir', 'DAGS_FOLDER/ingest_velib_status.py', '--cfg-path', '/tmp/tmp9p92qovy']
[2026-07-14T20:00:03.755+0000] {standard_task_runner.py:91} INFO - Job 16: Subtask dbt_run_task
[2026-07-14T20:00:03.869+0000] {task_command.py:426} INFO - Running <TaskInstance: ingest_and_transform_velib.dbt_run_task scheduled__2026-07-14T19:00:00+00:00 [running]> on host 34cfa9410581
[2026-07-14T20:00:04.053+0000] {taskinstance.py:2648} INFO - Exporting env vars: AIRFLOW_CTX_DAG_OWNER='Amadou' AIRFLOW_CTX_DAG_ID='ingest_and_transform_velib' AIRFLOW_CTX_TASK_ID='dbt_run_task' AIRFLOW_CTX_EXECUTION_DATE='2026-07-14T19:00:00+00:00' AIRFLOW_CTX_TRY_NUMBER='1' AIRFLOW_CTX_DAG_RUN_ID='scheduled__2026-07-14T19:00:00+00:00'
[2026-07-14T20:00:04.055+0000] {taskinstance.py:430} INFO - ::endgroup::
[2026-07-14T20:00:04.273+0000] {subprocess.py:63} INFO - Tmp dir root location: /tmp
[2026-07-14T20:00:04.276+0000] {subprocess.py:75} INFO - Running command: ['/usr/bin/bash', '-c', '\n        python -m pip install dbt-postgres==1.9.1\n        cd /opt/***/dbt_mobility\n        dbt run --profiles-dir .\n        dbt test --profiles-dir .\n        ']
[2026-07-14T20:00:04.291+0000] {subprocess.py:86} INFO - Output:
[2026-07-14T20:00:05.607+0000] {subprocess.py:93} INFO - Requirement already satisfied: dbt-postgres==1.9.1 in /home/***/.local/lib/python3.11/site-packages (1.9.1)
[2026-07-14T20:00:05.613+0000] {subprocess.py:93} INFO - Requirement already satisfied: agate<2.0,>=1.0 in /home/***/.local/lib/python3.11/site-packages (from dbt-postgres==1.9.1) (1.9.1)
[2026-07-14T20:00:05.614+0000] {subprocess.py:93} INFO - Requirement already satisfied: dbt-adapters<2.0,>=1.7.0 in /home/***/.local/lib/python3.11/site-packages (from dbt-postgres==1.9.1) (1.24.4)
[2026-07-14T20:00:05.616+0000] {subprocess.py:93} INFO - Requirement already satisfied: dbt-common<2.0,>=1.0.4 in /home/***/.local/lib/python3.11/site-packages (from dbt-postgres==1.9.1) (1.38.0)
[2026-07-14T20:00:05.618+0000] {subprocess.py:93} INFO - Requirement already satisfied: dbt-core>=1.8.0 in /home/***/.local/lib/python3.11/site-packages (from dbt-postgres==1.9.1) (1.11.12)
[2026-07-14T20:00:05.619+0000] {subprocess.py:93} INFO - Requirement already satisfied: psycopg2-binary<3.0,>=2.9 in /home/***/.local/lib/python3.11/site-packages (from dbt-postgres==1.9.1) (2.9.9)
[2026-07-14T20:00:05.633+0000] {subprocess.py:93} INFO - Requirement already satisfied: Babel>=2.0 in /home/***/.local/lib/python3.11/site-packages (from agate<2.0,>=1.0->dbt-postgres==1.9.1) (2.14.0)
[2026-07-14T20:00:05.635+0000] {subprocess.py:93} INFO - Requirement already satisfied: isodate>=0.5.4 in /home/***/.local/lib/python3.11/site-packages (from agate<2.0,>=1.0->dbt-postgres==1.9.1) (0.6.1)
[2026-07-14T20:00:05.636+0000] {subprocess.py:93} INFO - Requirement already satisfied: leather>=0.3.2 in /home/***/.local/lib/python3.11/site-packages (from agate<2.0,>=1.0->dbt-postgres==1.9.1) (0.4.1)
[2026-07-14T20:00:05.638+0000] {subprocess.py:93} INFO - Requirement already satisfied: parsedatetime!=2.5,>=2.1 in /home/***/.local/lib/python3.11/site-packages (from agate<2.0,>=1.0->dbt-postgres==1.9.1) (2.6)
[2026-07-14T20:00:05.639+0000] {subprocess.py:93} INFO - Requirement already satisfied: python-slugify>=1.2.1 in /home/***/.local/lib/python3.11/site-packages (from agate<2.0,>=1.0->dbt-postgres==1.9.1) (8.0.4)
[2026-07-14T20:00:05.641+0000] {subprocess.py:93} INFO - Requirement already satisfied: pytimeparse>=1.1.5 in /home/***/.local/lib/python3.11/site-packages (from agate<2.0,>=1.0->dbt-postgres==1.9.1) (1.1.8)
[2026-07-14T20:00:05.651+0000] {subprocess.py:93} INFO - Requirement already satisfied: dbt-protos<2.0,>=1.0.291 in /home/***/.local/lib/python3.11/site-packages (from dbt-adapters<2.0,>=1.7.0->dbt-postgres==1.9.1) (1.0.541)
[2026-07-14T20:00:05.660+0000] {subprocess.py:93} INFO - Requirement already satisfied: mashumaro<3.18,>=3.9 in /home/***/.local/lib/python3.11/site-packages (from mashumaro[msgpack]<3.18,>=3.9->dbt-adapters<2.0,>=1.7.0->dbt-postgres==1.9.1) (3.14)
[2026-07-14T20:00:05.665+0000] {subprocess.py:93} INFO - Requirement already satisfied: protobuf<7.0,>=6.0 in /home/***/.local/lib/python3.11/site-packages (from dbt-adapters<2.0,>=1.7.0->dbt-postgres==1.9.1) (6.33.6)
[2026-07-14T20:00:05.668+0000] {subprocess.py:93} INFO - Requirement already satisfied: pytz>=2015.7 in /home/***/.local/lib/python3.11/site-packages (from dbt-adapters<2.0,>=1.7.0->dbt-postgres==1.9.1) (2024.1)
[2026-07-14T20:00:05.669+0000] {subprocess.py:93} INFO - Requirement already satisfied: typing-extensions<5.0,>=4.0 in /home/***/.local/lib/python3.11/site-packages (from dbt-adapters<2.0,>=1.7.0->dbt-postgres==1.9.1) (4.11.0)
[2026-07-14T20:00:05.701+0000] {subprocess.py:93} INFO - Requirement already satisfied: colorama<0.5,>=0.3.9 in /home/***/.local/lib/python3.11/site-packages (from dbt-common<2.0,>=1.0.4->dbt-postgres==1.9.1) (0.4.6)
[2026-07-14T20:00:05.703+0000] {subprocess.py:93} INFO - Requirement already satisfied: deepdiff<9.0,>=7.0 in /home/***/.local/lib/python3.11/site-packages (from dbt-common<2.0,>=1.0.4->dbt-postgres==1.9.1) (8.6.2)
[2026-07-14T20:00:05.706+0000] {subprocess.py:93} INFO - Requirement already satisfied: jinja2<4,>=3.1.3 in /home/***/.local/lib/python3.11/site-packages (from dbt-common<2.0,>=1.0.4->dbt-postgres==1.9.1) (3.1.6)
[2026-07-14T20:00:05.707+0000] {subprocess.py:93} INFO - Requirement already satisfied: jsonschema<5.0,>=4.0 in /home/***/.local/lib/python3.11/site-packages (from dbt-common<2.0,>=1.0.4->dbt-postgres==1.9.1) (4.22.0)
[2026-07-14T20:00:05.717+0000] {subprocess.py:93} INFO - Requirement already satisfied: pathspec<1.1,>=0.9 in /home/***/.local/lib/python3.11/site-packages (from dbt-common<2.0,>=1.0.4->dbt-postgres==1.9.1) (0.12.1)
[2026-07-14T20:00:05.719+0000] {subprocess.py:93} INFO - Requirement already satisfied: python-dateutil<3.0,>=2.0 in /home/***/.local/lib/python3.11/site-packages (from dbt-common<2.0,>=1.0.4->dbt-postgres==1.9.1) (2.9.0.post0)
[2026-07-14T20:00:05.721+0000] {subprocess.py:93} INFO - Requirement already satisfied: requests<3.0.0 in /home/***/.local/lib/python3.11/site-packages (from dbt-common<2.0,>=1.0.4->dbt-postgres==1.9.1) (2.31.0)
[2026-07-14T20:00:05.743+0000] {subprocess.py:93} INFO - Requirement already satisfied: click<9.0,>=8.3.0 in /home/***/.local/lib/python3.11/site-packages (from dbt-core>=1.8.0->dbt-postgres==1.9.1) (8.4.2)
[2026-07-14T20:00:05.744+0000] {subprocess.py:93} INFO - Requirement already satisfied: daff>=1.3.46 in /home/***/.local/lib/python3.11/site-packages (from dbt-core>=1.8.0->dbt-postgres==1.9.1) (1.4.2)
[2026-07-14T20:00:05.747+0000] {subprocess.py:93} INFO - Requirement already satisfied: dbt-extractor<=0.6,>=0.5.0 in /home/***/.local/lib/python3.11/site-packages (from dbt-core>=1.8.0->dbt-postgres==1.9.1) (0.6.0)
[2026-07-14T20:00:05.750+0000] {subprocess.py:93} INFO - Requirement already satisfied: dbt-semantic-interfaces<0.10,>=0.9.0 in /home/***/.local/lib/python3.11/site-packages (from dbt-core>=1.8.0->dbt-postgres==1.9.1) (0.9.0)
[2026-07-14T20:00:05.760+0000] {subprocess.py:93} INFO - Requirement already satisfied: networkx<4.0,>=2.3 in /home/***/.local/lib/python3.11/site-packages (from dbt-core>=1.8.0->dbt-postgres==1.9.1) (3.6.1)
[2026-07-14T20:00:05.762+0000] {subprocess.py:93} INFO - Requirement already satisfied: packaging>20.9 in /home/***/.local/lib/python3.11/site-packages (from dbt-core>=1.8.0->dbt-postgres==1.9.1) (24.0)
[2026-07-14T20:00:05.768+0000] {subprocess.py:93} INFO - Requirement already satisfied: pydantic<3 in /home/***/.local/lib/python3.11/site-packages (from dbt-core>=1.8.0->dbt-postgres==1.9.1) (2.7.1)
[2026-07-14T20:00:05.771+0000] {subprocess.py:93} INFO - Requirement already satisfied: pyyaml>=6.0 in /home/***/.local/lib/python3.11/site-packages (from dbt-core>=1.8.0->dbt-postgres==1.9.1) (6.0.1)
[2026-07-14T20:00:05.773+0000] {subprocess.py:93} INFO - Requirement already satisfied: snowplow-tracker<2.0,>=1.0.2 in /home/***/.local/lib/python3.11/site-packages (from dbt-core>=1.8.0->dbt-postgres==1.9.1) (1.1.0)
[2026-07-14T20:00:05.774+0000] {subprocess.py:93} INFO - Requirement already satisfied: sqlparse<0.6.0,>=0.5.5 in /home/***/.local/lib/python3.11/site-packages (from dbt-core>=1.8.0->dbt-postgres==1.9.1) (0.5.5)
[2026-07-14T20:00:05.810+0000] {subprocess.py:93} INFO - Requirement already satisfied: importlib-metadata<9,>=6.0 in /home/***/.local/lib/python3.11/site-packages (from dbt-semantic-interfaces<0.10,>=0.9.0->dbt-core>=1.8.0->dbt-postgres==1.9.1) (6.11.0)
[2026-07-14T20:00:05.813+0000] {subprocess.py:93} INFO - Requirement already satisfied: more-itertools<11.0,>=8.0 in /home/***/.local/lib/python3.11/site-packages (from dbt-semantic-interfaces<0.10,>=0.9.0->dbt-core>=1.8.0->dbt-postgres==1.9.1) (10.2.0)
[2026-07-14T20:00:05.846+0000] {subprocess.py:93} INFO - Requirement already satisfied: orderly-set<6,>=5.4.1 in /home/***/.local/lib/python3.11/site-packages (from deepdiff<9.0,>=7.0->dbt-common<2.0,>=1.0.4->dbt-postgres==1.9.1) (5.5.0)
[2026-07-14T20:00:05.851+0000] {subprocess.py:93} INFO - Requirement already satisfied: six in /home/***/.local/lib/python3.11/site-packages (from isodate>=0.5.4->agate<2.0,>=1.0->dbt-postgres==1.9.1) (1.16.0)
[2026-07-14T20:00:05.858+0000] {subprocess.py:93} INFO - Requirement already satisfied: MarkupSafe>=2.0 in /home/***/.local/lib/python3.11/site-packages (from jinja2<4,>=3.1.3->dbt-common<2.0,>=1.0.4->dbt-postgres==1.9.1) (2.1.5)
[2026-07-14T20:00:05.880+0000] {subprocess.py:93} INFO - Requirement already satisfied: attrs>=22.2.0 in /home/***/.local/lib/python3.11/site-packages (from jsonschema<5.0,>=4.0->dbt-common<2.0,>=1.0.4->dbt-postgres==1.9.1) (23.2.0)
[2026-07-14T20:00:05.881+0000] {subprocess.py:93} INFO - Requirement already satisfied: jsonschema-specifications>=2023.03.6 in /home/***/.local/lib/python3.11/site-packages (from jsonschema<5.0,>=4.0->dbt-common<2.0,>=1.0.4->dbt-postgres==1.9.1) (2023.12.1)
[2026-07-14T20:00:05.883+0000] {subprocess.py:93} INFO - Requirement already satisfied: referencing>=0.28.4 in /home/***/.local/lib/python3.11/site-packages (from jsonschema<5.0,>=4.0->dbt-common<2.0,>=1.0.4->dbt-postgres==1.9.1) (0.31.1)
[2026-07-14T20:00:05.884+0000] {subprocess.py:93} INFO - Requirement already satisfied: rpds-py>=0.7.1 in /home/***/.local/lib/python3.11/site-packages (from jsonschema<5.0,>=4.0->dbt-common<2.0,>=1.0.4->dbt-postgres==1.9.1) (0.18.0)
[2026-07-14T20:00:05.918+0000] {subprocess.py:93} INFO - Requirement already satisfied: msgpack>=0.5.6 in /home/***/.local/lib/python3.11/site-packages (from mashumaro[msgpack]<3.18,>=3.9->dbt-adapters<2.0,>=1.7.0->dbt-postgres==1.9.1) (1.2.1)
[2026-07-14T20:00:05.980+0000] {subprocess.py:93} INFO - Requirement already satisfied: annotated-types>=0.4.0 in /home/***/.local/lib/python3.11/site-packages (from pydantic<3->dbt-core>=1.8.0->dbt-postgres==1.9.1) (0.6.0)
[2026-07-14T20:00:05.981+0000] {subprocess.py:93} INFO - Requirement already satisfied: pydantic-core==2.18.2 in /home/***/.local/lib/python3.11/site-packages (from pydantic<3->dbt-core>=1.8.0->dbt-postgres==1.9.1) (2.18.2)
[2026-07-14T20:00:06.005+0000] {subprocess.py:93} INFO - Requirement already satisfied: text-unidecode>=1.3 in /home/***/.local/lib/python3.11/site-packages (from python-slugify>=1.2.1->agate<2.0,>=1.0->dbt-postgres==1.9.1) (1.3)
[2026-07-14T20:00:06.035+0000] {subprocess.py:93} INFO - Requirement already satisfied: charset-normalizer<4,>=2 in /home/***/.local/lib/python3.11/site-packages (from requests<3.0.0->dbt-common<2.0,>=1.0.4->dbt-postgres==1.9.1) (3.3.2)
[2026-07-14T20:00:06.036+0000] {subprocess.py:93} INFO - Requirement already satisfied: idna<4,>=2.5 in /home/***/.local/lib/python3.11/site-packages (from requests<3.0.0->dbt-common<2.0,>=1.0.4->dbt-postgres==1.9.1) (3.7)
[2026-07-14T20:00:06.038+0000] {subprocess.py:93} INFO - Requirement already satisfied: urllib3<3,>=1.21.1 in /home/***/.local/lib/python3.11/site-packages (from requests<3.0.0->dbt-common<2.0,>=1.0.4->dbt-postgres==1.9.1) (2.2.1)
[2026-07-14T20:00:06.040+0000] {subprocess.py:93} INFO - Requirement already satisfied: certifi>=2017.4.17 in /home/***/.local/lib/python3.11/site-packages (from requests<3.0.0->dbt-common<2.0,>=1.0.4->dbt-postgres==1.9.1) (2024.2.2)
[2026-07-14T20:00:05.728+0000] {subprocess.py:93} INFO - Requirement already satisfied: zipp>=0.5 in /home/***/.local/lib/python3.11/site-packages (from importlib-metadata<9,>=6.0->dbt-semantic-interfaces<0.10,>=0.9.0->dbt-core>=1.8.0->dbt-postgres==1.9.1) (3.18.1)
[2026-07-14T20:00:08.986+0000] {subprocess.py:93} INFO - 
[2026-07-14T20:00:08.987+0000] {subprocess.py:93} INFO - [notice] A new release of pip is available: 24.0 -> 26.1.2
[2026-07-14T20:00:08.988+0000] {subprocess.py:93} INFO - [notice] To update, run: pip3 install --upgrade pip
[2026-07-14T20:00:11.681+0000] {subprocess.py:93} INFO - [0m20:00:11  Running with dbt=1.11.12
[2026-07-14T20:00:12.224+0000] {subprocess.py:93} INFO - [0m20:00:12  Registered adapter: postgres=1.9.1
[2026-07-14T20:00:13.047+0000] {subprocess.py:93} INFO - [0m20:00:13  [[33mWARNING[0m]: Configuration paths exist in your dbt_project.yml file which do not apply to any resources.
[2026-07-14T20:00:13.048+0000] {subprocess.py:93} INFO - There are 1 unused configuration paths:
[2026-07-14T20:00:13.049+0000] {subprocess.py:93} INFO - - models.dbt_mobility.example
[2026-07-14T20:00:13.453+0000] {subprocess.py:93} INFO - [0m20:00:13  Found 2 models, 7 data tests, 1 source, 474 macros
[2026-07-14T20:00:13.459+0000] {subprocess.py:93} INFO - [0m20:00:13
[2026-07-14T20:00:13.461+0000] {subprocess.py:93} INFO - [0m20:00:13  Concurrency: 4 threads (target='prod')
[2026-07-14T20:00:13.464+0000] {subprocess.py:93} INFO - [0m20:00:13
[2026-07-14T20:00:13.887+0000] {subprocess.py:93} INFO - [0m20:00:13  1 of 2 START sql view model schema_analytics.stg_velib_stations ................ [RUN]
[2026-07-14T20:00:14.165+0000] {subprocess.py:93} INFO - [0m20:00:14  1 of 2 OK created sql view model schema_analytics.stg_velib_stations ........... [[32mCREATE VIEW[0m in 0.27s]
[2026-07-14T20:00:14.173+0000] {subprocess.py:93} INFO - [0m20:00:14  2 of 2 START sql table model schema_analytics.fct_velib_status ................. [RUN]
[2026-07-14T20:00:14.386+0000] {subprocess.py:93} INFO - [0m20:00:14  2 of 2 OK created sql table model schema_analytics.fct_velib_status ............ [[32mSELECT 197[0m in 0.21s]
[2026-07-14T20:00:14.431+0000] {subprocess.py:93} INFO - [0m20:00:14
[2026-07-14T20:00:14.434+0000] {subprocess.py:93} INFO - [0m20:00:14  Finished running 1 table model, 1 view model in 0 hours 0 minutes and 0.97 seconds (0.97s).
[2026-07-14T20:00:14.558+0000] {subprocess.py:93} INFO - [0m20:00:14
[2026-07-14T20:00:14.561+0000] {subprocess.py:93} INFO - [0m20:00:14  [32mCompleted successfully[0m
[2026-07-14T20:00:14.564+0000] {subprocess.py:93} INFO - [0m20:00:14
[2026-07-14T20:00:14.566+0000] {subprocess.py:93} INFO - [0m20:00:14  Done. PASS=2 WARN=0 ERROR=0 SKIP=0 NO-OP=0 TOTAL=2
[2026-07-14T20:00:17.538+0000] {subprocess.py:93} INFO - [0m20:00:17  Running with dbt=1.11.12
[2026-07-14T20:00:17.973+0000] {subprocess.py:93} INFO - [0m20:00:17  Registered adapter: postgres=1.9.1
[2026-07-14T20:00:18.433+0000] {subprocess.py:93} INFO - [0m20:00:18  [[33mWARNING[0m]: Configuration paths exist in your dbt_project.yml file which do not apply to any resources.
[2026-07-14T20:00:18.435+0000] {subprocess.py:93} INFO - There are 1 unused configuration paths:
[2026-07-14T20:00:18.436+0000] {subprocess.py:93} INFO - - models.dbt_mobility.example
[2026-07-14T20:00:18.842+0000] {subprocess.py:93} INFO - [0m20:00:18  Found 2 models, 7 data tests, 1 source, 474 macros
[2026-07-14T20:00:18.850+0000] {subprocess.py:93} INFO - [0m20:00:18
[2026-07-14T20:00:18.852+0000] {subprocess.py:93} INFO - [0m20:00:18  Concurrency: 4 threads (target='prod')
[2026-07-14T20:00:18.854+0000] {subprocess.py:93} INFO - [0m20:00:18
[2026-07-14T20:00:19.046+0000] {subprocess.py:93} INFO - [0m20:00:19  1 of 7 START test accepted_values_fct_velib_status_station_status__Normal__Presque_pleine__Presque_vide__Vide__Hors_service  [RUN]
[2026-07-14T20:00:19.048+0000] {subprocess.py:93} INFO - [0m20:00:19  2 of 7 START test assert_bikes_available_under_total_capacity .................. [RUN]
[2026-07-14T20:00:19.051+0000] {subprocess.py:93} INFO - [0m20:00:19  3 of 7 START test not_null_fct_velib_status_station_id ......................... [RUN]
[2026-07-14T20:00:19.053+0000] {subprocess.py:93} INFO - [0m20:00:19  4 of 7 START test not_null_fct_velib_status_station_name ....................... [RUN]
[2026-07-14T20:00:19.273+0000] {subprocess.py:93} INFO - [0m20:00:19  2 of 7 PASS assert_bikes_available_under_total_capacity ........................ [[32mPASS[0m in 0.22s]
[2026-07-14T20:00:19.301+0000] {subprocess.py:93} INFO - [0m20:00:19  3 of 7 PASS not_null_fct_velib_status_station_id ............................... [[32mPASS[0m in 0.24s]
[2026-07-14T20:00:19.306+0000] {subprocess.py:93} INFO - [0m20:00:19  1 of 7 PASS accepted_values_fct_velib_status_station_status__Normal__Presque_pleine__Presque_vide__Vide__Hors_service  [[32mPASS[0m in 0.25s]
[2026-07-14T20:00:19.312+0000] {subprocess.py:93} INFO - [0m20:00:19  4 of 7 PASS not_null_fct_velib_status_station_name ............................. [[32mPASS[0m in 0.25s]
[2026-07-14T20:00:19.314+0000] {subprocess.py:93} INFO - [0m20:00:19  5 of 7 START test not_null_fct_velib_status_station_status ..................... [RUN]
[2026-07-14T20:00:19.335+0000] {subprocess.py:93} INFO - [0m20:00:19  6 of 7 START test not_null_fct_velib_status_total_capacity ..................... [RUN]
[2026-07-14T20:00:19.345+0000] {subprocess.py:93} INFO - [0m20:00:19  7 of 7 START test unique_fct_velib_status_station_id ........................... [RUN]
[2026-07-14T20:00:19.542+0000] {subprocess.py:93} INFO - [0m20:00:19  5 of 7 PASS not_null_fct_velib_status_station_status ........................... [[32mPASS[0m in 0.22s]
[2026-07-14T20:00:19.569+0000] {subprocess.py:93} INFO - [0m20:00:19  6 of 7 PASS not_null_fct_velib_status_total_capacity ........................... [[32mPASS[0m in 0.19s]
[2026-07-14T20:00:19.579+0000] {subprocess.py:93} INFO - [0m20:00:19  7 of 7 PASS unique_fct_velib_status_station_id ................................. [[32mPASS[0m in 0.19s]
[2026-07-14T20:00:19.635+0000] {subprocess.py:93} INFO - [0m20:00:19
[2026-07-14T20:00:19.638+0000] {subprocess.py:93} INFO - [0m20:00:19  Finished running 7 data tests in 0 hours 0 minutes and 0.78 seconds (0.78s).
[2026-07-14T20:00:19.783+0000] {subprocess.py:93} INFO - [0m20:00:19
[2026-07-14T20:00:19.786+0000] {subprocess.py:93} INFO - [0m20:00:19  [32mCompleted successfully[0m
[2026-07-14T20:00:19.788+0000] {subprocess.py:93} INFO - [0m20:00:19
[2026-07-14T20:00:19.791+0000] {subprocess.py:93} INFO - [0m20:00:19  Done. PASS=7 WARN=0 ERROR=0 SKIP=0 NO-OP=0 TOTAL=7
[2026-07-14T20:00:20.604+0000] {subprocess.py:97} INFO - Command exited with return code 0
[2026-07-14T20:00:20.606+0000] {taskinstance.py:441} INFO - ::group::Post task execution logs
[2026-07-14T20:00:20.661+0000] {taskinstance.py:1206} INFO - Marking task as SUCCESS. dag_id=ingest_and_transform_velib, task_id=dbt_run_task, run_id=scheduled__2026-07-14T19:00:00+00:00, execution_date=20260714T190000, start_date=20260714T200003, end_date=20260714T200020
[2026-07-14T20:00:20.709+0000] {local_task_job_runner.py:240} INFO - Task exited with return code 0
[2026-07-14T20:00:20.743+0000] {taskinstance.py:3498} INFO - 0 downstream tasks scheduled from follow-on schedule check
[2026-07-14T20:00:20.749+0000] {local_task_job_runner.py:222} INFO - ::endgroup::
