[2026-07-13T20:32:32.144+0000] {local_task_job_runner.py:120} INFO - ::group::Pre task execution logs
[2026-07-13T20:32:32.166+0000] {taskinstance.py:2076} INFO - Dependencies all met for dep_context=non-requeueable deps ti=<TaskInstance: ingest_and_transform_velib.dbt_run_task scheduled__2026-07-13T19:00:00+00:00 [queued]>
[2026-07-13T20:32:32.172+0000] {taskinstance.py:2076} INFO - Dependencies all met for dep_context=requeueable deps ti=<TaskInstance: ingest_and_transform_velib.dbt_run_task scheduled__2026-07-13T19:00:00+00:00 [queued]>
[2026-07-13T20:32:32.172+0000] {taskinstance.py:2306} INFO - Starting attempt 2 of 3
[2026-07-13T20:32:32.180+0000] {taskinstance.py:2330} INFO - Executing <Task(BashOperator): dbt_run_task> on 2026-07-13 19:00:00+00:00
[2026-07-13T20:32:32.182+0000] {standard_task_runner.py:63} INFO - Started process 244 to run task
[2026-07-13T20:32:32.184+0000] {standard_task_runner.py:90} INFO - Running: ['***', 'tasks', 'run', 'ingest_and_transform_velib', 'dbt_run_task', 'scheduled__2026-07-13T19:00:00+00:00', '--job-id', '20', '--raw', '--subdir', 'DAGS_FOLDER/ingest_velib_status.py', '--cfg-path', '/tmp/tmpz41wottn']
[2026-07-13T20:32:32.185+0000] {standard_task_runner.py:91} INFO - Job 20: Subtask dbt_run_task
[2026-07-13T20:32:32.228+0000] {task_command.py:426} INFO - Running <TaskInstance: ingest_and_transform_velib.dbt_run_task scheduled__2026-07-13T19:00:00+00:00 [running]> on host 17cabc20fcf6
[2026-07-13T20:32:32.290+0000] {taskinstance.py:2648} INFO - Exporting env vars: AIRFLOW_CTX_DAG_OWNER='Amadou' AIRFLOW_CTX_DAG_ID='ingest_and_transform_velib' AIRFLOW_CTX_TASK_ID='dbt_run_task' AIRFLOW_CTX_EXECUTION_DATE='2026-07-13T19:00:00+00:00' AIRFLOW_CTX_TRY_NUMBER='2' AIRFLOW_CTX_DAG_RUN_ID='scheduled__2026-07-13T19:00:00+00:00'
[2026-07-13T20:32:32.291+0000] {taskinstance.py:430} INFO - ::endgroup::
[2026-07-13T20:32:32.297+0000] {subprocess.py:63} INFO - Tmp dir root location: /tmp
[2026-07-13T20:32:32.297+0000] {subprocess.py:75} INFO - Running command: ['/usr/bin/bash', '-c', '\n        export PATH="/home/***/.local/bin:$PATH"\n        pip install --user dbt-postgres==1.9.1\n        cd /opt/***/dbt_mobility\n        dbt run --profiles-dir .\n        ']
[2026-07-13T20:32:32.302+0000] {subprocess.py:86} INFO - Output:
[2026-07-13T20:32:32.464+0000] {subprocess.py:93} INFO - ERROR: Can not perform a '--user' install. User site-packages are not visible in this virtualenv.
[2026-07-13T20:32:32.620+0000] {subprocess.py:93} INFO - 
[2026-07-13T20:32:32.620+0000] {subprocess.py:93} INFO - [notice] A new release of pip is available: 24.0 -> 26.1.2
[2026-07-13T20:32:32.621+0000] {subprocess.py:93} INFO - [notice] To update, run: pip install --upgrade pip
[2026-07-13T20:32:32.662+0000] {subprocess.py:93} INFO - /usr/bin/bash: line 5: dbt: command not found
[2026-07-13T20:32:32.663+0000] {subprocess.py:97} INFO - Command exited with return code 127
[2026-07-13T20:32:32.663+0000] {taskinstance.py:441} INFO - ::group::Post task execution logs
[2026-07-13T20:32:32.676+0000] {taskinstance.py:2905} ERROR - Task failed with exception
Traceback (most recent call last):
  File "/home/airflow/.local/lib/python3.11/site-packages/airflow/models/taskinstance.py", line 465, in _execute_task
    result = _execute_callable(context=context, **execute_callable_kwargs)
             ^^^^^^^^^^^^^^^^^^^^^^^^^^^^^^^^^^^^^^^^^^^^^^^^^^^^^^^^^^^^^
  File "/home/airflow/.local/lib/python3.11/site-packages/airflow/models/taskinstance.py", line 432, in _execute_callable
    return execute_callable(context=context, **execute_callable_kwargs)
           ^^^^^^^^^^^^^^^^^^^^^^^^^^^^^^^^^^^^^^^^^^^^^^^^^^^^^^^^^^^^
  File "/home/airflow/.local/lib/python3.11/site-packages/airflow/models/baseoperator.py", line 400, in wrapper
    return func(self, *args, **kwargs)
           ^^^^^^^^^^^^^^^^^^^^^^^^^^^
  File "/home/airflow/.local/lib/python3.11/site-packages/airflow/operators/bash.py", line 243, in execute
    raise AirflowException(
airflow.exceptions.AirflowException: Bash command failed. The command returned a non-zero exit code 127.
[2026-07-13T20:32:32.679+0000] {taskinstance.py:1206} INFO - Marking task as UP_FOR_RETRY. dag_id=ingest_and_transform_velib, task_id=dbt_run_task, run_id=scheduled__2026-07-13T19:00:00+00:00, execution_date=20260713T190000, start_date=20260713T203232, end_date=20260713T203232
[2026-07-13T20:32:32.777+0000] {standard_task_runner.py:110} ERROR - Failed to execute job 20 for task dbt_run_task (Bash command failed. The command returned a non-zero exit code 127.; 244)
[2026-07-13T20:32:32.795+0000] {local_task_job_runner.py:240} INFO - Task exited with return code 1
[2026-07-13T20:32:32.812+0000] {taskinstance.py:3498} INFO - 0 downstream tasks scheduled from follow-on schedule check
[2026-07-13T20:32:32.813+0000] {local_task_job_runner.py:222} INFO - ::endgroup::
[2026-07-13T20:36:41.780+0000] {local_task_job_runner.py:120} INFO - ::group::Pre task execution logs
[2026-07-13T20:36:41.805+0000] {taskinstance.py:2076} INFO - Dependencies all met for dep_context=non-requeueable deps ti=<TaskInstance: ingest_and_transform_velib.dbt_run_task scheduled__2026-07-13T19:00:00+00:00 [queued]>
[2026-07-13T20:36:41.811+0000] {taskinstance.py:2076} INFO - Dependencies all met for dep_context=requeueable deps ti=<TaskInstance: ingest_and_transform_velib.dbt_run_task scheduled__2026-07-13T19:00:00+00:00 [queued]>
[2026-07-13T20:36:41.812+0000] {taskinstance.py:2306} INFO - Starting attempt 2 of 3
[2026-07-13T20:36:41.821+0000] {taskinstance.py:2330} INFO - Executing <Task(BashOperator): dbt_run_task> on 2026-07-13 19:00:00+00:00
[2026-07-13T20:36:41.824+0000] {standard_task_runner.py:63} INFO - Started process 341 to run task
[2026-07-13T20:36:41.826+0000] {standard_task_runner.py:90} INFO - Running: ['***', 'tasks', 'run', 'ingest_and_transform_velib', 'dbt_run_task', 'scheduled__2026-07-13T19:00:00+00:00', '--job-id', '25', '--raw', '--subdir', 'DAGS_FOLDER/ingest_velib_status.py', '--cfg-path', '/tmp/tmptq_q9i2n']
[2026-07-13T20:36:41.828+0000] {standard_task_runner.py:91} INFO - Job 25: Subtask dbt_run_task
[2026-07-13T20:36:41.878+0000] {task_command.py:426} INFO - Running <TaskInstance: ingest_and_transform_velib.dbt_run_task scheduled__2026-07-13T19:00:00+00:00 [running]> on host 17cabc20fcf6
[2026-07-13T20:36:41.960+0000] {taskinstance.py:2648} INFO - Exporting env vars: AIRFLOW_CTX_DAG_OWNER='Amadou' AIRFLOW_CTX_DAG_ID='ingest_and_transform_velib' AIRFLOW_CTX_TASK_ID='dbt_run_task' AIRFLOW_CTX_EXECUTION_DATE='2026-07-13T19:00:00+00:00' AIRFLOW_CTX_TRY_NUMBER='2' AIRFLOW_CTX_DAG_RUN_ID='scheduled__2026-07-13T19:00:00+00:00'
[2026-07-13T20:36:41.961+0000] {taskinstance.py:430} INFO - ::endgroup::
[2026-07-13T20:36:41.968+0000] {subprocess.py:63} INFO - Tmp dir root location: /tmp
[2026-07-13T20:36:41.968+0000] {subprocess.py:75} INFO - Running command: ['/usr/bin/bash', '-c', '\n        pip install dbt-postgres==1.9.1\n        cd /opt/***/dbt_mobility\n        dbt run --profiles-dir .\n        ']
[2026-07-13T20:36:41.975+0000] {subprocess.py:86} INFO - Output:
[2026-07-13T20:36:41.979+0000] {subprocess.py:93} INFO - 
[2026-07-13T20:36:41.979+0000] {subprocess.py:93} INFO - [31mYou are running pip as root. Please use '***' user to run pip![0m
[2026-07-13T20:36:41.979+0000] {subprocess.py:93} INFO - 
[2026-07-13T20:36:41.979+0000] {subprocess.py:93} INFO - [33mSee: https://***.apache.org/docs/docker-stack/build.html#adding-a-new-pypi-package[0m
[2026-07-13T20:36:41.980+0000] {subprocess.py:93} INFO - 
[2026-07-13T20:36:41.980+0000] {subprocess.py:93} INFO - /usr/bin/bash: line 4: dbt: command not found
[2026-07-13T20:36:41.980+0000] {subprocess.py:97} INFO - Command exited with return code 127
[2026-07-13T20:36:41.980+0000] {taskinstance.py:441} INFO - ::group::Post task execution logs
[2026-07-13T20:36:41.997+0000] {taskinstance.py:2905} ERROR - Task failed with exception
Traceback (most recent call last):
  File "/home/airflow/.local/lib/python3.11/site-packages/airflow/models/taskinstance.py", line 465, in _execute_task
    result = _execute_callable(context=context, **execute_callable_kwargs)
             ^^^^^^^^^^^^^^^^^^^^^^^^^^^^^^^^^^^^^^^^^^^^^^^^^^^^^^^^^^^^^
  File "/home/airflow/.local/lib/python3.11/site-packages/airflow/models/taskinstance.py", line 432, in _execute_callable
    return execute_callable(context=context, **execute_callable_kwargs)
           ^^^^^^^^^^^^^^^^^^^^^^^^^^^^^^^^^^^^^^^^^^^^^^^^^^^^^^^^^^^^
  File "/home/airflow/.local/lib/python3.11/site-packages/airflow/models/baseoperator.py", line 400, in wrapper
    return func(self, *args, **kwargs)
           ^^^^^^^^^^^^^^^^^^^^^^^^^^^
  File "/home/airflow/.local/lib/python3.11/site-packages/airflow/operators/bash.py", line 243, in execute
    raise AirflowException(
airflow.exceptions.AirflowException: Bash command failed. The command returned a non-zero exit code 127.
[2026-07-13T20:36:42.001+0000] {taskinstance.py:1206} INFO - Marking task as UP_FOR_RETRY. dag_id=ingest_and_transform_velib, task_id=dbt_run_task, run_id=scheduled__2026-07-13T19:00:00+00:00, execution_date=20260713T190000, start_date=20260713T203641, end_date=20260713T203642
[2026-07-13T20:36:42.112+0000] {standard_task_runner.py:110} ERROR - Failed to execute job 25 for task dbt_run_task (Bash command failed. The command returned a non-zero exit code 127.; 341)
[2026-07-13T20:36:42.141+0000] {local_task_job_runner.py:240} INFO - Task exited with return code 1
[2026-07-13T20:36:42.161+0000] {taskinstance.py:3498} INFO - 0 downstream tasks scheduled from follow-on schedule check
[2026-07-13T20:36:42.162+0000] {local_task_job_runner.py:222} INFO - ::endgroup::
[2026-07-13T20:37:34.234+0000] {local_task_job_runner.py:120} INFO - ::group::Pre task execution logs
[2026-07-13T20:37:34.259+0000] {taskinstance.py:2076} INFO - Dependencies all met for dep_context=non-requeueable deps ti=<TaskInstance: ingest_and_transform_velib.dbt_run_task scheduled__2026-07-13T19:00:00+00:00 [queued]>
[2026-07-13T20:37:34.265+0000] {taskinstance.py:2076} INFO - Dependencies all met for dep_context=requeueable deps ti=<TaskInstance: ingest_and_transform_velib.dbt_run_task scheduled__2026-07-13T19:00:00+00:00 [queued]>
[2026-07-13T20:37:34.266+0000] {taskinstance.py:2306} INFO - Starting attempt 2 of 3
[2026-07-13T20:37:34.276+0000] {taskinstance.py:2330} INFO - Executing <Task(BashOperator): dbt_run_task> on 2026-07-13 19:00:00+00:00
[2026-07-13T20:37:34.278+0000] {standard_task_runner.py:63} INFO - Started process 365 to run task
[2026-07-13T20:37:34.281+0000] {standard_task_runner.py:90} INFO - Running: ['***', 'tasks', 'run', 'ingest_and_transform_velib', 'dbt_run_task', 'scheduled__2026-07-13T19:00:00+00:00', '--job-id', '28', '--raw', '--subdir', 'DAGS_FOLDER/ingest_velib_status.py', '--cfg-path', '/tmp/tmphfezv028']
[2026-07-13T20:37:34.282+0000] {standard_task_runner.py:91} INFO - Job 28: Subtask dbt_run_task
[2026-07-13T20:37:34.337+0000] {task_command.py:426} INFO - Running <TaskInstance: ingest_and_transform_velib.dbt_run_task scheduled__2026-07-13T19:00:00+00:00 [running]> on host 17cabc20fcf6
[2026-07-13T20:37:34.417+0000] {taskinstance.py:2648} INFO - Exporting env vars: AIRFLOW_CTX_DAG_OWNER='Amadou' AIRFLOW_CTX_DAG_ID='ingest_and_transform_velib' AIRFLOW_CTX_TASK_ID='dbt_run_task' AIRFLOW_CTX_EXECUTION_DATE='2026-07-13T19:00:00+00:00' AIRFLOW_CTX_TRY_NUMBER='2' AIRFLOW_CTX_DAG_RUN_ID='scheduled__2026-07-13T19:00:00+00:00'
[2026-07-13T20:37:34.418+0000] {taskinstance.py:430} INFO - ::endgroup::
[2026-07-13T20:37:34.424+0000] {subprocess.py:63} INFO - Tmp dir root location: /tmp
[2026-07-13T20:37:34.425+0000] {subprocess.py:75} INFO - Running command: ['/usr/bin/bash', '-c', '\n        pip install dbt-postgres==1.9.1\n        cd /opt/***/dbt_mobility\n        dbt run --profiles-dir .\n        ']
[2026-07-13T20:37:34.430+0000] {subprocess.py:86} INFO - Output:
[2026-07-13T20:37:34.435+0000] {subprocess.py:93} INFO - 
[2026-07-13T20:37:34.435+0000] {subprocess.py:93} INFO - [31mYou are running pip as root. Please use '***' user to run pip![0m
[2026-07-13T20:37:34.435+0000] {subprocess.py:93} INFO - 
[2026-07-13T20:37:34.435+0000] {subprocess.py:93} INFO - [33mSee: https://***.apache.org/docs/docker-stack/build.html#adding-a-new-pypi-package[0m
[2026-07-13T20:37:34.436+0000] {subprocess.py:93} INFO - 
[2026-07-13T20:37:34.436+0000] {subprocess.py:93} INFO - /usr/bin/bash: line 4: dbt: command not found
[2026-07-13T20:37:34.436+0000] {subprocess.py:97} INFO - Command exited with return code 127
[2026-07-13T20:37:34.437+0000] {taskinstance.py:441} INFO - ::group::Post task execution logs
[2026-07-13T20:37:34.452+0000] {taskinstance.py:2905} ERROR - Task failed with exception
Traceback (most recent call last):
  File "/home/airflow/.local/lib/python3.11/site-packages/airflow/models/taskinstance.py", line 465, in _execute_task
    result = _execute_callable(context=context, **execute_callable_kwargs)
             ^^^^^^^^^^^^^^^^^^^^^^^^^^^^^^^^^^^^^^^^^^^^^^^^^^^^^^^^^^^^^
  File "/home/airflow/.local/lib/python3.11/site-packages/airflow/models/taskinstance.py", line 432, in _execute_callable
    return execute_callable(context=context, **execute_callable_kwargs)
           ^^^^^^^^^^^^^^^^^^^^^^^^^^^^^^^^^^^^^^^^^^^^^^^^^^^^^^^^^^^^
  File "/home/airflow/.local/lib/python3.11/site-packages/airflow/models/baseoperator.py", line 400, in wrapper
    return func(self, *args, **kwargs)
           ^^^^^^^^^^^^^^^^^^^^^^^^^^^
  File "/home/airflow/.local/lib/python3.11/site-packages/airflow/operators/bash.py", line 243, in execute
    raise AirflowException(
airflow.exceptions.AirflowException: Bash command failed. The command returned a non-zero exit code 127.
[2026-07-13T20:37:34.455+0000] {taskinstance.py:1206} INFO - Marking task as UP_FOR_RETRY. dag_id=ingest_and_transform_velib, task_id=dbt_run_task, run_id=scheduled__2026-07-13T19:00:00+00:00, execution_date=20260713T190000, start_date=20260713T203734, end_date=20260713T203734
[2026-07-13T20:37:34.572+0000] {standard_task_runner.py:110} ERROR - Failed to execute job 28 for task dbt_run_task (Bash command failed. The command returned a non-zero exit code 127.; 365)
[2026-07-13T20:37:34.589+0000] {local_task_job_runner.py:240} INFO - Task exited with return code 1
[2026-07-13T20:37:34.608+0000] {taskinstance.py:3498} INFO - 0 downstream tasks scheduled from follow-on schedule check
[2026-07-13T20:37:34.609+0000] {local_task_job_runner.py:222} INFO - ::endgroup::
