[2026-07-13T20:27:49.141+0000] {local_task_job_runner.py:120} INFO - ::group::Pre task execution logs
[2026-07-13T20:27:49.162+0000] {taskinstance.py:2076} INFO - Dependencies all met for dep_context=non-requeueable deps ti=<TaskInstance: ingest_and_transform_velib.dbt_run_task scheduled__2026-07-13T19:00:00+00:00 [queued]>
[2026-07-13T20:27:49.167+0000] {taskinstance.py:2076} INFO - Dependencies all met for dep_context=requeueable deps ti=<TaskInstance: ingest_and_transform_velib.dbt_run_task scheduled__2026-07-13T19:00:00+00:00 [queued]>
[2026-07-13T20:27:49.167+0000] {taskinstance.py:2306} INFO - Starting attempt 1 of 2
[2026-07-13T20:27:49.175+0000] {taskinstance.py:2330} INFO - Executing <Task(BashOperator): dbt_run_task> on 2026-07-13 19:00:00+00:00
[2026-07-13T20:27:49.177+0000] {standard_task_runner.py:63} INFO - Started process 188 to run task
[2026-07-13T20:27:49.179+0000] {standard_task_runner.py:90} INFO - Running: ['***', 'tasks', 'run', 'ingest_and_transform_velib', 'dbt_run_task', 'scheduled__2026-07-13T19:00:00+00:00', '--job-id', '10', '--raw', '--subdir', 'DAGS_FOLDER/ingest_velib_status.py', '--cfg-path', '/tmp/tmpakxgaew1']
[2026-07-13T20:27:49.180+0000] {standard_task_runner.py:91} INFO - Job 10: Subtask dbt_run_task
[2026-07-13T20:27:49.222+0000] {task_command.py:426} INFO - Running <TaskInstance: ingest_and_transform_velib.dbt_run_task scheduled__2026-07-13T19:00:00+00:00 [running]> on host 0c0ac528e637
[2026-07-13T20:27:49.289+0000] {taskinstance.py:2648} INFO - Exporting env vars: AIRFLOW_CTX_DAG_OWNER='Amadou' AIRFLOW_CTX_DAG_ID='ingest_and_transform_velib' AIRFLOW_CTX_TASK_ID='dbt_run_task' AIRFLOW_CTX_EXECUTION_DATE='2026-07-13T19:00:00+00:00' AIRFLOW_CTX_TRY_NUMBER='1' AIRFLOW_CTX_DAG_RUN_ID='scheduled__2026-07-13T19:00:00+00:00'
[2026-07-13T20:27:49.290+0000] {taskinstance.py:430} INFO - ::endgroup::
[2026-07-13T20:27:49.296+0000] {subprocess.py:63} INFO - Tmp dir root location: /tmp
[2026-07-13T20:27:49.296+0000] {subprocess.py:75} INFO - Running command: ['/usr/bin/bash', '-c', '\n        export PATH="/home/***/.local/bin:$PATH"\n        pip install --user dbt-postgres==1.9.1\n        cd /opt/***/dbt_mobility\n        dbt run --profiles-dir .\n        ']
[2026-07-13T20:27:49.302+0000] {subprocess.py:86} INFO - Output:
[2026-07-13T20:27:49.877+0000] {subprocess.py:93} INFO - ERROR: Can not perform a '--user' install. User site-packages are not visible in this virtualenv.
[2026-07-13T20:27:50.151+0000] {subprocess.py:93} INFO - 
[2026-07-13T20:27:50.151+0000] {subprocess.py:93} INFO - [notice] A new release of pip is available: 24.0 -> 26.1.2
[2026-07-13T20:27:50.152+0000] {subprocess.py:93} INFO - [notice] To update, run: pip install --upgrade pip
[2026-07-13T20:27:50.198+0000] {subprocess.py:93} INFO - /usr/bin/bash: line 5: dbt: command not found
[2026-07-13T20:27:50.199+0000] {subprocess.py:97} INFO - Command exited with return code 127
[2026-07-13T20:27:50.199+0000] {taskinstance.py:441} INFO - ::group::Post task execution logs
[2026-07-13T20:27:50.212+0000] {taskinstance.py:2905} ERROR - Task failed with exception
Traceback (most recent call last):
  File "/home/airflow/.local/lib/python3.11/site-packages/airflow/models/taskinstance.py", line 465, in _execute_task
    result = _execute_callable(context=context, **execute_callable_kwargs)
             ^^^^^^^^^^^^^^^^^^^^^^^^^^^^^^^^^^^^^^^^^^^^^^^^^^^^^^^^^^^^^
  File "/home/airflow/.local/lib/python3.11/site-packages/airflow/models/taskinstance.py", line 432, in _execute_callable
    return execute_callable(context=context, **execute_callable_kwargs)
           ^^^^^^^^^^^^^^^^^^^^^^^^^^^^^^^^^^^^^^^^^^^^^^^^^^^^^^^^^^^^
  File "/home/airflow/.local/lib/python3.11/site-packages/airflow/models/baseoperator.py", line 400, in wrapper
    return func(self, *args, **kwargs)
           ^^^^^^^^^^^^^^^^^^^^^^^^^^^
  File "/home/airflow/.local/lib/python3.11/site-packages/airflow/operators/bash.py", line 243, in execute
    raise AirflowException(
airflow.exceptions.AirflowException: Bash command failed. The command returned a non-zero exit code 127.
[2026-07-13T20:27:50.215+0000] {taskinstance.py:1206} INFO - Marking task as UP_FOR_RETRY. dag_id=ingest_and_transform_velib, task_id=dbt_run_task, run_id=scheduled__2026-07-13T19:00:00+00:00, execution_date=20260713T190000, start_date=20260713T202749, end_date=20260713T202750
[2026-07-13T20:27:50.317+0000] {standard_task_runner.py:110} ERROR - Failed to execute job 10 for task dbt_run_task (Bash command failed. The command returned a non-zero exit code 127.; 188)
[2026-07-13T20:27:50.344+0000] {local_task_job_runner.py:240} INFO - Task exited with return code 1
[2026-07-13T20:27:50.361+0000] {taskinstance.py:3498} INFO - 0 downstream tasks scheduled from follow-on schedule check
[2026-07-13T20:27:50.362+0000] {local_task_job_runner.py:222} INFO - ::endgroup::
[2026-07-13T20:32:45.169+0000] {local_task_job_runner.py:120} INFO - ::group::Pre task execution logs
[2026-07-13T20:32:45.201+0000] {taskinstance.py:2076} INFO - Dependencies all met for dep_context=non-requeueable deps ti=<TaskInstance: ingest_and_transform_velib.dbt_run_task scheduled__2026-07-13T19:00:00+00:00 [queued]>
[2026-07-13T20:32:45.205+0000] {taskinstance.py:2076} INFO - Dependencies all met for dep_context=requeueable deps ti=<TaskInstance: ingest_and_transform_velib.dbt_run_task scheduled__2026-07-13T19:00:00+00:00 [queued]>
[2026-07-13T20:32:45.206+0000] {taskinstance.py:2306} INFO - Starting attempt 1 of 2
[2026-07-13T20:32:45.213+0000] {taskinstance.py:2330} INFO - Executing <Task(BashOperator): dbt_run_task> on 2026-07-13 19:00:00+00:00
[2026-07-13T20:32:45.216+0000] {standard_task_runner.py:63} INFO - Started process 272 to run task
[2026-07-13T20:32:45.218+0000] {standard_task_runner.py:90} INFO - Running: ['***', 'tasks', 'run', 'ingest_and_transform_velib', 'dbt_run_task', 'scheduled__2026-07-13T19:00:00+00:00', '--job-id', '22', '--raw', '--subdir', 'DAGS_FOLDER/ingest_velib_status.py', '--cfg-path', '/tmp/tmpqnj92mqy']
[2026-07-13T20:32:45.219+0000] {standard_task_runner.py:91} INFO - Job 22: Subtask dbt_run_task
[2026-07-13T20:32:45.263+0000] {task_command.py:426} INFO - Running <TaskInstance: ingest_and_transform_velib.dbt_run_task scheduled__2026-07-13T19:00:00+00:00 [running]> on host 17cabc20fcf6
[2026-07-13T20:32:45.330+0000] {taskinstance.py:2648} INFO - Exporting env vars: AIRFLOW_CTX_DAG_OWNER='Amadou' AIRFLOW_CTX_DAG_ID='ingest_and_transform_velib' AIRFLOW_CTX_TASK_ID='dbt_run_task' AIRFLOW_CTX_EXECUTION_DATE='2026-07-13T19:00:00+00:00' AIRFLOW_CTX_TRY_NUMBER='1' AIRFLOW_CTX_DAG_RUN_ID='scheduled__2026-07-13T19:00:00+00:00'
[2026-07-13T20:32:45.331+0000] {taskinstance.py:430} INFO - ::endgroup::
[2026-07-13T20:32:45.337+0000] {subprocess.py:63} INFO - Tmp dir root location: /tmp
[2026-07-13T20:32:45.338+0000] {subprocess.py:75} INFO - Running command: ['/usr/bin/bash', '-c', '\n        export PATH="/home/***/.local/bin:$PATH"\n        pip install --user dbt-postgres==1.9.1\n        cd /opt/***/dbt_mobility\n        dbt run --profiles-dir .\n        ']
[2026-07-13T20:32:45.343+0000] {subprocess.py:86} INFO - Output:
[2026-07-13T20:32:45.498+0000] {subprocess.py:93} INFO - ERROR: Can not perform a '--user' install. User site-packages are not visible in this virtualenv.
[2026-07-13T20:32:45.655+0000] {subprocess.py:93} INFO - 
[2026-07-13T20:32:45.655+0000] {subprocess.py:93} INFO - [notice] A new release of pip is available: 24.0 -> 26.1.2
[2026-07-13T20:32:45.655+0000] {subprocess.py:93} INFO - [notice] To update, run: pip install --upgrade pip
[2026-07-13T20:32:45.692+0000] {subprocess.py:93} INFO - /usr/bin/bash: line 5: dbt: command not found
[2026-07-13T20:32:45.692+0000] {subprocess.py:97} INFO - Command exited with return code 127
[2026-07-13T20:32:45.693+0000] {taskinstance.py:441} INFO - ::group::Post task execution logs
[2026-07-13T20:32:45.705+0000] {taskinstance.py:2905} ERROR - Task failed with exception
Traceback (most recent call last):
  File "/home/airflow/.local/lib/python3.11/site-packages/airflow/models/taskinstance.py", line 465, in _execute_task
    result = _execute_callable(context=context, **execute_callable_kwargs)
             ^^^^^^^^^^^^^^^^^^^^^^^^^^^^^^^^^^^^^^^^^^^^^^^^^^^^^^^^^^^^^
  File "/home/airflow/.local/lib/python3.11/site-packages/airflow/models/taskinstance.py", line 432, in _execute_callable
    return execute_callable(context=context, **execute_callable_kwargs)
           ^^^^^^^^^^^^^^^^^^^^^^^^^^^^^^^^^^^^^^^^^^^^^^^^^^^^^^^^^^^^
  File "/home/airflow/.local/lib/python3.11/site-packages/airflow/models/baseoperator.py", line 400, in wrapper
    return func(self, *args, **kwargs)
           ^^^^^^^^^^^^^^^^^^^^^^^^^^^
  File "/home/airflow/.local/lib/python3.11/site-packages/airflow/operators/bash.py", line 243, in execute
    raise AirflowException(
airflow.exceptions.AirflowException: Bash command failed. The command returned a non-zero exit code 127.
[2026-07-13T20:32:45.707+0000] {taskinstance.py:1206} INFO - Marking task as UP_FOR_RETRY. dag_id=ingest_and_transform_velib, task_id=dbt_run_task, run_id=scheduled__2026-07-13T19:00:00+00:00, execution_date=20260713T190000, start_date=20260713T203245, end_date=20260713T203245
[2026-07-13T20:32:45.803+0000] {standard_task_runner.py:110} ERROR - Failed to execute job 22 for task dbt_run_task (Bash command failed. The command returned a non-zero exit code 127.; 272)
[2026-07-13T20:32:45.823+0000] {local_task_job_runner.py:240} INFO - Task exited with return code 1
[2026-07-13T20:32:45.839+0000] {taskinstance.py:3498} INFO - 0 downstream tasks scheduled from follow-on schedule check
[2026-07-13T20:32:45.840+0000] {local_task_job_runner.py:222} INFO - ::endgroup::
[2026-07-13T20:37:08.051+0000] {local_task_job_runner.py:120} INFO - ::group::Pre task execution logs
[2026-07-13T20:37:08.075+0000] {taskinstance.py:2076} INFO - Dependencies all met for dep_context=non-requeueable deps ti=<TaskInstance: ingest_and_transform_velib.dbt_run_task scheduled__2026-07-13T19:00:00+00:00 [queued]>
[2026-07-13T20:37:08.081+0000] {taskinstance.py:2076} INFO - Dependencies all met for dep_context=requeueable deps ti=<TaskInstance: ingest_and_transform_velib.dbt_run_task scheduled__2026-07-13T19:00:00+00:00 [queued]>
[2026-07-13T20:37:08.081+0000] {taskinstance.py:2306} INFO - Starting attempt 1 of 2
[2026-07-13T20:37:08.089+0000] {taskinstance.py:2330} INFO - Executing <Task(BashOperator): dbt_run_task> on 2026-07-13 19:00:00+00:00
[2026-07-13T20:37:08.091+0000] {standard_task_runner.py:63} INFO - Started process 354 to run task
[2026-07-13T20:37:08.093+0000] {standard_task_runner.py:90} INFO - Running: ['***', 'tasks', 'run', 'ingest_and_transform_velib', 'dbt_run_task', 'scheduled__2026-07-13T19:00:00+00:00', '--job-id', '27', '--raw', '--subdir', 'DAGS_FOLDER/ingest_velib_status.py', '--cfg-path', '/tmp/tmpaz55bs5r']
[2026-07-13T20:37:08.095+0000] {standard_task_runner.py:91} INFO - Job 27: Subtask dbt_run_task
[2026-07-13T20:37:08.140+0000] {task_command.py:426} INFO - Running <TaskInstance: ingest_and_transform_velib.dbt_run_task scheduled__2026-07-13T19:00:00+00:00 [running]> on host 17cabc20fcf6
[2026-07-13T20:37:08.219+0000] {taskinstance.py:2648} INFO - Exporting env vars: AIRFLOW_CTX_DAG_OWNER='Amadou' AIRFLOW_CTX_DAG_ID='ingest_and_transform_velib' AIRFLOW_CTX_TASK_ID='dbt_run_task' AIRFLOW_CTX_EXECUTION_DATE='2026-07-13T19:00:00+00:00' AIRFLOW_CTX_TRY_NUMBER='1' AIRFLOW_CTX_DAG_RUN_ID='scheduled__2026-07-13T19:00:00+00:00'
[2026-07-13T20:37:08.220+0000] {taskinstance.py:430} INFO - ::endgroup::
[2026-07-13T20:37:08.227+0000] {subprocess.py:63} INFO - Tmp dir root location: /tmp
[2026-07-13T20:37:08.228+0000] {subprocess.py:75} INFO - Running command: ['/usr/bin/bash', '-c', '\n        pip install dbt-postgres==1.9.1\n        cd /opt/***/dbt_mobility\n        dbt run --profiles-dir .\n        ']
[2026-07-13T20:37:08.233+0000] {subprocess.py:86} INFO - Output:
[2026-07-13T20:37:08.237+0000] {subprocess.py:93} INFO - 
[2026-07-13T20:37:08.238+0000] {subprocess.py:93} INFO - [31mYou are running pip as root. Please use '***' user to run pip![0m
[2026-07-13T20:37:08.238+0000] {subprocess.py:93} INFO - 
[2026-07-13T20:37:08.238+0000] {subprocess.py:93} INFO - [33mSee: https://***.apache.org/docs/docker-stack/build.html#adding-a-new-pypi-package[0m
[2026-07-13T20:37:08.238+0000] {subprocess.py:93} INFO - 
[2026-07-13T20:37:08.238+0000] {subprocess.py:93} INFO - /usr/bin/bash: line 4: dbt: command not found
[2026-07-13T20:37:08.239+0000] {subprocess.py:97} INFO - Command exited with return code 127
[2026-07-13T20:37:08.239+0000] {taskinstance.py:441} INFO - ::group::Post task execution logs
[2026-07-13T20:37:08.254+0000] {taskinstance.py:2905} ERROR - Task failed with exception
Traceback (most recent call last):
  File "/home/airflow/.local/lib/python3.11/site-packages/airflow/models/taskinstance.py", line 465, in _execute_task
    result = _execute_callable(context=context, **execute_callable_kwargs)
             ^^^^^^^^^^^^^^^^^^^^^^^^^^^^^^^^^^^^^^^^^^^^^^^^^^^^^^^^^^^^^
  File "/home/airflow/.local/lib/python3.11/site-packages/airflow/models/taskinstance.py", line 432, in _execute_callable
    return execute_callable(context=context, **execute_callable_kwargs)
           ^^^^^^^^^^^^^^^^^^^^^^^^^^^^^^^^^^^^^^^^^^^^^^^^^^^^^^^^^^^^
  File "/home/airflow/.local/lib/python3.11/site-packages/airflow/models/baseoperator.py", line 400, in wrapper
    return func(self, *args, **kwargs)
           ^^^^^^^^^^^^^^^^^^^^^^^^^^^
  File "/home/airflow/.local/lib/python3.11/site-packages/airflow/operators/bash.py", line 243, in execute
    raise AirflowException(
airflow.exceptions.AirflowException: Bash command failed. The command returned a non-zero exit code 127.
[2026-07-13T20:37:08.257+0000] {taskinstance.py:1206} INFO - Marking task as UP_FOR_RETRY. dag_id=ingest_and_transform_velib, task_id=dbt_run_task, run_id=scheduled__2026-07-13T19:00:00+00:00, execution_date=20260713T190000, start_date=20260713T203708, end_date=20260713T203708
[2026-07-13T20:37:08.365+0000] {standard_task_runner.py:110} ERROR - Failed to execute job 27 for task dbt_run_task (Bash command failed. The command returned a non-zero exit code 127.; 354)
[2026-07-13T20:37:08.403+0000] {local_task_job_runner.py:240} INFO - Task exited with return code 1
[2026-07-13T20:37:08.421+0000] {taskinstance.py:3498} INFO - 0 downstream tasks scheduled from follow-on schedule check
[2026-07-13T20:37:08.423+0000] {local_task_job_runner.py:222} INFO - ::endgroup::
